new model saved at 0 epoch with global_best_val_loss: 91.8907699584961
Validation Loss: 91.8908
Validation Loss: 94.3770
Validation Loss: 96.0987
Validation Loss: 93.9218
Validation Loss: 92.8067
Validation Loss: 94.6966
New LR:  0.0008
Validation Loss: 93.9599
Validation Loss: 93.1780
New LR:  0.00064
Validation Loss: 93.8389
new model saved at 45 epoch with global_best_val_loss: 91.65427017211914
Validation Loss: 91.6543
New LR:  0.0005120000000000001
Validation Loss: 93.2146
Validation Loss: 94.2078
Validation Loss: 93.1516
Validation Loss: 92.5564
New LR:  0.0004096000000000001
Validation Loss: 93.0892
Validation Loss: 92.3526
New LR:  0.0003276800000000001
Validation Loss: 92.0452
Validation Loss: 93.8491
New LR:  0.0002621440000000001
Validation Loss: 93.4246
Early stopping after 95 epochs.
Percent: 0.0| Loss: 119.5473747253418, R2: 0.0234375
Percent: 0.25| Loss: 118.48940849304199, R2: -3.5653885730592686e+44
Percent: 0.5| Loss: 116.51576805114746, R2: -7.307758167748403e+45
Percent: 0.75| Loss: 115.30233383178711, R2: -1.1116320488454814e+46
Percent: 1.0| Loss: 111.59713172912598, R2: -5.503449715954097e+43
Validation Loss: 95.9203
Validation Loss: 93.2492
Validation Loss: 94.4090
New LR:  0.0008
Validation Loss: 93.7748
Validation Loss: 93.3752
New LR:  0.00064
Validation Loss: 93.4017
Validation Loss: 92.4021
New LR:  0.0005120000000000001
Validation Loss: 91.7426
Validation Loss: 94.5468
New LR:  0.0004096000000000001
Validation Loss: 93.2393
Validation Loss: 92.1925
Validation Loss: 92.9642
New LR:  0.0003276800000000001
Validation Loss: 93.7174
Validation Loss: 93.6086
New LR:  0.0002621440000000001
Validation Loss: 95.2671
Validation Loss: 94.1925
Validation Loss: 92.8658
New LR:  0.00020971520000000012
Early stopping after 85 epochs.
Percent: 0.0| Loss: 119.5473747253418, R2: 0.0234375
Percent: 0.25| Loss: 118.48940849304199, R2: -3.5653885730592686e+44
Percent: 0.5| Loss: 116.51576805114746, R2: -7.307758167748403e+45
Percent: 0.75| Loss: 115.30233383178711, R2: -1.1116320488454814e+46
Percent: 1.0| Loss: 111.59713172912598, R2: -5.503449715954097e+43
new model saved at 0 epoch with global_best_val_loss: 43.58128356933594
Validation Loss: 43.5813
new model saved at 5 epoch with global_best_val_loss: 1.9914847612380981
Validation Loss: 1.9915
new model saved at 10 epoch with global_best_val_loss: 0.7654559910297394
Validation Loss: 0.7655
new model saved at 15 epoch with global_best_val_loss: 0.5376060009002686
Validation Loss: 0.5376
new model saved at 20 epoch with global_best_val_loss: 0.43888773024082184
Validation Loss: 0.4389
new model saved at 25 epoch with global_best_val_loss: 0.4075321704149246
Validation Loss: 0.4075
new model saved at 30 epoch with global_best_val_loss: 0.3169707804918289
Validation Loss: 0.3170
Validation Loss: 1.2140
new model saved at 40 epoch with global_best_val_loss: 0.28074756264686584
Validation Loss: 0.2807
new model saved at 45 epoch with global_best_val_loss: 0.25386130809783936
Validation Loss: 0.2539
new model saved at 50 epoch with global_best_val_loss: 0.2467954084277153
Validation Loss: 0.2468
new model saved at 55 epoch with global_best_val_loss: 0.24069640040397644
Validation Loss: 0.2407
Validation Loss: 0.2452
new model saved at 65 epoch with global_best_val_loss: 0.22411835938692093
Validation Loss: 0.2241
Validation Loss: 0.4038
New LR:  0.0008
Validation Loss: 0.2525
new model saved at 80 epoch with global_best_val_loss: 0.19080889225006104
Validation Loss: 0.1908
new model saved at 85 epoch with global_best_val_loss: 0.1845676153898239
Validation Loss: 0.1846
new model saved at 90 epoch with global_best_val_loss: 0.17382487654685974
Validation Loss: 0.1738
Validation Loss: 0.1739
Validation Loss: 0.2096
Validation Loss: 0.1762
new model saved at 110 epoch with global_best_val_loss: 0.16637758165597916
Validation Loss: 0.1664
Validation Loss: 0.1738
new model saved at 120 epoch with global_best_val_loss: 0.16536224633455276
Validation Loss: 0.1654
New LR:  0.00064
Validation Loss: 0.1754
Validation Loss: 0.2098
new model saved at 135 epoch with global_best_val_loss: 0.14973186701536179
Validation Loss: 0.1497
Validation Loss: 0.1557
Validation Loss: 0.1682
new model saved at 150 epoch with global_best_val_loss: 0.14602579176425934
Validation Loss: 0.1460
Validation Loss: 0.2910
Validation Loss: 0.1472
New LR:  0.0005120000000000001
new model saved at 165 epoch with global_best_val_loss: 0.1393384113907814
Validation Loss: 0.1393
Validation Loss: 0.1591
Validation Loss: 0.1405
new model saved at 180 epoch with global_best_val_loss: 0.13404635712504387
Validation Loss: 0.1340
new model saved at 185 epoch with global_best_val_loss: 0.13146686181426048
Validation Loss: 0.1315
Validation Loss: 0.1330
new model saved at 195 epoch with global_best_val_loss: 0.1293906830251217
Validation Loss: 0.1294
Percent: 0.0| Loss: 0.640718087553978, R2: -9.759252579141142
Percent: 0.25| Loss: 0.641132190823555, R2: -286148519497.2529
Percent: 0.5| Loss: 0.6383950412273407, R2: -286148519497.2528
Percent: 0.75| Loss: 0.639801487326622, R2: -286148519497.25415
Percent: 1.0| Loss: 0.6543096452951431, R2: -288728590688.33307
Percent testing 0.0
Percent: 0.0| Loss: 0.640718087553978, R2: -9.759252579141142
Percent testing 0.25
Percent: 0.25| Loss: 0.641132190823555, R2: -286148519497.2529
Percent testing 0.5
Percent: 0.5| Loss: 0.6383950412273407, R2: -286148519497.2528
Percent testing 0.75
Percent: 0.75| Loss: 0.639801487326622, R2: -286148519497.25415
Percent testing 1.0
Percent: 1.0| Loss: 0.6543096452951431, R2: -288728590688.33307
metrics saved
start saving losses!
Time Elapsed: 0.49238027605745527 hours
