training start for sigma:0.0
Validation Loss: 90.4297
Validation Loss: 90.0696
Validation Loss: 90.4610
Validation Loss: 90.1883
New LR:  0.008
Validation Loss: 90.5980
Validation Loss: 90.6546
New LR:  0.0064
Validation Loss: 90.3433
Validation Loss: 90.4723
Validation Loss: 90.2695
New LR:  0.00512
Validation Loss: 90.6460
Validation Loss: 90.1143
New LR:  0.004096000000000001
Validation Loss: 90.7408
Validation Loss: 90.3123
New LR:  0.0032768000000000007
Validation Loss: 90.4354
Validation Loss: 90.2477
New LR:  0.002621440000000001
Validation Loss: 90.3745
Early stopping after 80 epochs.
MSE Test loss:80.054
R2 Test loss:-0.618
training start for sigma:0.0
Validation Loss: 90.1851
Validation Loss: 90.3834
Validation Loss: 90.2048
New LR:  0.008
Validation Loss: 89.8860
Validation Loss: 90.3451
New LR:  0.0064
Validation Loss: 90.3881
Validation Loss: 90.2313
New LR:  0.00512
Validation Loss: 90.2561
Validation Loss: 90.3416
New LR:  0.004096000000000001
Validation Loss: 90.5578
Validation Loss: 90.2295
Validation Loss: 90.4078
New LR:  0.0032768000000000007
Validation Loss: 90.2383
Validation Loss: 90.3159
Validation Loss: 90.3125
New LR:  0.002621440000000001
Validation Loss: 90.5924
Validation Loss: 90.0668
New LR:  0.002097152000000001
Validation Loss: 89.9409
Early stopping after 90 epochs.
MSE Test loss:80.054
R2 Test loss:-0.618
training start for sigma:0.0
Validation Loss: 90.2056
Validation Loss: 90.1314
Validation Loss: 90.1961
New LR:  0.008
Validation Loss: 90.4375
Validation Loss: 90.3867
New LR:  0.0064
Validation Loss: 90.3800
Validation Loss: 90.2860
New LR:  0.00512
Validation Loss: 90.4455
Validation Loss: 90.3400
Validation Loss: 90.2664
New LR:  0.004096000000000001
Validation Loss: 90.2935
Validation Loss: 90.3746
New LR:  0.0032768000000000007
Validation Loss: 90.1257
Validation Loss: 90.3285
New LR:  0.002621440000000001
Validation Loss: 90.5584
Validation Loss: 90.7011
New LR:  0.002097152000000001
Validation Loss: 90.3192
Validation Loss: 90.5477
New LR:  0.001677721600000001
Validation Loss: 90.6275
Validation Loss: 90.2720
Validation Loss: 90.4086
New LR:  0.0013421772800000008
Validation Loss: 90.6575
Validation Loss: 90.5373
New LR:  0.0010737418240000006
Validation Loss: 90.3387
Validation Loss: 90.2357
New LR:  0.0008589934592000006
Validation Loss: 90.2222
Validation Loss: 90.1786
New LR:  0.0006871947673600005
Early stopping after 135 epochs.
MSE Test loss:80.054
R2 Test loss:-0.618
metrics saved
start saving losses!
Best Learning Rate for MSE: 0.005623413251903489
training start for sigma:0.0
Validation Loss: 90.2162
Validation Loss: 90.5543
Validation Loss: 90.3658
Validation Loss: 90.1419
Validation Loss: 90.5285
Validation Loss: 90.6674
Validation Loss: 90.8949
Validation Loss: 90.4691
Validation Loss: 90.2327
Validation Loss: 90.1507
Validation Loss: 90.3466
Validation Loss: 90.2155
Validation Loss: 90.3896
Validation Loss: 90.4494
Validation Loss: 90.1652
Validation Loss: 90.2374
Validation Loss: 90.6119
Validation Loss: 90.0360
Validation Loss: 90.6234
Validation Loss: 90.1814
Validation Loss: 90.6086
Validation Loss: 90.4544
Validation Loss: 90.4421
Validation Loss: 90.5376
Validation Loss: 90.2604
Validation Loss: 90.5907
Validation Loss: 90.2710
Validation Loss: 90.7423
Validation Loss: 90.4891
Validation Loss: 90.6318
Validation Loss: 90.3277
Validation Loss: 90.7166
Early stopping after 160 epochs.
MSE Test loss:80.054
R2 Test loss:-0.618
training start for sigma:0.0
Validation Loss: 90.2008
Validation Loss: 90.7750
Validation Loss: 90.3530
Validation Loss: 90.3423
Validation Loss: 90.3646
Validation Loss: 90.3226
Validation Loss: 90.5067
Validation Loss: 90.1451
Validation Loss: 90.5702
Validation Loss: 90.5643
Validation Loss: 90.7313
Validation Loss: 90.4345
Validation Loss: 90.3894
Validation Loss: 90.3813
Validation Loss: 90.3942
Validation Loss: 90.4800
Validation Loss: 90.0693
Validation Loss: 90.0685
Validation Loss: 90.2645
Validation Loss: 90.2168
Validation Loss: 90.3744
Validation Loss: 90.3919
Validation Loss: 90.4939
Validation Loss: 90.4783
Validation Loss: 90.6148
Validation Loss: 90.2646
Validation Loss: 90.3040
Validation Loss: 90.3682
Validation Loss: 90.2873
Validation Loss: 90.3157
Validation Loss: 90.5243
Early stopping after 155 epochs.
MSE Test loss:80.054
R2 Test loss:-0.618
training start for sigma:0.0
Validation Loss: 84.9998
Validation Loss: 11.8814
Validation Loss: 11.5891
Validation Loss: 11.4829
Validation Loss: 11.5061
Validation Loss: 11.5619
Validation Loss: 11.5558
Validation Loss: 11.6030
Validation Loss: 11.5373
Validation Loss: 11.5792
Validation Loss: 11.7300
Validation Loss: 11.5149
Validation Loss: 11.5054
Validation Loss: 11.6768
Validation Loss: 11.5870
Validation Loss: 11.6264
Validation Loss: 11.6293
Validation Loss: 11.6641
Early stopping after 90 epochs.
MSE Test loss:83.274
R2 Test loss:-0.907
metrics saved
start saving losses!
