training start for sigma:0.2
Validation Loss: 78.4114
Validation Loss: 78.3441
Validation Loss: 78.3800
New LR:  0.008
Validation Loss: 78.3502
Validation Loss: 78.3769
New LR:  0.0064
Validation Loss: 78.5361
Validation Loss: 78.6287
New LR:  0.00512
Validation Loss: 78.2694
Validation Loss: 78.1778
Validation Loss: 78.3457
New LR:  0.004096000000000001
Validation Loss: 78.4226
Validation Loss: 78.5512
New LR:  0.0032768000000000007
Validation Loss: 78.1873
Validation Loss: 78.3856
New LR:  0.002621440000000001
Validation Loss: 78.4408
Validation Loss: 78.6458
New LR:  0.002097152000000001
Validation Loss: 78.3851
Validation Loss: 78.2341
New LR:  0.001677721600000001
Validation Loss: 78.5326
Validation Loss: 78.3986
Validation Loss: 78.0671
New LR:  0.0013421772800000008
Validation Loss: 78.2537
Validation Loss: 78.3975
New LR:  0.0010737418240000006
Validation Loss: 78.2922
Validation Loss: 78.2791
New LR:  0.0008589934592000006
Validation Loss: 78.3816
Validation Loss: 78.3889
New LR:  0.0006871947673600005
Validation Loss: 78.1836
Validation Loss: 78.3539
New LR:  0.0005497558138880005
Validation Loss: 78.4687
Validation Loss: 78.4079
Validation Loss: 78.5952
New LR:  0.0004398046511104004
Validation Loss: 78.5298
Validation Loss: 78.1581
New LR:  0.00035184372088832035
Validation Loss: 78.1016
Early stopping after 175 epochs.
NPP sigma=0.2 Test loss:80.054, R2 loss:-0.618, GP Test loss:80.054, GP R2 loss:-0.618
training start for sigma:0.2
Validation Loss: 57.0439
Validation Loss: 14.6378
Validation Loss: 12.7111
Validation Loss: 12.0705
Validation Loss: 11.9258
Validation Loss: 11.8911
Validation Loss: 11.8199
Validation Loss: 11.9384
Validation Loss: 11.8734
New LR:  0.008
Validation Loss: 11.7714
Validation Loss: 11.8385
Validation Loss: 11.9434
New LR:  0.0064
Validation Loss: 11.8643
Validation Loss: 11.8946
New LR:  0.00512
Validation Loss: 11.9079
Validation Loss: 11.7863
Validation Loss: 11.8476
New LR:  0.004096000000000001
Validation Loss: 11.7984
Validation Loss: 12.0456
Validation Loss: 11.9459
New LR:  0.0032768000000000007
Validation Loss: 11.7159
Validation Loss: 11.8167
Validation Loss: 11.7991
Validation Loss: 11.8069
Validation Loss: 11.8745
New LR:  0.002621440000000001
Validation Loss: 11.8794
Validation Loss: 11.8025
Validation Loss: 11.8827
New LR:  0.002097152000000001
Validation Loss: 11.8560
Validation Loss: 11.8447
New LR:  0.001677721600000001
Validation Loss: 11.8735
Validation Loss: 11.8620
New LR:  0.0013421772800000008
Validation Loss: 11.8663
Validation Loss: 11.8574
Validation Loss: 11.7991
New LR:  0.0010737418240000006
Early stopping after 175 epochs.
NPP sigma=0.2 Test loss:79.325, R2 loss:-1.098, GP Test loss:79.325, GP R2 loss:-1.098
training start for sigma:0.2
Validation Loss: 78.4696
Validation Loss: 78.4132
Validation Loss: 78.4368
New LR:  0.008
Validation Loss: 78.1513
Validation Loss: 78.2817
New LR:  0.0064
Validation Loss: 78.4804
Validation Loss: 78.2383
New LR:  0.00512
Validation Loss: 78.2080
Validation Loss: 78.2623
New LR:  0.004096000000000001
Validation Loss: 78.5107
Validation Loss: 78.4928
New LR:  0.0032768000000000007
Validation Loss: 78.5701
Validation Loss: 78.3567
Validation Loss: 78.2482
New LR:  0.002621440000000001
Validation Loss: 78.0626
Validation Loss: 78.4387
New LR:  0.002097152000000001
Validation Loss: 78.1683
Validation Loss: 78.5972
New LR:  0.001677721600000001
Validation Loss: 78.2531
Validation Loss: 78.4829
New LR:  0.0013421772800000008
Validation Loss: 78.3113
Validation Loss: 78.3974
New LR:  0.0010737418240000006
Validation Loss: 78.0634
Validation Loss: 78.2926
Validation Loss: 78.6492
New LR:  0.0008589934592000006
Validation Loss: 78.2029
Validation Loss: 78.1036
New LR:  0.0006871947673600005
Validation Loss: 78.1356
Validation Loss: 78.5301
New LR:  0.0005497558138880005
Early stopping after 145 epochs.
NPP sigma=0.2 Test loss:80.054, R2 loss:-0.618, GP Test loss:80.054, GP R2 loss:-0.618
metrics saved
start saving losses!
Best Learning Rate for NPP sigma=0.2: 0.0251188643150958
training start for sigma:0.2
Validation Loss: 74.3664
Validation Loss: 58.7220
Validation Loss: 62.4945
Validation Loss: 52.8279
Validation Loss: 47.9711
Validation Loss: 46.7032
Validation Loss: 46.6662
Validation Loss: 46.7863
Validation Loss: 46.7322
Validation Loss: 46.6910
Validation Loss: 46.7850
Validation Loss: 46.6296
Validation Loss: 46.9167
Validation Loss: 46.7033
Validation Loss: 46.6766
Validation Loss: 46.6184
Validation Loss: 46.5645
Validation Loss: 46.5807
Validation Loss: 46.7064
Validation Loss: 46.6751
Validation Loss: 46.5991
Validation Loss: 46.6013
Validation Loss: 46.7351
Validation Loss: 46.5811
Validation Loss: 46.6874
Validation Loss: 46.6512
Validation Loss: 46.6185
Validation Loss: 46.6806
Validation Loss: 46.8160
Validation Loss: 46.7282
Validation Loss: 46.7329
Early stopping after 155 epochs.
NPP sigma=0.2 Test loss:83.276, R2 loss:-0.879, GP Test loss:83.276, GP R2 loss:-0.879
training start for sigma:0.2
Validation Loss: 78.2185
Validation Loss: 78.2080
Validation Loss: 78.2893
Validation Loss: 78.4015
Validation Loss: 78.2717
Validation Loss: 78.1608
Validation Loss: 78.5971
Validation Loss: 78.3076
Validation Loss: 78.2272
Validation Loss: 78.5260
Validation Loss: 78.4120
Validation Loss: 78.2766
Validation Loss: 78.3097
Validation Loss: 78.1794
Validation Loss: 78.5029
Validation Loss: 78.3184
Validation Loss: 78.4687
Validation Loss: 78.3596
Validation Loss: 78.4135
Validation Loss: 78.1833
Early stopping after 100 epochs.
NPP sigma=0.2 Test loss:80.054, R2 loss:-0.618, GP Test loss:80.054, GP R2 loss:-0.618
training start for sigma:0.2
Validation Loss: 78.2124
Validation Loss: 78.2674
Validation Loss: 78.3309
Validation Loss: 78.2310
Validation Loss: 78.4787
Validation Loss: 78.5812
Validation Loss: 78.3015
Validation Loss: 78.3553
Validation Loss: 78.3684
Validation Loss: 78.3329
Validation Loss: 78.2185
Validation Loss: 78.4328
Validation Loss: 78.2952
Validation Loss: 78.4426
Validation Loss: 78.4946
Early stopping after 75 epochs.
NPP sigma=0.2 Test loss:80.054, R2 loss:-0.618, GP Test loss:80.054, GP R2 loss:-0.618
metrics saved
start saving losses!
