training start for sigma:0.1
Validation Loss: 93.5177
Validation Loss: 92.0452
Validation Loss: 91.5353
Validation Loss: 91.1069
Validation Loss: 93.5891
New LR:  0.0008
Validation Loss: 94.6306
Validation Loss: 92.1787
New LR:  0.00064
Validation Loss: 95.8821
Validation Loss: 91.8219
New LR:  0.0005120000000000001
Validation Loss: 96.0986
Validation Loss: 90.4573
Validation Loss: 90.3665
New LR:  0.0004096000000000001
Validation Loss: 94.2334
Validation Loss: 93.4604
New LR:  0.0003276800000000001
Validation Loss: 92.5850
Validation Loss: 92.2620
New LR:  0.0002621440000000001
Validation Loss: 93.1446
Validation Loss: 92.3267
New LR:  0.00020971520000000012
Validation Loss: 91.9101
Validation Loss: 94.0257
New LR:  0.0001677721600000001
Validation Loss: 93.6031
Validation Loss: 95.1002
Validation Loss: 93.8527
New LR:  0.00013421772800000008
Validation Loss: 94.1040
Validation Loss: 94.2630
New LR:  0.00010737418240000007
Validation Loss: 89.9248
Validation Loss: 93.5261
New LR:  0.0001
Validation Loss: 93.4268
Validation Loss: 90.5963
Validation Loss: 91.7222
Validation Loss: 95.1540
Validation Loss: 92.0900
Validation Loss: 92.7086
Validation Loss: 93.6605
Validation Loss: 93.3576
Validation Loss: 90.4486
Validation Loss: 94.1857
Validation Loss: 94.0238
Validation Loss: 92.9646
Validation Loss: 93.4838
NPP sigma=0.1 Test loss:96.021, R2 loss:-0.484, GP Test loss:96.021, GP R2 loss:-0.484
metrics saved
start saving losses!
Percent testing 0.25
Percent testing 0.5
Percent testing 0.75
Percent testing 1.0
Time Elapsed: 0.09462972872787052 hours
