training start for sigma:0.0
Validation Loss: 66.4607
Validation Loss: 38.5938
Validation Loss: 25.2599
Validation Loss: 24.4628
Validation Loss: 17.7444
Validation Loss: 15.3476
Validation Loss: 13.5114
Validation Loss: 13.7028
Validation Loss: 13.7979
Validation Loss: 12.1816
Validation Loss: 12.1435
Validation Loss: 11.8537
Validation Loss: 14.1858
Validation Loss: 12.2386
Validation Loss: 11.7712
Validation Loss: 11.5084
Validation Loss: 11.6834
Validation Loss: 11.9086
Validation Loss: 11.5069
Validation Loss: 11.2782
Validation Loss: 11.5796
Validation Loss: 14.8925
Validation Loss: 11.3787
Validation Loss: 11.0822
Validation Loss: 11.2809
Validation Loss: 11.5001
Validation Loss: 11.1078
Validation Loss: 11.1517
Validation Loss: 11.3806
Validation Loss: 10.8722
Validation Loss: 12.2213
Validation Loss: 11.4192
Validation Loss: 11.2400
Validation Loss: 11.6347
Validation Loss: 11.5305
Validation Loss: 11.3895
Validation Loss: 12.1972
Validation Loss: 11.4040
Validation Loss: 11.1784
Validation Loss: 11.6983
MSE Test loss:9.518
R2 Test loss:0.837
training start for sigma:0.0
Validation Loss: 103.4287
Validation Loss: 102.7708
Validation Loss: 103.8728
Validation Loss: 101.7556
Validation Loss: 102.3068
New LR:  0.0008
Validation Loss: 103.3504
Validation Loss: 100.0716
Validation Loss: 104.7574
Validation Loss: 104.9887
Validation Loss: 99.3249
New LR:  0.00064
Validation Loss: 103.5722
Validation Loss: 102.6988
New LR:  0.0005120000000000001
Validation Loss: 103.0499
Validation Loss: 101.8492
New LR:  0.0004096000000000001
Validation Loss: 103.3995
Validation Loss: 102.1434
New LR:  0.0003276800000000001
Validation Loss: 106.8215
Validation Loss: 103.8987
New LR:  0.0002621440000000001
Validation Loss: 100.3279
Validation Loss: 100.7567
Validation Loss: 103.9177
New LR:  0.00020971520000000012
Validation Loss: 102.5978
Validation Loss: 101.1260
New LR:  0.0001677721600000001
Validation Loss: 104.4417
Early stopping after 120 epochs.
MSE Test loss:110.422
R2 Test loss:-0.599
training start for sigma:0.0
Validation Loss: 98.9335
Validation Loss: 102.0435
Validation Loss: 103.5356
New LR:  0.0008
Validation Loss: 100.4110
Validation Loss: 103.0103
New LR:  0.00064
Validation Loss: 104.6152
Validation Loss: 103.4084
New LR:  0.0005120000000000001
Validation Loss: 101.7342
Validation Loss: 100.7347
Validation Loss: 102.9025
New LR:  0.0004096000000000001
Validation Loss: 104.6669
Validation Loss: 104.8372
New LR:  0.0003276800000000001
Validation Loss: 100.8689
Validation Loss: 101.4185
New LR:  0.0002621440000000001
Validation Loss: 101.1415
Early stopping after 75 epochs.
MSE Test loss:110.422
R2 Test loss:-0.599
metrics saved
start saving losses!
Best Learning Rate for MSE: 0.0031622776601683785
training start for sigma:0.0
Validation Loss: 65.5330
Validation Loss: 28.8049
Validation Loss: 24.2576
Validation Loss: 15.6146
Validation Loss: 16.5188
Validation Loss: 12.7915
Validation Loss: 12.7472
Validation Loss: 12.2498
Validation Loss: 12.6511
Validation Loss: 13.2464
Validation Loss: 11.5319
Validation Loss: 11.4491
Validation Loss: 13.1342
Validation Loss: 11.2398
Validation Loss: 12.7088
Validation Loss: 11.3313
Validation Loss: 12.7765
Validation Loss: 11.3227
Validation Loss: 11.2951
Validation Loss: 11.3426
Validation Loss: 11.2276
Validation Loss: 11.0639
Validation Loss: 11.3337
Validation Loss: 11.9092
Validation Loss: 10.6394
Validation Loss: 11.4434
Validation Loss: 11.7688
Validation Loss: 12.3307
Validation Loss: 11.0310
Validation Loss: 12.4872
Validation Loss: 11.4962
Validation Loss: 11.1125
Validation Loss: 10.8000
Validation Loss: 11.4009
Validation Loss: 12.3974
Validation Loss: 11.4711
Validation Loss: 11.9253
Validation Loss: 11.1493
Validation Loss: 11.5300
Early stopping after 195 epochs.
MSE Test loss:9.315
R2 Test loss:0.832
training start for sigma:0.0
Validation Loss: 103.6843
Validation Loss: 103.1739
Validation Loss: 103.7692
Validation Loss: 101.4000
Validation Loss: 101.6160
Validation Loss: 101.2387
Validation Loss: 101.6104
Validation Loss: 104.3396
Validation Loss: 103.9425
Validation Loss: 105.2071
Validation Loss: 106.6388
Validation Loss: 101.3805
Validation Loss: 100.8197
Validation Loss: 102.4723
Validation Loss: 101.0800
Validation Loss: 102.5092
Validation Loss: 103.0691
Validation Loss: 101.4787
Validation Loss: 104.3736
Validation Loss: 102.7071
Validation Loss: 104.6434
Validation Loss: 101.2611
Validation Loss: 103.9806
Validation Loss: 105.3857
Validation Loss: 105.0409
Validation Loss: 100.8130
Validation Loss: 104.8050
Validation Loss: 102.1912
Validation Loss: 101.8978
Validation Loss: 105.5139
Validation Loss: 104.0491
Validation Loss: 103.3844
Validation Loss: 104.2358
Validation Loss: 101.2116
Validation Loss: 100.2307
Validation Loss: 102.7295
Validation Loss: 102.4556
Validation Loss: 103.6386
Validation Loss: 101.5029
Validation Loss: 101.1186
MSE Test loss:110.422
R2 Test loss:-0.599
training start for sigma:0.0
Validation Loss: 59.3733
Validation Loss: 50.7870
Validation Loss: 22.1737
Validation Loss: 18.2319
Validation Loss: 15.1549
Validation Loss: 13.4831
Validation Loss: 12.6402
Validation Loss: 13.7226
Validation Loss: 12.5324
Validation Loss: 14.8214
Validation Loss: 13.3541
Validation Loss: 11.4731
Validation Loss: 11.5877
Validation Loss: 12.4512
Validation Loss: 17.6390
Validation Loss: 11.7674
Validation Loss: 11.5239
Validation Loss: 11.1805
Validation Loss: 11.3128
Validation Loss: 10.7560
Validation Loss: 11.0358
Validation Loss: 10.8107
Validation Loss: 12.6574
Validation Loss: 10.7178
Validation Loss: 10.9323
Validation Loss: 10.3784
Validation Loss: 10.6124
Validation Loss: 11.2341
Validation Loss: 11.2264
Validation Loss: 10.8167
Validation Loss: 11.4317
Validation Loss: 10.7314
Validation Loss: 11.5148
Validation Loss: 10.8057
Validation Loss: 10.9696
Validation Loss: 11.0037
Validation Loss: 10.8040
Validation Loss: 10.8013
Validation Loss: 10.4799
Validation Loss: 10.8784
MSE Test loss:8.879
R2 Test loss:0.850
metrics saved
start saving losses!
