training start for sigma:0.5
Validation Loss: 90.6799
Validation Loss: 91.5323
Validation Loss: 90.2593
New LR:  0.008
Validation Loss: 90.5910
Validation Loss: 90.7317
New LR:  0.0064
Validation Loss: 90.4233
Validation Loss: 91.4109
Validation Loss: 90.4636
Validation Loss: 90.8991
New LR:  0.00512
Validation Loss: 91.8451
Validation Loss: 91.0577
New LR:  0.004096000000000001
Validation Loss: 91.4496
Validation Loss: 90.8870
Validation Loss: 91.0397
New LR:  0.0032768000000000007
Validation Loss: 90.8622
Validation Loss: 91.7914
New LR:  0.002621440000000001
Validation Loss: 91.0947
Early stopping after 85 epochs.
NPP sigma=0.5 Test loss:94.420, R2 loss:-0.207, GP Test loss:94.420, GP R2 loss:-0.207
training start for sigma:0.5
Validation Loss: 91.9012
Validation Loss: 85.7839
Validation Loss: 85.5329
Validation Loss: 85.1852
Validation Loss: 78.4352
Validation Loss: 71.9588
Validation Loss: 69.9514
Validation Loss: 68.9491
Validation Loss: 69.7059
Validation Loss: 69.1176
Validation Loss: 68.9178
Validation Loss: 69.1775
Validation Loss: 69.5537
Validation Loss: 69.7453
Validation Loss: 68.1737
Validation Loss: 68.9439
Validation Loss: 69.3424
Validation Loss: 69.1007
Validation Loss: 68.9144
Validation Loss: 68.6518
Validation Loss: 67.4775
New LR:  0.008
Validation Loss: 69.3034
Validation Loss: 68.5539
Validation Loss: 68.2737
Validation Loss: 68.6678
Validation Loss: 67.9963
Validation Loss: 68.7150
New LR:  0.0064
Validation Loss: 68.6137
Validation Loss: 69.0846
Validation Loss: 68.8148
Validation Loss: 67.8463
New LR:  0.00512
Validation Loss: 68.5043
Validation Loss: 68.2443
Validation Loss: 68.2126
New LR:  0.004096000000000001
Validation Loss: 68.1024
Early stopping after 175 epochs.
NPP sigma=0.5 Test loss:70.645, R2 loss:0.103, GP Test loss:70.645, GP R2 loss:0.103
training start for sigma:0.5
Validation Loss: 78.9396
Validation Loss: 69.3785
Validation Loss: 58.4663
Validation Loss: 54.0790
Validation Loss: 51.2448
Validation Loss: 49.9539
Validation Loss: 51.1593
Validation Loss: 50.3793
Validation Loss: 50.7102
Validation Loss: 51.5449
New LR:  0.008
Validation Loss: 51.3894
Validation Loss: 51.0321
Validation Loss: 50.2611
Validation Loss: 50.6349
Validation Loss: 50.1314
New LR:  0.0064
Validation Loss: 50.9252
Validation Loss: 50.9530
New LR:  0.00512
Validation Loss: 50.4133
Validation Loss: 50.1929
Validation Loss: 50.7086
Early stopping after 100 epochs.
NPP sigma=0.5 Test loss:51.663, R2 loss:0.350, GP Test loss:51.663, GP R2 loss:0.350
metrics saved
start saving losses!
Best Learning Rate for NPP sigma=0.5: 0.0015848931924611134
training start for sigma:0.5
Validation Loss: 91.4506
Validation Loss: 90.9708
Validation Loss: 91.6056
Validation Loss: 91.0150
Validation Loss: 90.4764
Validation Loss: 91.4297
Validation Loss: 92.0325
Validation Loss: 89.9631
Validation Loss: 90.7757
Validation Loss: 91.1656
Validation Loss: 90.6861
Validation Loss: 91.6207
Validation Loss: 91.4172
Validation Loss: 91.4723
Validation Loss: 91.0037
Validation Loss: 90.1760
Validation Loss: 90.7991
Validation Loss: 90.8432
Validation Loss: 91.5455
Validation Loss: 90.9883
Validation Loss: 91.1021
Validation Loss: 91.2358
Early stopping after 110 epochs.
NPP sigma=0.5 Test loss:94.420, R2 loss:-0.207, GP Test loss:94.420, GP R2 loss:-0.207
training start for sigma:0.5
Validation Loss: 90.8453
Validation Loss: 90.9987
Validation Loss: 90.3725
Validation Loss: 91.4260
Validation Loss: 91.3992
Validation Loss: 91.3789
Validation Loss: 91.4570
Validation Loss: 91.0472
Validation Loss: 91.1758
Validation Loss: 90.5082
Validation Loss: 90.1476
Validation Loss: 91.8150
Validation Loss: 90.9359
Validation Loss: 90.6272
Validation Loss: 91.8084
Validation Loss: 90.5875
Validation Loss: 92.2772
Validation Loss: 91.6160
Validation Loss: 90.0863
Validation Loss: 91.7120
Validation Loss: 91.3463
Validation Loss: 91.6444
Validation Loss: 91.4749
Validation Loss: 92.0600
Validation Loss: 90.9662
Validation Loss: 90.7242
Validation Loss: 91.3889
Validation Loss: 91.9205
Validation Loss: 91.3542
Validation Loss: 91.4430
Validation Loss: 90.3369
Validation Loss: 91.0277
Validation Loss: 91.5928
Early stopping after 165 epochs.
NPP sigma=0.5 Test loss:94.420, R2 loss:-0.207, GP Test loss:94.420, GP R2 loss:-0.207
training start for sigma:0.5
Validation Loss: 80.1827
Validation Loss: 65.7149
Validation Loss: 42.4552
Validation Loss: 29.2777
Validation Loss: 26.5642
Validation Loss: 27.3664
Validation Loss: 26.7201
Validation Loss: 26.6570
Validation Loss: 28.0800
Validation Loss: 27.3138
Validation Loss: 27.1863
Validation Loss: 26.8472
Validation Loss: 27.4131
Validation Loss: 27.4325
Validation Loss: 27.5570
Validation Loss: 27.2210
Validation Loss: 26.9109
Validation Loss: 26.6620
Validation Loss: 27.5822
Early stopping after 95 epochs.
NPP sigma=0.5 Test loss:26.297, R2 loss:0.681, GP Test loss:26.297, GP R2 loss:0.681
metrics saved
start saving losses!
