training start for sigma:1.0
Validation Loss: 83.7980
Validation Loss: 83.6395
Validation Loss: 85.7286
Validation Loss: 85.2792
New LR:  0.008
Validation Loss: 84.4021
Validation Loss: 83.7785
New LR:  0.0064
Validation Loss: 81.4887
Validation Loss: 84.3030
New LR:  0.00512
Validation Loss: 84.1107
Validation Loss: 84.3682
Validation Loss: 84.7579
New LR:  0.004096000000000001
Validation Loss: 83.8849
Validation Loss: 85.7716
Validation Loss: 83.7045
New LR:  0.0032768000000000007
Validation Loss: 85.2821
Validation Loss: 83.1829
New LR:  0.002621440000000001
Validation Loss: 84.2806
Validation Loss: 82.2717
New LR:  0.002097152000000001
Validation Loss: 82.8172
Validation Loss: 84.8670
New LR:  0.001677721600000001
Validation Loss: 85.4902
Early stopping after 105 epochs.
NPP sigma=1.0 Test loss:80.054, R2 loss:-0.618, GP Test loss:80.054, GP R2 loss:-0.618
training start for sigma:1.0
Validation Loss: 78.0372
Validation Loss: 66.8985
Validation Loss: 63.4657
Validation Loss: 61.9115
Validation Loss: 58.8183
Validation Loss: 53.1541
Validation Loss: 53.0243
Validation Loss: 50.6079
Validation Loss: 51.7816
Validation Loss: 50.6283
Validation Loss: 51.2326
Validation Loss: 49.6819
Validation Loss: 49.6070
Validation Loss: 49.6892
Validation Loss: 50.4173
Validation Loss: 50.7987
New LR:  0.008
Validation Loss: 50.6773
Validation Loss: 48.4077
Validation Loss: 49.6430
Validation Loss: 49.4414
Validation Loss: 49.9972
New LR:  0.0064
Validation Loss: 50.1261
Validation Loss: 48.6356
Validation Loss: 50.2779
New LR:  0.00512
Validation Loss: 48.9801
Validation Loss: 50.6755
Validation Loss: 49.9800
Validation Loss: 49.2468
Validation Loss: 50.2238
Validation Loss: 50.1359
New LR:  0.004096000000000001
Validation Loss: 50.7896
Validation Loss: 50.0536
Validation Loss: 48.2225
Validation Loss: 50.1544
Validation Loss: 49.8220
New LR:  0.0032768000000000007
Validation Loss: 50.7678
Validation Loss: 51.1864
Validation Loss: 49.5606
Validation Loss: 50.3901
New LR:  0.002621440000000001
Validation Loss: 50.6855
NPP sigma=1.0 Test loss:52.119, R2 loss:-0.277, GP Test loss:52.119, GP R2 loss:-0.277
training start for sigma:1.0
Validation Loss: 83.1811
Validation Loss: 73.7662
Validation Loss: 73.4076
Validation Loss: 69.2248
Validation Loss: 67.4621
Validation Loss: 66.7484
Validation Loss: 68.3399
Validation Loss: 66.1220
Validation Loss: 65.8395
Validation Loss: 65.5736
Validation Loss: 65.6918
Validation Loss: 67.0348
Validation Loss: 65.2263
Validation Loss: 65.3768
Validation Loss: 66.9297
Validation Loss: 63.7675
Validation Loss: 65.7224
Validation Loss: 64.3936
Validation Loss: 66.6030
Validation Loss: 65.4600
Validation Loss: 66.1527
Validation Loss: 64.4895
Validation Loss: 66.0540
Validation Loss: 66.2110
Validation Loss: 64.3514
New LR:  0.008
Validation Loss: 65.4768
Validation Loss: 65.3133
New LR:  0.0064
Validation Loss: 65.4344
Validation Loss: 65.4611
Validation Loss: 63.7692
Early stopping after 150 epochs.
NPP sigma=1.0 Test loss:66.871, R2 loss:-0.535, GP Test loss:66.871, GP R2 loss:-0.535
metrics saved
start saving losses!
Best Learning Rate for NPP sigma=1.0: 0.01
training start for sigma:1.0
Validation Loss: 81.9839
Validation Loss: 72.4994
Validation Loss: 69.4527
Validation Loss: 67.7082
Validation Loss: 67.8255
Validation Loss: 65.9635
Validation Loss: 65.8634
Validation Loss: 66.7037
Validation Loss: 65.8164
Validation Loss: 63.4352
Validation Loss: 64.6902
Validation Loss: 65.1178
Validation Loss: 64.4782
Validation Loss: 63.9680
Validation Loss: 65.5603
Validation Loss: 63.8010
Validation Loss: 65.0349
Validation Loss: 62.8228
Validation Loss: 64.1883
Validation Loss: 64.0146
Validation Loss: 64.5849
Validation Loss: 63.9616
Validation Loss: 65.4190
Validation Loss: 65.3069
Validation Loss: 65.2089
Validation Loss: 64.8188
Validation Loss: 65.7484
Validation Loss: 63.4126
Validation Loss: 64.6029
Validation Loss: 63.4741
Validation Loss: 64.6741
Validation Loss: 63.2713
Early stopping after 160 epochs.
NPP sigma=1.0 Test loss:65.065, R2 loss:-0.485, GP Test loss:65.065, GP R2 loss:-0.485
training start for sigma:1.0
Validation Loss: 83.2665
Validation Loss: 79.5451
Validation Loss: 80.0796
Validation Loss: 78.5523
Validation Loss: 77.5552
Validation Loss: 77.9555
Validation Loss: 76.8141
Validation Loss: 77.0473
Validation Loss: 77.1808
Validation Loss: 75.4145
Validation Loss: 76.0782
Validation Loss: 67.3249
Validation Loss: 65.4203
Validation Loss: 63.6273
Validation Loss: 62.3254
Validation Loss: 60.3230
Validation Loss: 60.2888
Validation Loss: 59.1853
Validation Loss: 57.6035
Validation Loss: 59.1810
Validation Loss: 58.5302
Validation Loss: 59.1054
Validation Loss: 56.1791
Validation Loss: 57.5675
Validation Loss: 45.7688
Validation Loss: 35.3257
Validation Loss: 32.7971
Validation Loss: 31.0055
Validation Loss: 30.3026
Validation Loss: 30.1902
Validation Loss: 28.5483
Validation Loss: 25.3319
Validation Loss: 24.8930
Validation Loss: 24.0672
Validation Loss: 24.5426
Validation Loss: 23.5376
Validation Loss: 23.1618
Validation Loss: 22.6443
Validation Loss: 20.4407
Validation Loss: 19.0139
NPP sigma=1.0 Test loss:20.048, R2 loss:0.412, GP Test loss:20.048, GP R2 loss:0.412
training start for sigma:1.0
Validation Loss: 83.8526
Validation Loss: 85.1560
Validation Loss: 84.3883
Validation Loss: 82.5935
Validation Loss: 84.4566
Validation Loss: 84.7989
Validation Loss: 83.8983
Validation Loss: 83.4369
Validation Loss: 82.5497
Validation Loss: 83.1187
Validation Loss: 82.8705
Validation Loss: 85.1145
Validation Loss: 82.0377
Validation Loss: 83.6959
Validation Loss: 84.2941
Validation Loss: 84.9520
Validation Loss: 85.1316
Validation Loss: 83.0666
Validation Loss: 84.5369
Validation Loss: 81.9903
Validation Loss: 83.1442
Validation Loss: 85.4419
Validation Loss: 85.3713
Validation Loss: 84.0950
Validation Loss: 83.5473
Validation Loss: 82.3981
Validation Loss: 83.8866
Validation Loss: 84.2892
Validation Loss: 83.2410
Validation Loss: 83.5666
Validation Loss: 84.6133
Validation Loss: 83.0177
Validation Loss: 81.5179
Validation Loss: 83.6200
Validation Loss: 83.7235
Validation Loss: 84.3646
Validation Loss: 84.8520
Validation Loss: 83.3366
Validation Loss: 82.4005
Validation Loss: 82.5645
NPP sigma=1.0 Test loss:80.054, R2 loss:-0.618, GP Test loss:80.054, GP R2 loss:-0.618
metrics saved
start saving losses!
