Traceback (most recent call last):
  File "/work/DNAL/shi.cheng/NPP/Satellite_Fusion/npp.py", line 502, in <module>
    main()
  File "/work/DNAL/shi.cheng/NPP/Satellite_Fusion/npp.py", line 459, in main
    path = os.path.join(".", "history", exp_name, experiment_id)
  File "/home/shi.cheng/anaconda3/envs/npp/lib/python3.9/posixpath.py", line 90, in join
    genericpath._check_arg_types('join', a, *p)
  File "/home/shi.cheng/anaconda3/envs/npp/lib/python3.9/genericpath.py", line 152, in _check_arg_types
    raise TypeError(f'{funcname}() argument must be str, bytes, or '
TypeError: join() argument must be str, bytes, or os.PathLike object, not 'int'
Traceback (most recent call last):
  File "/work/DNAL/shi.cheng/NPP/Satellite_Fusion/npp.py", line 502, in <module>
    main()
  File "/work/DNAL/shi.cheng/NPP/Satellite_Fusion/npp.py", line 459, in main
    path = os.path.join(".", "history", exp_name, experiment_id)
  File "/home/shi.cheng/anaconda3/envs/npp/lib/python3.9/posixpath.py", line 90, in join
    genericpath._check_arg_types('join', a, *p)
  File "/home/shi.cheng/anaconda3/envs/npp/lib/python3.9/genericpath.py", line 152, in _check_arg_types
    raise TypeError(f'{funcname}() argument must be str, bytes, or '
TypeError: join() argument must be str, bytes, or os.PathLike object, not 'int'
