training start for sigma:1.0
Validation Loss: 48.3965
Validation Loss: 20.5924
Validation Loss: 19.0651
Validation Loss: 17.1388
Validation Loss: 12.7315
Validation Loss: 10.7885
Validation Loss: 9.5568
Validation Loss: 9.8626
Validation Loss: 9.3980
Validation Loss: 8.5346
Validation Loss: 8.7879
Validation Loss: 8.3489
Validation Loss: 8.6551
Validation Loss: 8.5552
Validation Loss: 8.4737
Validation Loss: 8.0381
Validation Loss: 8.3126
Validation Loss: 8.3067
Validation Loss: 8.0397
Validation Loss: 7.9175
Validation Loss: 8.0878
Validation Loss: 8.3020
Validation Loss: 7.9834
Validation Loss: 7.6363
Validation Loss: 7.5792
Validation Loss: 7.8917
Validation Loss: 7.9388
Validation Loss: 8.0348
Validation Loss: 7.8432
Validation Loss: 7.6530
Validation Loss: 8.0898
Validation Loss: 7.8692
Validation Loss: 7.7960
Validation Loss: 8.0024
Validation Loss: 8.2081
Validation Loss: 8.0586
Validation Loss: 8.3500
Validation Loss: 7.6997
Validation Loss: 7.9702
Early stopping after 195 epochs.
NPP sigma=1.0 Test loss:9.751, R2 loss:0.826, GP Test loss:9.751, GP R2 loss:0.826
training start for sigma:1.0
Validation Loss: 53.2991
Validation Loss: 22.8652
Validation Loss: 19.0456
Validation Loss: 17.5373
Validation Loss: 13.4948
Validation Loss: 10.5397
Validation Loss: 9.7471
Validation Loss: 9.4117
Validation Loss: 8.8315
Validation Loss: 9.4850
Validation Loss: 8.7813
Validation Loss: 8.7370
Validation Loss: 8.7316
Validation Loss: 8.8833
Validation Loss: 8.6076
Validation Loss: 8.7849
Validation Loss: 9.0258
Validation Loss: 8.3326
Validation Loss: 7.9125
Validation Loss: 8.0430
Validation Loss: 8.2574
Validation Loss: 8.0080
Validation Loss: 7.9483
Validation Loss: 8.3827
Validation Loss: 8.2408
New LR:  0.0008
Validation Loss: 8.6228
Validation Loss: 8.2876
Validation Loss: 8.0047
Validation Loss: 7.8871
Validation Loss: 8.4228
Validation Loss: 8.0333
Validation Loss: 7.9522
Validation Loss: 7.8852
Validation Loss: 8.2664
Validation Loss: 7.8916
Validation Loss: 7.7220
Validation Loss: 7.8829
Validation Loss: 8.0189
Validation Loss: 7.7000
Validation Loss: 8.1938
NPP sigma=1.0 Test loss:9.352, R2 loss:0.836, GP Test loss:9.352, GP R2 loss:0.836
training start for sigma:1.0
Validation Loss: 63.2449
Validation Loss: 56.8541
Validation Loss: 42.1502
Validation Loss: 41.8739
Validation Loss: 39.1997
Validation Loss: 38.1282
Validation Loss: 38.0230
Validation Loss: 37.4349
Validation Loss: 37.2615
Validation Loss: 38.4361
Validation Loss: 36.3559
Validation Loss: 38.7979
Validation Loss: 36.9605
Validation Loss: 37.4647
Validation Loss: 37.1503
Validation Loss: 37.3311
Validation Loss: 37.0135
Validation Loss: 38.7436
Validation Loss: 37.4396
Validation Loss: 8.5078
Validation Loss: 8.6200
Validation Loss: 8.4034
Validation Loss: 8.2962
Validation Loss: 8.0569
Validation Loss: 7.9879
Validation Loss: 8.0344
Validation Loss: 7.8963
Validation Loss: 8.0328
Validation Loss: 8.1362
Validation Loss: 9.0361
Validation Loss: 8.0090
Validation Loss: 7.9002
Validation Loss: 8.1233
Validation Loss: 7.6019
Validation Loss: 7.8660
Validation Loss: 8.2781
Validation Loss: 7.9503
Validation Loss: 8.0094
Validation Loss: 7.8739
Validation Loss: 7.7018
NPP sigma=1.0 Test loss:9.377, R2 loss:0.844, GP Test loss:9.377, GP R2 loss:0.844
metrics saved
start saving losses!
Best Learning Rate for NPP sigma=1.0: 0.01
training start for sigma:1.0
Validation Loss: 67.3387
Validation Loss: 37.4640
Validation Loss: 32.8201
Validation Loss: 31.8259
Validation Loss: 33.3995
Validation Loss: 33.7839
Validation Loss: 32.0774
Validation Loss: 32.4581
Validation Loss: 32.1828
Validation Loss: 32.7114
Validation Loss: 33.2249
Validation Loss: 32.7277
Validation Loss: 33.2317
Validation Loss: 33.3908
Validation Loss: 32.4747
Validation Loss: 32.7473
Validation Loss: 32.0082
Validation Loss: 32.0702
Early stopping after 90 epochs.
NPP sigma=1.0 Test loss:47.687, R2 loss:0.253, GP Test loss:47.687, GP R2 loss:0.253
training start for sigma:1.0
Validation Loss: 62.6924
Validation Loss: 51.0302
Validation Loss: 43.4720
Validation Loss: 43.5201
Validation Loss: 43.8512
Validation Loss: 43.0952
Validation Loss: 43.3983
Validation Loss: 43.7841
Validation Loss: 42.9705
Validation Loss: 43.8890
Validation Loss: 42.8379
Validation Loss: 43.9889
Validation Loss: 42.6478
Validation Loss: 44.1519
Validation Loss: 42.9794
Validation Loss: 42.4479
Validation Loss: 44.7932
Validation Loss: 43.8117
Validation Loss: 43.8848
Validation Loss: 43.2860
Validation Loss: 43.2751
Validation Loss: 43.0939
Validation Loss: 43.9930
Validation Loss: 43.4324
Validation Loss: 43.5145
Validation Loss: 42.6658
Validation Loss: 42.8876
Validation Loss: 42.7940
Validation Loss: 42.3873
Validation Loss: 43.8064
Validation Loss: 42.3207
Validation Loss: 43.3900
Validation Loss: 43.0142
Validation Loss: 42.5039
Validation Loss: 44.2288
Validation Loss: 42.7226
Validation Loss: 44.3610
Validation Loss: 43.8579
Validation Loss: 42.6709
Validation Loss: 21.9655
NPP sigma=1.0 Test loss:33.022, R2 loss:0.482, GP Test loss:33.022, GP R2 loss:0.482
training start for sigma:1.0
Validation Loss: 71.7208
Validation Loss: 70.6990
Validation Loss: 70.5211
Validation Loss: 69.5054
Validation Loss: 70.5884
Validation Loss: 70.6819
Validation Loss: 70.1160
Validation Loss: 71.3426
Validation Loss: 71.3443
Validation Loss: 71.1749
Validation Loss: 71.0362
Validation Loss: 70.4625
Validation Loss: 70.7587
Validation Loss: 72.3695
Validation Loss: 70.2901
Validation Loss: 71.3759
Validation Loss: 70.2681
Validation Loss: 70.5209
Early stopping after 90 epochs.
NPP sigma=1.0 Test loss:110.422, R2 loss:-0.599, GP Test loss:110.422, GP R2 loss:-0.599
metrics saved
start saving losses!
