training start for sigma:0.5
Validation Loss: 78.2414
Validation Loss: 78.3950
Validation Loss: 78.5166
New LR:  0.008
Validation Loss: 78.2677
Validation Loss: 78.4072
New LR:  0.0064
Validation Loss: 78.4561
Validation Loss: 78.4685
New LR:  0.00512
Validation Loss: 78.2785
Validation Loss: 78.5634
New LR:  0.004096000000000001
Validation Loss: 78.4987
Validation Loss: 78.2817
New LR:  0.0032768000000000007
Validation Loss: 78.3756
Validation Loss: 78.4667
Validation Loss: 78.1087
New LR:  0.002621440000000001
Validation Loss: 78.4136
Validation Loss: 78.4040
New LR:  0.002097152000000001
Validation Loss: 78.6373
Validation Loss: 78.3130
New LR:  0.001677721600000001
Validation Loss: 78.4462
Validation Loss: 78.3351
New LR:  0.0013421772800000008
Validation Loss: 78.3368
Validation Loss: 78.0685
New LR:  0.0010737418240000006
Validation Loss: 78.1636
Validation Loss: 78.6310
Validation Loss: 78.2213
New LR:  0.0008589934592000006
Validation Loss: 78.3662
Validation Loss: 78.4740
New LR:  0.0006871947673600005
Validation Loss: 78.4769
Validation Loss: 78.4617
New LR:  0.0005497558138880005
Validation Loss: 78.2620
Validation Loss: 78.5070
New LR:  0.0004398046511104004
Validation Loss: 78.6497
Validation Loss: 78.1164
New LR:  0.00035184372088832035
Validation Loss: 78.5731
Validation Loss: 78.5376
Validation Loss: 78.2849
New LR:  0.0002814749767106563
Early stopping after 180 epochs.
NPP sigma=0.5 Test loss:80.054, R2 loss:-0.618, GP Test loss:80.054, GP R2 loss:-0.618
training start for sigma:0.5
Validation Loss: 76.6391
Validation Loss: 59.1980
Validation Loss: 50.1551
Validation Loss: 41.5716
Validation Loss: 41.5013
Validation Loss: 41.5287
Validation Loss: 41.4061
Validation Loss: 41.4538
Validation Loss: 41.4203
Validation Loss: 41.3977
Validation Loss: 41.3230
Validation Loss: 41.4261
Validation Loss: 41.3970
New LR:  0.008
Validation Loss: 41.3710
Validation Loss: 41.3179
Validation Loss: 41.5001
Validation Loss: 41.4655
New LR:  0.0064
Validation Loss: 41.3674
Validation Loss: 41.4453
New LR:  0.00512
Validation Loss: 41.4984
Validation Loss: 41.3393
New LR:  0.004096000000000001
Validation Loss: 41.4904
Validation Loss: 41.4165
Validation Loss: 41.5240
New LR:  0.0032768000000000007
Validation Loss: 41.3162
Validation Loss: 41.4516
New LR:  0.002621440000000001
Validation Loss: 41.5342
Validation Loss: 41.3615
New LR:  0.002097152000000001
Validation Loss: 41.3618
Validation Loss: 41.3762
New LR:  0.001677721600000001
Validation Loss: 41.3786
Validation Loss: 41.4055
New LR:  0.0013421772800000008
Validation Loss: 41.4275
Validation Loss: 41.3250
Validation Loss: 41.4263
New LR:  0.0010737418240000006
Validation Loss: 41.4234
Validation Loss: 41.4364
New LR:  0.0008589934592000006
Validation Loss: 41.3629
Validation Loss: 41.3834
New LR:  0.0006871947673600005
Early stopping after 195 epochs.
NPP sigma=0.5 Test loss:105.288, R2 loss:-2.015, GP Test loss:105.288, GP R2 loss:-2.015
training start for sigma:0.5
Validation Loss: 76.9273
Validation Loss: 41.0458
Validation Loss: 29.8260
Validation Loss: 23.1770
Validation Loss: 22.5321
Validation Loss: 22.4932
Validation Loss: 22.5737
Validation Loss: 22.4312
New LR:  0.008
Validation Loss: 22.4558
Validation Loss: 22.5091
Validation Loss: 22.6407
New LR:  0.0064
Validation Loss: 22.5799
Validation Loss: 22.5307
New LR:  0.00512
Validation Loss: 22.4769
Validation Loss: 22.5012
Validation Loss: 22.5012
Validation Loss: 22.5713
New LR:  0.004096000000000001
Validation Loss: 22.5190
Validation Loss: 22.4659
New LR:  0.0032768000000000007
Validation Loss: 22.4972
Validation Loss: 22.5995
New LR:  0.002621440000000001
Validation Loss: 22.5684
Early stopping after 110 epochs.
NPP sigma=0.5 Test loss:120.419, R2 loss:-2.535, GP Test loss:120.419, GP R2 loss:-2.535
metrics saved
start saving losses!
Best Learning Rate for NPP sigma=0.5: 0.01
training start for sigma:0.5
Validation Loss: 78.1713
Validation Loss: 78.5747
Validation Loss: 78.4869
Validation Loss: 78.2252
Validation Loss: 78.2788
Validation Loss: 78.2903
Validation Loss: 78.4255
Validation Loss: 78.3849
Validation Loss: 78.5954
Validation Loss: 78.3112
Validation Loss: 78.2247
Validation Loss: 78.1982
Validation Loss: 78.0073
Validation Loss: 78.1834
Validation Loss: 78.5037
Validation Loss: 78.5700
Validation Loss: 78.3374
Validation Loss: 78.4138
Validation Loss: 78.4449
Validation Loss: 78.2053
Validation Loss: 78.6300
Validation Loss: 78.0269
Validation Loss: 78.3852
Validation Loss: 78.2669
Validation Loss: 78.3763
Validation Loss: 78.4176
Validation Loss: 78.3116
Early stopping after 135 epochs.
NPP sigma=0.5 Test loss:80.054, R2 loss:-0.618, GP Test loss:80.054, GP R2 loss:-0.618
training start for sigma:0.5
Validation Loss: 78.3841
Validation Loss: 78.2708
Validation Loss: 78.3437
Validation Loss: 78.1487
Validation Loss: 78.2999
Validation Loss: 78.6368
Validation Loss: 78.3435
Validation Loss: 78.3546
Validation Loss: 78.0781
Validation Loss: 78.4697
Validation Loss: 78.4199
Validation Loss: 78.1740
Validation Loss: 78.1628
Validation Loss: 78.1000
Validation Loss: 78.8052
Validation Loss: 78.4467
Validation Loss: 78.2166
Validation Loss: 78.3781
Validation Loss: 78.2168
Validation Loss: 78.2194
Validation Loss: 78.1221
Validation Loss: 78.2525
Validation Loss: 78.0302
Validation Loss: 78.6141
Validation Loss: 78.3124
Validation Loss: 78.2792
Validation Loss: 78.2344
Validation Loss: 78.4159
Validation Loss: 78.4749
Validation Loss: 78.3072
Validation Loss: 78.7312
Validation Loss: 78.1016
Validation Loss: 78.3247
Validation Loss: 78.2590
Validation Loss: 78.4639
Validation Loss: 78.2395
Validation Loss: 78.5792
Early stopping after 185 epochs.
NPP sigma=0.5 Test loss:80.054, R2 loss:-0.618, GP Test loss:80.054, GP R2 loss:-0.618
training start for sigma:0.5
Validation Loss: 77.0660
Validation Loss: 30.2654
Validation Loss: 15.5506
Validation Loss: 15.2493
Validation Loss: 15.1212
Validation Loss: 15.1121
Validation Loss: 15.1059
Validation Loss: 15.0652
Validation Loss: 15.2168
Validation Loss: 15.0245
Validation Loss: 14.9991
Validation Loss: 15.0468
Validation Loss: 14.9697
Validation Loss: 15.0656
Validation Loss: 14.9868
Validation Loss: 15.2358
Validation Loss: 15.1926
Validation Loss: 15.2544
Validation Loss: 14.9422
Validation Loss: 14.9997
Validation Loss: 15.1880
Validation Loss: 15.0044
Validation Loss: 15.0637
Validation Loss: 14.9820
Validation Loss: 15.0925
Validation Loss: 15.1175
Validation Loss: 14.9325
Validation Loss: 15.0223
Validation Loss: 15.1044
Validation Loss: 15.0777
Validation Loss: 14.9775
Validation Loss: 15.2805
Validation Loss: 15.0016
Validation Loss: 15.1031
Validation Loss: 14.8852
Validation Loss: 14.9044
Validation Loss: 14.8384
Validation Loss: 14.8741
Validation Loss: 14.9004
Validation Loss: 14.9637
NPP sigma=0.5 Test loss:97.736, R2 loss:-1.847, GP Test loss:97.736, GP R2 loss:-1.847
metrics saved
start saving losses!
