training start for sigma:0.2
Validation Loss: 63.4612
Validation Loss: 25.1764
Validation Loss: 21.8418
Validation Loss: 22.8991
Validation Loss: 15.7311
Validation Loss: 15.1375
Validation Loss: 12.8016
Validation Loss: 12.1453
Validation Loss: 13.8496
Validation Loss: 10.7738
Validation Loss: 10.7813
Validation Loss: 10.3177
Validation Loss: 10.7733
Validation Loss: 11.3875
Validation Loss: 10.5985
Validation Loss: 10.1113
Validation Loss: 9.8467
Validation Loss: 10.3812
Validation Loss: 9.7758
Validation Loss: 9.8425
Validation Loss: 10.0287
New LR:  0.0008
Validation Loss: 10.0510
Validation Loss: 9.6768
Validation Loss: 9.4346
Validation Loss: 9.1271
Validation Loss: 9.9181
Validation Loss: 12.5169
Validation Loss: 10.1450
New LR:  0.00064
Validation Loss: 9.3811
Validation Loss: 9.1984
Validation Loss: 9.6609
Validation Loss: 9.6819
Validation Loss: 9.3229
Validation Loss: 9.5160
Validation Loss: 9.5119
Validation Loss: 9.2148
Validation Loss: 9.1594
Validation Loss: 9.7445
Validation Loss: 9.2235
Early stopping after 195 epochs.
NPP sigma=0.2 Test loss:14.846, R2 loss:-12397.640, GP Test loss:14.846, GP R2 loss:-12397.640
training start for sigma:0.2
Validation Loss: 67.0421
Validation Loss: 23.3444
Validation Loss: 22.3186
Validation Loss: 24.2384
Validation Loss: 16.9949
Validation Loss: 12.4172
Validation Loss: 11.3841
Validation Loss: 11.3049
Validation Loss: 10.6331
Validation Loss: 12.1439
Validation Loss: 11.0331
Validation Loss: 10.4469
Validation Loss: 10.2807
Validation Loss: 10.8569
Validation Loss: 10.1825
Validation Loss: 10.3481
Validation Loss: 11.3345
Validation Loss: 9.8594
Validation Loss: 9.4963
Validation Loss: 9.5734
Validation Loss: 9.7121
Validation Loss: 9.6066
Validation Loss: 9.7254
Validation Loss: 9.9591
Validation Loss: 10.6316
Validation Loss: 9.5440
Validation Loss: 10.3118
Validation Loss: 9.6319
Validation Loss: 9.4332
Validation Loss: 9.7278
Validation Loss: 9.8024
Validation Loss: 9.8061
Validation Loss: 9.6221
Validation Loss: 9.6782
Validation Loss: 10.2698
Validation Loss: 9.6020
Validation Loss: 9.7736
Validation Loss: 9.4331
Validation Loss: 10.3021
Validation Loss: 10.7138
NPP sigma=0.2 Test loss:17.991, R2 loss:-4921.373, GP Test loss:17.991, GP R2 loss:-4921.373
training start for sigma:0.2
Validation Loss: 80.8033
Validation Loss: 46.3402
Validation Loss: 22.1963
Validation Loss: 14.9139
Validation Loss: 12.7474
Validation Loss: 15.1349
Validation Loss: 11.4513
Validation Loss: 11.1930
Validation Loss: 10.9116
Validation Loss: 10.7660
Validation Loss: 10.2772
Validation Loss: 10.2380
Validation Loss: 10.3020
Validation Loss: 10.0559
Validation Loss: 9.8428
Validation Loss: 9.7462
Validation Loss: 10.5963
Validation Loss: 9.7701
Validation Loss: 9.9100
Validation Loss: 9.6535
Validation Loss: 10.0831
Validation Loss: 9.5396
Validation Loss: 10.3875
Validation Loss: 9.9921
Validation Loss: 10.2609
Validation Loss: 9.5774
Validation Loss: 9.4922
Validation Loss: 10.2046
Validation Loss: 9.4122
Validation Loss: 9.5618
Validation Loss: 10.4533
Validation Loss: 11.0553
Validation Loss: 9.7019
Validation Loss: 9.5693
Validation Loss: 9.5777
Validation Loss: 9.2233
Validation Loss: 9.5761
Validation Loss: 9.6948
Validation Loss: 9.7879
Validation Loss: 9.5208
NPP sigma=0.2 Test loss:16.418, R2 loss:-2608.842, GP Test loss:16.418, GP R2 loss:-2608.842
metrics saved
start saving losses!
Best Learning Rate for NPP sigma=0.2: 0.01
training start for sigma:0.2
Validation Loss: 88.0893
Validation Loss: 34.7111
Validation Loss: 22.6442
Validation Loss: 22.3924
Validation Loss: 23.1273
Validation Loss: 24.5621
Validation Loss: 23.3837
Validation Loss: 22.2438
Validation Loss: 22.6038
Validation Loss: 23.1115
Validation Loss: 22.7657
Validation Loss: 22.5847
Validation Loss: 22.8272
Validation Loss: 22.9282
Validation Loss: 22.6015
Validation Loss: 22.6237
Validation Loss: 22.6795
Validation Loss: 22.0223
Validation Loss: 22.0428
Validation Loss: 22.5907
Validation Loss: 22.8188
Validation Loss: 23.2218
Validation Loss: 22.3060
Validation Loss: 22.8167
Validation Loss: 22.8489
Validation Loss: 22.5477
Validation Loss: 23.4908
Validation Loss: 22.7591
Validation Loss: 22.4238
Validation Loss: 21.9298
Validation Loss: 22.0803
Validation Loss: 23.2150
Validation Loss: 22.2007
Validation Loss: 22.7379
Validation Loss: 22.0532
Validation Loss: 22.4997
Validation Loss: 22.6777
Validation Loss: 21.9583
Validation Loss: 22.6581
Validation Loss: 22.3105
NPP sigma=0.2 Test loss:47.393, R2 loss:-9762.015, GP Test loss:47.393, GP R2 loss:-9762.015
training start for sigma:0.2
Validation Loss: 95.4398
Validation Loss: 93.7713
Validation Loss: 90.9196
Validation Loss: 94.1644
Validation Loss: 92.0575
Validation Loss: 91.3776
Validation Loss: 94.2952
Validation Loss: 91.4502
Validation Loss: 91.0599
Validation Loss: 92.5710
Validation Loss: 91.3217
Validation Loss: 95.0005
Validation Loss: 93.7593
Validation Loss: 93.3592
Validation Loss: 91.8686
Validation Loss: 90.7062
Validation Loss: 91.6451
Validation Loss: 93.8301
Validation Loss: 93.8775
Validation Loss: 91.8149
Validation Loss: 90.8252
Validation Loss: 95.0740
Validation Loss: 91.8162
Validation Loss: 91.8610
Validation Loss: 93.8481
Validation Loss: 94.0206
Validation Loss: 93.4409
Validation Loss: 90.0039
Validation Loss: 91.7893
Validation Loss: 92.7776
Validation Loss: 91.1440
Validation Loss: 90.5586
Validation Loss: 94.9799
Validation Loss: 90.8962
Validation Loss: 94.9706
Validation Loss: 92.3857
Validation Loss: 91.6675
Validation Loss: 93.0838
Validation Loss: 92.8173
Validation Loss: 93.3372
NPP sigma=0.2 Test loss:114.110, R2 loss:-1.126, GP Test loss:114.110, GP R2 loss:-1.126
training start for sigma:0.2
Validation Loss: 89.0382
Validation Loss: 72.4958
Validation Loss: 65.6718
Validation Loss: 66.4506
Validation Loss: 66.5288
Validation Loss: 65.6507
Validation Loss: 65.1488
Validation Loss: 66.1334
Validation Loss: 65.2408
Validation Loss: 65.7499
Validation Loss: 66.4588
Validation Loss: 65.1254
Validation Loss: 65.5760
Validation Loss: 65.6110
Validation Loss: 64.3460
Validation Loss: 64.8800
Validation Loss: 66.0364
Validation Loss: 64.9440
Validation Loss: 65.1835
Validation Loss: 67.5542
Validation Loss: 64.9268
Validation Loss: 65.3603
Validation Loss: 66.1557
Validation Loss: 66.2966
Validation Loss: 66.2148
Validation Loss: 65.5783
Validation Loss: 66.0947
Validation Loss: 65.3772
Validation Loss: 65.8348
Early stopping after 145 epochs.
NPP sigma=0.2 Test loss:74.752, R2 loss:-12151.665, GP Test loss:74.752, GP R2 loss:-12151.665
metrics saved
start saving losses!
