training start for sigma:0.0
Validation Loss: 63.4925
Validation Loss: 24.9094
Validation Loss: 21.9833
Validation Loss: 23.2013
Validation Loss: 17.1989
Validation Loss: 14.5473
Validation Loss: 12.6438
Validation Loss: 12.3511
Validation Loss: 13.6009
Validation Loss: 10.8328
Validation Loss: 10.6381
Validation Loss: 10.3447
Validation Loss: 10.7676
Validation Loss: 10.9451
Validation Loss: 10.4200
Validation Loss: 10.3021
Validation Loss: 9.8832
Validation Loss: 10.5330
Validation Loss: 9.9099
Validation Loss: 10.0008
Validation Loss: 10.0984
Validation Loss: 10.2865
Validation Loss: 10.1761
Validation Loss: 9.5319
Validation Loss: 9.3560
Validation Loss: 9.8320
Validation Loss: 10.3734
Validation Loss: 9.8658
New LR:  0.0008
Validation Loss: 9.6971
Validation Loss: 9.5830
Validation Loss: 10.7523
Validation Loss: 9.9996
Validation Loss: 9.6350
Validation Loss: 9.9860
Validation Loss: 9.7232
Validation Loss: 9.7810
Validation Loss: 10.0767
Validation Loss: 10.0723
Validation Loss: 9.8151
Early stopping after 195 epochs.
MSE Test loss:16.161
R2 Test loss:-11933.368
training start for sigma:0.0
Validation Loss: 69.0762
Validation Loss: 27.6444
Validation Loss: 22.2557
Validation Loss: 15.9088
Validation Loss: 13.8441
Validation Loss: 13.4961
Validation Loss: 11.7728
Validation Loss: 12.3441
Validation Loss: 10.9528
Validation Loss: 10.5722
Validation Loss: 11.8707
Validation Loss: 10.9470
Validation Loss: 11.0287
Validation Loss: 9.9060
Validation Loss: 11.1291
Validation Loss: 10.3915
Validation Loss: 10.2397
Validation Loss: 10.0866
Validation Loss: 9.3842
Validation Loss: 11.3083
Validation Loss: 9.6186
Validation Loss: 9.7876
Validation Loss: 9.9001
Validation Loss: 9.7077
Validation Loss: 11.0607
Validation Loss: 10.0859
Validation Loss: 9.6746
Validation Loss: 10.2104
Validation Loss: 9.6503
Validation Loss: 9.9428
Validation Loss: 10.1352
Validation Loss: 9.8081
New LR:  0.0008
Validation Loss: 9.8721
Early stopping after 165 epochs.
MSE Test loss:14.757
R2 Test loss:-5694.132
training start for sigma:0.0
Validation Loss: 90.5595
Validation Loss: 94.9808
Validation Loss: 90.8971
New LR:  0.0008
Validation Loss: 94.9715
Validation Loss: 92.3867
Validation Loss: 91.6685
Validation Loss: 93.0848
New LR:  0.00064
Validation Loss: 92.8183
Validation Loss: 93.3382
New LR:  0.0005120000000000001
Validation Loss: 93.2317
Validation Loss: 91.0535
Validation Loss: 92.5490
New LR:  0.0004096000000000001
Validation Loss: 93.0528
Validation Loss: 92.7514
New LR:  0.0003276800000000001
Validation Loss: 93.7452
Early stopping after 75 epochs.
MSE Test loss:114.110
R2 Test loss:-1.126
metrics saved
start saving losses!
Best Learning Rate for MSE: 0.0031622776601683785
training start for sigma:0.0
Validation Loss: 67.0557
Validation Loss: 23.1453
Validation Loss: 22.6668
Validation Loss: 17.6993
Validation Loss: 12.5485
Validation Loss: 11.2637
Validation Loss: 10.9639
Validation Loss: 10.8113
Validation Loss: 10.9678
Validation Loss: 10.6803
Validation Loss: 10.0707
Validation Loss: 9.6982
Validation Loss: 10.4188
Validation Loss: 9.6981
Validation Loss: 9.9659
Validation Loss: 9.8221
Validation Loss: 10.1427
Validation Loss: 9.5907
Validation Loss: 9.6260
Validation Loss: 9.4505
Validation Loss: 9.6386
Validation Loss: 9.5484
Validation Loss: 9.8490
Validation Loss: 9.4790
Validation Loss: 9.2091
Validation Loss: 10.2232
Validation Loss: 10.1440
Validation Loss: 10.0004
Validation Loss: 9.8736
Validation Loss: 10.0606
Validation Loss: 10.5079
Validation Loss: 10.2751
Validation Loss: 9.7552
Validation Loss: 10.5964
Validation Loss: 10.5421
Validation Loss: 11.2095
Validation Loss: 11.7984
Validation Loss: 10.7368
Validation Loss: 11.1885
Early stopping after 195 epochs.
MSE Test loss:14.187
R2 Test loss:-3178.078
training start for sigma:0.0
Validation Loss: 93.3641
Validation Loss: 93.3210
Validation Loss: 93.6678
Validation Loss: 91.1460
Validation Loss: 92.2196
Validation Loss: 91.8446
Validation Loss: 91.5011
Validation Loss: 94.0886
Validation Loss: 93.9654
Validation Loss: 95.2023
Validation Loss: 95.7869
Validation Loss: 91.3566
Validation Loss: 91.3999
Validation Loss: 93.1522
Validation Loss: 92.3145
Validation Loss: 92.8125
Validation Loss: 92.7334
Validation Loss: 91.9044
Early stopping after 90 epochs.
MSE Test loss:114.110
R2 Test loss:-1.126
training start for sigma:0.0
Validation Loss: 64.7403
Validation Loss: 41.9958
Validation Loss: 24.2163
Validation Loss: 21.6323
Validation Loss: 14.9082
Validation Loss: 11.7259
Validation Loss: 10.6044
Validation Loss: 11.0862
Validation Loss: 10.4107
Validation Loss: 10.2179
Validation Loss: 10.1974
Validation Loss: 9.9390
Validation Loss: 10.6394
Validation Loss: 10.2758
Validation Loss: 9.7830
Validation Loss: 10.6125
Validation Loss: 9.7948
Validation Loss: 9.6024
Validation Loss: 10.0637
Validation Loss: 10.1082
Validation Loss: 9.9272
Validation Loss: 9.1870
Validation Loss: 9.7405
Validation Loss: 9.6046
Validation Loss: 9.6029
Validation Loss: 9.9915
Validation Loss: 9.8488
Validation Loss: 10.6254
Validation Loss: 10.9204
Validation Loss: 9.9584
Validation Loss: 9.8066
Validation Loss: 11.2333
Validation Loss: 10.2604
Validation Loss: 10.1048
Validation Loss: 11.3962
Validation Loss: 10.2627
Early stopping after 180 epochs.
MSE Test loss:13.427
R2 Test loss:-10573.071
metrics saved
start saving losses!
