training start for sigma:0.5
Validation Loss: 97.3596
Validation Loss: 95.0042
Validation Loss: 94.0594
Validation Loss: 94.7460
Validation Loss: 96.4985
New LR:  0.0008
Validation Loss: 98.1494
Validation Loss: 94.7354
New LR:  0.00064
Validation Loss: 99.3068
Validation Loss: 95.0553
New LR:  0.0005120000000000001
Validation Loss: 100.1020
Validation Loss: 94.7009
Validation Loss: 93.7512
New LR:  0.0004096000000000001
Validation Loss: 97.8992
Validation Loss: 97.6935
New LR:  0.0003276800000000001
Validation Loss: 95.6156
Validation Loss: 95.4771
New LR:  0.0002621440000000001
Validation Loss: 95.6188
Validation Loss: 95.5716
New LR:  0.00020971520000000012
Validation Loss: 94.9379
Validation Loss: 96.9760
New LR:  0.0001677721600000001
Validation Loss: 96.9905
Validation Loss: 97.9129
Validation Loss: 98.0276
New LR:  0.00013421772800000008
Validation Loss: 96.3021
Validation Loss: 96.9408
New LR:  0.00010737418240000007
Validation Loss: 92.2674
Validation Loss: 96.6661
New LR:  0.0001
Validation Loss: 96.7666
Validation Loss: 94.7584
Validation Loss: 95.9415
Validation Loss: 98.5164
Validation Loss: 95.7414
Validation Loss: 96.9912
Validation Loss: 97.2748
Validation Loss: 96.0152
Validation Loss: 93.1373
Validation Loss: 97.6313
Validation Loss: 97.3629
Validation Loss: 97.0289
Validation Loss: 95.6857
NPP sigma=0.5 Test loss:110.422, R2 loss:-0.599, GP Test loss:110.422, GP R2 loss:-0.599
training start for sigma:0.5
Validation Loss: 58.7566
Validation Loss: 28.2594
Validation Loss: 27.1770
Validation Loss: 26.6759
Validation Loss: 26.3209
Validation Loss: 26.3385
Validation Loss: 26.5975
Validation Loss: 26.8437
Validation Loss: 26.9827
Validation Loss: 26.8084
Validation Loss: 26.1138
Validation Loss: 26.5331
Validation Loss: 26.9625
New LR:  0.0008
Validation Loss: 26.9042
Validation Loss: 26.2076
Validation Loss: 25.4702
Validation Loss: 25.1757
Validation Loss: 26.7628
New LR:  0.00064
Validation Loss: 26.4234
Validation Loss: 26.9925
Validation Loss: 27.0433
Validation Loss: 26.1544
Validation Loss: 26.2296
Validation Loss: 25.7147
New LR:  0.0005120000000000001
Validation Loss: 25.7660
Validation Loss: 26.5772
Validation Loss: 26.9594
New LR:  0.0004096000000000001
Validation Loss: 26.0472
Validation Loss: 26.1271
Validation Loss: 26.3948
Validation Loss: 26.1369
Early stopping after 155 epochs.
NPP sigma=0.5 Test loss:27.599, R2 loss:0.603, GP Test loss:27.599, GP R2 loss:0.603
training start for sigma:0.5
Validation Loss: 96.8558
Validation Loss: 95.3523
Validation Loss: 94.9116
New LR:  0.0008
Validation Loss: 97.4547
Validation Loss: 97.9445
New LR:  0.00064
Validation Loss: 95.9078
Validation Loss: 96.9297
New LR:  0.0005120000000000001
Validation Loss: 97.4729
Validation Loss: 96.0028
New LR:  0.0004096000000000001
Validation Loss: 96.1442
Validation Loss: 98.3630
Validation Loss: 97.0482
New LR:  0.0003276800000000001
Validation Loss: 96.5666
Validation Loss: 95.8473
New LR:  0.0002621440000000001
Validation Loss: 95.9113
Validation Loss: 94.1560
New LR:  0.00020971520000000012
Validation Loss: 97.2489
Validation Loss: 93.2992
Validation Loss: 98.8807
Validation Loss: 95.7684
New LR:  0.0001677721600000001
Validation Loss: 98.9052
Validation Loss: 97.1047
New LR:  0.00013421772800000008
Validation Loss: 94.7716
Validation Loss: 97.9071
New LR:  0.00010737418240000007
Validation Loss: 97.6591
Validation Loss: 94.7971
New LR:  0.0001
Validation Loss: 95.7241
Validation Loss: 97.3401
Validation Loss: 98.5406
Validation Loss: 97.2776
Validation Loss: 96.4349
Validation Loss: 98.3983
Early stopping after 160 epochs.
NPP sigma=0.5 Test loss:110.422, R2 loss:-0.599, GP Test loss:110.422, GP R2 loss:-0.599
metrics saved
start saving losses!
Best Learning Rate for NPP sigma=0.5: 0.01
training start for sigma:0.5
Validation Loss: 91.5338
Validation Loss: 5.4154
Validation Loss: 1.6481
Validation Loss: 0.9778
Validation Loss: 0.8205
Validation Loss: 0.7178
Validation Loss: 0.6685
Validation Loss: 0.6272
Validation Loss: 0.6185
Validation Loss: 0.5926
Validation Loss: 0.6062
Validation Loss: 0.6418
Validation Loss: 0.5454
Validation Loss: 0.5330
Validation Loss: 0.5521
Validation Loss: 0.5755
Validation Loss: 0.4827
Validation Loss: 0.4645
Validation Loss: 0.8800
Validation Loss: 0.4640
Validation Loss: 0.4764
Validation Loss: 0.4313
Validation Loss: 0.4455
Validation Loss: 0.6025
Validation Loss: 9.0956
Validation Loss: 0.5339
Validation Loss: 0.4471
Validation Loss: 0.4359
Validation Loss: 0.4231
Validation Loss: 0.4237
Validation Loss: 0.4947
Validation Loss: 0.5583
Validation Loss: 0.4306
Validation Loss: 0.4013
Validation Loss: 0.3918
Validation Loss: 0.4163
Validation Loss: 0.3892
Validation Loss: 0.4416
Validation Loss: 0.3742
Validation Loss: 0.3953
NPP sigma=0.5 Test loss:0.367, R2 loss:0.994, GP Test loss:0.367, GP R2 loss:0.994
training start for sigma:0.5
Validation Loss: 91.9710
Validation Loss: 54.6140
Validation Loss: 50.1253
Validation Loss: 37.7463
Validation Loss: 31.8798
Validation Loss: 29.3512
Validation Loss: 28.0819
Validation Loss: 27.5852
Validation Loss: 28.2887
Validation Loss: 27.0542
Validation Loss: 28.1590
Validation Loss: 26.8399
Validation Loss: 27.6827
Validation Loss: 26.2067
Validation Loss: 27.5938
Validation Loss: 26.7262
Validation Loss: 27.1367
Validation Loss: 26.8785
Validation Loss: 26.8223
Validation Loss: 26.6544
Validation Loss: 27.2878
Validation Loss: 27.4278
Validation Loss: 27.5639
Validation Loss: 27.2470
Validation Loss: 27.0140
Validation Loss: 27.2752
Validation Loss: 26.2932
Validation Loss: 26.0373
Validation Loss: 26.3680
Validation Loss: 26.1634
Validation Loss: 26.8266
Validation Loss: 27.3901
Validation Loss: 27.1685
Validation Loss: 26.7597
Validation Loss: 26.7284
Validation Loss: 27.1939
Validation Loss: 26.2276
Validation Loss: 25.8038
Validation Loss: 26.9211
Validation Loss: 27.4106
NPP sigma=0.5 Test loss:30.959, R2 loss:0.479, GP Test loss:30.959, GP R2 loss:0.479
training start for sigma:0.5
Validation Loss: 95.9269
Validation Loss: 55.3678
Validation Loss: 29.5187
Validation Loss: 6.1631
Validation Loss: 3.0058
Validation Loss: 2.6936
Validation Loss: 1.7730
Validation Loss: 1.5997
Validation Loss: 1.3901
Validation Loss: 1.2130
Validation Loss: 1.1968
Validation Loss: 4.0088
Validation Loss: 1.0450
Validation Loss: 1.2704
Validation Loss: 0.9820
Validation Loss: 0.9922
Validation Loss: 0.8923
Validation Loss: 1.3637
Validation Loss: 2.7547
Validation Loss: 0.8864
Validation Loss: 0.8296
Validation Loss: 0.8529
Validation Loss: 0.8168
Validation Loss: 0.8266
Validation Loss: 0.7820
Validation Loss: 0.7820
Validation Loss: 0.7325
Validation Loss: 0.7756
Validation Loss: 0.7278
Validation Loss: 0.7114
Validation Loss: 0.7261
Validation Loss: 0.7602
Validation Loss: 0.7150
Validation Loss: 0.6775
Validation Loss: 0.7681
Validation Loss: 0.6866
Validation Loss: 0.6639
Validation Loss: 0.6758
Validation Loss: 0.6695
Validation Loss: 0.7713
NPP sigma=0.5 Test loss:0.672, R2 loss:0.989, GP Test loss:0.672, GP R2 loss:0.989
metrics saved
start saving losses!
