training start for sigma:0.5
Validation Loss: 104.0512
Validation Loss: 100.7017
Validation Loss: 98.7786
Validation Loss: 100.7539
Validation Loss: 99.4010
Validation Loss: 104.4674
Validation Loss: 99.2505
New LR:  0.0008
Validation Loss: 102.9696
Validation Loss: 98.7038
New LR:  0.00064
Validation Loss: 104.0049
Validation Loss: 98.3017
New LR:  0.0005120000000000001
Validation Loss: 99.9862
Validation Loss: 103.2644
New LR:  0.0004096000000000001
Validation Loss: 103.7171
Validation Loss: 100.0410
New LR:  0.0003276800000000001
Validation Loss: 101.1285
Validation Loss: 100.4564
Validation Loss: 99.2931
New LR:  0.0002621440000000001
Validation Loss: 100.6831
Validation Loss: 102.3327
New LR:  0.00020971520000000012
Validation Loss: 102.8921
Validation Loss: 98.5592
New LR:  0.0001677721600000001
Validation Loss: 102.8242
Validation Loss: 100.2661
New LR:  0.00013421772800000008
Validation Loss: 98.7702
Validation Loss: 94.6706
New LR:  0.00010737418240000007
Validation Loss: 99.0819
Validation Loss: 104.0173
Validation Loss: 98.5925
New LR:  0.0001
Validation Loss: 102.3423
Validation Loss: 102.3724
Validation Loss: 101.1615
Validation Loss: 98.9222
Validation Loss: 101.5996
Validation Loss: 100.9542
Validation Loss: 101.8136
Validation Loss: 100.8779
Validation Loss: 102.1907
Validation Loss: 102.8622
Validation Loss: 103.9480
NPP sigma=0.5 Test loss:114.110, R2 loss:-1.126, GP Test loss:114.110, GP R2 loss:-1.126
training start for sigma:0.5
Validation Loss: 57.9126
Validation Loss: 30.5159
Validation Loss: 25.3278
Validation Loss: 23.9391
Validation Loss: 1.0953
Validation Loss: 0.9552
Validation Loss: 1.0382
Validation Loss: 0.8145
Validation Loss: 0.7304
Validation Loss: 0.9213
Validation Loss: 0.7586
Validation Loss: 0.6772
Validation Loss: 0.6612
Validation Loss: 0.6741
Validation Loss: 0.5730
Validation Loss: 0.8390
Validation Loss: 0.5693
Validation Loss: 0.7426
Validation Loss: 0.5654
Validation Loss: 1.9734
Validation Loss: 0.5681
New LR:  0.0008
Validation Loss: 0.5100
Validation Loss: 0.5188
Validation Loss: 0.5246
Validation Loss: 0.4854
Validation Loss: 0.4847
Validation Loss: 0.4939
Validation Loss: 0.4877
Validation Loss: 0.4873
Validation Loss: 0.4785
Validation Loss: 0.4826
Validation Loss: 0.5787
Validation Loss: 0.4871
New LR:  0.00064
Validation Loss: 0.5845
Validation Loss: 0.4655
Validation Loss: 0.4649
Validation Loss: 0.4799
Validation Loss: 0.4923
Validation Loss: 0.4660
Validation Loss: 0.4729
NPP sigma=0.5 Test loss:0.204, R2 loss:0.978, GP Test loss:0.204, GP R2 loss:0.978
training start for sigma:0.5
Validation Loss: 103.0372
Validation Loss: 99.8452
Validation Loss: 100.3067
New LR:  0.0008
Validation Loss: 101.6088
Validation Loss: 106.5634
Validation Loss: 99.2035
New LR:  0.00064
Validation Loss: 100.2558
Validation Loss: 101.5553
Validation Loss: 100.0249
New LR:  0.0005120000000000001
Validation Loss: 100.9178
Validation Loss: 101.6862
New LR:  0.0004096000000000001
Validation Loss: 100.1709
Validation Loss: 96.0177
New LR:  0.0003276800000000001
Validation Loss: 101.5795
Validation Loss: 101.3920
Validation Loss: 104.6534
New LR:  0.0002621440000000001
Validation Loss: 97.5886
Validation Loss: 99.3399
New LR:  0.00020971520000000012
Validation Loss: 100.6871
Validation Loss: 98.9067
New LR:  0.0001677721600000001
Validation Loss: 104.6125
Validation Loss: 98.5994
New LR:  0.00013421772800000008
Validation Loss: 100.5690
Validation Loss: 106.1601
Validation Loss: 97.0513
Validation Loss: 96.9325
Validation Loss: 99.3153
New LR:  0.00010737418240000007
Early stopping after 135 epochs.
NPP sigma=0.5 Test loss:114.110, R2 loss:-1.126, GP Test loss:114.110, GP R2 loss:-1.126
metrics saved
start saving losses!
Best Learning Rate for NPP sigma=0.5: 0.0015848931924611134
training start for sigma:0.5
Validation Loss: 36.0218
Validation Loss: 1.3594
Validation Loss: 0.8961
Validation Loss: 1.0338
Validation Loss: 0.9481
Validation Loss: 0.8173
Validation Loss: 0.6537
Validation Loss: 0.9997
Validation Loss: 0.6118
Validation Loss: 0.6126
Validation Loss: 1.1338
Validation Loss: 0.5717
Validation Loss: 0.5770
Validation Loss: 18.6873
Validation Loss: 1.0485
Validation Loss: 0.6333
Validation Loss: 0.5730
Validation Loss: 0.5506
Validation Loss: 0.5388
Validation Loss: 0.5177
Validation Loss: 0.5494
Validation Loss: 0.4861
Validation Loss: 0.5154
Validation Loss: 0.4995
Validation Loss: 0.4975
Validation Loss: 0.5343
Validation Loss: 0.5215
Validation Loss: 0.5314
Validation Loss: 0.5108
Validation Loss: 0.5156
Validation Loss: 0.5418
Validation Loss: 0.5170
Validation Loss: 0.5135
Validation Loss: 0.5278
Validation Loss: 0.5043
Validation Loss: 0.5230
Early stopping after 180 epochs.
NPP sigma=0.5 Test loss:0.250, R2 loss:0.969, GP Test loss:0.250, GP R2 loss:0.969
training start for sigma:0.5
Validation Loss: 75.3256
Validation Loss: 6.0838
Validation Loss: 1.1624
Validation Loss: 0.8597
Validation Loss: 0.8064
Validation Loss: 0.7232
Validation Loss: 0.8839
Validation Loss: 0.6330
Validation Loss: 0.5781
Validation Loss: 0.5527
Validation Loss: 0.8960
Validation Loss: 0.5422
Validation Loss: 0.5251
Validation Loss: 0.5930
Validation Loss: 0.7590
Validation Loss: 0.5586
Validation Loss: 0.5344
Validation Loss: 0.5227
Validation Loss: 0.5293
Validation Loss: 0.7202
Validation Loss: 0.5247
Validation Loss: 0.5887
Validation Loss: 0.5155
Validation Loss: 0.5464
Validation Loss: 0.4913
Validation Loss: 0.5141
Validation Loss: 0.5105
Validation Loss: 0.4875
Validation Loss: 0.6310
Validation Loss: 0.5109
Validation Loss: 0.5476
Validation Loss: 0.8032
Validation Loss: 1.0448
Validation Loss: 0.5410
Validation Loss: 0.5464
Validation Loss: 0.4924
Validation Loss: 0.4869
Validation Loss: 0.4881
Validation Loss: 0.4863
Validation Loss: 0.4861
NPP sigma=0.5 Test loss:0.240, R2 loss:0.924, GP Test loss:0.240, GP R2 loss:0.924
training start for sigma:0.5
Validation Loss: 45.8169
Validation Loss: 1.8492
Validation Loss: 0.9754
Validation Loss: 0.8577
Validation Loss: 2.2148
Validation Loss: 0.7436
Validation Loss: 0.7258
Validation Loss: 0.6928
Validation Loss: 1.4733
Validation Loss: 0.7502
Validation Loss: 0.6507
Validation Loss: 0.6671
Validation Loss: 0.5523
Validation Loss: 0.5944
Validation Loss: 3.8899
Validation Loss: 0.6424
Validation Loss: 0.5847
Validation Loss: 0.5512
Validation Loss: 0.5960
Validation Loss: 0.6111
Validation Loss: 0.8171
Validation Loss: 0.6338
Validation Loss: 0.5756
Validation Loss: 0.5242
Validation Loss: 0.4991
Validation Loss: 0.5038
Validation Loss: 0.5266
Validation Loss: 0.7675
Validation Loss: 0.5259
Validation Loss: 0.5390
Validation Loss: 2.2544
Validation Loss: 0.6011
Validation Loss: 0.4880
Validation Loss: 0.6660
Validation Loss: 0.5185
Validation Loss: 0.5035
Validation Loss: 0.5066
Validation Loss: 0.4922
Validation Loss: 0.5201
Validation Loss: 0.5291
NPP sigma=0.5 Test loss:0.217, R2 loss:0.978, GP Test loss:0.217, GP R2 loss:0.978
metrics saved
start saving losses!
