training start for sigma:0.5
Validation Loss: 65.7577
Validation Loss: 28.0016
Validation Loss: 25.4531
Validation Loss: 22.3946
Validation Loss: 22.1815
Validation Loss: 17.9418
Validation Loss: 16.6910
Validation Loss: 15.2172
Validation Loss: 13.8616
Validation Loss: 14.0540
Validation Loss: 14.2512
Validation Loss: 13.0004
Validation Loss: 13.1954
Validation Loss: 14.5771
Validation Loss: 14.0738
Validation Loss: 14.1760
Validation Loss: 13.3587
Validation Loss: 14.2374
Validation Loss: 14.0441
Validation Loss: 13.5842
Validation Loss: 15.0222
Validation Loss: 16.4035
Validation Loss: 16.4165
Validation Loss: 16.0010
Validation Loss: 15.5709
Validation Loss: 16.3071
Early stopping after 130 epochs.
NPP sigma=0.5 Test loss:11.601, R2 loss:-2341.019, GP Test loss:11.601, GP R2 loss:-2341.019
training start for sigma:0.5
Validation Loss: 84.2068
Validation Loss: 32.9007
Validation Loss: 26.4131
Validation Loss: 26.2997
Validation Loss: 24.0060
Validation Loss: 19.9467
Validation Loss: 18.0292
Validation Loss: 16.8088
Validation Loss: 13.9598
Validation Loss: 13.6560
Validation Loss: 14.8136
Validation Loss: 14.6402
Validation Loss: 13.6087
Validation Loss: 13.8835
Validation Loss: 13.3854
Validation Loss: 14.0764
Validation Loss: 14.0558
Validation Loss: 13.7013
Validation Loss: 12.8821
Validation Loss: 13.9263
Validation Loss: 14.2452
Validation Loss: 14.3891
Validation Loss: 16.1886
Validation Loss: 15.7394
Validation Loss: 16.1085
Validation Loss: 18.4554
Validation Loss: 16.9973
Validation Loss: 19.4240
Validation Loss: 18.0782
Validation Loss: 18.2368
Validation Loss: 19.8924
Validation Loss: 18.9053
Validation Loss: 20.1390
Early stopping after 165 epochs.
NPP sigma=0.5 Test loss:10.184, R2 loss:-56.463, GP Test loss:10.184, GP R2 loss:-56.463
training start for sigma:0.5
Validation Loss: 70.3649
Validation Loss: 46.5775
Validation Loss: 23.6612
Validation Loss: 19.1257
Validation Loss: 16.4882
Validation Loss: 15.5618
Validation Loss: 15.0646
Validation Loss: 15.6860
Validation Loss: 14.7217
Validation Loss: 16.3412
Validation Loss: 13.7252
Validation Loss: 13.9131
Validation Loss: 14.0249
Validation Loss: 14.6681
Validation Loss: 14.0720
Validation Loss: 16.5328
Validation Loss: 14.6877
Validation Loss: 14.9254
Validation Loss: 13.5266
Validation Loss: 14.7073
Validation Loss: 14.8967
Validation Loss: 13.5200
Validation Loss: 14.0924
Validation Loss: 14.5882
Validation Loss: 14.0227
Validation Loss: 14.6406
Validation Loss: 14.0737
Validation Loss: 15.3012
Validation Loss: 14.2304
Validation Loss: 13.6707
Validation Loss: 14.3183
Validation Loss: 14.1420
Validation Loss: 14.9183
Validation Loss: 14.1772
Validation Loss: 15.7818
Validation Loss: 15.2894
Early stopping after 180 epochs.
NPP sigma=0.5 Test loss:10.472, R2 loss:-3908.071, GP Test loss:10.472, GP R2 loss:-3908.071
metrics saved
start saving losses!
Best Learning Rate for NPP sigma=0.5: 0.01
training start for sigma:0.5
Validation Loss: 95.1251
Validation Loss: 55.8877
Validation Loss: 47.0830
Validation Loss: 43.3024
Validation Loss: 43.3451
Validation Loss: 45.6902
Validation Loss: 42.7196
Validation Loss: 43.4611
Validation Loss: 43.9172
Validation Loss: 42.8835
Validation Loss: 42.3988
Validation Loss: 43.5278
Validation Loss: 42.6775
Validation Loss: 43.2838
Validation Loss: 42.2482
Validation Loss: 42.6084
Validation Loss: 43.1140
Validation Loss: 44.3285
Validation Loss: 41.9198
Validation Loss: 43.4955
Validation Loss: 42.1453
Validation Loss: 41.7938
Validation Loss: 42.4541
Validation Loss: 46.0363
Validation Loss: 43.2191
Validation Loss: 42.0840
Validation Loss: 42.4078
Validation Loss: 41.7628
Validation Loss: 42.6343
Validation Loss: 41.1868
Validation Loss: 44.3642
Validation Loss: 43.5222
Validation Loss: 43.7309
Validation Loss: 42.6997
Validation Loss: 43.7935
Validation Loss: 43.4267
Validation Loss: 43.0776
Validation Loss: 42.4170
Validation Loss: 41.6414
Validation Loss: 43.7459
NPP sigma=0.5 Test loss:48.158, R2 loss:-864.900, GP Test loss:48.158, GP R2 loss:-864.900
training start for sigma:0.5
Validation Loss: 100.6238
Validation Loss: 102.0093
Validation Loss: 96.5952
Validation Loss: 102.0169
Validation Loss: 100.3928
Validation Loss: 95.3065
Validation Loss: 102.2542
Validation Loss: 98.3548
Validation Loss: 100.2503
Validation Loss: 100.3189
Validation Loss: 99.4692
Validation Loss: 102.6558
Validation Loss: 98.1408
Validation Loss: 99.0405
Validation Loss: 100.5320
Validation Loss: 98.0758
Validation Loss: 98.3622
Validation Loss: 102.1196
Validation Loss: 104.0095
Validation Loss: 100.0724
Early stopping after 100 epochs.
NPP sigma=0.5 Test loss:114.110, R2 loss:-1.126, GP Test loss:114.110, GP R2 loss:-1.126
training start for sigma:0.5
Validation Loss: 102.6723
Validation Loss: 98.4322
Validation Loss: 102.8842
Validation Loss: 102.8470
Validation Loss: 99.7739
Validation Loss: 100.9140
Validation Loss: 99.0764
Validation Loss: 102.5093
Validation Loss: 100.8254
Validation Loss: 99.0201
Validation Loss: 101.2537
Validation Loss: 103.0946
Validation Loss: 95.3083
Validation Loss: 102.0061
Validation Loss: 101.9494
Validation Loss: 99.2414
Validation Loss: 97.5046
Validation Loss: 101.0788
Validation Loss: 99.5039
Validation Loss: 100.6661
Validation Loss: 97.6439
Validation Loss: 100.1555
Validation Loss: 103.3920
Validation Loss: 100.4990
Validation Loss: 105.2232
Validation Loss: 98.7618
Validation Loss: 100.2560
Early stopping after 135 epochs.
NPP sigma=0.5 Test loss:114.110, R2 loss:-1.126, GP Test loss:114.110, GP R2 loss:-1.126
metrics saved
start saving losses!
