training start for sigma:0.0
Validation Loss: 98.4076
Validation Loss: 97.2353
Validation Loss: 95.7324
Validation Loss: 96.3039
Validation Loss: 97.9814
New LR:  0.0008
Validation Loss: 99.7441
Validation Loss: 98.0030
New LR:  0.00064
Validation Loss: 102.0249
Validation Loss: 96.5032
New LR:  0.0005120000000000001
Validation Loss: 103.6795
Validation Loss: 95.6557
Validation Loss: 96.1539
Validation Loss: 98.8475
New LR:  0.0004096000000000001
Validation Loss: 98.8244
Validation Loss: 97.1631
New LR:  0.0003276800000000001
Validation Loss: 97.7626
Validation Loss: 97.9571
New LR:  0.0002621440000000001
Validation Loss: 96.8810
Validation Loss: 96.3706
Validation Loss: 98.4987
New LR:  0.00020971520000000012
Validation Loss: 99.4943
Validation Loss: 101.3395
New LR:  0.0001677721600000001
Validation Loss: 99.0654
Validation Loss: 98.6351
New LR:  0.00013421772800000008
Validation Loss: 100.6125
Validation Loss: 93.0608
New LR:  0.00010737418240000007
Validation Loss: 98.2718
Validation Loss: 98.3714
New LR:  0.0001
Validation Loss: 94.0214
Validation Loss: 97.4583
Validation Loss: 100.4325
Validation Loss: 96.6167
Validation Loss: 97.2385
Validation Loss: 98.6327
Validation Loss: 98.5937
Validation Loss: 93.9475
Validation Loss: 99.6607
Validation Loss: 98.3155
Validation Loss: 97.2662
Validation Loss: 99.9699
MSE Test loss:123.319
R2 Test loss:-0.672
metrics saved
start saving losses!
Time Elapsed: 0.056339474187956914 hours
