training start for sigma:0.0
Validation Loss: 93.5186
Validation Loss: 92.0461
Validation Loss: 91.5362
Validation Loss: 91.1078
Validation Loss: 93.5900
New LR:  0.0008
Validation Loss: 94.6315
Validation Loss: 92.1796
New LR:  0.00064
Validation Loss: 95.8831
Validation Loss: 91.8228
New LR:  0.0005120000000000001
Validation Loss: 96.0996
Validation Loss: 90.4582
Validation Loss: 90.3674
New LR:  0.0004096000000000001
Validation Loss: 94.2343
Validation Loss: 93.4613
New LR:  0.0003276800000000001
Validation Loss: 92.5859
Validation Loss: 92.2630
New LR:  0.0002621440000000001
Validation Loss: 93.1455
Validation Loss: 92.3276
New LR:  0.00020971520000000012
Validation Loss: 91.9110
Validation Loss: 94.0266
New LR:  0.0001677721600000001
Validation Loss: 93.6041
Validation Loss: 95.1011
Validation Loss: 93.8536
New LR:  0.00013421772800000008
Validation Loss: 94.1050
Validation Loss: 94.2639
New LR:  0.00010737418240000007
Validation Loss: 89.9257
Validation Loss: 93.5270
New LR:  0.0001
Validation Loss: 93.4277
Validation Loss: 90.5972
Validation Loss: 91.7232
Validation Loss: 95.1549
Validation Loss: 92.0910
Validation Loss: 92.7096
Validation Loss: 93.6615
Validation Loss: 93.3585
Validation Loss: 90.4495
Validation Loss: 94.1867
Validation Loss: 94.0247
Validation Loss: 92.9655
Validation Loss: 93.4848
MSE Test loss:114.110
R2 Test loss:-1.126
training start for sigma:0.0
Validation Loss: 93.8928
Validation Loss: 91.4735
Validation Loss: 94.8411
New LR:  0.0008
Validation Loss: 92.6207
Validation Loss: 93.0919
New LR:  0.00064
Validation Loss: 92.3773
Validation Loss: 94.3252
Validation Loss: 92.8564
New LR:  0.0005120000000000001
Validation Loss: 90.8304
Validation Loss: 94.6614
Validation Loss: 92.9769
New LR:  0.0004096000000000001
Validation Loss: 95.1992
Validation Loss: 91.2059
New LR:  0.0003276800000000001
Validation Loss: 90.7536
Validation Loss: 94.8817
New LR:  0.0002621440000000001
Validation Loss: 93.6513
Validation Loss: 91.6668
Validation Loss: 93.3603
New LR:  0.00020971520000000012
Validation Loss: 92.6501
Validation Loss: 92.8832
New LR:  0.0001677721600000001
Validation Loss: 91.5930
Validation Loss: 93.2513
New LR:  0.00013421772800000008
Validation Loss: 92.1137
Validation Loss: 90.4391
New LR:  0.00010737418240000007
Validation Loss: 93.0315
Validation Loss: 94.8201
Validation Loss: 91.7486
New LR:  0.0001
Validation Loss: 93.8156
Validation Loss: 93.0047
Validation Loss: 94.8831
Validation Loss: 93.5050
Validation Loss: 91.3788
Validation Loss: 90.5965
Validation Loss: 93.6368
Validation Loss: 93.4345
Validation Loss: 93.9534
Validation Loss: 93.3724
Validation Loss: 95.2659
Early stopping after 190 epochs.
MSE Test loss:114.110
R2 Test loss:-1.126
training start for sigma:0.0
Validation Loss: 93.1160
Validation Loss: 94.2402
Validation Loss: 93.5085
New LR:  0.0008
Validation Loss: 90.8934
Validation Loss: 94.3937
Validation Loss: 91.4693
Validation Loss: 92.3107
New LR:  0.00064
Validation Loss: 92.6477
Validation Loss: 94.2905
New LR:  0.0005120000000000001
Validation Loss: 95.8256
Validation Loss: 94.3017
Validation Loss: 91.9277
Validation Loss: 90.3115
New LR:  0.0004096000000000001
Validation Loss: 94.0502
Validation Loss: 94.9780
New LR:  0.0003276800000000001
Validation Loss: 94.1486
Validation Loss: 93.1641
New LR:  0.0002621440000000001
Validation Loss: 92.8763
Validation Loss: 92.1101
Validation Loss: 90.5647
New LR:  0.00020971520000000012
Validation Loss: 94.4426
Validation Loss: 92.2659
New LR:  0.0001677721600000001
Validation Loss: 94.1069
Validation Loss: 92.9283
New LR:  0.00013421772800000008
Validation Loss: 93.4658
Validation Loss: 92.0583
New LR:  0.00010737418240000007
Validation Loss: 94.3691
Early stopping after 135 epochs.
MSE Test loss:114.110
R2 Test loss:-1.126
metrics saved
start saving losses!
Best Learning Rate for MSE: 0.05623413251903489
training start for sigma:0.0
Validation Loss: 90.7062
Validation Loss: 93.0339
Validation Loss: 91.7302
Validation Loss: 91.1120
Validation Loss: 96.7756
Validation Loss: 92.3652
Validation Loss: 91.7458
Validation Loss: 91.9006
Validation Loss: 91.5521
Validation Loss: 92.2739
Validation Loss: 92.9302
Validation Loss: 91.0906
Validation Loss: 93.2635
Validation Loss: 92.6015
Validation Loss: 92.4865
Validation Loss: 89.8543
Validation Loss: 91.6925
Validation Loss: 92.2249
Validation Loss: 93.2078
Validation Loss: 95.7463
Validation Loss: 93.8960
Validation Loss: 92.7411
Validation Loss: 92.7585
Validation Loss: 90.2179
Validation Loss: 92.3432
Validation Loss: 89.8315
Validation Loss: 91.9086
Validation Loss: 92.9863
Validation Loss: 93.4280
Validation Loss: 95.0672
Validation Loss: 92.3447
Validation Loss: 92.9215
Validation Loss: 93.1189
Validation Loss: 92.4501
Validation Loss: 92.9945
Validation Loss: 94.7019
Validation Loss: 93.6588
Validation Loss: 94.5138
Validation Loss: 92.8757
Validation Loss: 94.0655
MSE Test loss:114.110
R2 Test loss:-1.126
training start for sigma:0.0
Validation Loss: 89.2127
Validation Loss: 93.6487
Validation Loss: 92.0773
Validation Loss: 91.1431
Validation Loss: 91.9992
Validation Loss: 95.8584
Validation Loss: 92.3864
Validation Loss: 92.5010
Validation Loss: 94.0707
Validation Loss: 94.0434
Validation Loss: 95.6706
Validation Loss: 92.9873
Validation Loss: 93.3969
Validation Loss: 91.4596
Validation Loss: 91.9185
Early stopping after 75 epochs.
MSE Test loss:114.110
R2 Test loss:-1.126
training start for sigma:0.0
Validation Loss: 93.6711
Validation Loss: 94.7589
Validation Loss: 91.8684
Validation Loss: 93.1521
Validation Loss: 94.1713
Validation Loss: 92.9715
Validation Loss: 92.3379
Validation Loss: 91.7685
Validation Loss: 93.1768
Validation Loss: 93.9795
Validation Loss: 95.3143
Validation Loss: 93.0525
Validation Loss: 93.6484
Validation Loss: 90.5225
Validation Loss: 94.2137
Validation Loss: 92.1520
Validation Loss: 94.2723
Validation Loss: 93.9800
Validation Loss: 94.1531
Validation Loss: 91.9622
Validation Loss: 93.4078
Validation Loss: 93.7005
Validation Loss: 93.2498
Validation Loss: 93.5345
Validation Loss: 92.0810
Validation Loss: 93.7332
Validation Loss: 92.6819
Validation Loss: 91.6380
Early stopping after 140 epochs.
MSE Test loss:114.110
R2 Test loss:-1.126
metrics saved
start saving losses!
