Validation Loss: 1.9461
Validation Loss: 1.8163
Validation Loss: 2.0808
Validation Loss: 1.9085
MSE Test loss:1.816
R2 Test loss:-0.205
Validation Loss: 8.2585
Validation Loss: 5.0105
Validation Loss: 4.9691
Validation Loss: 7.8140
NPP sigma=0.5 Test loss:1.028, R2 loss:-0.744, GP Test loss:1.028, GP R2 loss:-0.744
Validation Loss: -5.3305
Validation Loss: -2.5155
Validation Loss: -5.3799
Validation Loss: -2.6194
NPP sigma=2 Test loss:1.485, R2 loss:-2.327, GP Test loss:1.485, GP R2 loss:-2.327
start saving!
saved
Percent testing 0.25
Percent testing 0.5
Percent testing 0.75
Percent testing 1.0
Time Elapsed: 5.979180338382721 hours
