training start for sigma:0.2
Validation Loss: 103.9223
Validation Loss: 101.2740
Validation Loss: 100.3556
Validation Loss: 101.0112
Validation Loss: 103.0882
New LR:  0.0008
Validation Loss: 104.7312
Validation Loss: 101.0322
New LR:  0.00064
Validation Loss: 106.0912
Validation Loss: 101.4849
New LR:  0.0005120000000000001
Validation Loss: 106.8086
Validation Loss: 101.0953
Validation Loss: 100.1186
New LR:  0.0004096000000000001
Validation Loss: 104.5628
Validation Loss: 104.2256
New LR:  0.0003276800000000001
Validation Loss: 102.1505
Validation Loss: 101.8565
New LR:  0.0002621440000000001
Validation Loss: 101.9737
Validation Loss: 102.1675
New LR:  0.00020971520000000012
Validation Loss: 101.2557
Validation Loss: 103.3375
New LR:  0.0001677721600000001
Validation Loss: 103.3700
Validation Loss: 104.4891
Validation Loss: 104.6800
New LR:  0.00013421772800000008
Validation Loss: 102.7788
Validation Loss: 103.5930
New LR:  0.00010737418240000007
Validation Loss: 98.5047
Validation Loss: 103.2351
New LR:  0.0001
Validation Loss: 103.1854
Validation Loss: 101.2705
Validation Loss: 102.3221
Validation Loss: 105.0975
Validation Loss: 102.1982
Validation Loss: 103.5138
Validation Loss: 103.7540
Validation Loss: 102.4278
Validation Loss: 99.4040
Validation Loss: 104.2082
Validation Loss: 103.9819
Validation Loss: 103.5507
Validation Loss: 102.1707
NPP sigma=0.2 Test loss:109.859, R2 loss:-0.603, GP Test loss:109.859, GP R2 loss:-0.603
metrics saved
start saving losses!
Percent testing 0.25
Percent testing 0.5
Percent testing 0.75
Percent testing 1.0
Time Elapsed: 0.1306096308761173 hours
