training start for sigma:0.1
Validation Loss: 93.5177
Validation Loss: 92.0452
Validation Loss: 91.5353
Validation Loss: 91.1069
Validation Loss: 93.5891
New LR:  0.0008
Validation Loss: 94.6306
Validation Loss: 92.1787
New LR:  0.00064
Validation Loss: 95.8821
Validation Loss: 91.8219
New LR:  0.0005120000000000001
Validation Loss: 96.0986
Validation Loss: 90.4573
Validation Loss: 90.3665
New LR:  0.0004096000000000001
Validation Loss: 94.2334
Validation Loss: 93.4604
New LR:  0.0003276800000000001
Validation Loss: 92.5850
Validation Loss: 92.2620
New LR:  0.0002621440000000001
Validation Loss: 93.1446
Validation Loss: 92.3267
New LR:  0.00020971520000000012
Validation Loss: 91.9101
Validation Loss: 94.0257
New LR:  0.0001677721600000001
Validation Loss: 93.6031
Validation Loss: 95.1002
Validation Loss: 93.8527
New LR:  0.00013421772800000008
Validation Loss: 94.1040
Validation Loss: 94.2630
New LR:  0.00010737418240000007
Validation Loss: 89.9248
Validation Loss: 93.5261
New LR:  0.0001
Validation Loss: 93.4268
Validation Loss: 90.5963
Validation Loss: 91.7222
Validation Loss: 95.1540
Validation Loss: 92.0900
Validation Loss: 92.7086
Validation Loss: 93.6605
Validation Loss: 93.3575
Validation Loss: 90.4486
Validation Loss: 94.1857
Validation Loss: 94.0238
Validation Loss: 92.9646
Validation Loss: 93.4838
NPP sigma=0.1 Test loss:114.110, R2 loss:-1.126, GP Test loss:114.110, GP R2 loss:-1.126
training start for sigma:0.1
Validation Loss: 54.7403
Validation Loss: 26.4386
Validation Loss: 23.7467
Validation Loss: 23.7720
Validation Loss: 23.3835
Validation Loss: 23.5931
Validation Loss: 23.6495
Validation Loss: 23.6942
Validation Loss: 23.6755
Validation Loss: 23.9679
Validation Loss: 23.5270
Validation Loss: 23.6812
Validation Loss: 23.8459
Validation Loss: 23.8804
Validation Loss: 23.3515
Validation Loss: 22.7260
Validation Loss: 22.5961
Validation Loss: 24.2656
Validation Loss: 23.5347
Validation Loss: 23.8447
Validation Loss: 23.9056
Validation Loss: 23.4996
New LR:  0.0008
Validation Loss: 23.4578
Validation Loss: 22.7236
Validation Loss: 23.1842
Validation Loss: 23.3767
Validation Loss: 23.4665
New LR:  0.00064
Validation Loss: 23.1990
Validation Loss: 23.4948
New LR:  0.0005120000000000001
Validation Loss: 23.0341
Validation Loss: 23.2066
Early stopping after 155 epochs.
NPP sigma=0.1 Test loss:27.095, R2 loss:0.405, GP Test loss:27.095, GP R2 loss:0.405
training start for sigma:0.1
Validation Loss: 93.4551
Validation Loss: 91.4496
Validation Loss: 91.5077
New LR:  0.0008
Validation Loss: 93.3542
Validation Loss: 95.0643
New LR:  0.00064
Validation Loss: 92.7608
Validation Loss: 93.8048
New LR:  0.0005120000000000001
Validation Loss: 92.8806
Validation Loss: 92.2029
New LR:  0.0004096000000000001
Validation Loss: 92.2578
Validation Loss: 95.0155
Validation Loss: 93.5985
Validation Loss: 93.1968
New LR:  0.0003276800000000001
Validation Loss: 92.2173
Validation Loss: 92.5148
Validation Loss: 91.6956
New LR:  0.0002621440000000001
Early stopping after 80 epochs.
NPP sigma=0.1 Test loss:114.110, R2 loss:-1.126, GP Test loss:114.110, GP R2 loss:-1.126
metrics saved
start saving losses!
Best Learning Rate for NPP sigma=0.1: 0.0251188643150958
training start for sigma:0.1
Validation Loss: 86.3181
Validation Loss: 76.8157
Validation Loss: 75.6890
Validation Loss: 77.9639
Validation Loss: 77.2917
Validation Loss: 76.2651
Validation Loss: 74.9148
Validation Loss: 74.3062
Validation Loss: 77.0758
Validation Loss: 77.3543
Validation Loss: 78.3814
Validation Loss: 76.9550
Validation Loss: 76.8881
Validation Loss: 77.2637
Validation Loss: 77.5471
Validation Loss: 76.6754
Validation Loss: 76.0663
Validation Loss: 75.2053
Validation Loss: 77.8672
Validation Loss: 76.2793
Validation Loss: 75.8045
Validation Loss: 75.6331
Early stopping after 110 epochs.
NPP sigma=0.1 Test loss:107.814, R2 loss:-55158.684, GP Test loss:107.814, GP R2 loss:-55158.684
training start for sigma:0.1
Validation Loss: 90.3578
Validation Loss: 95.5926
Validation Loss: 92.2385
Validation Loss: 91.8913
Validation Loss: 91.4819
Validation Loss: 94.0584
Validation Loss: 93.2604
Validation Loss: 92.9115
Validation Loss: 96.7191
Validation Loss: 94.2261
Validation Loss: 93.1094
Validation Loss: 94.1107
Validation Loss: 94.0801
Validation Loss: 92.4568
Validation Loss: 95.7233
Early stopping after 75 epochs.
NPP sigma=0.1 Test loss:110.701, R2 loss:-149.073, GP Test loss:110.701, GP R2 loss:-149.073
training start for sigma:0.1
Validation Loss: 86.6472
Validation Loss: 80.2219
Validation Loss: 78.6218
Validation Loss: 77.5844
Validation Loss: 78.3252
Validation Loss: 78.2703
Validation Loss: 75.3038
Validation Loss: 78.0925
Validation Loss: 77.4557
Validation Loss: 77.6272
Validation Loss: 77.3923
Validation Loss: 75.7237
Validation Loss: 77.9895
Validation Loss: 78.1537
Validation Loss: 75.0928
Validation Loss: 77.1780
Validation Loss: 75.4795
Validation Loss: 78.2435
Validation Loss: 77.5662
Validation Loss: 77.0450
Validation Loss: 78.2940
Validation Loss: 78.2879
Validation Loss: 77.0250
Validation Loss: 77.3236
Validation Loss: 75.4552
Validation Loss: 78.3789
Validation Loss: 76.7212
Validation Loss: 79.0685
Validation Loss: 77.8009
Early stopping after 145 epochs.
NPP sigma=0.1 Test loss:104.504, R2 loss:-900.702, GP Test loss:104.504, GP R2 loss:-900.702
metrics saved
start saving losses!
