Traceback (most recent call last):
  File "npp.py", line 454, in <module>
    main()
  File "npp.py", line 443, in main
    GP_best_NPP_test_loss, best_R2_test_loss_GP = evaluate_model(autoencoder_NPP, test_loader, input_channel, device,
  File "/work/DNAL/shi.cheng/NPP/Satellite_Fusion/tools/optimization.py", line 162, in evaluate_model
    test_outputs_new, cov = GP_prediction(p_ref, y_ref, mu_ref, p_sample, mu_sample,
  File "/work/DNAL/shi.cheng/NPP/Satellite_Fusion/tools/optimization.py", line 120, in GP_prediction
    solved = torch.linalg.solve(Cov11, Cov12).T
torch._C._LinAlgError: linalg.solve: The diagonal element 25 is zero, the solve could not be completed because the input matrix is singular.
Traceback (most recent call last):
  File "npp.py", line 454, in <module>
    main()
  File "npp.py", line 443, in main
    GP_best_NPP_test_loss, best_R2_test_loss_GP = evaluate_model(autoencoder_NPP, test_loader, input_channel, device,
  File "/work/DNAL/shi.cheng/NPP/Satellite_Fusion/tools/optimization.py", line 162, in evaluate_model
    test_outputs_new, cov = GP_prediction(p_ref, y_ref, mu_ref, p_sample, mu_sample,
  File "/work/DNAL/shi.cheng/NPP/Satellite_Fusion/tools/optimization.py", line 120, in GP_prediction
    solved = torch.linalg.solve(Cov11, Cov12).T
torch._C._LinAlgError: linalg.solve: The diagonal element 25 is zero, the solve could not be completed because the input matrix is singular.
Traceback (most recent call last):
  File "npp.py", line 454, in <module>
    main()
  File "npp.py", line 443, in main
    GP_best_NPP_test_loss, best_R2_test_loss_GP = evaluate_model(autoencoder_NPP, test_loader, input_channel, device,
  File "/work/DNAL/shi.cheng/NPP/Satellite_Fusion/tools/optimization.py", line 162, in evaluate_model
    test_outputs_new, cov = GP_prediction(p_ref, y_ref, mu_ref, p_sample, mu_sample,
  File "/work/DNAL/shi.cheng/NPP/Satellite_Fusion/tools/optimization.py", line 120, in GP_prediction
    solved = torch.linalg.solve(Cov11, Cov12).T
torch._C._LinAlgError: linalg.solve: The diagonal element 25 is zero, the solve could not be completed because the input matrix is singular.
Traceback (most recent call last):
  File "npp.py", line 454, in <module>
    main()
  File "npp.py", line 443, in main
    GP_best_NPP_test_loss, best_R2_test_loss_GP = evaluate_model(autoencoder_NPP, test_loader, input_channel, device,
  File "/work/DNAL/shi.cheng/NPP/Satellite_Fusion/tools/optimization.py", line 162, in evaluate_model
    test_outputs_new, cov = GP_prediction(p_ref, y_ref, mu_ref, p_sample, mu_sample,
  File "/work/DNAL/shi.cheng/NPP/Satellite_Fusion/tools/optimization.py", line 120, in GP_prediction
    solved = torch.linalg.solve(Cov11, Cov12).T
torch._C._LinAlgError: linalg.solve: The diagonal element 25 is zero, the solve could not be completed because the input matrix is singular.
