training start for sigma:1.0
Validation Loss: 86.2011
Validation Loss: 86.1870
Validation Loss: 86.8396
New LR:  0.008
Validation Loss: 84.9186
Validation Loss: 85.0733
New LR:  0.0064
Validation Loss: 85.2604
Validation Loss: 86.5443
New LR:  0.00512
Validation Loss: 86.7227
Validation Loss: 86.1773
New LR:  0.004096000000000001
Validation Loss: 86.6409
Validation Loss: 85.7059
Validation Loss: 85.7022
New LR:  0.0032768000000000007
Validation Loss: 86.4674
Validation Loss: 85.6118
New LR:  0.002621440000000001
Validation Loss: 86.8450
Validation Loss: 84.8138
New LR:  0.002097152000000001
Validation Loss: 85.6787
Validation Loss: 85.5625
New LR:  0.001677721600000001
Validation Loss: 84.7293
Validation Loss: 84.2226
New LR:  0.0013421772800000008
Validation Loss: 85.0095
Validation Loss: 84.5151
Validation Loss: 85.1387
New LR:  0.0010737418240000006
Validation Loss: 85.6280
Validation Loss: 86.1476
New LR:  0.0008589934592000006
Validation Loss: 85.8716
Validation Loss: 85.2262
Validation Loss: 85.9328
Validation Loss: 86.0233
New LR:  0.0006871947673600005
Validation Loss: 84.7199
Validation Loss: 85.6361
New LR:  0.0005497558138880005
Validation Loss: 86.2599
Validation Loss: 86.1391
New LR:  0.0004398046511104004
Validation Loss: 85.2887
Early stopping after 170 epochs.
NPP sigma=1.0 Test loss:94.420, R2 loss:-0.207, GP Test loss:94.420, GP R2 loss:-0.207
training start for sigma:1.0
Validation Loss: 84.7157
Validation Loss: 87.3999
Validation Loss: 86.4298
Validation Loss: 85.6136
Validation Loss: 85.6362
New LR:  0.008
Validation Loss: 85.4644
Validation Loss: 85.0488
New LR:  0.0064
Validation Loss: 86.3303
Validation Loss: 85.8664
New LR:  0.00512
Validation Loss: 85.5415
Validation Loss: 86.5564
New LR:  0.004096000000000001
Validation Loss: 86.2004
Validation Loss: 85.1721
New LR:  0.0032768000000000007
Validation Loss: 84.7286
Validation Loss: 86.2704
Early stopping after 75 epochs.
NPP sigma=1.0 Test loss:94.420, R2 loss:-0.207, GP Test loss:94.420, GP R2 loss:-0.207
training start for sigma:1.0
Validation Loss: 85.9056
Validation Loss: 85.7748
Validation Loss: 84.8292
New LR:  0.008
Validation Loss: 85.3592
Validation Loss: 86.3179
Validation Loss: 86.2848
New LR:  0.0064
Validation Loss: 86.0340
Validation Loss: 84.8827
Validation Loss: 84.8392
Validation Loss: 85.7795
New LR:  0.00512
Validation Loss: 84.4245
Validation Loss: 86.2876
New LR:  0.004096000000000001
Validation Loss: 85.0044
Validation Loss: 84.7837
New LR:  0.0032768000000000007
Validation Loss: 84.7877
Validation Loss: 85.8624
Validation Loss: 85.4393
New LR:  0.002621440000000001
Validation Loss: 85.3252
Validation Loss: 84.3488
New LR:  0.002097152000000001
Validation Loss: 86.3110
Validation Loss: 85.8842
New LR:  0.001677721600000001
Validation Loss: 85.0689
Validation Loss: 84.7929
New LR:  0.0013421772800000008
Validation Loss: 85.6700
Validation Loss: 87.1728
New LR:  0.0010737418240000006
Validation Loss: 84.1650
Validation Loss: 85.1553
Validation Loss: 85.1279
New LR:  0.0008589934592000006
Validation Loss: 84.6217
Validation Loss: 85.4442
New LR:  0.0006871947673600005
Validation Loss: 85.3503
Validation Loss: 85.1985
New LR:  0.0005497558138880005
Validation Loss: 85.5392
Validation Loss: 85.3521
New LR:  0.0004398046511104004
Validation Loss: 84.8600
Validation Loss: 84.8878
New LR:  0.00035184372088832035
Validation Loss: 86.8303
Validation Loss: 85.6919
Validation Loss: 85.3508
New LR:  0.0002814749767106563
Validation Loss: 85.6540
NPP sigma=1.0 Test loss:94.420, R2 loss:-0.207, GP Test loss:94.420, GP R2 loss:-0.207
metrics saved
start saving losses!
Best Learning Rate for NPP sigma=1.0: 0.0015848931924611134
training start for sigma:1.0
Validation Loss: 77.3545
Validation Loss: 65.9335
Validation Loss: 48.7221
Validation Loss: 36.3597
Validation Loss: 35.7613
Validation Loss: 34.2527
Validation Loss: 34.1069
Validation Loss: 33.5271
Validation Loss: 34.4917
Validation Loss: 33.8205
Validation Loss: 33.4197
Validation Loss: 35.2893
Validation Loss: 33.5677
Validation Loss: 33.6175
Validation Loss: 33.4301
Validation Loss: 34.2226
Validation Loss: 34.8780
Validation Loss: 33.9777
Validation Loss: 34.5835
Validation Loss: 33.9081
Validation Loss: 32.9104
Validation Loss: 34.2868
Validation Loss: 35.1323
Validation Loss: 34.1662
Validation Loss: 34.1183
Validation Loss: 33.4547
Validation Loss: 34.8183
Validation Loss: 32.3536
Validation Loss: 34.9747
Validation Loss: 33.6283
Validation Loss: 35.0993
Validation Loss: 36.4834
Validation Loss: 33.6654
Validation Loss: 34.1489
Validation Loss: 34.0206
Validation Loss: 33.6243
Validation Loss: 33.1771
Validation Loss: 33.0411
Validation Loss: 34.8549
Validation Loss: 34.9132
NPP sigma=1.0 Test loss:26.112, R2 loss:0.683, GP Test loss:26.112, GP R2 loss:0.683
training start for sigma:1.0
Validation Loss: 79.2556
Validation Loss: 70.3471
Validation Loss: 50.7419
Validation Loss: 36.2471
Validation Loss: 35.3139
Validation Loss: 34.5705
Validation Loss: 34.1168
Validation Loss: 35.0867
Validation Loss: 34.0255
Validation Loss: 34.2471
Validation Loss: 34.2678
Validation Loss: 33.8588
Validation Loss: 34.6006
Validation Loss: 33.5435
Validation Loss: 33.1143
Validation Loss: 34.2115
Validation Loss: 32.4614
Validation Loss: 33.1726
Validation Loss: 34.8811
Validation Loss: 33.6674
Validation Loss: 33.1992
Validation Loss: 32.9376
Validation Loss: 34.6035
Validation Loss: 33.6569
Validation Loss: 33.8321
Validation Loss: 33.9414
Validation Loss: 34.1296
Validation Loss: 33.5679
Validation Loss: 34.1389
Validation Loss: 33.7897
Validation Loss: 34.8776
Early stopping after 155 epochs.
NPP sigma=1.0 Test loss:26.007, R2 loss:0.685, GP Test loss:26.007, GP R2 loss:0.685
training start for sigma:1.0
Validation Loss: 78.9072
Validation Loss: 65.8437
Validation Loss: 47.1543
Validation Loss: 35.9058
Validation Loss: 35.6701
Validation Loss: 33.5780
Validation Loss: 33.5487
Validation Loss: 33.5582
Validation Loss: 33.6503
Validation Loss: 32.6150
Validation Loss: 32.5579
Validation Loss: 32.2107
Validation Loss: 33.3540
Validation Loss: 34.7413
Validation Loss: 32.3207
Validation Loss: 33.9985
Validation Loss: 35.4998
Validation Loss: 33.4617
Validation Loss: 33.4647
Validation Loss: 32.8427
Validation Loss: 32.9066
Validation Loss: 33.8802
Validation Loss: 33.3570
Validation Loss: 33.3956
Validation Loss: 34.6411
Validation Loss: 32.7359
Early stopping after 130 epochs.
NPP sigma=1.0 Test loss:25.835, R2 loss:0.687, GP Test loss:25.835, GP R2 loss:0.687
metrics saved
start saving losses!
