new model saved at 0 epoch with global_best_val_loss: 102.4070816040039
Validation Loss: 102.4071
new model saved at 5 epoch with global_best_val_loss: 100.45640182495117
Validation Loss: 100.4564
Validation Loss: 101.0483
Validation Loss: 104.2895
Validation Loss: 100.8095
new model saved at 25 epoch with global_best_val_loss: 98.94156646728516
Validation Loss: 98.9416
New LR:  0.0008
Validation Loss: 103.8087
Validation Loss: 101.7437
New LR:  0.00064
new model saved at 40 epoch with global_best_val_loss: 98.35654830932617
Validation Loss: 98.3565
Validation Loss: 102.0100
Validation Loss: 101.4472
New LR:  0.0005120000000000001
Validation Loss: 102.9170
Validation Loss: 100.7812
New LR:  0.0004096000000000001
Validation Loss: 102.5172
new model saved at 70 epoch with global_best_val_loss: 97.36006164550781
Validation Loss: 97.3601
New LR:  0.0003276800000000001
Validation Loss: 103.0998
Validation Loss: 105.7706
New LR:  0.0002621440000000001
Validation Loss: 103.0660
Validation Loss: 101.6771
New LR:  0.00020971520000000012
Validation Loss: 102.9772
Validation Loss: 98.4834
Validation Loss: 101.3894
New LR:  0.0001677721600000001
Validation Loss: 98.8032
Validation Loss: 102.1439
New LR:  0.00013421772800000008
Early stopping after 120 epochs.
MSE Loss| Loss: 119.5473747253418, R2: 0.0234375 
new model saved at 0 epoch with global_best_val_loss: 83.04726791381836
Validation Loss: 83.0473
new model saved at 5 epoch with global_best_val_loss: 56.43071746826172
Validation Loss: 56.4307
new model saved at 10 epoch with global_best_val_loss: 33.13654136657715
Validation Loss: 33.1365
new model saved at 15 epoch with global_best_val_loss: 27.615731239318848
Validation Loss: 27.6157
new model saved at 20 epoch with global_best_val_loss: 24.044118881225586
Validation Loss: 24.0441
new model saved at 25 epoch with global_best_val_loss: 18.54193687438965
Validation Loss: 18.5419
new model saved at 30 epoch with global_best_val_loss: 15.66930341720581
Validation Loss: 15.6693
new model saved at 35 epoch with global_best_val_loss: 14.261669158935547
Validation Loss: 14.2617
new model saved at 40 epoch with global_best_val_loss: 13.376338481903076
Validation Loss: 13.3763
new model saved at 45 epoch with global_best_val_loss: 12.131458282470703
Validation Loss: 12.1315
Validation Loss: 13.6054
new model saved at 55 epoch with global_best_val_loss: 11.800816059112549
Validation Loss: 11.8008
new model saved at 60 epoch with global_best_val_loss: 11.462646007537842
Validation Loss: 11.4626
Validation Loss: 13.6046
Validation Loss: 12.3556
Validation Loss: 12.2672
Validation Loss: 12.0220
Validation Loss: 13.1259
Validation Loss: 13.4182
Validation Loss: 13.4939
Validation Loss: 13.7219
Validation Loss: 14.5169
Early stopping after 110 epochs.
MSE Loss| Loss: 11.501575708389282, R2: -0.39279119845868227 
Validation Loss: 80.3688
Validation Loss: 45.9399
Validation Loss: 25.0678
Validation Loss: 18.6350
Validation Loss: 18.1052
Validation Loss: 15.1154
Validation Loss: 15.4103
Validation Loss: 14.4513
Validation Loss: 14.1412
Validation Loss: 16.1505
Validation Loss: 13.5723
Validation Loss: 14.1886
Validation Loss: 14.1400
Validation Loss: 14.2632
Validation Loss: 13.9871
Validation Loss: 15.1997
Validation Loss: 13.3863
Validation Loss: 13.0605
Validation Loss: 14.4212
Validation Loss: 15.6872
Validation Loss: 14.6667
Validation Loss: 15.8112
Validation Loss: 15.5737
Validation Loss: 14.4791
Validation Loss: 14.7746
Validation Loss: 15.4398
Validation Loss: 17.8589
Early stopping after 135 epochs.
MSE Loss| Loss: 11.501575708389282, R2: -0.39279119845868227 
metrics saved
start saving losses!
Time Elapsed: 0.1846165798107783 hours
