training start for sigma:0.1
Validation Loss: 63.4612
Validation Loss: 23.6524
Validation Loss: 21.7022
Validation Loss: 18.1448
Validation Loss: 14.7173
Validation Loss: 14.2517
Validation Loss: 11.8213
Validation Loss: 11.0706
Validation Loss: 13.4462
Validation Loss: 10.5487
Validation Loss: 10.6649
Validation Loss: 10.2393
Validation Loss: 10.8389
Validation Loss: 10.3543
New LR:  0.0008
Validation Loss: 10.2325
Validation Loss: 9.8650
Validation Loss: 9.6958
Validation Loss: 10.3741
Validation Loss: 9.7712
Validation Loss: 9.8404
Validation Loss: 10.4442
Validation Loss: 10.0752
Validation Loss: 9.8977
Validation Loss: 9.4257
Validation Loss: 9.4386
Validation Loss: 9.7362
Validation Loss: 12.0245
Validation Loss: 9.3338
Validation Loss: 9.5241
Validation Loss: 9.7479
Validation Loss: 10.1937
Validation Loss: 10.0665
Validation Loss: 10.1259
Validation Loss: 10.0060
Validation Loss: 10.0181
Validation Loss: 9.6172
Validation Loss: 10.7056
Validation Loss: 10.5979
Validation Loss: 10.2954
Validation Loss: 10.2664
NPP sigma=0.1 Test loss:14.763, R2 loss:-13353.208, GP Test loss:14.763, GP R2 loss:-13353.208
training start for sigma:0.1
Validation Loss: 69.4344
Validation Loss: 24.8117
Validation Loss: 23.2920
Validation Loss: 23.7544
Validation Loss: 19.7946
Validation Loss: 13.2572
Validation Loss: 11.2385
Validation Loss: 10.7778
Validation Loss: 11.1679
Validation Loss: 11.0051
Validation Loss: 13.8686
Validation Loss: 10.1112
Validation Loss: 11.0862
Validation Loss: 10.2031
Validation Loss: 10.1610
Validation Loss: 10.5255
Validation Loss: 9.8360
Validation Loss: 10.6633
Validation Loss: 10.1095
Validation Loss: 10.0615
Validation Loss: 10.0212
Validation Loss: 10.0400
Validation Loss: 9.9199
Validation Loss: 9.9169
Validation Loss: 10.0892
Validation Loss: 10.0175
Validation Loss: 9.6886
Validation Loss: 10.1694
Validation Loss: 9.6954
Validation Loss: 9.4558
Validation Loss: 10.2747
Validation Loss: 9.6621
Validation Loss: 9.8425
Validation Loss: 9.5476
Validation Loss: 9.4674
Validation Loss: 9.9689
Validation Loss: 9.9950
Validation Loss: 9.6143
Validation Loss: 9.7582
Validation Loss: 9.9217
NPP sigma=0.1 Test loss:15.892, R2 loss:-8528.834, GP Test loss:15.892, GP R2 loss:-8528.834
training start for sigma:0.1
Validation Loss: 74.8007
Validation Loss: 23.4695
Validation Loss: 22.2118
Validation Loss: 21.6344
Validation Loss: 16.5223
Validation Loss: 14.5460
Validation Loss: 11.4492
Validation Loss: 11.1089
Validation Loss: 10.4997
Validation Loss: 11.6980
Validation Loss: 10.2295
Validation Loss: 10.3911
Validation Loss: 10.0900
Validation Loss: 10.6860
Validation Loss: 11.4375
Validation Loss: 9.8776
Validation Loss: 9.3543
Validation Loss: 9.8273
Validation Loss: 9.7135
Validation Loss: 9.6044
Validation Loss: 10.0586
Validation Loss: 9.4653
Validation Loss: 10.3689
Validation Loss: 9.6871
Validation Loss: 9.8280
Validation Loss: 9.5542
Validation Loss: 9.4442
Validation Loss: 10.3008
Validation Loss: 11.6495
Validation Loss: 9.5295
Validation Loss: 9.4854
Early stopping after 155 epochs.
NPP sigma=0.1 Test loss:13.179, R2 loss:-5170.298, GP Test loss:13.179, GP R2 loss:-5170.298
metrics saved
start saving losses!
Best Learning Rate for NPP sigma=0.1: 0.01
training start for sigma:0.1
Validation Loss: 88.0893
Validation Loss: 34.6384
Validation Loss: 22.5270
Validation Loss: 22.4153
Validation Loss: 23.1053
Validation Loss: 24.0505
Validation Loss: 23.3795
Validation Loss: 22.4638
Validation Loss: 22.5329
Validation Loss: 23.3366
Validation Loss: 22.6885
Validation Loss: 22.6071
Validation Loss: 22.8216
Validation Loss: 23.1605
Validation Loss: 22.5236
Validation Loss: 22.6303
Validation Loss: 22.5424
Validation Loss: 22.0421
Validation Loss: 22.1059
Validation Loss: 22.6710
Validation Loss: 22.6877
Validation Loss: 22.7011
Validation Loss: 22.2089
Validation Loss: 22.8024
Validation Loss: 22.8433
Validation Loss: 22.5563
Validation Loss: 23.3785
Validation Loss: 22.7209
Validation Loss: 22.4231
Validation Loss: 21.8845
Validation Loss: 22.1092
Validation Loss: 23.3800
Validation Loss: 22.1644
Validation Loss: 22.6933
Validation Loss: 22.0424
Validation Loss: 22.4346
Validation Loss: 22.7928
Validation Loss: 21.8819
Validation Loss: 22.6491
Validation Loss: 22.4134
NPP sigma=0.1 Test loss:49.409, R2 loss:-10184.146, GP Test loss:49.409, GP R2 loss:-10184.146
training start for sigma:0.1
Validation Loss: 95.4398
Validation Loss: 93.7713
Validation Loss: 90.9196
Validation Loss: 94.1644
Validation Loss: 92.0575
Validation Loss: 91.3776
Validation Loss: 94.2952
Validation Loss: 91.4502
Validation Loss: 91.0599
Validation Loss: 92.5710
Validation Loss: 91.3217
Validation Loss: 95.0005
Validation Loss: 93.7593
Validation Loss: 93.3592
Validation Loss: 91.8686
Validation Loss: 90.7062
Validation Loss: 91.6451
Validation Loss: 93.8301
Validation Loss: 93.8775
Validation Loss: 91.8149
Validation Loss: 90.8252
Validation Loss: 95.0740
Validation Loss: 91.8162
Validation Loss: 91.8610
Validation Loss: 93.8481
Validation Loss: 94.0206
Validation Loss: 93.4409
Validation Loss: 90.0039
Validation Loss: 91.7893
Validation Loss: 92.7776
Validation Loss: 91.1440
Validation Loss: 90.5586
Validation Loss: 94.9799
Validation Loss: 90.8962
Validation Loss: 94.9706
Validation Loss: 92.3857
Validation Loss: 91.6675
Validation Loss: 93.0838
Validation Loss: 92.8173
Validation Loss: 93.3372
NPP sigma=0.1 Test loss:114.110, R2 loss:-1.126, GP Test loss:114.110, GP R2 loss:-1.126
training start for sigma:0.1
Validation Loss: 89.0382
Validation Loss: 72.4958
Validation Loss: 65.6718
Validation Loss: 66.4506
Validation Loss: 66.5288
Validation Loss: 65.6507
Validation Loss: 65.1488
Validation Loss: 66.1333
Validation Loss: 65.2408
Validation Loss: 65.7499
Validation Loss: 66.4588
Validation Loss: 65.1254
Validation Loss: 65.5760
Validation Loss: 65.6110
Validation Loss: 64.3460
Validation Loss: 64.8800
Validation Loss: 66.0363
Validation Loss: 64.9440
Validation Loss: 65.1835
Validation Loss: 67.5542
Validation Loss: 64.9268
Validation Loss: 65.3603
Validation Loss: 66.1557
Validation Loss: 66.2966
Validation Loss: 66.2148
Validation Loss: 65.5783
Validation Loss: 66.0947
Validation Loss: 65.3772
Validation Loss: 65.8348
Early stopping after 145 epochs.
NPP sigma=0.1 Test loss:74.752, R2 loss:-12151.666, GP Test loss:74.752, GP R2 loss:-12151.666
metrics saved
start saving losses!
