new model saved at 0 epoch with global_best_val_loss: 91.8907699584961
Validation Loss: 91.8908
Validation Loss: 94.3770
Validation Loss: 96.0987
Validation Loss: 93.9218
Validation Loss: 92.8067
Validation Loss: 94.6966
New LR:  0.0008
Validation Loss: 93.9599
Validation Loss: 93.1780
New LR:  0.00064
Validation Loss: 93.8389
new model saved at 45 epoch with global_best_val_loss: 91.65427017211914
Validation Loss: 91.6543
New LR:  0.0005120000000000001
Validation Loss: 93.2146
Validation Loss: 94.2078
Validation Loss: 93.1516
Validation Loss: 92.5564
New LR:  0.0004096000000000001
Validation Loss: 93.0892
Validation Loss: 92.3526
New LR:  0.0003276800000000001
Validation Loss: 92.0452
Validation Loss: 93.8491
New LR:  0.0002621440000000001
Validation Loss: 93.4246
Early stopping after 95 epochs.
MSE Loss| Loss: 119.5473747253418, R2: 0.0234375 
new model saved at 0 epoch with global_best_val_loss: 38.937767028808594
Validation Loss: 38.9378
new model saved at 5 epoch with global_best_val_loss: 1.9472509622573853
Validation Loss: 1.9473
new model saved at 10 epoch with global_best_val_loss: 0.6903000175952911
Validation Loss: 0.6903
new model saved at 15 epoch with global_best_val_loss: 0.566171407699585
Validation Loss: 0.5662
new model saved at 20 epoch with global_best_val_loss: 0.46669015288352966
Validation Loss: 0.4667
new model saved at 25 epoch with global_best_val_loss: 0.4262412041425705
Validation Loss: 0.4262
new model saved at 30 epoch with global_best_val_loss: 0.40376313030719757
Validation Loss: 0.4038
new model saved at 35 epoch with global_best_val_loss: 0.3361870050430298
Validation Loss: 0.3362
new model saved at 40 epoch with global_best_val_loss: 0.31410160660743713
Validation Loss: 0.3141
new model saved at 45 epoch with global_best_val_loss: 0.2852502763271332
Validation Loss: 0.2853
new model saved at 50 epoch with global_best_val_loss: 0.26703116297721863
Validation Loss: 0.2670
Validation Loss: 0.2681
Validation Loss: 0.2709
new model saved at 65 epoch with global_best_val_loss: 0.24237573891878128
Validation Loss: 0.2424
new model saved at 70 epoch with global_best_val_loss: 0.2332013174891472
Validation Loss: 0.2332
Validation Loss: 0.3773
new model saved at 80 epoch with global_best_val_loss: 0.22575998306274414
Validation Loss: 0.2258
new model saved at 85 epoch with global_best_val_loss: 0.2198537141084671
Validation Loss: 0.2199
new model saved at 90 epoch with global_best_val_loss: 0.2167762741446495
Validation Loss: 0.2168
new model saved at 95 epoch with global_best_val_loss: 0.21268686652183533
Validation Loss: 0.2127
Validation Loss: 0.6866
new model saved at 105 epoch with global_best_val_loss: 0.18629024922847748
Validation Loss: 0.1863
new model saved at 110 epoch with global_best_val_loss: 0.1708010509610176
Validation Loss: 0.1708
Validation Loss: 0.2650
new model saved at 120 epoch with global_best_val_loss: 0.16537360101938248
Validation Loss: 0.1654
Validation Loss: 0.4465
new model saved at 130 epoch with global_best_val_loss: 0.15355925261974335
Validation Loss: 0.1536
Validation Loss: 0.8808
Validation Loss: 0.2722
New LR:  0.0008
Validation Loss: 0.1767
Validation Loss: 0.1584
New LR:  0.00064
Validation Loss: 0.1564
new model saved at 160 epoch with global_best_val_loss: 0.14630557596683502
Validation Loss: 0.1463
Validation Loss: 0.1545
Validation Loss: 0.1466
new model saved at 175 epoch with global_best_val_loss: 0.14482655376195908
Validation Loss: 0.1448
new model saved at 180 epoch with global_best_val_loss: 0.13788467645645142
Validation Loss: 0.1379
Validation Loss: 0.1410
new model saved at 190 epoch with global_best_val_loss: 0.12788749486207962
Validation Loss: 0.1279
Validation Loss: 0.1323
MSE Loss| Loss: 0.6091990172863007, R2: 0.9497081602319947 
Validation Loss: 32.5421
Validation Loss: 1.9222
Validation Loss: 0.7057
Validation Loss: 0.5088
Validation Loss: 0.4351
Validation Loss: 0.5473
Validation Loss: 0.3141
Validation Loss: 0.2787
Validation Loss: 0.2565
Validation Loss: 0.5820
New LR:  0.0008
Validation Loss: 0.2757
Validation Loss: 0.2442
Validation Loss: 0.2341
Validation Loss: 0.2210
Validation Loss: 0.2075
Validation Loss: 0.2130
Validation Loss: 0.2019
Validation Loss: 0.1904
Validation Loss: 0.1904
Validation Loss: 0.1860
Validation Loss: 0.1748
Validation Loss: 0.1640
Validation Loss: 0.1793
Validation Loss: 0.1633
Validation Loss: 0.1978
Validation Loss: 0.1524
Validation Loss: 0.1486
Validation Loss: 0.1472
New LR:  0.00064
Validation Loss: 0.1688
Validation Loss: 0.1448
Validation Loss: 0.1320
Validation Loss: 0.1463
Validation Loss: 0.1329
new model saved at 165 epoch with global_best_val_loss: 0.12685663625597954
Validation Loss: 0.1269
new model saved at 170 epoch with global_best_val_loss: 0.11802425235509872
Validation Loss: 0.1180
Validation Loss: 0.1208
Validation Loss: 0.1223
Validation Loss: 0.1205
Validation Loss: 0.1237
new model saved at 195 epoch with global_best_val_loss: 0.11609645560383797
Validation Loss: 0.1161
New LR:  0.0005120000000000001
MSE Loss| Loss: 0.3976655751466751, R2: 0.9463234150952037 
metrics saved
start saving losses!
Time Elapsed: 0.23793295231130387 hours
