new model saved at 0 epoch with global_best_val_loss: 102.28184127807617
Validation Loss: 102.2818
Validation Loss: 102.4903
new model saved at 10 epoch with global_best_val_loss: 99.77983093261719
Validation Loss: 99.7798
Validation Loss: 103.0873
Validation Loss: 100.7952
Validation Loss: 104.6991
New LR:  0.0008
Validation Loss: 100.9325
Validation Loss: 101.1579
New LR:  0.00064
Validation Loss: 99.8598
Validation Loss: 104.1371
New LR:  0.0005120000000000001
Validation Loss: 103.3781
Validation Loss: 100.0215
New LR:  0.0004096000000000001
Early stopping after 60 epochs.
Percent: 0.0| Loss: 119.5473747253418, R2: 0.0234375
Percent: 0.25| Loss: 119.57973098754883, R2: -3.8988624924239653e+43
Percent: 0.5| Loss: 119.68609046936035, R2: -4.093805616024225e+43
Percent: 0.75| Loss: 119.50406265258789, R2: -8.722580699200081e+30
Percent: 1.0| Loss: 119.46983337402344, R2: -1.5990773121758006e+20
Validation Loss: 101.3752
new model saved at 5 epoch with global_best_val_loss: 99.19119644165039
Validation Loss: 99.1912
Validation Loss: 100.7528
Validation Loss: 99.9906
Validation Loss: 102.3176
New LR:  0.0008
Validation Loss: 99.3350
Validation Loss: 101.0404
New LR:  0.00064
new model saved at 35 epoch with global_best_val_loss: 98.36385345458984
Validation Loss: 98.3639
Validation Loss: 104.4813
Validation Loss: 105.6914
Validation Loss: 104.2898
New LR:  0.0005120000000000001
Validation Loss: 101.2312
Validation Loss: 101.9282
New LR:  0.0004096000000000001
Validation Loss: 101.9676
Validation Loss: 102.1264
New LR:  0.0003276800000000001
Validation Loss: 102.2383
Validation Loss: 102.9577
Early stopping after 85 epochs.
Percent: 0.0| Loss: 119.5473747253418, R2: 0.0234375
Percent: 0.25| Loss: 119.6246509552002, R2: -1.227546312472926e+44
Percent: 0.5| Loss: 119.84673500061035, R2: -3.339002917397277e+41
Percent: 0.75| Loss: 119.92087745666504, R2: -2.829459696341876e+41
Percent: 1.0| Loss: 121.44235420227051, R2: -6.42241936136815e+40
Validation Loss: 98.4333
Validation Loss: 101.8778
Validation Loss: 101.7124
New LR:  0.0008
Validation Loss: 101.5027
Validation Loss: 99.5361
New LR:  0.00064
Validation Loss: 101.7661
Validation Loss: 101.6185
New LR:  0.0005120000000000001
Validation Loss: 102.4393
Validation Loss: 101.8629
New LR:  0.0004096000000000001
Validation Loss: 103.5517
Early stopping after 50 epochs.
Percent: 0.0| Loss: 119.5473747253418, R2: 0.0234375
Percent: 0.25| Loss: 119.29960060119629, R2: -2.897639456572362e+44
Percent: 0.5| Loss: 118.83573150634766, R2: -8.676630396431318e+39
Percent: 0.75| Loss: 118.51188850402832, R2: -9.452301565363025e+41
Percent: 1.0| Loss: 116.56523513793945, R2: -9.452301175195476e+41
Percent testing 0.0
Percent: 0.0| Loss: 119.5473747253418, R2: 0.0234375
Percent testing 0.25
Percent: 0.25| Loss: 119.29960060119629, R2: -2.897639456572362e+44
Percent testing 0.5
Percent: 0.5| Loss: 118.83573150634766, R2: -8.676630396431318e+39
Percent testing 0.75
Percent: 0.75| Loss: 118.51188850402832, R2: -9.452301565363025e+41
Percent testing 1.0
Percent: 1.0| Loss: 116.56523513793945, R2: -9.452301175195476e+41
metrics saved
start saving losses!
Time Elapsed: 0.10888518042034573 hours
