training start for sigma:0.2
Validation Loss: 95.1687
Validation Loss: 95.5393
Validation Loss: 95.9769
New LR:  0.008
Validation Loss: 94.5643
Validation Loss: 94.8825
New LR:  0.0064
Validation Loss: 94.9073
Validation Loss: 95.6899
New LR:  0.00512
Validation Loss: 96.2009
Validation Loss: 95.3713
New LR:  0.004096000000000001
Validation Loss: 95.9148
Validation Loss: 94.9562
Validation Loss: 95.1467
New LR:  0.0032768000000000007
Validation Loss: 96.0823
Validation Loss: 95.0420
New LR:  0.002621440000000001
Validation Loss: 95.8602
Validation Loss: 94.4049
New LR:  0.002097152000000001
Validation Loss: 94.9736
Validation Loss: 95.2588
New LR:  0.001677721600000001
Validation Loss: 94.4140
Validation Loss: 94.2923
New LR:  0.0013421772800000008
Validation Loss: 95.0679
Validation Loss: 94.4851
Validation Loss: 94.9636
New LR:  0.0010737418240000006
Validation Loss: 94.8716
Validation Loss: 95.3515
New LR:  0.0008589934592000006
Validation Loss: 95.2898
Validation Loss: 95.0478
Validation Loss: 95.4141
Validation Loss: 95.6375
New LR:  0.0006871947673600005
Validation Loss: 94.3876
Validation Loss: 95.2345
New LR:  0.0005497558138880005
Validation Loss: 95.3733
Validation Loss: 95.5624
New LR:  0.0004398046511104004
Validation Loss: 94.7683
Early stopping after 170 epochs.
NPP sigma=0.2 Test loss:94.420, R2 loss:-0.207, GP Test loss:94.420, GP R2 loss:-0.207
training start for sigma:0.2
Validation Loss: 94.4494
Validation Loss: 96.2895
Validation Loss: 95.6545
Validation Loss: 95.6508
Validation Loss: 95.5649
New LR:  0.008
Validation Loss: 95.1182
Validation Loss: 94.9566
New LR:  0.0064
Validation Loss: 96.2530
Validation Loss: 95.5817
New LR:  0.00512
Validation Loss: 94.9260
Validation Loss: 95.5298
New LR:  0.004096000000000001
Validation Loss: 95.7998
Validation Loss: 94.9331
Validation Loss: 94.5196
New LR:  0.0032768000000000007
Validation Loss: 95.8110
Early stopping after 75 epochs.
NPP sigma=0.2 Test loss:94.420, R2 loss:-0.207, GP Test loss:94.420, GP R2 loss:-0.207
training start for sigma:0.2
Validation Loss: 95.4844
Validation Loss: 95.5317
Validation Loss: 94.2605
New LR:  0.008
Validation Loss: 95.2233
Validation Loss: 95.9708
Validation Loss: 95.6474
New LR:  0.0064
Validation Loss: 95.6623
Validation Loss: 94.8321
Validation Loss: 94.7751
Validation Loss: 95.0363
New LR:  0.00512
Validation Loss: 94.3736
Validation Loss: 95.9331
New LR:  0.004096000000000001
Validation Loss: 94.6264
Validation Loss: 94.6365
New LR:  0.0032768000000000007
Validation Loss: 94.8228
Validation Loss: 95.6136
Validation Loss: 95.3280
New LR:  0.002621440000000001
Early stopping after 85 epochs.
NPP sigma=0.2 Test loss:94.420, R2 loss:-0.207, GP Test loss:94.420, GP R2 loss:-0.207
metrics saved
start saving losses!
Best Learning Rate for NPP sigma=0.2: 0.0015848931924611134
training start for sigma:0.2
Validation Loss: 83.3001
Validation Loss: 70.5732
Validation Loss: 42.5855
Validation Loss: 30.5979
Validation Loss: 29.6694
Validation Loss: 27.8619
Validation Loss: 27.7579
Validation Loss: 27.4283
Validation Loss: 28.1471
Validation Loss: 27.6175
Validation Loss: 27.2708
Validation Loss: 28.3402
Validation Loss: 27.6244
Validation Loss: 27.5073
Validation Loss: 27.5358
Validation Loss: 27.6830
Validation Loss: 28.4224
Validation Loss: 27.5918
Validation Loss: 27.7697
Validation Loss: 27.6048
Validation Loss: 26.7454
Validation Loss: 27.6406
Validation Loss: 28.2482
Validation Loss: 27.8055
Validation Loss: 27.1533
Validation Loss: 27.0582
Validation Loss: 27.7124
Validation Loss: 26.1520
Validation Loss: 27.8704
Validation Loss: 26.9343
Validation Loss: 27.8764
Validation Loss: 28.8536
Validation Loss: 26.7991
Validation Loss: 27.1155
Validation Loss: 27.0337
Validation Loss: 26.8966
Validation Loss: 26.9364
Validation Loss: 26.0994
Validation Loss: 27.4197
Validation Loss: 27.4680
NPP sigma=0.2 Test loss:25.375, R2 loss:0.693, GP Test loss:25.375, GP R2 loss:0.693
training start for sigma:0.2
Validation Loss: 86.2285
Validation Loss: 74.2025
Validation Loss: 53.8544
Validation Loss: 31.2702
Validation Loss: 28.4380
Validation Loss: 27.9658
Validation Loss: 27.9239
Validation Loss: 28.6434
Validation Loss: 27.7846
Validation Loss: 27.8253
Validation Loss: 28.0235
Validation Loss: 27.8475
Validation Loss: 28.2687
Validation Loss: 27.5580
Validation Loss: 27.3333
Validation Loss: 27.7522
Validation Loss: 26.7449
Validation Loss: 27.2244
Validation Loss: 28.5259
Validation Loss: 27.7922
Validation Loss: 27.5230
Validation Loss: 26.9014
Validation Loss: 28.0764
Validation Loss: 27.6179
Validation Loss: 27.5762
Validation Loss: 27.6451
Validation Loss: 27.8375
Validation Loss: 27.1162
Validation Loss: 27.4981
Validation Loss: 27.6902
Validation Loss: 28.1041
Early stopping after 155 epochs.
NPP sigma=0.2 Test loss:25.940, R2 loss:0.685, GP Test loss:25.940, GP R2 loss:0.685
training start for sigma:0.2
Validation Loss: 84.2767
Validation Loss: 73.3450
Validation Loss: 51.6110
Validation Loss: 33.6917
Validation Loss: 30.6105
Validation Loss: 28.7650
Validation Loss: 28.2367
Validation Loss: 28.2087
Validation Loss: 28.3342
Validation Loss: 27.4835
Validation Loss: 27.4665
Validation Loss: 27.1202
Validation Loss: 27.9419
Validation Loss: 28.9868
Validation Loss: 27.3787
Validation Loss: 28.2028
Validation Loss: 29.5455
Validation Loss: 27.8535
Validation Loss: 28.1559
Validation Loss: 27.4115
Validation Loss: 27.4803
Validation Loss: 28.4371
Validation Loss: 27.7947
Validation Loss: 28.0650
Validation Loss: 28.7544
Validation Loss: 27.4623
Early stopping after 130 epochs.
NPP sigma=0.2 Test loss:26.382, R2 loss:0.680, GP Test loss:26.382, GP R2 loss:0.680
metrics saved
start saving losses!
