training start for sigma:0.1
Validation Loss: 90.4287
Validation Loss: 90.0686
Validation Loss: 90.4601
Validation Loss: 90.1875
New LR:  0.008
Validation Loss: 90.5971
Validation Loss: 90.6537
New LR:  0.0064
Validation Loss: 90.3424
Validation Loss: 90.4714
Validation Loss: 90.2686
New LR:  0.00512
Validation Loss: 90.6451
Validation Loss: 90.1134
New LR:  0.004096000000000001
Validation Loss: 90.7399
Validation Loss: 90.3114
New LR:  0.0032768000000000007
Validation Loss: 90.4344
Validation Loss: 90.2468
New LR:  0.002621440000000001
Validation Loss: 90.3736
Early stopping after 80 epochs.
NPP sigma=0.1 Test loss:80.054, R2 loss:-0.618, GP Test loss:80.054, GP R2 loss:-0.618
training start for sigma:0.1
Validation Loss: 90.2720
Validation Loss: 90.1263
Validation Loss: 90.4105
New LR:  0.008
Validation Loss: 90.4644
Validation Loss: 90.5084
New LR:  0.0064
Validation Loss: 90.4370
Validation Loss: 90.2553
New LR:  0.00512
Validation Loss: 90.4240
Validation Loss: 90.3420
New LR:  0.004096000000000001
Validation Loss: 90.2903
Validation Loss: 90.4282
New LR:  0.0032768000000000007
Validation Loss: 90.4686
Validation Loss: 90.2179
Validation Loss: 90.4955
Validation Loss: 90.3154
New LR:  0.002621440000000001
Validation Loss: 90.3634
Early stopping after 80 epochs.
NPP sigma=0.1 Test loss:80.054, R2 loss:-0.618, GP Test loss:80.054, GP R2 loss:-0.618
training start for sigma:0.1
Validation Loss: 90.0425
Validation Loss: 90.1721
Validation Loss: 90.5071
Validation Loss: 90.5026
Validation Loss: 90.3898
New LR:  0.008
Validation Loss: 90.3164
Validation Loss: 90.3823
New LR:  0.0064
Validation Loss: 89.9755
Validation Loss: 90.2580
New LR:  0.00512
Validation Loss: 90.4780
Validation Loss: 90.3121
New LR:  0.004096000000000001
Validation Loss: 90.4125
Validation Loss: 90.4304
New LR:  0.0032768000000000007
Validation Loss: 90.5339
Validation Loss: 90.3774
Validation Loss: 90.1883
New LR:  0.002621440000000001
Validation Loss: 90.3103
Validation Loss: 90.6779
New LR:  0.002097152000000001
Validation Loss: 90.3785
Validation Loss: 90.4756
New LR:  0.001677721600000001
Validation Loss: 90.3551
Validation Loss: 90.3002
New LR:  0.0013421772800000008
Early stopping after 110 epochs.
NPP sigma=0.1 Test loss:80.049, R2 loss:-0.618, GP Test loss:80.049, GP R2 loss:-0.618
metrics saved
start saving losses!
Best Learning Rate for NPP sigma=0.1: 0.0251188643150958
training start for sigma:0.1
Validation Loss: 90.3563
Validation Loss: 90.3653
Validation Loss: 90.1530
Validation Loss: 90.5445
Validation Loss: 90.3244
Validation Loss: 90.6230
Validation Loss: 90.5948
Validation Loss: 90.5376
Validation Loss: 90.4591
Validation Loss: 90.2854
Validation Loss: 90.6015
Validation Loss: 90.5922
Validation Loss: 90.4972
Validation Loss: 90.2682
Validation Loss: 90.6953
Validation Loss: 90.6493
Validation Loss: 90.4652
Early stopping after 85 epochs.
NPP sigma=0.1 Test loss:80.054, R2 loss:-0.618, GP Test loss:80.054, GP R2 loss:-0.618
training start for sigma:0.1
Validation Loss: 90.4628
Validation Loss: 90.1566
Validation Loss: 90.5946
Validation Loss: 90.1107
Validation Loss: 90.2528
Validation Loss: 90.5165
Validation Loss: 90.2908
Validation Loss: 90.7157
Validation Loss: 90.2631
Validation Loss: 89.9784
Validation Loss: 90.6528
Validation Loss: 90.1960
Validation Loss: 90.1073
Validation Loss: 90.3343
Validation Loss: 90.2018
Validation Loss: 90.4608
Validation Loss: 90.0956
Validation Loss: 90.2365
Validation Loss: 90.3169
Validation Loss: 90.2136
Validation Loss: 90.3414
Validation Loss: 90.0774
Validation Loss: 90.1900
Validation Loss: 90.2750
Early stopping after 120 epochs.
NPP sigma=0.1 Test loss:31249.469, R2 loss:-1303.888, GP Test loss:31249.469, GP R2 loss:-1303.888
training start for sigma:0.1
Validation Loss: 90.6216
Validation Loss: 90.1225
Validation Loss: 90.3480
Validation Loss: 90.3169
Validation Loss: 90.3555
Validation Loss: 90.1610
Validation Loss: 90.2456
Validation Loss: 90.5424
Validation Loss: 90.7621
Validation Loss: 90.3732
Validation Loss: 90.2561
Validation Loss: 90.3830
Validation Loss: 90.5344
Validation Loss: 90.0121
Validation Loss: 90.5382
Validation Loss: 90.3528
Validation Loss: 90.1121
Validation Loss: 90.1678
Validation Loss: 90.3317
Validation Loss: 90.2690
Validation Loss: 90.5357
Validation Loss: 89.8986
Validation Loss: 90.1411
Validation Loss: 90.0327
Validation Loss: 90.4117
Validation Loss: 90.3635
Validation Loss: 90.4363
Validation Loss: 90.3164
Validation Loss: 90.1796
Validation Loss: 90.5270
Validation Loss: 90.3192
Validation Loss: 90.2122
Validation Loss: 90.4718
Validation Loss: 90.5331
Validation Loss: 90.5577
Validation Loss: 90.6045
Early stopping after 180 epochs.
NPP sigma=0.1 Test loss:738961736.000, R2 loss:-27905148.740, GP Test loss:738961736.000, GP R2 loss:-27905148.740
metrics saved
start saving losses!
