training start for sigma:0.0
Validation Loss: 90.3466
Validation Loss: 90.4768
Validation Loss: 90.4289
New LR:  0.008
Validation Loss: 90.3463
Validation Loss: 90.3477
New LR:  0.0064
Validation Loss: 90.3184
Validation Loss: 90.2285
New LR:  0.00512
Validation Loss: 90.3479
Validation Loss: 90.2593
New LR:  0.004096000000000001
Validation Loss: 90.5268
Validation Loss: 90.5569
New LR:  0.0032768000000000007
Validation Loss: 90.3900
Validation Loss: 90.2170
Validation Loss: 90.0868
New LR:  0.002621440000000001
Validation Loss: 90.6240
Validation Loss: 90.3092
New LR:  0.002097152000000001
Validation Loss: 90.3181
Validation Loss: 90.1407
New LR:  0.001677721600000001
Validation Loss: 90.0768
Validation Loss: 90.1548
New LR:  0.0013421772800000008
Validation Loss: 90.1782
Validation Loss: 90.5223
New LR:  0.0010737418240000006
Validation Loss: 90.4339
Validation Loss: 90.3283
Validation Loss: 90.7125
New LR:  0.0008589934592000006
Validation Loss: 90.0930
Validation Loss: 90.2635
New LR:  0.0006871947673600005
Validation Loss: 90.1537
Validation Loss: 90.5218
New LR:  0.0005497558138880005
Validation Loss: 90.5296
Validation Loss: 90.5989
New LR:  0.0004398046511104004
Validation Loss: 90.2489
Validation Loss: 90.3086
New LR:  0.00035184372088832035
Early stopping after 165 epochs.
MSE Test loss:80.054
R2 Test loss:-0.618
training start for sigma:0.0
Validation Loss: 89.9944
Validation Loss: 90.2373
Validation Loss: 90.3345
New LR:  0.008
Validation Loss: 90.3435
Validation Loss: 90.3755
New LR:  0.0064
Validation Loss: 90.6042
Validation Loss: 90.4392
New LR:  0.00512
Validation Loss: 90.4871
Validation Loss: 90.4261
New LR:  0.004096000000000001
Validation Loss: 90.1052
Validation Loss: 90.5475
Validation Loss: 90.4591
New LR:  0.0032768000000000007
Validation Loss: 90.4994
Validation Loss: 90.4019
New LR:  0.002621440000000001
Validation Loss: 90.1965
Early stopping after 75 epochs.
MSE Test loss:80.054
R2 Test loss:-0.618
training start for sigma:0.0
Validation Loss: 88.3910
Validation Loss: 12.0404
Validation Loss: 11.6415
Validation Loss: 11.4180
Validation Loss: 11.5643
New LR:  0.008
Validation Loss: 11.5504
Validation Loss: 11.7135
New LR:  0.0064
Validation Loss: 11.6826
Validation Loss: 11.5849
Validation Loss: 11.6198
New LR:  0.00512
Validation Loss: 11.5975
Validation Loss: 11.6668
New LR:  0.004096000000000001
Validation Loss: 11.7124
Validation Loss: 11.7238
New LR:  0.0032768000000000007
Validation Loss: 11.7650
Validation Loss: 11.6467
Validation Loss: 11.5594
New LR:  0.002621440000000001
Validation Loss: 11.5309
Early stopping after 90 epochs.
MSE Test loss:115.281
R2 Test loss:-2.332
metrics saved
start saving losses!
Best Learning Rate for MSE: 0.0017782794100389223
training start for sigma:0.0
Validation Loss: 90.1165
Validation Loss: 90.6866
Validation Loss: 90.3609
Validation Loss: 90.3443
Validation Loss: 90.0513
Validation Loss: 90.3468
Validation Loss: 90.2834
Validation Loss: 90.1726
Validation Loss: 90.5084
Validation Loss: 90.3026
Validation Loss: 90.0074
Validation Loss: 90.4710
Validation Loss: 90.2324
Validation Loss: 90.7500
Validation Loss: 90.1804
Validation Loss: 90.2852
Validation Loss: 90.2458
Validation Loss: 90.2267
Validation Loss: 90.0707
Validation Loss: 90.4452
Validation Loss: 90.4743
Validation Loss: 90.1514
Validation Loss: 90.5703
Validation Loss: 90.4166
Validation Loss: 90.4164
Validation Loss: 89.7412
Validation Loss: 90.4563
Validation Loss: 90.2967
Validation Loss: 90.1784
Validation Loss: 90.2324
Validation Loss: 90.4393
Validation Loss: 90.7333
Validation Loss: 90.5892
Validation Loss: 90.8445
Validation Loss: 90.5912
Validation Loss: 90.3232
Validation Loss: 90.5083
Validation Loss: 90.2815
Validation Loss: 90.6264
Validation Loss: 90.1458
MSE Test loss:80.031
R2 Test loss:-0.617
training start for sigma:0.0
Validation Loss: 26.1357
Validation Loss: 11.6788
Validation Loss: 11.5714
Validation Loss: 11.6818
Validation Loss: 11.8917
Validation Loss: 11.6810
Validation Loss: 11.6675
Validation Loss: 11.7160
Validation Loss: 11.6353
Validation Loss: 12.2009
Validation Loss: 11.5935
Validation Loss: 11.6536
Validation Loss: 11.8997
Validation Loss: 11.7115
Validation Loss: 11.6345
Validation Loss: 11.6098
Validation Loss: 11.6133
Validation Loss: 11.5071
Validation Loss: 11.6263
Validation Loss: 11.7728
Validation Loss: 11.6089
Validation Loss: 11.6488
Validation Loss: 11.7420
Validation Loss: 11.6260
Validation Loss: 11.5639
Validation Loss: 11.6859
Validation Loss: 11.6121
Validation Loss: 11.8039
Validation Loss: 11.7797
Validation Loss: 11.8290
Validation Loss: 11.6296
Validation Loss: 11.5745
Early stopping after 160 epochs.
MSE Test loss:84.082
R2 Test loss:-0.879
training start for sigma:0.0
Validation Loss: 36.6427
Validation Loss: 11.5826
Validation Loss: 11.6838
Validation Loss: 11.7062
Validation Loss: 11.7220
Validation Loss: 11.6394
Validation Loss: 11.6229
Validation Loss: 11.6691
Validation Loss: 11.6349
Validation Loss: 11.6724
Validation Loss: 11.6079
Validation Loss: 11.6695
Validation Loss: 11.7853
Validation Loss: 11.6637
Validation Loss: 11.6084
Validation Loss: 11.7103
Validation Loss: 11.5433
Validation Loss: 11.7550
Validation Loss: 11.6808
Validation Loss: 11.5855
Validation Loss: 11.4487
Validation Loss: 11.9501
Validation Loss: 11.5360
Validation Loss: 11.6545
Validation Loss: 11.5465
Validation Loss: 11.6151
Validation Loss: 11.6835
Validation Loss: 11.6529
Validation Loss: 11.9657
Validation Loss: 11.5624
Validation Loss: 11.8482
Validation Loss: 11.5094
Validation Loss: 11.6188
Validation Loss: 11.4191
Validation Loss: 11.7288
Validation Loss: 11.6475
Validation Loss: 11.6058
Validation Loss: 11.6740
Validation Loss: 11.5680
Validation Loss: 11.6556
MSE Test loss:86.408
R2 Test loss:-0.935
metrics saved
start saving losses!
