training start for sigma:0.0
Validation Loss: 103.9235
Validation Loss: 101.2752
Validation Loss: 100.3568
Validation Loss: 101.0124
Validation Loss: 103.0894
New LR:  0.0008
Validation Loss: 104.7324
Validation Loss: 101.0334
New LR:  0.00064
Validation Loss: 106.0924
Validation Loss: 101.4861
New LR:  0.0005120000000000001
Validation Loss: 106.8098
Validation Loss: 101.0965
Validation Loss: 100.1198
New LR:  0.0004096000000000001
Validation Loss: 104.5641
Validation Loss: 104.2268
New LR:  0.0003276800000000001
Validation Loss: 102.1517
Validation Loss: 101.8577
New LR:  0.0002621440000000001
Validation Loss: 101.9749
Validation Loss: 102.1687
New LR:  0.00020971520000000012
Validation Loss: 101.2569
Validation Loss: 103.3387
New LR:  0.0001677721600000001
Validation Loss: 103.3712
Validation Loss: 104.4903
Validation Loss: 104.6812
New LR:  0.00013421772800000008
Validation Loss: 102.7800
Validation Loss: 103.5943
New LR:  0.00010737418240000007
Validation Loss: 98.5059
Validation Loss: 103.2364
New LR:  0.0001
Validation Loss: 103.1866
Validation Loss: 101.2718
Validation Loss: 102.3233
Validation Loss: 105.0987
Validation Loss: 102.1994
Validation Loss: 103.5150
Validation Loss: 103.7552
Validation Loss: 102.4290
Validation Loss: 99.4052
Validation Loss: 104.2094
Validation Loss: 103.9831
Validation Loss: 103.5519
Validation Loss: 102.1719
MSE Test loss:110.422
R2 Test loss:-0.599
training start for sigma:0.0
Validation Loss: 103.5478
Validation Loss: 101.0694
Validation Loss: 104.1603
Validation Loss: 101.7045
New LR:  0.0008
Validation Loss: 103.8056
Validation Loss: 101.7562
New LR:  0.00064
Validation Loss: 103.0441
Validation Loss: 101.6404
New LR:  0.0005120000000000001
Validation Loss: 101.2168
Validation Loss: 105.1616
Validation Loss: 103.3000
New LR:  0.0004096000000000001
Validation Loss: 104.1852
Validation Loss: 100.0191
New LR:  0.0003276800000000001
Validation Loss: 101.0961
Validation Loss: 105.6733
New LR:  0.0002621440000000001
Validation Loss: 103.6327
Validation Loss: 101.1272
Validation Loss: 101.3496
New LR:  0.00020971520000000012
Validation Loss: 102.0647
Validation Loss: 101.6999
New LR:  0.0001677721600000001
Validation Loss: 101.2502
Validation Loss: 103.9483
New LR:  0.00013421772800000008
Validation Loss: 102.8611
Validation Loss: 100.6392
New LR:  0.00010737418240000007
Validation Loss: 102.9997
Validation Loss: 106.2867
Validation Loss: 102.2677
New LR:  0.0001
Early stopping after 135 epochs.
MSE Test loss:110.422
R2 Test loss:-0.599
training start for sigma:0.0
Validation Loss: 52.0907
Validation Loss: 2.2641
Validation Loss: 0.9328
Validation Loss: 0.6661
Validation Loss: 0.8839
Validation Loss: 0.5119
Validation Loss: 0.4794
Validation Loss: 0.4928
Validation Loss: 0.3991
Validation Loss: 0.3618
Validation Loss: 0.7353
Validation Loss: 0.3152
Validation Loss: 0.3267
Validation Loss: 0.3956
Validation Loss: 0.3252
Validation Loss: 0.2569
Validation Loss: 0.2443
Validation Loss: 0.3013
Validation Loss: 0.2763
New LR:  0.0008
Validation Loss: 0.3410
Validation Loss: 0.2643
Validation Loss: 0.2135
Validation Loss: 0.2217
Validation Loss: 0.2101
Validation Loss: 0.2008
Validation Loss: 0.2690
Validation Loss: 0.2305
Validation Loss: 0.2665
Validation Loss: 0.1979
Validation Loss: 0.1887
Validation Loss: 0.4278
Validation Loss: 0.2113
Validation Loss: 0.1829
Validation Loss: 0.1734
New LR:  0.00064
Validation Loss: 0.1735
Validation Loss: 0.2626
Validation Loss: 0.1934
Validation Loss: 0.1735
Validation Loss: 0.1699
Validation Loss: 0.1608
New LR:  0.0005120000000000001
MSE Test loss:0.125
R2 Test loss:0.998
metrics saved
start saving losses!
Best Learning Rate for MSE: 0.05623413251903489
training start for sigma:0.0
Validation Loss: 100.2354
Validation Loss: 102.5611
Validation Loss: 100.4113
Validation Loss: 100.3668
Validation Loss: 105.5895
Validation Loss: 102.0549
Validation Loss: 100.4102
Validation Loss: 102.0715
Validation Loss: 101.9455
Validation Loss: 102.2339
Validation Loss: 102.8393
Validation Loss: 100.7417
Validation Loss: 103.1215
Validation Loss: 102.7707
Validation Loss: 103.2113
Validation Loss: 99.3356
Validation Loss: 100.9877
Validation Loss: 102.8672
Validation Loss: 103.1241
Validation Loss: 105.8078
Validation Loss: 103.9534
Validation Loss: 100.8999
Validation Loss: 102.0180
Validation Loss: 99.6740
Validation Loss: 102.2719
Validation Loss: 99.3314
Validation Loss: 100.8683
Validation Loss: 102.4129
Validation Loss: 102.3993
Validation Loss: 105.5254
Validation Loss: 103.2836
Validation Loss: 102.6989
Validation Loss: 103.2558
Validation Loss: 102.7826
Validation Loss: 102.8900
Validation Loss: 105.3397
Validation Loss: 103.1529
Validation Loss: 105.2514
Validation Loss: 103.5284
Validation Loss: 103.1224
MSE Test loss:110.422
R2 Test loss:-0.599
training start for sigma:0.0
Validation Loss: 99.2789
Validation Loss: 103.4627
Validation Loss: 101.8570
Validation Loss: 100.5713
Validation Loss: 101.7659
Validation Loss: 105.6477
Validation Loss: 102.6398
Validation Loss: 101.9676
Validation Loss: 103.3626
Validation Loss: 103.8033
Validation Loss: 104.9064
Validation Loss: 102.2319
Validation Loss: 103.2603
Validation Loss: 101.7707
Validation Loss: 102.6126
Early stopping after 75 epochs.
MSE Test loss:110.422
R2 Test loss:-0.599
training start for sigma:0.0
Validation Loss: 103.5346
Validation Loss: 105.5989
Validation Loss: 101.3972
Validation Loss: 103.0074
Validation Loss: 104.0675
Validation Loss: 103.1316
Validation Loss: 102.7174
Validation Loss: 101.4662
Validation Loss: 102.5599
Validation Loss: 104.6022
Validation Loss: 105.0118
Validation Loss: 103.9930
Validation Loss: 103.2335
Validation Loss: 99.7557
Validation Loss: 104.1237
Validation Loss: 101.9220
Validation Loss: 103.5589
Validation Loss: 104.7539
Validation Loss: 103.1595
Validation Loss: 101.6971
Validation Loss: 102.4467
Validation Loss: 105.0771
Validation Loss: 102.5187
Validation Loss: 102.8683
Validation Loss: 101.8875
Validation Loss: 104.0365
Validation Loss: 101.6206
Validation Loss: 101.5659
Early stopping after 140 epochs.
MSE Test loss:110.422
R2 Test loss:-0.599
metrics saved
start saving losses!
