training start for sigma:0.2
Validation Loss: 93.5177
Validation Loss: 92.0452
Validation Loss: 91.5353
Validation Loss: 91.1069
Validation Loss: 93.5891
New LR:  0.0008
Validation Loss: 94.6306
Validation Loss: 92.1787
New LR:  0.00064
Validation Loss: 95.8821
Validation Loss: 91.8219
New LR:  0.0005120000000000001
Validation Loss: 96.0986
Validation Loss: 90.4573
Validation Loss: 90.3665
New LR:  0.0004096000000000001
Validation Loss: 94.2334
Validation Loss: 93.4604
New LR:  0.0003276800000000001
Validation Loss: 92.5850
Validation Loss: 92.2620
New LR:  0.0002621440000000001
Validation Loss: 93.1446
Validation Loss: 92.3267
New LR:  0.00020971520000000012
Validation Loss: 91.9101
Validation Loss: 94.0257
New LR:  0.0001677721600000001
Validation Loss: 93.6031
Validation Loss: 95.1002
Validation Loss: 93.8527
New LR:  0.00013421772800000008
Validation Loss: 94.1040
Validation Loss: 94.2630
New LR:  0.00010737418240000007
Validation Loss: 89.9248
Validation Loss: 93.5261
New LR:  0.0001
Validation Loss: 93.4268
Validation Loss: 90.5963
Validation Loss: 91.7222
Validation Loss: 95.1540
Validation Loss: 92.0900
Validation Loss: 92.7086
Validation Loss: 93.6605
Validation Loss: 93.3575
Validation Loss: 90.4486
Validation Loss: 94.1857
Validation Loss: 94.0238
Validation Loss: 92.9646
Validation Loss: 93.4838
NPP sigma=0.2 Test loss:114.110, R2 loss:-1.126, GP Test loss:114.110, GP R2 loss:-1.126
training start for sigma:0.2
Validation Loss: 54.6894
Validation Loss: 26.4377
Validation Loss: 23.7499
Validation Loss: 23.7932
Validation Loss: 23.3998
Validation Loss: 23.6073
Validation Loss: 23.6718
Validation Loss: 23.6787
Validation Loss: 23.6779
Validation Loss: 23.9940
Validation Loss: 23.5686
Validation Loss: 23.6882
Validation Loss: 23.8419
Validation Loss: 24.1436
Validation Loss: 23.3548
Validation Loss: 22.7357
Validation Loss: 22.6048
Validation Loss: 24.2598
Validation Loss: 23.2723
Validation Loss: 23.8649
New LR:  0.0008
Validation Loss: 23.9028
Validation Loss: 22.9057
Validation Loss: 23.4615
Validation Loss: 22.7264
New LR:  0.00064
Validation Loss: 23.1887
Validation Loss: 23.3886
Validation Loss: 23.4645
New LR:  0.0005120000000000001
Validation Loss: 23.2016
Validation Loss: 23.4933
New LR:  0.0004096000000000001
Validation Loss: 23.0370
Validation Loss: 23.2078
Early stopping after 155 epochs.
NPP sigma=0.2 Test loss:27.211, R2 loss:0.331, GP Test loss:27.211, GP R2 loss:0.331
training start for sigma:0.2
Validation Loss: 93.4551
Validation Loss: 91.4496
Validation Loss: 91.5077
New LR:  0.0008
Validation Loss: 93.3542
Validation Loss: 95.0643
New LR:  0.00064
Validation Loss: 92.7608
Validation Loss: 93.8048
New LR:  0.0005120000000000001
Validation Loss: 92.8806
Validation Loss: 92.2029
New LR:  0.0004096000000000001
Validation Loss: 92.2578
Validation Loss: 95.0155
Validation Loss: 93.5985
Validation Loss: 93.1968
New LR:  0.0003276800000000001
Validation Loss: 92.2173
Validation Loss: 92.5148
Validation Loss: 91.6956
New LR:  0.0002621440000000001
Early stopping after 80 epochs.
NPP sigma=0.2 Test loss:114.110, R2 loss:-1.126, GP Test loss:114.110, GP R2 loss:-1.126
metrics saved
start saving losses!
Best Learning Rate for NPP sigma=0.2: 0.0251188643150958
training start for sigma:0.2
Validation Loss: 86.2702
Validation Loss: 76.9833
Validation Loss: 75.8155
Validation Loss: 77.9724
Validation Loss: 77.2272
Validation Loss: 76.2841
Validation Loss: 74.9400
Validation Loss: 74.2911
Validation Loss: 76.9973
Validation Loss: 77.3605
Validation Loss: 78.3933
Validation Loss: 76.9313
Validation Loss: 76.8393
Validation Loss: 77.0596
Validation Loss: 77.5719
Validation Loss: 76.7076
Validation Loss: 76.0909
Validation Loss: 75.1889
Validation Loss: 77.8774
Validation Loss: 76.2832
Validation Loss: 75.8383
Validation Loss: 75.6404
Early stopping after 110 epochs.
NPP sigma=0.2 Test loss:106.976, R2 loss:-49589.690, GP Test loss:106.976, GP R2 loss:-49589.690
training start for sigma:0.2
Validation Loss: 90.3584
Validation Loss: 95.5926
Validation Loss: 92.2385
Validation Loss: 91.8913
Validation Loss: 91.4819
Validation Loss: 94.0584
Validation Loss: 93.2604
Validation Loss: 92.9115
Validation Loss: 96.7191
Validation Loss: 94.2261
Validation Loss: 93.1094
Validation Loss: 94.1107
Validation Loss: 94.0801
Validation Loss: 92.4568
Validation Loss: 95.7233
Early stopping after 75 epochs.
NPP sigma=0.2 Test loss:110.702, R2 loss:-148.870, GP Test loss:110.702, GP R2 loss:-148.870
training start for sigma:0.2
Validation Loss: 86.6471
Validation Loss: 80.2232
Validation Loss: 78.8306
Validation Loss: 77.6391
Validation Loss: 78.3879
Validation Loss: 78.0650
Validation Loss: 75.1613
Validation Loss: 78.0590
Validation Loss: 77.3470
Validation Loss: 77.6291
Validation Loss: 77.4003
Validation Loss: 75.7292
Validation Loss: 77.9776
Validation Loss: 78.1387
Validation Loss: 75.2267
Validation Loss: 77.2604
Validation Loss: 75.4674
Validation Loss: 78.2508
Validation Loss: 77.5693
Validation Loss: 77.0291
Validation Loss: 78.2983
Early stopping after 105 epochs.
NPP sigma=0.2 Test loss:106.732, R2 loss:-946.802, GP Test loss:106.732, GP R2 loss:-946.802
metrics saved
start saving losses!
