training start for sigma:0.2
Validation Loss: 56.0881
Validation Loss: 30.7242
Validation Loss: 27.5328
Validation Loss: 23.3976
Validation Loss: 16.5264
Validation Loss: 15.1733
Validation Loss: 12.9397
Validation Loss: 12.8240
Validation Loss: 12.5113
Validation Loss: 12.2962
Validation Loss: 12.0225
Validation Loss: 11.5102
Validation Loss: 11.2777
Validation Loss: 12.0052
Validation Loss: 11.5767
Validation Loss: 11.7949
Validation Loss: 10.9899
Validation Loss: 12.3299
Validation Loss: 11.4392
Validation Loss: 11.7512
Validation Loss: 11.8331
Validation Loss: 12.4711
Validation Loss: 11.7025
Validation Loss: 11.5025
Validation Loss: 11.7221
Validation Loss: 12.9734
Validation Loss: 12.6469
Validation Loss: 12.4102
Validation Loss: 12.9124
Validation Loss: 14.7256
Validation Loss: 14.5055
Early stopping after 155 epochs.
NPP sigma=0.2 Test loss:73.098, R2 loss:-5229.625, GP Test loss:73.098, GP R2 loss:-5229.625
training start for sigma:0.2
Validation Loss: 58.6426
Validation Loss: 28.6707
Validation Loss: 28.6946
Validation Loss: 25.4410
Validation Loss: 18.7785
Validation Loss: 15.0714
Validation Loss: 13.2468
Validation Loss: 14.1495
Validation Loss: 13.6550
Validation Loss: 14.3557
Validation Loss: 13.6579
Validation Loss: 13.9313
Validation Loss: 12.7864
Validation Loss: 12.7287
Validation Loss: 12.5307
Validation Loss: 13.2726
Validation Loss: 13.1232
Validation Loss: 14.2054
Validation Loss: 13.2165
Validation Loss: 12.6535
Validation Loss: 12.0063
Validation Loss: 12.7227
Validation Loss: 13.6572
Validation Loss: 14.1221
Validation Loss: 12.9240
Validation Loss: 12.9556
Validation Loss: 12.7224
Validation Loss: 13.5519
Validation Loss: 12.9453
Validation Loss: 13.1014
Validation Loss: 14.4154
Validation Loss: 14.1871
Validation Loss: 14.8381
Validation Loss: 14.1557
Validation Loss: 15.6720
Early stopping after 175 epochs.
NPP sigma=0.2 Test loss:80.772, R2 loss:-5980.754, GP Test loss:80.772, GP R2 loss:-5980.754
training start for sigma:0.2
Validation Loss: 99.5966
Validation Loss: 99.1107
Validation Loss: 101.2176
Validation Loss: 101.5747
New LR:  0.0008
Validation Loss: 95.9606
Validation Loss: 100.3470
Validation Loss: 93.6887
New LR:  0.00064
Validation Loss: 96.0808
Validation Loss: 101.3421
New LR:  0.0005120000000000001
Validation Loss: 98.8845
Validation Loss: 99.3535
New LR:  0.0004096000000000001
Validation Loss: 95.5968
Validation Loss: 101.2190
Validation Loss: 98.7888
New LR:  0.0003276800000000001
Validation Loss: 100.9826
Validation Loss: 95.1583
New LR:  0.0002621440000000001
Validation Loss: 98.6820
Validation Loss: 98.7076
New LR:  0.00020971520000000012
Validation Loss: 99.5694
Validation Loss: 97.2369
New LR:  0.0001677721600000001
Validation Loss: 98.7027
Early stopping after 105 epochs.
NPP sigma=0.2 Test loss:114.110, R2 loss:-1.126, GP Test loss:114.110, GP R2 loss:-1.126
metrics saved
start saving losses!
Best Learning Rate for NPP sigma=0.2: 0.0039810717055349725
training start for sigma:0.2
Validation Loss: 44.3725
Validation Loss: 32.0282
Validation Loss: 14.9270
Validation Loss: 12.4378
Validation Loss: 12.2068
Validation Loss: 11.9654
Validation Loss: 13.5919
Validation Loss: 11.8231
Validation Loss: 11.9395
Validation Loss: 13.0752
Validation Loss: 14.0347
Validation Loss: 14.5861
Validation Loss: 16.9070
Validation Loss: 15.9114
Validation Loss: 15.4116
Validation Loss: 16.1051
Validation Loss: 16.2507
Validation Loss: 15.3876
Validation Loss: 15.6615
Validation Loss: 14.8414
Validation Loss: 15.6828
Validation Loss: 15.9262
Early stopping after 110 epochs.
NPP sigma=0.2 Test loss:75.139, R2 loss:-9831.766, GP Test loss:75.139, GP R2 loss:-9831.766
training start for sigma:0.2
Validation Loss: 99.4022
Validation Loss: 96.7680
Validation Loss: 97.3711
Validation Loss: 100.5664
Validation Loss: 94.9861
Validation Loss: 101.1706
Validation Loss: 96.7426
Validation Loss: 99.2300
Validation Loss: 98.3967
Validation Loss: 103.1139
Validation Loss: 94.9582
Validation Loss: 97.7246
Validation Loss: 101.3826
Validation Loss: 96.3134
Validation Loss: 98.7035
Validation Loss: 100.0214
Validation Loss: 98.6128
Validation Loss: 98.2179
Validation Loss: 98.0572
Validation Loss: 99.7439
Validation Loss: 98.7029
Validation Loss: 99.1432
Validation Loss: 100.9013
Validation Loss: 96.4176
Validation Loss: 97.5143
Early stopping after 125 epochs.
NPP sigma=0.2 Test loss:114.110, R2 loss:-1.126, GP Test loss:114.110, GP R2 loss:-1.126
training start for sigma:0.2
Validation Loss: 83.4920
Validation Loss: 30.4354
Validation Loss: 29.0336
Validation Loss: 28.0097
Validation Loss: 30.1805
Validation Loss: 29.0017
Validation Loss: 29.0794
Validation Loss: 28.3383
Validation Loss: 27.6964
Validation Loss: 28.6626
Validation Loss: 28.1867
Validation Loss: 29.1040
Validation Loss: 30.2361
Validation Loss: 28.7685
Validation Loss: 28.3572
Validation Loss: 27.9564
Validation Loss: 28.7160
Validation Loss: 30.0406
Validation Loss: 28.8750
Validation Loss: 29.7987
Validation Loss: 29.8851
Validation Loss: 30.2600
Validation Loss: 29.4379
Early stopping after 115 epochs.
NPP sigma=0.2 Test loss:106.127, R2 loss:-294.892, GP Test loss:106.127, GP R2 loss:-294.892
metrics saved
start saving losses!
