Validation Loss: 1.8674
Validation Loss: 1.7464
Validation Loss: 2.0192
Validation Loss: 1.8592
MSE Test loss:1.579
R2 Test loss:-0.190
Validation Loss: 1.3879
Validation Loss: 1.0132
Validation Loss: 0.9544
Validation Loss: 0.8887
NPP sigma=0.5 Test loss:0.778, R2 loss:-0.706, GP Test loss:0.778, GP R2 loss:-0.706
Validation Loss: 1.6936
Validation Loss: 1.4998
Validation Loss: 1.7238
Validation Loss: 1.5475
NPP sigma=2 Test loss:1.354, R2 loss:-1.869, GP Test loss:1.354, GP R2 loss:-1.869
start saving!
saved
Percent testing 0.25
Percent testing 0.5
Percent testing 0.75
Percent testing 1.0
Time Elapsed: 5.812801656855477 hours
