new model saved at 0 epoch with global_best_val_loss: 95.43135070800781
Validation Loss: 95.4314
new model saved at 5 epoch with global_best_val_loss: 91.896240234375
Validation Loss: 91.8962
new model saved at 10 epoch with global_best_val_loss: 91.25262832641602
Validation Loss: 91.2526
New LR:  0.0008
Validation Loss: 95.3140
Validation Loss: 93.5309
new model saved at 25 epoch with global_best_val_loss: 89.38223266601562
Validation Loss: 89.3822
New LR:  0.00064
Validation Loss: 93.6039
Validation Loss: 91.2152
Validation Loss: 92.9131
Validation Loss: 93.8915
New LR:  0.0005120000000000001
Validation Loss: 92.6504
Validation Loss: 93.4015
New LR:  0.0004096000000000001
Validation Loss: 93.9370
Validation Loss: 91.2109
New LR:  0.0003276800000000001
Validation Loss: 90.7023
Early stopping after 75 epochs.
Percent: 0.0| Loss: 119.5473747253418, R2: 0.0234375
Percent: 0.25| Loss: 118.48940849304199, R2: -3.5653885730592686e+44
Percent: 0.5| Loss: 116.51576805114746, R2: -7.307758167748403e+45
Percent: 0.75| Loss: 115.30233383178711, R2: -1.1116320488454814e+46
Percent: 1.0| Loss: 111.59713172912598, R2: -5.503449715954097e+43
Validation Loss: 92.4365
Validation Loss: 93.9522
Validation Loss: 93.2863
New LR:  0.0008
Validation Loss: 93.4962
Validation Loss: 94.1415
New LR:  0.00064
Validation Loss: 93.9407
Validation Loss: 95.8740
New LR:  0.0005120000000000001
Validation Loss: 93.3163
Validation Loss: 92.7937
Validation Loss: 90.9118
New LR:  0.0004096000000000001
Validation Loss: 93.3522
Validation Loss: 92.1125
New LR:  0.0003276800000000001
Validation Loss: 91.8951
Validation Loss: 93.0328
New LR:  0.0002621440000000001
Validation Loss: 94.4352
Validation Loss: 94.1908
New LR:  0.00020971520000000012
Validation Loss: 93.4585
Validation Loss: 90.2230
New LR:  0.0001677721600000001
Validation Loss: 92.5856
Validation Loss: 94.7510
Validation Loss: 92.9260
New LR:  0.00013421772800000008
Validation Loss: 91.7285
Validation Loss: 92.0924
New LR:  0.00010737418240000007
Validation Loss: 92.2753
Validation Loss: 92.0156
New LR:  0.0001
Validation Loss: 92.8852
Validation Loss: 94.0136
Early stopping after 135 epochs.
Percent: 0.0| Loss: 119.5473747253418, R2: 0.0234375
Percent: 0.25| Loss: 118.48940849304199, R2: -3.5653885730592686e+44
Percent: 0.5| Loss: 116.51576805114746, R2: -7.307758167748403e+45
Percent: 0.75| Loss: 115.30233383178711, R2: -1.1116320488454814e+46
Percent: 1.0| Loss: 111.59713172912598, R2: -5.503449715954097e+43
new model saved at 0 epoch with global_best_val_loss: 70.06389617919922
Validation Loss: 70.0639
new model saved at 5 epoch with global_best_val_loss: 34.12883377075195
Validation Loss: 34.1288
new model saved at 10 epoch with global_best_val_loss: 21.739471435546875
Validation Loss: 21.7395
new model saved at 15 epoch with global_best_val_loss: 20.333099365234375
Validation Loss: 20.3331
new model saved at 20 epoch with global_best_val_loss: 15.255083560943604
Validation Loss: 15.2551
new model saved at 25 epoch with global_best_val_loss: 13.76694631576538
Validation Loss: 13.7669
new model saved at 30 epoch with global_best_val_loss: 12.589737892150879
Validation Loss: 12.5897
new model saved at 35 epoch with global_best_val_loss: 11.553061962127686
Validation Loss: 11.5531
Validation Loss: 11.9858
new model saved at 45 epoch with global_best_val_loss: 11.093705654144287
Validation Loss: 11.0937
new model saved at 50 epoch with global_best_val_loss: 10.160891056060791
Validation Loss: 10.1609
Validation Loss: 10.5761
Validation Loss: 10.6218
Validation Loss: 10.2976
Validation Loss: 10.7820
Validation Loss: 10.5784
new model saved at 80 epoch with global_best_val_loss: 10.124481678009033
Validation Loss: 10.1245
Validation Loss: 10.6284
Validation Loss: 10.3670
new model saved at 95 epoch with global_best_val_loss: 9.866859436035156
Validation Loss: 9.8669
new model saved at 100 epoch with global_best_val_loss: 9.640947341918945
Validation Loss: 9.6409
Validation Loss: 10.6636
Validation Loss: 11.9287
New LR:  0.0008
Validation Loss: 10.0294
Validation Loss: 10.1363
new model saved at 125 epoch with global_best_val_loss: 9.617136478424072
Validation Loss: 9.6171
Validation Loss: 10.1919
Validation Loss: 10.0678
new model saved at 140 epoch with global_best_val_loss: 9.495077133178711
Validation Loss: 9.4951
Validation Loss: 9.5718
new model saved at 150 epoch with global_best_val_loss: 9.379581928253174
Validation Loss: 9.3796
Validation Loss: 9.8370
new model saved at 160 epoch with global_best_val_loss: 9.21257734298706
Validation Loss: 9.2126
Validation Loss: 9.6489
Validation Loss: 9.5968
new model saved at 175 epoch with global_best_val_loss: 9.063884019851685
Validation Loss: 9.0639
Validation Loss: 9.4312
Validation Loss: 9.1998
Validation Loss: 9.2293
Validation Loss: 9.6456
Percent: 0.0| Loss: 16.263500690460205, R2: 0.4582510417817914
Percent: 0.25| Loss: 16.160826444625854, R2: -8.147815796713786e+39
Percent: 0.5| Loss: 15.841839075088501, R2: -8.147815796713786e+39
Percent: 0.75| Loss: 15.704764366149902, R2: 0.13252056769294726
Percent: 1.0| Loss: 15.514402627944946, R2: 0.14178049995669553
Percent testing 0.0
Percent: 0.0| Loss: 16.263500690460205, R2: 0.4582510417817914
Percent testing 0.25
Percent: 0.25| Loss: 16.160826444625854, R2: -8.147815796713786e+39
Percent testing 0.5
Percent: 0.5| Loss: 15.841839075088501, R2: -8.147815796713786e+39
Percent testing 0.75
Percent: 0.75| Loss: 15.704764366149902, R2: 0.13252056769294726
Percent testing 1.0
Percent: 1.0| Loss: 15.514402627944946, R2: 0.14178049995669553
metrics saved
start saving losses!
Time Elapsed: 0.531171489490403 hours
