new model saved at 0 epoch with global_best_val_loss: 69.59918975830078
Validation Loss: 69.5992
new model saved at 5 epoch with global_best_val_loss: 14.304137706756592
Validation Loss: 14.3041
new model saved at 10 epoch with global_best_val_loss: 1.860061526298523
Validation Loss: 1.8601
new model saved at 15 epoch with global_best_val_loss: 1.225247085094452
Validation Loss: 1.2252
new model saved at 20 epoch with global_best_val_loss: 0.9294532239437103
Validation Loss: 0.9295
new model saved at 25 epoch with global_best_val_loss: 0.8524705469608307
Validation Loss: 0.8525
new model saved at 30 epoch with global_best_val_loss: 0.7805350720882416
Validation Loss: 0.7805
Validation Loss: 0.8065
Validation Loss: 0.8325
new model saved at 45 epoch with global_best_val_loss: 0.7798701524734497
Validation Loss: 0.7799
Validation Loss: 0.8136
new model saved at 55 epoch with global_best_val_loss: 0.6510025560855865
Validation Loss: 0.6510
new model saved at 60 epoch with global_best_val_loss: 0.6499271988868713
Validation Loss: 0.6499
Validation Loss: 0.6821
new model saved at 70 epoch with global_best_val_loss: 0.5916079878807068
Validation Loss: 0.5916
Validation Loss: 0.6140
Validation Loss: 0.7080
Validation Loss: 0.6319
Validation Loss: 0.9788
New LR:  0.0008
Validation Loss: 0.9613
new model saved at 100 epoch with global_best_val_loss: 0.5683300197124481
Validation Loss: 0.5683
new model saved at 105 epoch with global_best_val_loss: 0.5618928074836731
Validation Loss: 0.5619
Validation Loss: 0.6053
Validation Loss: 0.5776
Validation Loss: 0.5713
New LR:  0.00064
Validation Loss: 0.5954
Validation Loss: 0.7346
new model saved at 135 epoch with global_best_val_loss: 0.537720650434494
Validation Loss: 0.5377
New LR:  0.0005120000000000001
Validation Loss: 0.5838
Validation Loss: 0.5674
Validation Loss: 0.5783
new model saved at 155 epoch with global_best_val_loss: 0.5331101417541504
Validation Loss: 0.5331
Validation Loss: 0.5981
Validation Loss: 0.5886
Validation Loss: 0.5499
Validation Loss: 0.5742
Validation Loss: 0.5990
Validation Loss: 0.5630
Validation Loss: 0.6992
New LR:  0.0004096000000000001
Validation Loss: 0.8792
Percent: 0.0| Loss: 0.7119723260402679, R2: 0.9671136105962622
Percent: 0.25| Loss: 0.7134271711111069, R2: -233729829765994.47
Percent: 0.5| Loss: 0.7135621905326843, R2: -233743104063413.0
Percent: 0.75| Loss: 0.7146723568439484, R2: -233743104063413.0
Percent: 1.0| Loss: 0.7304446995258331, R2: -1900326148998.8184
Validation Loss: 100.5721
Validation Loss: 103.0752
Validation Loss: 98.7450
Validation Loss: 99.7349
Validation Loss: 100.4948
Validation Loss: 102.0894
Validation Loss: 102.3894
Validation Loss: 102.7398
Validation Loss: 98.7208
Validation Loss: 104.5167
Validation Loss: 101.8187
Validation Loss: 100.8424
Validation Loss: 101.4485
Validation Loss: 101.0388
Validation Loss: 103.0866
Validation Loss: 103.4931
Validation Loss: 101.1031
Validation Loss: 98.2907
Validation Loss: 101.4067
Validation Loss: 100.1519
Validation Loss: 100.9049
Validation Loss: 105.2779
Validation Loss: 102.3991
Validation Loss: 100.2400
Validation Loss: 101.8841
Validation Loss: 97.0542
Validation Loss: 100.0976
Validation Loss: 102.1855
Validation Loss: 99.5517
Validation Loss: 103.6883
Validation Loss: 103.5635
Validation Loss: 99.6421
Validation Loss: 103.9868
Validation Loss: 100.0398
Validation Loss: 102.8140
Early stopping after 175 epochs.
Percent: 0.0| Loss: 0.7119723260402679, R2: 0.9671136105962622
Percent: 0.25| Loss: 0.7134271711111069, R2: -233729829765994.47
Percent: 0.5| Loss: 0.7135621905326843, R2: -233743104063413.0
Percent: 0.75| Loss: 0.7146723568439484, R2: -233743104063413.0
Percent: 1.0| Loss: 0.7304446995258331, R2: -1900326148998.8184
Validation Loss: 43.9360
Validation Loss: 5.8897
Validation Loss: 1.1703
Validation Loss: 0.9387
Validation Loss: 0.7062
Validation Loss: 0.6707
Validation Loss: 0.7043
Validation Loss: 0.7975
Validation Loss: 0.6933
Validation Loss: 0.7399
Validation Loss: 0.5914
Validation Loss: 0.5623
Validation Loss: 0.7090
Validation Loss: 0.5591
new model saved at 70 epoch with global_best_val_loss: 0.5272009074687958
Validation Loss: 0.5272
Validation Loss: 0.6028
new model saved at 80 epoch with global_best_val_loss: 0.5267976224422455
Validation Loss: 0.5268
new model saved at 85 epoch with global_best_val_loss: 0.5163249671459198
Validation Loss: 0.5163
Validation Loss: 1.2710
Validation Loss: 0.5398
New LR:  0.0008
Validation Loss: 0.5759
new model saved at 105 epoch with global_best_val_loss: 0.4874792844057083
Validation Loss: 0.4875
Validation Loss: 0.5267
Validation Loss: 0.5223
Validation Loss: 0.5094
Validation Loss: 0.5057
Validation Loss: 0.7452
Validation Loss: 0.5332
Validation Loss: 0.5522
Validation Loss: 0.5204
Validation Loss: 0.5314
Early stopping after 155 epochs.
Percent: 0.0| Loss: 0.5917029529809952, R2: 0.9568861967040267
Percent: 0.25| Loss: 0.5916749313473701, R2: -16940710946696.584
Percent: 0.5| Loss: 0.5924045816063881, R2: -16940710946696.584
Percent: 0.75| Loss: 0.5903409048914909, R2: -16940710946860.076
Percent: 1.0| Loss: 0.5902526676654816, R2: -16899272441638.2
Percent testing 0.0
Percent: 0.0| Loss: 0.5917029529809952, R2: 0.9568861967040267
Percent testing 0.25
Percent: 0.25| Loss: 0.5916749313473701, R2: -16940710946696.584
Percent testing 0.5
Percent: 0.5| Loss: 0.5924045816063881, R2: -16940710946696.584
Percent testing 0.75
Percent: 0.75| Loss: 0.5903409048914909, R2: -16940710946860.076
Percent testing 1.0
Percent: 1.0| Loss: 0.5902526676654816, R2: -16899272441638.2
metrics saved
start saving losses!
Time Elapsed: 0.7111059306065242 hours
