training start for sigma:0.5
Validation Loss: 98.4066
Validation Loss: 97.2344
Validation Loss: 95.7314
Validation Loss: 96.3030
Validation Loss: 97.9804
New LR:  0.0008
Validation Loss: 99.7431
Validation Loss: 98.0020
New LR:  0.00064
Validation Loss: 102.0239
Validation Loss: 96.5022
New LR:  0.0005120000000000001
Validation Loss: 103.6784
Validation Loss: 95.6548
Validation Loss: 96.1530
Validation Loss: 98.8465
New LR:  0.0004096000000000001
Validation Loss: 98.8234
Validation Loss: 97.1621
New LR:  0.0003276800000000001
Validation Loss: 97.7617
Validation Loss: 97.9561
New LR:  0.0002621440000000001
Validation Loss: 96.8800
Validation Loss: 96.3697
Validation Loss: 98.4977
New LR:  0.00020971520000000012
Validation Loss: 99.4933
Validation Loss: 101.3385
New LR:  0.0001677721600000001
Validation Loss: 99.0644
Validation Loss: 98.6341
New LR:  0.00013421772800000008
Validation Loss: 100.6115
Validation Loss: 93.0598
New LR:  0.00010737418240000007
Validation Loss: 98.2708
Validation Loss: 98.3704
New LR:  0.0001
Validation Loss: 94.0205
Validation Loss: 97.4573
Validation Loss: 100.4315
Validation Loss: 96.6158
Validation Loss: 97.2375
Validation Loss: 98.6317
Validation Loss: 98.5928
Validation Loss: 93.9466
Validation Loss: 99.6597
Validation Loss: 98.3145
Validation Loss: 97.2652
Validation Loss: 99.9689
NPP sigma=0.5 Test loss:114.110, R2 loss:-1.126, GP Test loss:114.110, GP R2 loss:-1.126
training start for sigma:0.5
Validation Loss: 44.3329
Validation Loss: 8.4616
Validation Loss: 0.9518
Validation Loss: 0.7406
Validation Loss: 0.5139
Validation Loss: 0.5046
Validation Loss: 0.3571
Validation Loss: 0.3604
Validation Loss: 0.2623
Validation Loss: 0.2264
Validation Loss: 0.2190
Validation Loss: 0.2412
Validation Loss: 0.1904
Validation Loss: 0.2225
Validation Loss: 0.1535
Validation Loss: 0.1513
Validation Loss: 0.1365
Validation Loss: 0.1287
Validation Loss: 0.1971
New LR:  0.0008
Validation Loss: 0.1326
Validation Loss: 0.1270
Validation Loss: 0.1087
Validation Loss: 0.1113
Validation Loss: 0.0990
Validation Loss: 0.1170
Validation Loss: 0.0934
Validation Loss: 0.1088
Validation Loss: 0.0904
New LR:  0.00064
Validation Loss: 0.0907
Validation Loss: 0.0872
Validation Loss: 0.0828
Validation Loss: 0.0901
Validation Loss: 0.1015
Validation Loss: 0.0790
Validation Loss: 0.0903
Validation Loss: 0.0798
New LR:  0.0005120000000000001
Validation Loss: 0.0812
Validation Loss: 0.0819
Validation Loss: 0.0730
Validation Loss: 0.0791
NPP sigma=0.5 Test loss:87.844, R2 loss:-1.329, GP Test loss:87.844, GP R2 loss:-1.329
training start for sigma:0.5
Validation Loss: 98.0888
Validation Loss: 95.9437
Validation Loss: 95.8602
New LR:  0.0008
Validation Loss: 99.4183
Validation Loss: 98.2875
Validation Loss: 98.4918
New LR:  0.00064
Validation Loss: 97.3876
Validation Loss: 100.6482
Validation Loss: 98.3577
Validation Loss: 96.5833
Validation Loss: 98.4183
New LR:  0.0005120000000000001
Validation Loss: 98.9502
Validation Loss: 93.2961
New LR:  0.0004096000000000001
Validation Loss: 98.7588
Validation Loss: 97.4119
Validation Loss: 100.5116
New LR:  0.0003276800000000001
Validation Loss: 96.0956
Validation Loss: 97.3679
New LR:  0.0002621440000000001
Validation Loss: 97.9615
Validation Loss: 97.1913
New LR:  0.00020971520000000012
Validation Loss: 98.7447
Validation Loss: 97.6513
New LR:  0.0001677721600000001
Validation Loss: 100.9925
Validation Loss: 99.7709
New LR:  0.00013421772800000008
Validation Loss: 94.9733
Validation Loss: 95.4490
Validation Loss: 94.2624
New LR:  0.00010737418240000007
Early stopping after 135 epochs.
NPP sigma=0.5 Test loss:114.110, R2 loss:-1.126, GP Test loss:114.110, GP R2 loss:-1.126
metrics saved
start saving losses!
Best Learning Rate for NPP sigma=0.5: 0.0015848931924611134
training start for sigma:0.5
Validation Loss: 31.8850
Validation Loss: 2.3183
Validation Loss: 0.6714
Validation Loss: 0.5295
Validation Loss: 0.7780
Validation Loss: 0.3780
Validation Loss: 0.3017
Validation Loss: 0.2975
Validation Loss: 0.2391
Validation Loss: 0.6534
Validation Loss: 0.3935
Validation Loss: 0.2131
Validation Loss: 0.1838
Validation Loss: 0.1770
Validation Loss: 0.1447
Validation Loss: 0.1621
Validation Loss: 0.1655
Validation Loss: 0.1464
Validation Loss: 0.1602
Validation Loss: 0.1187
Validation Loss: 0.1389
Validation Loss: 0.1736
Validation Loss: 0.1172
Validation Loss: 0.1232
Validation Loss: 0.1193
Validation Loss: 0.1738
Validation Loss: 0.1873
Validation Loss: 0.1496
Validation Loss: 0.0953
Validation Loss: 0.1631
Validation Loss: 9.2964
Validation Loss: 0.3489
Validation Loss: 0.1691
Validation Loss: 0.1381
Validation Loss: 0.1194
Validation Loss: 0.1280
Validation Loss: 0.1177
Validation Loss: 0.1175
Validation Loss: 0.1016
Validation Loss: 0.1119
NPP sigma=0.5 Test loss:80.764, R2 loss:-36.387, GP Test loss:80.764, GP R2 loss:-36.387
training start for sigma:0.5
Validation Loss: 43.2886
Validation Loss: 2.2595
Validation Loss: 0.9601
Validation Loss: 0.5443
Validation Loss: 0.8614
Validation Loss: 0.5243
Validation Loss: 0.3271
Validation Loss: 1.1657
Validation Loss: 0.2166
Validation Loss: 0.1857
Validation Loss: 0.2172
Validation Loss: 0.3078
Validation Loss: 0.1526
Validation Loss: 0.2215
Validation Loss: 0.3845
Validation Loss: 0.8851
Validation Loss: 0.1605
Validation Loss: 0.1552
Validation Loss: 0.1466
Validation Loss: 0.1411
Validation Loss: 0.1203
Validation Loss: 0.1156
Validation Loss: 0.3450
Validation Loss: 0.1180
Validation Loss: 0.1030
Validation Loss: 0.1855
Validation Loss: 0.1642
Validation Loss: 0.2433
Validation Loss: 1.4290
Validation Loss: 0.5156
Validation Loss: 0.1791
Validation Loss: 0.1613
Validation Loss: 0.1320
Validation Loss: 0.1251
Validation Loss: 0.1144
Validation Loss: 0.1175
Validation Loss: 0.1091
Validation Loss: 0.1049
Validation Loss: 0.1226
Validation Loss: 0.0854
NPP sigma=0.5 Test loss:54.012, R2 loss:-26.053, GP Test loss:54.012, GP R2 loss:-26.053
training start for sigma:0.5
Validation Loss: 65.8979
Validation Loss: 6.6808
Validation Loss: 0.9516
Validation Loss: 0.5966
Validation Loss: 0.4309
Validation Loss: 0.3508
Validation Loss: 0.2773
Validation Loss: 0.3084
Validation Loss: 0.2536
Validation Loss: 0.2353
Validation Loss: 0.2455
Validation Loss: 0.2407
Validation Loss: 0.2696
Validation Loss: 0.1885
Validation Loss: 0.3179
Validation Loss: 0.1728
Validation Loss: 0.1900
Validation Loss: 0.2479
Validation Loss: 0.1610
Validation Loss: 0.1686
Validation Loss: 0.2393
Validation Loss: 0.1602
Validation Loss: 0.5368
Validation Loss: 0.1589
Validation Loss: 0.1243
Validation Loss: 0.1463
Validation Loss: 0.1544
Validation Loss: 0.2543
Validation Loss: 0.1344
Validation Loss: 0.1413
Validation Loss: 0.1812
Validation Loss: 0.2091
Validation Loss: 0.1174
Validation Loss: 0.1335
Validation Loss: 0.1464
Validation Loss: 1.4108
Validation Loss: 1.5621
Validation Loss: 0.1452
Validation Loss: 0.1055
Validation Loss: 0.0941
NPP sigma=0.5 Test loss:62.977, R2 loss:-204.849, GP Test loss:62.977, GP R2 loss:-204.849
metrics saved
start saving losses!
