training start for sigma:0.0
Validation Loss: 1.9109
Validation Loss: 1.9228
Validation Loss: 1.9035
New LR:  0.001
Validation Loss: 1.8419
Validation Loss: 1.8436
New LR:  0.0001
Validation Loss: 1.9043
Validation Loss: 1.8896
Validation Loss: 1.7991
Validation Loss: 1.9122
Validation Loss: 1.8691
Validation Loss: 1.8682
Validation Loss: 1.7953
Validation Loss: 1.8843
Validation Loss: 1.7179
Validation Loss: 1.8734
Validation Loss: 1.9438
Validation Loss: 1.8730
Validation Loss: 1.8179
Validation Loss: 1.9796
Validation Loss: 2.0222
Validation Loss: 1.8845
Validation Loss: 1.8314
Validation Loss: 1.8844
Validation Loss: 1.9906
Validation Loss: 1.8554
Validation Loss: 1.7949
Validation Loss: 1.9351
Validation Loss: 1.8575
Early stopping after 140 epochs.
MSE Test loss:1.579
R2 Test loss:-0.190
metrics saved
start saving losses!
Time Elapsed: 0.3167849705616633 hours
