training start for sigma:1.0
Validation Loss: 71.2885
Validation Loss: 69.8818
Validation Loss: 69.1349
New LR:  0.0008
Validation Loss: 69.4295
Validation Loss: 70.7914
New LR:  0.00064
Validation Loss: 71.8651
Validation Loss: 69.6737
New LR:  0.0005120000000000001
Validation Loss: 72.7234
Validation Loss: 69.6524
New LR:  0.0004096000000000001
Validation Loss: 73.3103
Validation Loss: 69.3393
Validation Loss: 68.5293
New LR:  0.0003276800000000001
Validation Loss: 71.5594
Validation Loss: 71.5304
New LR:  0.0002621440000000001
Validation Loss: 70.0249
Validation Loss: 69.9009
New LR:  0.00020971520000000012
Validation Loss: 70.2855
Validation Loss: 69.9067
New LR:  0.0001677721600000001
Validation Loss: 69.6860
Validation Loss: 71.5092
New LR:  0.00013421772800000008
Validation Loss: 71.1908
Validation Loss: 72.0263
Validation Loss: 71.6975
New LR:  0.00010737418240000007
Validation Loss: 70.7214
Validation Loss: 70.9920
New LR:  0.0001
Validation Loss: 67.8060
Validation Loss: 70.8930
Validation Loss: 71.0456
Validation Loss: 69.2075
Validation Loss: 70.2249
Validation Loss: 72.2578
Validation Loss: 70.2324
Validation Loss: 70.9443
Validation Loss: 71.2928
Validation Loss: 70.5459
Validation Loss: 68.3228
Validation Loss: 71.5093
Validation Loss: 71.2695
Validation Loss: 71.0046
Validation Loss: 70.1831
NPP sigma=1.0 Test loss:110.422, R2 loss:-0.599, GP Test loss:110.422, GP R2 loss:-0.599
training start for sigma:1.0
Validation Loss: 46.2783
Validation Loss: 33.2993
Validation Loss: 33.2366
Validation Loss: 33.0274
Validation Loss: 32.3674
Validation Loss: 1.2698
Validation Loss: 0.8329
Validation Loss: 0.7249
Validation Loss: 0.6623
Validation Loss: 0.6073
Validation Loss: 0.5761
Validation Loss: 0.6195
Validation Loss: 0.6455
Validation Loss: 0.5020
Validation Loss: 0.4751
Validation Loss: 0.4483
Validation Loss: 0.4649
Validation Loss: 0.4971
Validation Loss: 0.4262
Validation Loss: 0.4050
Validation Loss: 0.4259
Validation Loss: 0.4857
New LR:  0.0008
Validation Loss: 0.4089
Validation Loss: 0.3784
Validation Loss: 0.3799
Validation Loss: 0.3861
Validation Loss: 0.3717
Validation Loss: 0.3698
Validation Loss: 0.3892
Validation Loss: 0.3630
Validation Loss: 0.3596
Validation Loss: 0.4422
Validation Loss: 0.3479
Validation Loss: 0.3673
Validation Loss: 0.3628
Validation Loss: 0.3416
Validation Loss: 0.3426
Validation Loss: 0.3501
New LR:  0.00064
Validation Loss: 0.3295
Validation Loss: 0.3226
NPP sigma=1.0 Test loss:0.123, R2 loss:0.998, GP Test loss:0.123, GP R2 loss:0.998
training start for sigma:1.0
Validation Loss: 70.6535
Validation Loss: 70.0640
Validation Loss: 69.5417
New LR:  0.0008
Validation Loss: 70.8231
Validation Loss: 71.7323
Validation Loss: 70.1584
Validation Loss: 70.0445
New LR:  0.00064
Validation Loss: 71.6200
Validation Loss: 69.9172
Validation Loss: 69.8645
Validation Loss: 70.3632
New LR:  0.0005120000000000001
Validation Loss: 70.7866
Validation Loss: 68.5817
New LR:  0.0004096000000000001
Validation Loss: 70.7477
Validation Loss: 69.9621
Validation Loss: 72.1843
New LR:  0.0003276800000000001
Validation Loss: 69.5623
Validation Loss: 69.5969
New LR:  0.0002621440000000001
Validation Loss: 69.0805
Validation Loss: 70.3508
New LR:  0.00020971520000000012
Validation Loss: 70.9206
Validation Loss: 70.7963
New LR:  0.0001677721600000001
Validation Loss: 72.0244
Validation Loss: 72.2059
New LR:  0.00013421772800000008
Validation Loss: 69.4074
Validation Loss: 68.7634
Validation Loss: 69.9224
New LR:  0.00010737418240000007
Early stopping after 135 epochs.
NPP sigma=1.0 Test loss:110.422, R2 loss:-0.599, GP Test loss:110.422, GP R2 loss:-0.599
metrics saved
start saving losses!
Best Learning Rate for NPP sigma=1.0: 0.0251188643150958
training start for sigma:1.0
Validation Loss: 69.1066
Validation Loss: 71.1128
Validation Loss: 70.0106
Validation Loss: 72.3172
Validation Loss: 72.2174
Validation Loss: 71.5179
Validation Loss: 69.6115
Validation Loss: 68.7169
Validation Loss: 71.1847
Validation Loss: 71.7020
Validation Loss: 72.7705
Validation Loss: 70.9975
Validation Loss: 71.7811
Validation Loss: 71.4254
Validation Loss: 71.7950
Validation Loss: 71.1234
Validation Loss: 70.5545
Validation Loss: 69.5669
Validation Loss: 71.9620
Validation Loss: 70.5643
Validation Loss: 70.3679
Validation Loss: 69.7641
Early stopping after 110 epochs.
NPP sigma=1.0 Test loss:110.422, R2 loss:-0.599, GP Test loss:110.422, GP R2 loss:-0.599
training start for sigma:1.0
Validation Loss: 70.7024
Validation Loss: 68.6291
Validation Loss: 66.5534
Validation Loss: 66.0458
Validation Loss: 64.3669
Validation Loss: 66.5485
Validation Loss: 65.3158
Validation Loss: 65.7843
Validation Loss: 67.5912
Validation Loss: 66.1098
Validation Loss: 65.4936
Validation Loss: 65.4971
Validation Loss: 66.1068
Validation Loss: 65.0043
Validation Loss: 66.7766
Validation Loss: 64.9993
Validation Loss: 65.2745
Validation Loss: 66.5317
Validation Loss: 65.1881
Early stopping after 95 epochs.
NPP sigma=1.0 Test loss:100.386, R2 loss:-0.446, GP Test loss:100.386, GP R2 loss:-0.446
training start for sigma:1.0
Validation Loss: 67.4341
Validation Loss: 67.3037
Validation Loss: 63.7492
Validation Loss: 65.8182
Validation Loss: 66.1126
Validation Loss: 65.5704
Validation Loss: 65.4753
Validation Loss: 64.2785
Validation Loss: 65.5440
Validation Loss: 66.5928
Validation Loss: 64.1120
Validation Loss: 65.4796
Validation Loss: 63.6445
Validation Loss: 66.7813
Validation Loss: 65.5499
Validation Loss: 64.5642
Validation Loss: 66.7885
Validation Loss: 65.9371
Validation Loss: 65.1900
Validation Loss: 65.1753
Validation Loss: 64.4295
Validation Loss: 66.1478
Validation Loss: 65.1808
Validation Loss: 67.2666
Validation Loss: 66.0224
Validation Loss: 64.6075
Validation Loss: 63.8480
Early stopping after 135 epochs.
NPP sigma=1.0 Test loss:97.323, R2 loss:-0.401, GP Test loss:97.323, GP R2 loss:-0.401
metrics saved
start saving losses!
