training start for sigma:0.2
Validation Loss: 94.6775
Validation Loss: 95.5685
Validation Loss: 94.1999
New LR:  0.008
Validation Loss: 94.6014
Validation Loss: 94.7085
New LR:  0.0064
Validation Loss: 94.3567
Validation Loss: 95.4321
Validation Loss: 94.4357
Validation Loss: 94.8206
New LR:  0.00512
Validation Loss: 95.8270
Validation Loss: 94.9870
New LR:  0.004096000000000001
Validation Loss: 95.3977
Validation Loss: 94.8262
Validation Loss: 94.9978
New LR:  0.0032768000000000007
Validation Loss: 94.7958
Validation Loss: 95.8128
New LR:  0.002621440000000001
Validation Loss: 95.0184
Early stopping after 85 epochs.
NPP sigma=0.2 Test loss:94.420, R2 loss:-0.207, GP Test loss:94.420, GP R2 loss:-0.207
training start for sigma:0.2
Validation Loss: 95.9125
Validation Loss: 89.3916
Validation Loss: 88.9919
Validation Loss: 87.8145
Validation Loss: 82.4506
Validation Loss: 75.7887
Validation Loss: 74.4090
Validation Loss: 72.9893
Validation Loss: 73.0304
Validation Loss: 72.0669
Validation Loss: 71.9821
Validation Loss: 72.2982
Validation Loss: 72.7439
Validation Loss: 72.8498
Validation Loss: 71.2582
Validation Loss: 72.0529
Validation Loss: 72.3729
New LR:  0.008
Validation Loss: 72.1713
Validation Loss: 72.1042
New LR:  0.0064
Validation Loss: 71.7043
Validation Loss: 70.7497
Validation Loss: 72.4769
Validation Loss: 71.6022
Validation Loss: 71.4981
New LR:  0.00512
Validation Loss: 71.8386
Validation Loss: 71.1845
Validation Loss: 72.0535
New LR:  0.004096000000000001
Validation Loss: 71.9954
Validation Loss: 72.2915
New LR:  0.0032768000000000007
Validation Loss: 72.0121
Validation Loss: 71.2314
Validation Loss: 71.7442
New LR:  0.002621440000000001
Validation Loss: 71.4542
Validation Loss: 71.4733
New LR:  0.002097152000000001
Validation Loss: 71.2930
Early stopping after 175 epochs.
NPP sigma=0.2 Test loss:71.138, R2 loss:0.096, GP Test loss:71.138, GP R2 loss:0.096
training start for sigma:0.2
Validation Loss: 82.2219
Validation Loss: 62.6813
Validation Loss: 43.5477
Validation Loss: 40.5595
Validation Loss: 41.2477
Validation Loss: 40.3105
Validation Loss: 41.5569
Validation Loss: 40.7467
Validation Loss: 41.3217
Validation Loss: 41.8736
Validation Loss: 41.9987
Validation Loss: 40.8419
Validation Loss: 40.6402
Validation Loss: 40.7587
Validation Loss: 40.4315
Validation Loss: 40.5594
New LR:  0.008
Validation Loss: 41.3237
Validation Loss: 40.2993
Validation Loss: 40.3112
Validation Loss: 40.9999
Validation Loss: 40.9984
New LR:  0.0064
Validation Loss: 41.4733
Validation Loss: 39.8184
Validation Loss: 41.1805
Validation Loss: 40.1435
Validation Loss: 40.4341
Validation Loss: 40.5804
Validation Loss: 40.3166
Validation Loss: 39.4378
Validation Loss: 38.7317
Validation Loss: 40.2500
Validation Loss: 39.4543
Validation Loss: 38.8138
Validation Loss: 40.5196
New LR:  0.00512
Validation Loss: 39.7492
Validation Loss: 39.3663
New LR:  0.004096000000000001
Validation Loss: 39.1871
Validation Loss: 40.0436
Validation Loss: 39.4390
Validation Loss: 38.7965
New LR:  0.0032768000000000007
NPP sigma=0.2 Test loss:38.658, R2 loss:0.519, GP Test loss:38.658, GP R2 loss:0.519
metrics saved
start saving losses!
Best Learning Rate for NPP sigma=0.2: 0.0015848931924611134
training start for sigma:0.2
Validation Loss: 95.4625
Validation Loss: 94.9988
Validation Loss: 95.6049
Validation Loss: 94.9834
Validation Loss: 94.4420
Validation Loss: 95.4190
Validation Loss: 96.0209
Validation Loss: 93.9207
Validation Loss: 94.7290
Validation Loss: 95.0943
Validation Loss: 94.6517
Validation Loss: 95.6254
Validation Loss: 95.4035
Validation Loss: 95.4872
Validation Loss: 94.9009
Validation Loss: 94.1573
Validation Loss: 94.7738
Validation Loss: 94.8871
Validation Loss: 95.5138
Validation Loss: 94.9079
Validation Loss: 95.0935
Validation Loss: 95.1924
Early stopping after 110 epochs.
NPP sigma=0.2 Test loss:94.420, R2 loss:-0.207, GP Test loss:94.420, GP R2 loss:-0.207
training start for sigma:0.2
Validation Loss: 94.8700
Validation Loss: 95.0660
Validation Loss: 94.4287
Validation Loss: 95.4001
Validation Loss: 95.4165
Validation Loss: 95.3663
Validation Loss: 95.4365
Validation Loss: 95.0952
Validation Loss: 95.1408
Validation Loss: 94.5115
Validation Loss: 94.0380
Validation Loss: 95.8641
Validation Loss: 94.8268
Validation Loss: 94.5913
Validation Loss: 95.8287
Validation Loss: 94.5207
Validation Loss: 96.2837
Validation Loss: 95.5354
Validation Loss: 94.0225
Validation Loss: 95.7483
Validation Loss: 95.3144
Validation Loss: 95.6564
Validation Loss: 95.5115
Validation Loss: 96.0587
Validation Loss: 95.0144
Validation Loss: 94.7048
Validation Loss: 95.3360
Validation Loss: 95.9156
Validation Loss: 95.3295
Validation Loss: 95.4535
Validation Loss: 94.3315
Validation Loss: 94.9930
Validation Loss: 95.5219
Early stopping after 165 epochs.
NPP sigma=0.2 Test loss:94.420, R2 loss:-0.207, GP Test loss:94.420, GP R2 loss:-0.207
training start for sigma:0.2
Validation Loss: 83.8177
Validation Loss: 69.7304
Validation Loss: 44.8939
Validation Loss: 32.6744
Validation Loss: 28.4885
Validation Loss: 28.7051
Validation Loss: 28.0032
Validation Loss: 27.5755
Validation Loss: 29.1122
Validation Loss: 28.0263
Validation Loss: 27.9774
Validation Loss: 27.5545
Validation Loss: 28.1283
Validation Loss: 27.8003
Validation Loss: 28.1489
Validation Loss: 27.5937
Validation Loss: 27.4728
Validation Loss: 27.1809
Validation Loss: 28.0512
Validation Loss: 27.7774
Validation Loss: 27.5704
Validation Loss: 27.7436
Validation Loss: 28.7621
Validation Loss: 28.0415
Validation Loss: 27.6197
Validation Loss: 27.8141
Validation Loss: 27.8286
Validation Loss: 27.4526
Validation Loss: 27.6167
Validation Loss: 27.5594
Validation Loss: 27.8460
Validation Loss: 28.3745
Early stopping after 160 epochs.
NPP sigma=0.2 Test loss:26.180, R2 loss:0.682, GP Test loss:26.180, GP R2 loss:0.682
metrics saved
start saving losses!
