new model saved at 0 epoch with global_best_val_loss: 102.4070816040039
Validation Loss: 102.4071
new model saved at 5 epoch with global_best_val_loss: 100.45640182495117
Validation Loss: 100.4564
Validation Loss: 101.0483
Validation Loss: 104.2895
Validation Loss: 100.8095
new model saved at 25 epoch with global_best_val_loss: 98.94156646728516
Validation Loss: 98.9416
New LR:  0.0008
Validation Loss: 103.8087
Validation Loss: 101.7437
New LR:  0.00064
new model saved at 40 epoch with global_best_val_loss: 98.35654830932617
Validation Loss: 98.3565
Validation Loss: 102.0100
Validation Loss: 101.4472
New LR:  0.0005120000000000001
Validation Loss: 102.9170
Validation Loss: 100.7812
New LR:  0.0004096000000000001
Validation Loss: 102.5172
new model saved at 70 epoch with global_best_val_loss: 97.36006164550781
Validation Loss: 97.3601
New LR:  0.0003276800000000001
Validation Loss: 103.0998
Validation Loss: 105.7706
New LR:  0.0002621440000000001
Validation Loss: 103.0660
Validation Loss: 101.6771
New LR:  0.00020971520000000012
Validation Loss: 102.9772
Validation Loss: 98.4834
Validation Loss: 101.3894
New LR:  0.0001677721600000001
Validation Loss: 98.8032
Validation Loss: 102.1439
New LR:  0.00013421772800000008
Early stopping after 120 epochs.
Percent: 0.0| Loss: 119.5473747253418, R2: 0.0234375
Percent: 0.25| Loss: 118.48940849304199, R2: -3.5653885730592686e+44
Percent: 0.5| Loss: 116.51576805114746, R2: -7.307758167748403e+45
Percent: 0.75| Loss: 115.30233383178711, R2: -1.1116320488454814e+46
Percent: 1.0| Loss: 111.59713172912598, R2: -5.503449715954097e+43
new model saved at 0 epoch with global_best_val_loss: 70.870849609375
Validation Loss: 70.8708
new model saved at 5 epoch with global_best_val_loss: 44.22987937927246
Validation Loss: 44.2299
new model saved at 10 epoch with global_best_val_loss: 26.098698616027832
Validation Loss: 26.0987
new model saved at 15 epoch with global_best_val_loss: 24.980891227722168
Validation Loss: 24.9809
Validation Loss: 26.9985
new model saved at 25 epoch with global_best_val_loss: 19.23820400238037
Validation Loss: 19.2382
new model saved at 30 epoch with global_best_val_loss: 17.32668113708496
Validation Loss: 17.3267
new model saved at 35 epoch with global_best_val_loss: 15.726905822753906
Validation Loss: 15.7269
new model saved at 40 epoch with global_best_val_loss: 14.662451267242432
Validation Loss: 14.6625
new model saved at 45 epoch with global_best_val_loss: 14.554766654968262
Validation Loss: 14.5548
new model saved at 50 epoch with global_best_val_loss: 14.138861179351807
Validation Loss: 14.1389
Validation Loss: 16.9187
Validation Loss: 14.8500
new model saved at 65 epoch with global_best_val_loss: 13.906006813049316
Validation Loss: 13.9060
Validation Loss: 14.8328
Validation Loss: 14.5854
Validation Loss: 14.0260
Validation Loss: 14.1729
Validation Loss: 14.6597
Validation Loss: 14.2228
Validation Loss: 14.7981
Validation Loss: 14.7836
Validation Loss: 15.7796
Early stopping after 115 epochs.
Percent: 0.0| Loss: 13.09505558013916, R2: 0.5249964727807537
Percent: 0.25| Loss: 12.95907211303711, R2: 0.5221289914403122
Percent: 0.5| Loss: 12.651675462722778, R2: 0.5274972887634113
Percent: 0.75| Loss: 12.53899335861206, R2: 0.5278610156010632
Percent: 1.0| Loss: 12.142137289047241, R2: 0.573332160776211
Validation Loss: 79.5360
Validation Loss: 46.3124
Validation Loss: 18.4340
Validation Loss: 16.3818
Validation Loss: 16.4039
Validation Loss: 15.4454
Validation Loss: 16.4198
Validation Loss: 19.5497
Validation Loss: 16.0087
Validation Loss: 15.1208
Validation Loss: 14.1732
Validation Loss: 15.3664
new model saved at 60 epoch with global_best_val_loss: 13.663232803344727
Validation Loss: 13.6632
Validation Loss: 13.8789
Validation Loss: 14.0790
Validation Loss: 13.8913
new model saved at 80 epoch with global_best_val_loss: 13.489836692810059
Validation Loss: 13.4898
Validation Loss: 13.8948
Validation Loss: 14.6196
Validation Loss: 14.2292
Validation Loss: 13.9790
Validation Loss: 14.9553
Validation Loss: 16.3472
Validation Loss: 15.4755
Validation Loss: 15.9765
Validation Loss: 16.5774
Early stopping after 130 epochs.
Percent: 0.0| Loss: 15.023144483566284, R2: -0.9900266639657944
Percent: 0.25| Loss: 14.91758680343628, R2: -19180941123.693676
Percent: 0.5| Loss: 14.580291032791138, R2: -19180941123.67767
Percent: 0.75| Loss: 14.488367080688477, R2: -19180941123.67457
Percent: 1.0| Loss: 14.260649681091309, R2: -19919284972.12442
Percent testing 0.0
Percent: 0.0| Loss: 15.023144483566284, R2: -0.9900266639657944
Percent testing 0.25
Percent: 0.25| Loss: 14.91758680343628, R2: -19180941123.693676
Percent testing 0.5
Percent: 0.5| Loss: 14.580291032791138, R2: -19180941123.67767
Percent testing 0.75
Percent: 0.75| Loss: 14.488367080688477, R2: -19180941123.67457
Percent testing 1.0
Percent: 1.0| Loss: 14.260649681091309, R2: -19919284972.12442
metrics saved
start saving losses!
Time Elapsed: 0.24591837690936194 hours
