training start for sigma:0.2
Validation Loss: 66.4579
Validation Loss: 36.6970
Validation Loss: 25.2315
Validation Loss: 23.4667
Validation Loss: 16.8570
Validation Loss: 15.2574
Validation Loss: 13.2855
Validation Loss: 13.5558
Validation Loss: 14.0284
Validation Loss: 11.9535
Validation Loss: 11.9739
Validation Loss: 11.9321
Validation Loss: 13.2217
Validation Loss: 11.9269
Validation Loss: 11.5621
Validation Loss: 11.2396
Validation Loss: 11.2106
Validation Loss: 11.6509
Validation Loss: 11.4058
Validation Loss: 11.1824
Validation Loss: 11.4062
Validation Loss: 14.0713
Validation Loss: 11.4837
Validation Loss: 11.0567
Validation Loss: 10.9853
Validation Loss: 11.1911
Validation Loss: 11.0438
Validation Loss: 10.8344
Validation Loss: 11.3182
Validation Loss: 10.7638
Validation Loss: 11.8529
Validation Loss: 11.3005
Validation Loss: 11.1308
Validation Loss: 11.4516
Validation Loss: 11.4225
Validation Loss: 11.0688
Validation Loss: 12.5615
Validation Loss: 11.2449
Validation Loss: 11.1031
Validation Loss: 11.5143
NPP sigma=0.2 Test loss:9.616, R2 loss:0.839, GP Test loss:9.616, GP R2 loss:0.839
training start for sigma:0.2
Validation Loss: 74.1989
Validation Loss: 33.5531
Validation Loss: 26.0211
Validation Loss: 25.7021
Validation Loss: 22.0058
Validation Loss: 15.5798
Validation Loss: 13.5791
Validation Loss: 13.0228
Validation Loss: 13.8377
Validation Loss: 12.7723
Validation Loss: 15.1892
Validation Loss: 11.7490
Validation Loss: 13.7676
Validation Loss: 12.5407
New LR:  0.0008
Validation Loss: 11.3674
Validation Loss: 12.3176
Validation Loss: 11.2644
Validation Loss: 11.7971
Validation Loss: 11.8626
Validation Loss: 11.5822
Validation Loss: 11.5202
Validation Loss: 11.6722
Validation Loss: 11.3213
Validation Loss: 11.4578
Validation Loss: 11.9982
Validation Loss: 12.0348
Validation Loss: 11.5236
Validation Loss: 11.1233
Validation Loss: 11.7676
Validation Loss: 11.2136
Validation Loss: 11.0111
Validation Loss: 11.1601
Validation Loss: 11.4871
Validation Loss: 11.2232
Validation Loss: 10.8092
Validation Loss: 11.7479
Validation Loss: 11.3281
Validation Loss: 11.0422
Validation Loss: 11.2931
Validation Loss: 11.0990
NPP sigma=0.2 Test loss:9.472, R2 loss:0.837, GP Test loss:9.472, GP R2 loss:0.837
training start for sigma:0.2
Validation Loss: 80.6918
Validation Loss: 28.0370
Validation Loss: 26.1048
Validation Loss: 24.6818
Validation Loss: 17.0693
Validation Loss: 15.8118
Validation Loss: 13.1254
Validation Loss: 13.3170
Validation Loss: 12.0110
Validation Loss: 14.1174
Validation Loss: 11.6455
Validation Loss: 12.0898
Validation Loss: 11.4263
Validation Loss: 12.6621
Validation Loss: 12.7761
Validation Loss: 12.1382
Validation Loss: 10.9102
Validation Loss: 11.4729
Validation Loss: 11.6866
Validation Loss: 10.9518
Validation Loss: 11.9732
Validation Loss: 11.2928
Validation Loss: 13.1606
Validation Loss: 11.2146
Validation Loss: 11.4823
Validation Loss: 11.4748
Validation Loss: 11.4478
Validation Loss: 12.7350
Validation Loss: 13.4923
Validation Loss: 11.3921
Validation Loss: 11.4308
Early stopping after 155 epochs.
NPP sigma=0.2 Test loss:10.764, R2 loss:0.812, GP Test loss:10.764, GP R2 loss:0.812
metrics saved
start saving losses!
Best Learning Rate for NPP sigma=0.2: 0.01
training start for sigma:0.2
Validation Loss: 98.2374
Validation Loss: 58.4396
Validation Loss: 52.9330
Validation Loss: 43.6981
Validation Loss: 45.2334
Validation Loss: 46.3850
Validation Loss: 43.5990
Validation Loss: 44.4987
Validation Loss: 43.8763
Validation Loss: 45.1173
Validation Loss: 45.4828
Validation Loss: 44.7872
Validation Loss: 45.3625
Validation Loss: 45.9613
Validation Loss: 44.4246
Validation Loss: 44.8723
Validation Loss: 43.8440
Validation Loss: 43.8790
Validation Loss: 43.3450
Validation Loss: 44.5352
Validation Loss: 45.6109
Validation Loss: 44.4330
Validation Loss: 44.7185
Validation Loss: 45.3371
Validation Loss: 45.2209
Validation Loss: 43.8870
Validation Loss: 46.3110
Validation Loss: 44.7849
Validation Loss: 44.1375
Validation Loss: 43.8667
Validation Loss: 45.2652
Validation Loss: 44.1656
Validation Loss: 44.7952
Early stopping after 165 epochs.
NPP sigma=0.2 Test loss:47.073, R2 loss:0.247, GP Test loss:47.073, GP R2 loss:0.247
training start for sigma:0.2
Validation Loss: 96.6262
Validation Loss: 59.5819
Validation Loss: 46.1065
Validation Loss: 46.1660
Validation Loss: 44.8399
Validation Loss: 44.5521
Validation Loss: 44.9973
Validation Loss: 45.5424
Validation Loss: 44.7359
Validation Loss: 44.8931
Validation Loss: 43.9043
Validation Loss: 45.2253
Validation Loss: 44.6468
Validation Loss: 43.8343
Validation Loss: 45.1718
Validation Loss: 43.6722
Validation Loss: 44.9644
Validation Loss: 44.8223
Validation Loss: 44.1292
Validation Loss: 45.6100
Validation Loss: 44.6121
Validation Loss: 45.1432
Validation Loss: 45.1469
Validation Loss: 44.3132
Validation Loss: 44.5547
Validation Loss: 44.3809
Validation Loss: 45.4598
Validation Loss: 43.7173
Validation Loss: 44.4068
Validation Loss: 44.0907
Early stopping after 150 epochs.
NPP sigma=0.2 Test loss:46.888, R2 loss:0.239, GP Test loss:46.888, GP R2 loss:0.239
training start for sigma:0.2
Validation Loss: 97.7648
Validation Loss: 78.6202
Validation Loss: 68.9914
Validation Loss: 69.5514
Validation Loss: 69.5006
Validation Loss: 69.0345
Validation Loss: 67.6998
Validation Loss: 68.5791
Validation Loss: 67.2591
Validation Loss: 67.3470
Validation Loss: 69.4510
Validation Loss: 66.9936
Validation Loss: 68.1596
Validation Loss: 69.0068
Validation Loss: 68.8700
Validation Loss: 68.7933
Validation Loss: 68.3962
Validation Loss: 68.1680
Validation Loss: 68.3109
Validation Loss: 67.8707
Validation Loss: 68.3868
Validation Loss: 68.6524
Validation Loss: 68.7764
Validation Loss: 69.2840
Validation Loss: 67.6682
Validation Loss: 69.1201
Early stopping after 130 epochs.
NPP sigma=0.2 Test loss:72.187, R2 loss:-0.108, GP Test loss:72.187, GP R2 loss:-0.108
metrics saved
start saving losses!
