training start for sigma:1.0
Validation Loss: 77.4765
Validation Loss: 77.6237
Validation Loss: 77.7414
New LR:  0.008
Validation Loss: 77.5017
Validation Loss: 77.6359
New LR:  0.0064
Validation Loss: 77.6832
Validation Loss: 77.6952
New LR:  0.00512
Validation Loss: 77.5122
Validation Loss: 77.7865
New LR:  0.004096000000000001
Validation Loss: 77.7244
Validation Loss: 77.5155
New LR:  0.0032768000000000007
Validation Loss: 77.6054
Validation Loss: 77.6932
Validation Loss: 77.3497
New LR:  0.002621440000000001
Validation Loss: 77.6421
Validation Loss: 77.6328
New LR:  0.002097152000000001
Validation Loss: 77.8571
Validation Loss: 77.5451
New LR:  0.001677721600000001
Validation Loss: 77.6734
Validation Loss: 77.5671
New LR:  0.0013421772800000008
Validation Loss: 77.5688
Validation Loss: 77.3105
New LR:  0.0010737418240000006
Validation Loss: 77.4017
Validation Loss: 77.8511
Validation Loss: 77.4574
New LR:  0.0008589934592000006
Validation Loss: 77.5970
Validation Loss: 77.7001
New LR:  0.0006871947673600005
Validation Loss: 77.7033
Validation Loss: 77.6884
New LR:  0.0005497558138880005
Validation Loss: 77.4964
Validation Loss: 77.7316
New LR:  0.0004398046511104004
Validation Loss: 77.8695
Validation Loss: 77.3559
New LR:  0.00035184372088832035
Validation Loss: 77.7957
Validation Loss: 77.7615
Validation Loss: 77.5183
New LR:  0.0002814749767106563
Early stopping after 180 epochs.
NPP sigma=1.0 Test loss:80.054, R2 loss:-0.618, GP Test loss:80.054, GP R2 loss:-0.618
training start for sigma:1.0
Validation Loss: 75.4801
Validation Loss: 57.0580
Validation Loss: 43.0042
Validation Loss: 41.1665
Validation Loss: 41.1521
Validation Loss: 41.1063
Validation Loss: 41.0548
Validation Loss: 41.0810
Validation Loss: 41.0671
Validation Loss: 41.0946
New LR:  0.008
Validation Loss: 40.9840
Validation Loss: 41.0712
Validation Loss: 41.0459
New LR:  0.0064
Validation Loss: 41.0286
Validation Loss: 40.9700
Validation Loss: 41.0818
Validation Loss: 41.0967
New LR:  0.00512
Validation Loss: 41.0055
Validation Loss: 41.0518
Validation Loss: 41.1301
Validation Loss: 40.9780
New LR:  0.004096000000000001
Validation Loss: 41.1052
Validation Loss: 41.0982
New LR:  0.0032768000000000007
Validation Loss: 41.2151
Validation Loss: 40.9583
New LR:  0.002621440000000001
Validation Loss: 41.0446
Validation Loss: 41.1524
Validation Loss: 40.9832
New LR:  0.002097152000000001
Validation Loss: 41.0070
Validation Loss: 40.9968
Validation Loss: 41.0277
New LR:  0.001677721600000001
Validation Loss: 41.0363
Validation Loss: 41.0773
New LR:  0.0013421772800000008
Validation Loss: 40.9545
Validation Loss: 41.0469
New LR:  0.0010737418240000006
Validation Loss: 41.0530
Validation Loss: 41.0647
Validation Loss: 40.9910
New LR:  0.0008589934592000006
Validation Loss: 41.0175
Validation Loss: 41.0796
New LR:  0.0006871947673600005
NPP sigma=1.0 Test loss:104.068, R2 loss:-1.988, GP Test loss:104.068, GP R2 loss:-1.988
training start for sigma:1.0
Validation Loss: 75.3700
Validation Loss: 54.2184
Validation Loss: 32.9855
Validation Loss: 30.2867
Validation Loss: 30.3686
Validation Loss: 30.2375
Validation Loss: 30.3325
Validation Loss: 30.2821
Validation Loss: 30.2300
New LR:  0.008
Validation Loss: 30.1984
Validation Loss: 30.2008
New LR:  0.0064
Validation Loss: 30.3080
Validation Loss: 30.1391
Validation Loss: 30.1726
Validation Loss: 30.3352
New LR:  0.00512
Validation Loss: 30.2199
Validation Loss: 30.1719
Validation Loss: 30.2138
New LR:  0.004096000000000001
Validation Loss: 30.2033
Validation Loss: 30.1306
Validation Loss: 30.2195
New LR:  0.0032768000000000007
Validation Loss: 30.1697
Validation Loss: 30.1018
New LR:  0.002621440000000001
Validation Loss: 30.1047
Validation Loss: 30.1618
Validation Loss: 30.1872
New LR:  0.002097152000000001
Validation Loss: 30.2730
Validation Loss: 30.1019
New LR:  0.001677721600000001
Validation Loss: 30.1093
Validation Loss: 30.1588
Validation Loss: 30.1395
New LR:  0.0013421772800000008
Validation Loss: 30.1571
Validation Loss: 30.1673
New LR:  0.0010737418240000006
Validation Loss: 30.1393
Validation Loss: 30.1297
Validation Loss: 30.1888
New LR:  0.0008589934592000006
Validation Loss: 30.1629
Early stopping after 185 epochs.
NPP sigma=1.0 Test loss:93.562, R2 loss:-1.626, GP Test loss:93.562, GP R2 loss:-1.626
metrics saved
start saving losses!
Best Learning Rate for NPP sigma=1.0: 0.01
training start for sigma:1.0
Validation Loss: 77.4094
Validation Loss: 77.7968
Validation Loss: 77.7121
Validation Loss: 77.4613
Validation Loss: 77.5125
Validation Loss: 77.5235
Validation Loss: 77.6536
Validation Loss: 77.6149
Validation Loss: 77.8171
Validation Loss: 77.5437
Validation Loss: 77.4612
Validation Loss: 77.4351
Validation Loss: 77.2515
Validation Loss: 77.4208
Validation Loss: 77.7295
Validation Loss: 77.7922
Validation Loss: 77.5690
Validation Loss: 77.6421
Validation Loss: 77.6720
Validation Loss: 77.4424
Validation Loss: 77.8497
Validation Loss: 77.2702
Validation Loss: 77.6148
Validation Loss: 77.5013
Validation Loss: 77.6061
Validation Loss: 77.6459
Validation Loss: 77.5435
Early stopping after 135 epochs.
NPP sigma=1.0 Test loss:80.054, R2 loss:-0.618, GP Test loss:80.054, GP R2 loss:-0.618
training start for sigma:1.0
Validation Loss: 77.6139
Validation Loss: 77.5047
Validation Loss: 77.5749
Validation Loss: 77.3875
Validation Loss: 77.5329
Validation Loss: 77.8569
Validation Loss: 77.5749
Validation Loss: 77.5860
Validation Loss: 77.3199
Validation Loss: 77.6957
Validation Loss: 77.6480
Validation Loss: 77.4116
Validation Loss: 77.4010
Validation Loss: 77.3407
Validation Loss: 78.0180
Validation Loss: 77.6736
Validation Loss: 77.4528
Validation Loss: 77.6077
Validation Loss: 77.4524
Validation Loss: 77.4557
Validation Loss: 77.3619
Validation Loss: 77.4879
Validation Loss: 77.2743
Validation Loss: 77.8347
Validation Loss: 77.5444
Validation Loss: 77.5129
Validation Loss: 77.4697
Validation Loss: 77.6450
Validation Loss: 77.7013
Validation Loss: 77.5399
Validation Loss: 77.9475
Validation Loss: 77.3420
Validation Loss: 77.5563
Validation Loss: 77.4937
Validation Loss: 77.6906
Validation Loss: 77.4748
Validation Loss: 77.8020
Early stopping after 185 epochs.
NPP sigma=1.0 Test loss:80.054, R2 loss:-0.618, GP Test loss:80.054, GP R2 loss:-0.618
training start for sigma:1.0
Validation Loss: 76.6781
Validation Loss: 29.2686
Validation Loss: 13.9057
Validation Loss: 13.7749
Validation Loss: 13.7131
Validation Loss: 13.5547
Validation Loss: 13.4970
Validation Loss: 13.5045
Validation Loss: 13.6496
Validation Loss: 13.4742
Validation Loss: 13.5137
Validation Loss: 13.4436
Validation Loss: 13.4623
Validation Loss: 13.5584
Validation Loss: 13.4354
Validation Loss: 13.7786
Validation Loss: 13.6012
Validation Loss: 13.6842
Validation Loss: 13.4259
Validation Loss: 13.4718
Validation Loss: 13.5587
Validation Loss: 13.4937
Validation Loss: 13.5204
Validation Loss: 13.6579
Validation Loss: 13.5776
Validation Loss: 13.4999
Validation Loss: 13.4248
Validation Loss: 13.4945
Validation Loss: 13.6281
Validation Loss: 13.5200
Validation Loss: 13.3819
Validation Loss: 13.6974
Validation Loss: 13.5133
Validation Loss: 13.4908
Validation Loss: 13.4635
Validation Loss: 13.4600
Validation Loss: 13.4241
Validation Loss: 13.4424
Validation Loss: 13.5204
Validation Loss: 13.5046
NPP sigma=1.0 Test loss:86.775, R2 loss:-1.300, GP Test loss:86.775, GP R2 loss:-1.300
metrics saved
start saving losses!
