training start for sigma:0.0
Validation Loss: 104.5922
Validation Loss: 101.2308
Validation Loss: 99.3389
Validation Loss: 101.2315
Validation Loss: 99.8652
Validation Loss: 105.0513
Validation Loss: 99.8254
New LR:  0.0008
Validation Loss: 103.5872
Validation Loss: 99.2601
New LR:  0.00064
Validation Loss: 104.5812
Validation Loss: 98.8201
New LR:  0.0005120000000000001
Validation Loss: 100.5198
Validation Loss: 103.7973
New LR:  0.0004096000000000001
Validation Loss: 104.2732
Validation Loss: 100.6208
New LR:  0.0003276800000000001
Validation Loss: 101.7805
Validation Loss: 100.9672
Validation Loss: 99.9095
New LR:  0.0002621440000000001
Validation Loss: 101.2335
Validation Loss: 102.8521
New LR:  0.00020971520000000012
Validation Loss: 103.4882
Validation Loss: 99.0355
New LR:  0.0001677721600000001
Validation Loss: 103.4046
Validation Loss: 100.8033
New LR:  0.00013421772800000008
Validation Loss: 99.3070
Validation Loss: 95.2417
New LR:  0.00010737418240000007
Validation Loss: 99.5769
Validation Loss: 104.5581
Validation Loss: 99.1687
New LR:  0.0001
Validation Loss: 102.8985
Validation Loss: 102.9192
Validation Loss: 101.6374
Validation Loss: 99.4395
Validation Loss: 102.2164
Validation Loss: 101.5404
Validation Loss: 102.3219
Validation Loss: 101.5053
Validation Loss: 102.7533
Validation Loss: 103.3777
Validation Loss: 104.5739
MSE Test loss:114.110
R2 Test loss:-1.126
training start for sigma:0.0
Validation Loss: 99.8847
Validation Loss: 97.4702
Validation Loss: 99.6924
New LR:  0.0008
Validation Loss: 101.6719
Validation Loss: 104.1618
New LR:  0.00064
Validation Loss: 101.1916
Validation Loss: 104.9937
New LR:  0.0005120000000000001
Validation Loss: 102.5062
Validation Loss: 103.6781
New LR:  0.0004096000000000001
Validation Loss: 103.4736
Validation Loss: 101.7750
Validation Loss: 100.5078
New LR:  0.0003276800000000001
Validation Loss: 95.6177
Validation Loss: 97.5577
Validation Loss: 103.3556
New LR:  0.0002621440000000001
Validation Loss: 103.1364
Validation Loss: 101.9362
New LR:  0.00020971520000000012
Validation Loss: 101.1786
Validation Loss: 101.5497
New LR:  0.0001677721600000001
Validation Loss: 99.5634
Validation Loss: 99.1553
New LR:  0.00013421772800000008
Validation Loss: 104.3325
Validation Loss: 100.7614
New LR:  0.00010737418240000007
Validation Loss: 101.0298
Validation Loss: 99.3203
Validation Loss: 104.5340
New LR:  0.0001
Validation Loss: 102.9660
Early stopping after 135 epochs.
MSE Test loss:114.110
R2 Test loss:-1.126
training start for sigma:0.0
Validation Loss: 55.0373
Validation Loss: 6.8954
Validation Loss: 2.1124
Validation Loss: 0.9859
Validation Loss: 0.9440
Validation Loss: 0.7688
Validation Loss: 0.7570
Validation Loss: 0.7292
Validation Loss: 0.9051
Validation Loss: 0.7083
Validation Loss: 0.6852
Validation Loss: 0.8341
Validation Loss: 0.6491
Validation Loss: 0.7287
Validation Loss: 0.6567
Validation Loss: 0.6209
Validation Loss: 0.6123
Validation Loss: 0.5907
Validation Loss: 0.6673
Validation Loss: 0.5703
Validation Loss: 0.6720
New LR:  0.0008
Validation Loss: 0.5641
Validation Loss: 0.6277
Validation Loss: 0.6208
Validation Loss: 0.6507
Validation Loss: 0.6472
Validation Loss: 0.5961
Validation Loss: 0.6108
Validation Loss: 0.5742
Validation Loss: 0.5749
Validation Loss: 0.6157
Validation Loss: 0.6617
Validation Loss: 0.5700
Validation Loss: 1.1354
New LR:  0.00064
Validation Loss: 0.5673
Validation Loss: 0.5146
Validation Loss: 0.5179
Validation Loss: 0.5455
Validation Loss: 0.5321
Validation Loss: 0.5342
MSE Test loss:0.202
R2 Test loss:0.982
metrics saved
start saving losses!
Best Learning Rate for MSE: 0.009999999999999997
training start for sigma:0.0
Validation Loss: 98.7284
Validation Loss: 101.2173
Validation Loss: 100.4879
Validation Loss: 98.2475
Validation Loss: 104.8875
Validation Loss: 101.3165
Validation Loss: 98.8509
Validation Loss: 101.8184
Validation Loss: 99.4208
Validation Loss: 101.4880
Validation Loss: 99.2134
Validation Loss: 99.1079
Validation Loss: 101.4763
Validation Loss: 102.9622
Validation Loss: 102.5560
Validation Loss: 97.9568
Validation Loss: 101.5353
Validation Loss: 100.2303
Validation Loss: 102.1092
Validation Loss: 102.9702
Validation Loss: 99.6305
Validation Loss: 99.3661
Validation Loss: 98.9634
Validation Loss: 97.6448
Validation Loss: 103.2126
Validation Loss: 100.9330
Validation Loss: 100.0425
Validation Loss: 102.4884
Validation Loss: 100.6173
Validation Loss: 105.9487
Validation Loss: 100.0812
Validation Loss: 102.7154
Validation Loss: 103.8255
Validation Loss: 103.5154
Validation Loss: 104.1746
Validation Loss: 103.7057
Validation Loss: 102.9548
Validation Loss: 105.6038
Early stopping after 190 epochs.
MSE Test loss:114.110
R2 Test loss:-1.126
training start for sigma:0.0
Validation Loss: 98.5370
Validation Loss: 86.1557
Validation Loss: 87.4014
Validation Loss: 85.7738
Validation Loss: 87.5422
Validation Loss: 83.8565
Validation Loss: 84.7883
Validation Loss: 86.6299
Validation Loss: 85.5457
Validation Loss: 85.4318
Validation Loss: 84.1755
Validation Loss: 85.0933
Validation Loss: 87.6254
Validation Loss: 83.9297
Validation Loss: 81.9465
Validation Loss: 82.9957
Validation Loss: 83.9659
Validation Loss: 84.1235
Validation Loss: 84.0229
Validation Loss: 84.2349
Validation Loss: 81.4108
Validation Loss: 83.9533
Validation Loss: 86.9679
Validation Loss: 80.7902
Validation Loss: 84.0396
Validation Loss: 81.9480
Validation Loss: 83.7013
Validation Loss: 86.0157
Validation Loss: 84.5887
Validation Loss: 83.3894
Validation Loss: 82.2032
Validation Loss: 84.3132
Validation Loss: 85.9412
Validation Loss: 83.2254
Validation Loss: 86.8841
Validation Loss: 83.5758
Validation Loss: 85.7061
Validation Loss: 86.0173
Early stopping after 190 epochs.
MSE Test loss:95.784
R2 Test loss:-7.402
training start for sigma:0.0
Validation Loss: 99.7922
Validation Loss: 100.6235
Validation Loss: 101.8494
Validation Loss: 102.8995
Validation Loss: 100.1898
Validation Loss: 104.5155
Validation Loss: 98.8230
Validation Loss: 104.0654
Validation Loss: 99.8711
Validation Loss: 100.9730
Validation Loss: 100.3824
Validation Loss: 101.5586
Validation Loss: 103.8940
Validation Loss: 102.0079
Validation Loss: 100.2887
Validation Loss: 102.6422
Validation Loss: 101.7648
Validation Loss: 101.3382
Validation Loss: 102.1877
Validation Loss: 101.1297
Validation Loss: 99.5536
Early stopping after 105 epochs.
MSE Test loss:114.110
R2 Test loss:-1.126
metrics saved
start saving losses!
