training start for sigma:0.1
Validation Loss: 77.1685
Validation Loss: 77.7775
Validation Loss: 78.3386
Validation Loss: 78.3488
New LR:  0.008
Validation Loss: 77.5966
Validation Loss: 77.0026
New LR:  0.0064
Validation Loss: 74.7583
Validation Loss: 78.8450
New LR:  0.00512
Validation Loss: 77.8833
Validation Loss: 77.2395
Validation Loss: 78.5806
New LR:  0.004096000000000001
Validation Loss: 77.5415
Validation Loss: 78.3770
New LR:  0.0032768000000000007
Validation Loss: 77.7592
Validation Loss: 78.1834
New LR:  0.002621440000000001
Validation Loss: 75.2125
Validation Loss: 77.2357
New LR:  0.002097152000000001
Validation Loss: 75.1858
Validation Loss: 76.2394
New LR:  0.001677721600000001
Validation Loss: 78.0884
Validation Loss: 80.1604
Early stopping after 105 epochs.
NPP sigma=0.1 Test loss:80.054, R2 loss:-0.618, GP Test loss:80.054, GP R2 loss:-0.618
training start for sigma:0.1
Validation Loss: 74.5242
Validation Loss: 62.1691
Validation Loss: 60.8456
Validation Loss: 58.9300
Validation Loss: 55.8856
Validation Loss: 53.5902
Validation Loss: 53.4558
Validation Loss: 51.8297
Validation Loss: 53.2837
Validation Loss: 52.5722
Validation Loss: 51.5662
New LR:  0.008
Validation Loss: 51.0161
Validation Loss: 52.4927
Validation Loss: 52.2521
Validation Loss: 53.2669
Validation Loss: 51.8049
Validation Loss: 52.6094
Validation Loss: 50.8831
Validation Loss: 51.6627
Validation Loss: 50.8356
Validation Loss: 53.2040
Validation Loss: 51.4719
Validation Loss: 50.3536
Validation Loss: 52.5931
Validation Loss: 50.4042
New LR:  0.0064
Validation Loss: 53.6371
Validation Loss: 52.4435
Validation Loss: 50.7649
Validation Loss: 53.8187
Validation Loss: 52.6237
Validation Loss: 52.5849
New LR:  0.00512
Validation Loss: 50.5573
Validation Loss: 51.0977
Validation Loss: 52.1191
New LR:  0.004096000000000001
Validation Loss: 50.7771
Validation Loss: 52.5872
New LR:  0.0032768000000000007
Validation Loss: 52.1939
Early stopping after 185 epochs.
NPP sigma=0.1 Test loss:59.984, R2 loss:-0.423, GP Test loss:59.984, GP R2 loss:-0.423
training start for sigma:0.1
Validation Loss: 75.7546
Validation Loss: 76.5929
Validation Loss: 75.7813
New LR:  0.008
Validation Loss: 74.4369
Validation Loss: 76.3710
New LR:  0.0064
Validation Loss: 77.1903
Validation Loss: 76.4976
New LR:  0.00512
Validation Loss: 78.0408
Validation Loss: 77.7434
New LR:  0.004096000000000001
Validation Loss: 75.3656
Validation Loss: 78.2841
New LR:  0.0032768000000000007
Validation Loss: 76.0556
Validation Loss: 77.4754
Validation Loss: 76.8110
New LR:  0.002621440000000001
Validation Loss: 74.8988
Validation Loss: 78.5950
New LR:  0.002097152000000001
Validation Loss: 79.5919
Validation Loss: 73.8205
New LR:  0.001677721600000001
Validation Loss: 76.8636
Validation Loss: 75.1101
New LR:  0.0013421772800000008
Validation Loss: 78.8671
Validation Loss: 77.4011
New LR:  0.0010737418240000006
Validation Loss: 76.0497
Validation Loss: 77.6504
Validation Loss: 78.6293
New LR:  0.0008589934592000006
Validation Loss: 77.1083
Validation Loss: 76.4063
New LR:  0.0006871947673600005
Validation Loss: 77.4697
Validation Loss: 78.2364
New LR:  0.0005497558138880005
Validation Loss: 75.9828
Validation Loss: 77.2662
New LR:  0.0004398046511104004
Validation Loss: 76.0573
Early stopping after 160 epochs.
NPP sigma=0.1 Test loss:80.054, R2 loss:-0.618, GP Test loss:80.054, GP R2 loss:-0.618
metrics saved
start saving losses!
Best Learning Rate for NPP sigma=0.1: 0.0015848931924611134
training start for sigma:0.1
Validation Loss: 64.8175
Validation Loss: 51.2869
Validation Loss: 40.9216
Validation Loss: 27.8850
Validation Loss: 17.2063
Validation Loss: 14.8311
Validation Loss: 14.8328
Validation Loss: 13.6016
Validation Loss: 13.5499
Validation Loss: 12.9195
Validation Loss: 13.6084
Validation Loss: 12.9424
Validation Loss: 13.2937
Validation Loss: 13.1427
Validation Loss: 13.3362
Validation Loss: 13.2131
Validation Loss: 13.7238
Validation Loss: 12.9603
Validation Loss: 12.7164
Validation Loss: 13.4954
Validation Loss: 13.1859
Validation Loss: 13.5445
Validation Loss: 13.7950
Validation Loss: 13.6437
Validation Loss: 13.7487
Validation Loss: 13.0751
Validation Loss: 13.9502
Validation Loss: 14.3724
Validation Loss: 14.1798
Validation Loss: 14.0015
Validation Loss: 13.8517
Validation Loss: 13.9703
Validation Loss: 14.4657
Early stopping after 165 epochs.
NPP sigma=0.1 Test loss:15.280, R2 loss:0.555, GP Test loss:15.280, GP R2 loss:0.555
training start for sigma:0.1
Validation Loss: 64.1892
Validation Loss: 52.9947
Validation Loss: 42.1968
Validation Loss: 21.0942
Validation Loss: 16.3190
Validation Loss: 14.8973
Validation Loss: 13.5799
Validation Loss: 14.4688
Validation Loss: 13.9606
Validation Loss: 13.4323
Validation Loss: 13.7708
Validation Loss: 13.7579
Validation Loss: 12.7213
Validation Loss: 13.5109
Validation Loss: 13.4053
Validation Loss: 14.8406
Validation Loss: 14.1705
Validation Loss: 14.0328
Validation Loss: 13.4292
Validation Loss: 13.4316
Validation Loss: 13.9605
Validation Loss: 13.4713
Validation Loss: 13.7105
Validation Loss: 13.0688
Validation Loss: 13.8336
Validation Loss: 13.8233
Validation Loss: 13.8309
Early stopping after 135 epochs.
NPP sigma=0.1 Test loss:15.829, R2 loss:0.533, GP Test loss:15.829, GP R2 loss:0.533
training start for sigma:0.1
Validation Loss: 67.1399
Validation Loss: 53.4315
Validation Loss: 40.6466
Validation Loss: 21.4308
Validation Loss: 15.1605
Validation Loss: 14.8029
Validation Loss: 14.1377
Validation Loss: 13.5521
Validation Loss: 14.5146
Validation Loss: 13.4841
Validation Loss: 13.1886
Validation Loss: 13.6857
Validation Loss: 13.1973
Validation Loss: 13.4780
Validation Loss: 13.1357
Validation Loss: 12.9166
Validation Loss: 13.3149
Validation Loss: 13.7289
Validation Loss: 13.0008
Validation Loss: 13.3265
Validation Loss: 14.0214
Validation Loss: 13.3308
Validation Loss: 13.5603
Validation Loss: 13.3166
Validation Loss: 13.5572
Validation Loss: 13.7235
Validation Loss: 13.7505
Validation Loss: 13.8161
Validation Loss: 13.3275
Validation Loss: 13.3726
Early stopping after 150 epochs.
NPP sigma=0.1 Test loss:15.637, R2 loss:0.540, GP Test loss:15.637, GP R2 loss:0.540
metrics saved
start saving losses!
