training start for sigma:0.1
Validation Loss: 98.4066
Validation Loss: 97.2344
Validation Loss: 95.7314
Validation Loss: 96.3030
Validation Loss: 97.9804
New LR:  0.0008
Validation Loss: 99.7431
Validation Loss: 98.0020
New LR:  0.00064
Validation Loss: 102.0239
Validation Loss: 96.5022
New LR:  0.0005120000000000001
Validation Loss: 103.6784
Validation Loss: 95.6548
Validation Loss: 96.1530
Validation Loss: 98.8465
New LR:  0.0004096000000000001
Validation Loss: 98.8234
Validation Loss: 97.1621
New LR:  0.0003276800000000001
Validation Loss: 97.7617
Validation Loss: 97.9561
New LR:  0.0002621440000000001
Validation Loss: 96.8800
Validation Loss: 96.3697
Validation Loss: 98.4977
New LR:  0.00020971520000000012
Validation Loss: 99.4933
Validation Loss: 101.3385
New LR:  0.0001677721600000001
Validation Loss: 99.0644
Validation Loss: 98.6341
New LR:  0.00013421772800000008
Validation Loss: 100.6115
Validation Loss: 93.0598
New LR:  0.00010737418240000007
Validation Loss: 98.2708
Validation Loss: 98.3704
New LR:  0.0001
Validation Loss: 94.0205
Validation Loss: 97.4573
Validation Loss: 100.4315
Validation Loss: 96.6158
Validation Loss: 97.2375
Validation Loss: 98.6317
Validation Loss: 98.5928
Validation Loss: 93.9466
Validation Loss: 99.6597
Validation Loss: 98.3145
Validation Loss: 97.2652
Validation Loss: 99.9689
NPP sigma=0.1 Test loss:123.319, R2 loss:-0.672, GP Test loss:123.319, GP R2 loss:-0.672
metrics saved
start saving losses!
Percent testing 0.25
Percent testing 0.5
Percent testing 0.75
Percent testing 1.0
Time Elapsed: 0.07343869116571214 hours
