new model saved at 0 epoch with global_best_val_loss: 39.55572319030762
Validation Loss: 39.5557
new model saved at 5 epoch with global_best_val_loss: 3.5991662740707397
Validation Loss: 3.5992
new model saved at 10 epoch with global_best_val_loss: 0.9095745980739594
Validation Loss: 0.9096
new model saved at 15 epoch with global_best_val_loss: 0.6965209245681763
Validation Loss: 0.6965
Validation Loss: 0.7244
new model saved at 25 epoch with global_best_val_loss: 0.5454481840133667
Validation Loss: 0.5454
new model saved at 30 epoch with global_best_val_loss: 0.5060529112815857
Validation Loss: 0.5061
new model saved at 35 epoch with global_best_val_loss: 0.433163657784462
Validation Loss: 0.4332
new model saved at 40 epoch with global_best_val_loss: 0.4311002790927887
Validation Loss: 0.4311
new model saved at 45 epoch with global_best_val_loss: 0.3957722336053848
Validation Loss: 0.3958
Validation Loss: 0.4693
new model saved at 55 epoch with global_best_val_loss: 0.3673834353685379
Validation Loss: 0.3674
new model saved at 60 epoch with global_best_val_loss: 0.3172323852777481
Validation Loss: 0.3172
Validation Loss: 0.3709
new model saved at 70 epoch with global_best_val_loss: 0.29812198877334595
Validation Loss: 0.2981
Validation Loss: 0.3043
new model saved at 80 epoch with global_best_val_loss: 0.2863955721259117
Validation Loss: 0.2864
new model saved at 85 epoch with global_best_val_loss: 0.2680337280035019
Validation Loss: 0.2680
Validation Loss: 0.3744
Validation Loss: 0.2793
Validation Loss: 0.2773
new model saved at 105 epoch with global_best_val_loss: 0.2580224424600601
Validation Loss: 0.2580
Validation Loss: 0.4726
New LR:  0.0008
new model saved at 115 epoch with global_best_val_loss: 0.24697797745466232
Validation Loss: 0.2470
new model saved at 120 epoch with global_best_val_loss: 0.24502437561750412
Validation Loss: 0.2450
new model saved at 125 epoch with global_best_val_loss: 0.22485312819480896
Validation Loss: 0.2249
new model saved at 130 epoch with global_best_val_loss: 0.22194213420152664
Validation Loss: 0.2219
new model saved at 135 epoch with global_best_val_loss: 0.21382737904787064
Validation Loss: 0.2138
Validation Loss: 0.2839
Validation Loss: 0.2271
New LR:  0.00064
new model saved at 150 epoch with global_best_val_loss: 0.21150671690702438
Validation Loss: 0.2115
new model saved at 155 epoch with global_best_val_loss: 0.19560939818620682
Validation Loss: 0.1956
new model saved at 160 epoch with global_best_val_loss: 0.1934056058526039
Validation Loss: 0.1934
Validation Loss: 0.1936
New LR:  0.0005120000000000001
new model saved at 170 epoch with global_best_val_loss: 0.19050385057926178
Validation Loss: 0.1905
Validation Loss: 0.1913
Validation Loss: 0.1934
new model saved at 185 epoch with global_best_val_loss: 0.18136119097471237
Validation Loss: 0.1814
new model saved at 190 epoch with global_best_val_loss: 0.1740867644548416
Validation Loss: 0.1741
Validation Loss: 0.1824
Percent: 0.0| Loss: 0.5762165635824203, R2: 0.951156847840007
Percent: 0.25| Loss: 0.5735773742198944, R2: -1.2510670866635684e+18
Percent: 0.5| Loss: 0.5734893679618835, R2: -1.2510670866635684e+18
Percent: 0.75| Loss: 0.5730628818273544, R2: -13985.216857082283
Percent: 1.0| Loss: 0.5772490203380585, R2: 0.5764148891312179
Validation Loss: 91.1298
Validation Loss: 93.6435
Validation Loss: 91.4601
Validation Loss: 91.8067
Validation Loss: 95.0643
Validation Loss: 94.4088
Validation Loss: 92.5762
Validation Loss: 96.1136
Validation Loss: 91.1593
Validation Loss: 92.4317
Early stopping after 50 epochs.
Percent: 0.0| Loss: 0.5762165635824203, R2: 0.951156847840007
Percent: 0.25| Loss: 0.5735773742198944, R2: -1.2510670866635684e+18
Percent: 0.5| Loss: 0.5734893679618835, R2: -1.2510670866635684e+18
Percent: 0.75| Loss: 0.5730628818273544, R2: -13985.216857082283
Percent: 1.0| Loss: 0.5772490203380585, R2: 0.5764148891312179
Validation Loss: 93.5193
Validation Loss: 90.4894
Validation Loss: 95.1686
Validation Loss: 92.6559
Validation Loss: 95.0523
Validation Loss: 93.0002
Validation Loss: 93.8954
Validation Loss: 90.5737
Validation Loss: 91.8342
Validation Loss: 95.6717
Validation Loss: 91.2084
Early stopping after 55 epochs.
Percent: 0.0| Loss: 0.5762165635824203, R2: 0.951156847840007
Percent: 0.25| Loss: 0.5735773742198944, R2: -1.2510670866635684e+18
Percent: 0.5| Loss: 0.5734893679618835, R2: -1.2510670866635684e+18
Percent: 0.75| Loss: 0.5730628818273544, R2: -13985.216857082283
Percent: 1.0| Loss: 0.5772490203380585, R2: 0.5764148891312179
Percent testing 0.0
Percent: 0.0| Loss: 0.5762165635824203, R2: 0.951156847840007
Percent testing 0.25
Percent: 0.25| Loss: 0.5735773742198944, R2: -1.2510670866635684e+18
Percent testing 0.5
Percent: 0.5| Loss: 0.5734893679618835, R2: -1.2510670866635684e+18
Percent testing 0.75
Percent: 0.75| Loss: 0.5730628818273544, R2: -13985.216857082283
Percent testing 1.0
Percent: 1.0| Loss: 0.5772490203380585, R2: 0.5764148891312179
metrics saved
start saving losses!
Time Elapsed: 0.47596583896213107 hours
