training start for sigma:0.1
Validation Loss: 98.4066
Validation Loss: 97.2344
Validation Loss: 95.7314
Validation Loss: 96.3030
Validation Loss: 97.9804
New LR:  0.0008
Validation Loss: 99.7431
Validation Loss: 98.0020
New LR:  0.00064
Validation Loss: 102.0239
Validation Loss: 96.5022
New LR:  0.0005120000000000001
Validation Loss: 103.6784
Validation Loss: 95.6548
Validation Loss: 96.1530
Validation Loss: 98.8465
New LR:  0.0004096000000000001
Validation Loss: 98.8234
Validation Loss: 97.1621
New LR:  0.0003276800000000001
Validation Loss: 97.7617
Validation Loss: 97.9561
New LR:  0.0002621440000000001
Validation Loss: 96.8800
Validation Loss: 96.3697
Validation Loss: 98.4977
New LR:  0.00020971520000000012
Validation Loss: 99.4933
Validation Loss: 101.3385
New LR:  0.0001677721600000001
Validation Loss: 99.0644
Validation Loss: 98.6341
New LR:  0.00013421772800000008
Validation Loss: 100.6115
Validation Loss: 93.0598
New LR:  0.00010737418240000007
Validation Loss: 98.2708
Validation Loss: 98.3704
New LR:  0.0001
Validation Loss: 94.0205
Validation Loss: 97.4573
Validation Loss: 100.4315
Validation Loss: 96.6158
Validation Loss: 97.2375
Validation Loss: 98.6317
Validation Loss: 98.5928
Validation Loss: 93.9466
Validation Loss: 99.6597
Validation Loss: 98.3145
Validation Loss: 97.2652
Validation Loss: 99.9689
NPP sigma=0.1 Test loss:114.110, R2 loss:-1.126, GP Test loss:114.110, GP R2 loss:-1.126
training start for sigma:0.1
Validation Loss: 44.6946
Validation Loss: 8.1585
Validation Loss: 0.9354
Validation Loss: 0.6420
Validation Loss: 0.5287
Validation Loss: 0.4576
Validation Loss: 0.3078
Validation Loss: 0.3763
Validation Loss: 0.2490
Validation Loss: 0.2228
Validation Loss: 0.2192
Validation Loss: 0.1933
Validation Loss: 0.2101
Validation Loss: 0.2086
Validation Loss: 0.1634
Validation Loss: 0.1470
Validation Loss: 0.1561
Validation Loss: 0.1738
Validation Loss: 0.1901
Validation Loss: 0.1520
Validation Loss: 0.1409
Validation Loss: 0.1504
Validation Loss: 0.2294
Validation Loss: 0.1221
Validation Loss: 0.1825
Validation Loss: 0.1494
Validation Loss: 0.1123
New LR:  0.0008
Validation Loss: 0.1412
Validation Loss: 0.1132
Validation Loss: 0.1297
Validation Loss: 0.1388
Validation Loss: 0.1431
Validation Loss: 0.1251
Validation Loss: 0.1378
Validation Loss: 0.1427
Validation Loss: 0.1739
New LR:  0.00064
Validation Loss: 0.1210
Validation Loss: 0.1210
Validation Loss: 0.1179
Validation Loss: 0.1308
NPP sigma=0.1 Test loss:87.884, R2 loss:-1.010, GP Test loss:87.884, GP R2 loss:-1.010
training start for sigma:0.1
Validation Loss: 98.0888
Validation Loss: 95.9437
Validation Loss: 95.8602
New LR:  0.0008
Validation Loss: 99.4183
Validation Loss: 98.2875
Validation Loss: 98.4918
New LR:  0.00064
Validation Loss: 97.3876
Validation Loss: 100.6482
Validation Loss: 98.3577
Validation Loss: 96.5833
Validation Loss: 98.4183
New LR:  0.0005120000000000001
Validation Loss: 98.9502
Validation Loss: 93.2961
New LR:  0.0004096000000000001
Validation Loss: 98.7588
Validation Loss: 97.4119
Validation Loss: 100.5116
New LR:  0.0003276800000000001
Validation Loss: 96.0956
Validation Loss: 97.3679
New LR:  0.0002621440000000001
Validation Loss: 97.9615
Validation Loss: 97.1913
New LR:  0.00020971520000000012
Validation Loss: 98.7447
Validation Loss: 97.6513
New LR:  0.0001677721600000001
Validation Loss: 100.9925
Validation Loss: 99.7709
New LR:  0.00013421772800000008
Validation Loss: 94.9733
Validation Loss: 95.4490
Validation Loss: 94.2624
New LR:  0.00010737418240000007
Early stopping after 135 epochs.
NPP sigma=0.1 Test loss:114.110, R2 loss:-1.126, GP Test loss:114.110, GP R2 loss:-1.126
metrics saved
start saving losses!
Best Learning Rate for NPP sigma=0.1: 0.0015848931924611134
training start for sigma:0.1
Validation Loss: 31.8988
Validation Loss: 2.6390
Validation Loss: 0.7941
Validation Loss: 0.5879
Validation Loss: 0.4193
Validation Loss: 0.4140
Validation Loss: 0.3189
Validation Loss: 0.5897
Validation Loss: 0.3232
Validation Loss: 0.2281
Validation Loss: 0.2465
Validation Loss: 0.2122
Validation Loss: 0.2011
Validation Loss: 0.2271
Validation Loss: 0.6481
Validation Loss: 0.2662
Validation Loss: 0.1718
Validation Loss: 0.1466
Validation Loss: 0.1593
Validation Loss: 0.1514
Validation Loss: 0.1488
Validation Loss: 0.1286
Validation Loss: 0.1463
Validation Loss: 0.1215
Validation Loss: 0.2058
Validation Loss: 0.2201
Validation Loss: 0.2067
Validation Loss: 0.3278
Validation Loss: 0.3395
Validation Loss: 0.1034
Validation Loss: 6.1843
Validation Loss: 0.7574
Validation Loss: 0.3652
Validation Loss: 0.3106
Validation Loss: 0.2584
Validation Loss: 0.2404
Validation Loss: 0.2333
Validation Loss: 0.1877
Validation Loss: 0.1823
Validation Loss: 0.1766
NPP sigma=0.1 Test loss:80.996, R2 loss:-82.793, GP Test loss:80.996, GP R2 loss:-82.793
training start for sigma:0.1
Validation Loss: 43.2737
Validation Loss: 2.1181
Validation Loss: 0.9403
Validation Loss: 0.4369
Validation Loss: 0.4648
Validation Loss: 0.3725
Validation Loss: 0.2872
Validation Loss: 0.4114
Validation Loss: 0.2828
Validation Loss: 0.2101
Validation Loss: 0.2055
Validation Loss: 0.1919
Validation Loss: 0.1763
Validation Loss: 0.1999
Validation Loss: 0.1876
Validation Loss: 0.2035
Validation Loss: 0.1929
Validation Loss: 0.1901
Validation Loss: 0.5950
Validation Loss: 0.2454
Validation Loss: 0.1888
Validation Loss: 0.1456
Validation Loss: 0.1419
Validation Loss: 0.1105
Validation Loss: 0.1197
Validation Loss: 0.1067
Validation Loss: 0.0925
Validation Loss: 0.0821
Validation Loss: 0.0853
Validation Loss: 0.0809
Validation Loss: 0.0793
Validation Loss: 0.0822
Validation Loss: 0.0740
Validation Loss: 0.0812
Validation Loss: 0.0834
Validation Loss: 0.0832
Validation Loss: 0.0729
Validation Loss: 0.0671
Validation Loss: 0.0699
Validation Loss: 0.0723
NPP sigma=0.1 Test loss:53.443, R2 loss:-37.041, GP Test loss:53.443, GP R2 loss:-37.041
training start for sigma:0.1
Validation Loss: 65.8979
Validation Loss: 6.5429
Validation Loss: 0.8540
Validation Loss: 0.5130
Validation Loss: 0.3899
Validation Loss: 0.3124
Validation Loss: 0.2453
Validation Loss: 0.2457
Validation Loss: 0.2664
Validation Loss: 0.1735
Validation Loss: 0.1872
Validation Loss: 0.1700
Validation Loss: 0.2540
Validation Loss: 0.1422
Validation Loss: 0.1484
Validation Loss: 0.1224
Validation Loss: 0.1218
Validation Loss: 0.1201
Validation Loss: 0.1162
Validation Loss: 0.1141
Validation Loss: 0.1666
Validation Loss: 0.2269
Validation Loss: 0.1106
Validation Loss: 0.1783
Validation Loss: 0.2367
Validation Loss: 0.1070
Validation Loss: 0.2851
Validation Loss: 0.0929
Validation Loss: 0.1374
Validation Loss: 0.1243
Validation Loss: 0.0949
Validation Loss: 0.0949
Validation Loss: 0.1130
Validation Loss: 0.0908
Validation Loss: 0.1002
Validation Loss: 0.0944
Validation Loss: 0.0956
Validation Loss: 0.0793
Validation Loss: 0.6078
Validation Loss: 0.1138
NPP sigma=0.1 Test loss:59.162, R2 loss:-40.074, GP Test loss:59.162, GP R2 loss:-40.074
metrics saved
start saving losses!
