training start for sigma:0.2
Validation Loss: -inf
Validation Loss: -inf
Validation Loss: -inf
New LR:  0.0008
Validation Loss: -inf
Validation Loss: -inf
New LR:  0.00064
Validation Loss: -inf
Validation Loss: -inf
New LR:  0.0005120000000000001
Validation Loss: -inf
Validation Loss: -inf
New LR:  0.0004096000000000001
Validation Loss: -inf
Validation Loss: -inf
New LR:  0.0003276800000000001
Validation Loss: -inf
Validation Loss: -inf
Validation Loss: -inf
New LR:  0.0002621440000000001
Validation Loss: -inf
Early stopping after 75 epochs.
NPP sigma=0.2 Test loss:114.110, R2 loss:-1.126, GP Test loss:114.110, GP R2 loss:-1.126
training start for sigma:0.2
Validation Loss: -inf
Validation Loss: -inf
Validation Loss: -inf
New LR:  0.0008
Validation Loss: -inf
Validation Loss: -inf
New LR:  0.00064
Validation Loss: -inf
Validation Loss: -inf
New LR:  0.0005120000000000001
Validation Loss: -inf
Validation Loss: -inf
New LR:  0.0004096000000000001
Validation Loss: -inf
Validation Loss: -inf
New LR:  0.0003276800000000001
Validation Loss: -inf
Validation Loss: -inf
Validation Loss: -inf
New LR:  0.0002621440000000001
Validation Loss: -inf
Early stopping after 75 epochs.
NPP sigma=0.2 Test loss:69.152, R2 loss:-15096.597, GP Test loss:69.152, GP R2 loss:-15096.597
training start for sigma:0.2
Validation Loss: -inf
Validation Loss: -inf
Validation Loss: -inf
New LR:  0.0008
Validation Loss: -inf
Validation Loss: -inf
New LR:  0.00064
Validation Loss: -inf
Validation Loss: -inf
New LR:  0.0005120000000000001
Validation Loss: -inf
Validation Loss: -inf
New LR:  0.0004096000000000001
Validation Loss: -inf
Validation Loss: -inf
New LR:  0.0003276800000000001
Validation Loss: -inf
Validation Loss: -inf
Validation Loss: -inf
New LR:  0.0002621440000000001
Validation Loss: -inf
Early stopping after 75 epochs.
NPP sigma=0.2 Test loss:114.110, R2 loss:-1.126, GP Test loss:114.110, GP R2 loss:-1.126
metrics saved
start saving losses!
Best Learning Rate for NPP sigma=0.2: 0.0015848931924611134
training start for sigma:0.2
Validation Loss: -inf
Validation Loss: -inf
Validation Loss: -inf
Validation Loss: -inf
Validation Loss: -inf
Validation Loss: -inf
Validation Loss: -inf
Validation Loss: -inf
Validation Loss: -inf
Validation Loss: -inf
Validation Loss: -inf
Validation Loss: -inf
Validation Loss: -inf
Validation Loss: -inf
Validation Loss: -inf
Early stopping after 75 epochs.
NPP sigma=0.2 Test loss:39.532, R2 loss:-16064.739, GP Test loss:39.532, GP R2 loss:-16064.739
training start for sigma:0.2
Validation Loss: -inf
Validation Loss: -inf
Validation Loss: -inf
Validation Loss: -inf
Validation Loss: -inf
Validation Loss: -inf
Validation Loss: -inf
Validation Loss: -inf
Validation Loss: -inf
Validation Loss: -inf
Validation Loss: -inf
Validation Loss: -inf
Validation Loss: -inf
Validation Loss: -inf
Validation Loss: -inf
Early stopping after 75 epochs.
NPP sigma=0.2 Test loss:74.891, R2 loss:-1154.565, GP Test loss:74.891, GP R2 loss:-1154.565
training start for sigma:0.2
Validation Loss: -inf
Validation Loss: -inf
Validation Loss: -inf
Validation Loss: -inf
Validation Loss: -inf
Validation Loss: -inf
Validation Loss: -inf
Validation Loss: -inf
Validation Loss: -inf
Validation Loss: -inf
Validation Loss: -inf
Validation Loss: -inf
Validation Loss: -inf
Validation Loss: -inf
Validation Loss: -inf
Early stopping after 75 epochs.
NPP sigma=0.2 Test loss:114.110, R2 loss:-1.126, GP Test loss:114.110, GP R2 loss:-1.126
metrics saved
start saving losses!
