training start for sigma:0.2
Validation Loss: 103.9223
Validation Loss: 101.2740
Validation Loss: 100.3556
Validation Loss: 101.0112
Validation Loss: 103.0882
New LR:  0.0008
Validation Loss: 104.7312
Validation Loss: 101.0322
New LR:  0.00064
Validation Loss: 106.0912
Validation Loss: 101.4849
New LR:  0.0005120000000000001
Validation Loss: 106.8086
Validation Loss: 101.0953
Validation Loss: 100.1186
New LR:  0.0004096000000000001
Validation Loss: 104.5628
Validation Loss: 104.2256
New LR:  0.0003276800000000001
Validation Loss: 102.1505
Validation Loss: 101.8565
New LR:  0.0002621440000000001
Validation Loss: 101.9737
Validation Loss: 102.1675
New LR:  0.00020971520000000012
Validation Loss: 101.2557
Validation Loss: 103.3375
New LR:  0.0001677721600000001
Validation Loss: 103.3700
Validation Loss: 104.4891
Validation Loss: 104.6799
New LR:  0.00013421772800000008
Validation Loss: 102.7788
Validation Loss: 103.5930
New LR:  0.00010737418240000007
Validation Loss: 98.5047
Validation Loss: 103.2351
New LR:  0.0001
Validation Loss: 103.1854
Validation Loss: 101.2705
Validation Loss: 102.3221
Validation Loss: 105.0975
Validation Loss: 102.1982
Validation Loss: 103.5138
Validation Loss: 103.7540
Validation Loss: 102.4278
Validation Loss: 99.4040
Validation Loss: 104.2082
Validation Loss: 103.9819
Validation Loss: 103.5507
Validation Loss: 102.1707
NPP sigma=0.2 Test loss:110.422, R2 loss:-0.599, GP Test loss:110.422, GP R2 loss:-0.599
training start for sigma:0.2
Validation Loss: 61.3700
Validation Loss: 28.7573
Validation Loss: 25.3580
Validation Loss: 0.9203
Validation Loss: 0.9517
Validation Loss: 0.6782
Validation Loss: 0.5864
Validation Loss: 0.5355
Validation Loss: 0.5165
Validation Loss: 0.8425
Validation Loss: 1.0604
Validation Loss: 0.3933
Validation Loss: 0.3735
Validation Loss: 0.5138
Validation Loss: 0.4714
Validation Loss: 0.3322
Validation Loss: 0.4414
Validation Loss: 0.3079
Validation Loss: 0.4836
Validation Loss: 0.2806
Validation Loss: 0.2732
Validation Loss: 0.4262
Validation Loss: 0.2766
New LR:  0.0008
Validation Loss: 0.2420
Validation Loss: 0.2445
Validation Loss: 0.2432
Validation Loss: 0.2964
Validation Loss: 0.2217
Validation Loss: 0.2160
Validation Loss: 0.2206
Validation Loss: 0.2252
Validation Loss: 0.4336
Validation Loss: 0.2174
Validation Loss: 0.3204
Validation Loss: 0.3490
Validation Loss: 0.2055
Validation Loss: 0.2872
Validation Loss: 0.2279
Validation Loss: 0.2004
Validation Loss: 0.2127
NPP sigma=0.2 Test loss:0.154, R2 loss:0.997, GP Test loss:0.154, GP R2 loss:0.997
training start for sigma:0.2
Validation Loss: 103.0293
Validation Loss: 102.2479
Validation Loss: 101.6060
New LR:  0.0008
Validation Loss: 102.7258
Validation Loss: 104.4739
Validation Loss: 102.5493
Validation Loss: 102.1882
New LR:  0.00064
Validation Loss: 104.3857
Validation Loss: 101.5392
Validation Loss: 101.8867
Validation Loss: 102.3497
New LR:  0.0005120000000000001
Validation Loss: 103.4718
Validation Loss: 99.6444
New LR:  0.0004096000000000001
Validation Loss: 103.0318
Validation Loss: 102.2023
Validation Loss: 105.1879
New LR:  0.0003276800000000001
Validation Loss: 101.1259
Validation Loss: 101.2558
New LR:  0.0002621440000000001
Validation Loss: 100.7360
Validation Loss: 102.4410
New LR:  0.00020971520000000012
Validation Loss: 103.1452
Validation Loss: 103.2050
New LR:  0.0001677721600000001
Validation Loss: 104.7102
Validation Loss: 105.2922
New LR:  0.00013421772800000008
Validation Loss: 101.0112
Validation Loss: 100.0422
Validation Loss: 101.7146
New LR:  0.00010737418240000007
Early stopping after 135 epochs.
NPP sigma=0.2 Test loss:110.422, R2 loss:-0.599, GP Test loss:110.422, GP R2 loss:-0.599
metrics saved
start saving losses!
Best Learning Rate for NPP sigma=0.2: 0.01
training start for sigma:0.2
Validation Loss: 97.5918
Validation Loss: 9.1364
Validation Loss: 3.9106
Validation Loss: 1.9042
Validation Loss: 1.4114
Validation Loss: 1.1953
Validation Loss: 1.0764
Validation Loss: 0.9838
Validation Loss: 1.3691
Validation Loss: 0.9151
Validation Loss: 0.9154
Validation Loss: 0.8287
Validation Loss: 0.8293
Validation Loss: 0.8281
Validation Loss: 0.7617
Validation Loss: 0.7659
Validation Loss: 0.8799
Validation Loss: 0.7166
Validation Loss: 0.7264
Validation Loss: 0.6520
Validation Loss: 0.6863
Validation Loss: 0.7335
Validation Loss: 0.6967
Validation Loss: 0.6131
Validation Loss: 0.7339
Validation Loss: 0.6266
Validation Loss: 0.6055
Validation Loss: 0.7832
Validation Loss: 0.6630
Validation Loss: 0.6111
Validation Loss: 0.5960
Validation Loss: 0.5598
Validation Loss: 0.5639
Validation Loss: 0.6202
Validation Loss: 0.7751
Validation Loss: 86.0085
Validation Loss: 45.2060
Validation Loss: 44.8997
Validation Loss: 44.5854
Validation Loss: 44.4761
NPP sigma=0.2 Test loss:0.558, R2 loss:0.991, GP Test loss:0.558, GP R2 loss:0.991
training start for sigma:0.2
Validation Loss: 98.7193
Validation Loss: 3.7597
Validation Loss: 1.2844
Validation Loss: 0.9448
Validation Loss: 0.8509
Validation Loss: 0.6710
Validation Loss: 0.8575
Validation Loss: 0.7840
Validation Loss: 0.5285
Validation Loss: 0.8549
Validation Loss: 0.5123
Validation Loss: 0.4743
Validation Loss: 0.6687
Validation Loss: 0.4712
Validation Loss: 0.8032
Validation Loss: 0.4371
Validation Loss: 0.4225
Validation Loss: 0.4294
Validation Loss: 0.4279
Validation Loss: 0.4740
Validation Loss: 0.4446
Validation Loss: 0.4154
Validation Loss: 0.4242
Validation Loss: 0.3781
Validation Loss: 0.3699
Validation Loss: 0.4774
Validation Loss: 0.6650
Validation Loss: 0.4961
Validation Loss: 0.4426
Validation Loss: 0.4189
Validation Loss: 0.4199
Validation Loss: 0.4143
Validation Loss: 0.3645
Validation Loss: 0.3828
Validation Loss: 0.3574
Validation Loss: 0.3604
Validation Loss: 0.3470
Validation Loss: 0.3434
Validation Loss: 0.3630
Validation Loss: 0.3386
NPP sigma=0.2 Test loss:0.277, R2 loss:0.995, GP Test loss:0.277, GP R2 loss:0.995
training start for sigma:0.2
Validation Loss: 102.4628
Validation Loss: 25.6059
Validation Loss: 3.4922
Validation Loss: 1.3812
Validation Loss: 1.0924
Validation Loss: 0.8759
Validation Loss: 0.7728
Validation Loss: 0.7585
Validation Loss: 0.7619
Validation Loss: 0.7693
Validation Loss: 1.0866
Validation Loss: 0.5826
Validation Loss: 0.5880
Validation Loss: 0.5624
Validation Loss: 0.6693
Validation Loss: 0.5498
Validation Loss: 0.4963
Validation Loss: 0.4840
Validation Loss: 0.6145
Validation Loss: 0.4731
Validation Loss: 0.4441
Validation Loss: 0.4418
Validation Loss: 0.9134
Validation Loss: 0.4477
Validation Loss: 0.4233
Validation Loss: 0.4999
Validation Loss: 0.4226
Validation Loss: 0.3941
Validation Loss: 0.7591
Validation Loss: 0.4051
Validation Loss: 0.3997
Validation Loss: 0.6678
Validation Loss: 0.6321
Validation Loss: 0.3942
Validation Loss: 0.5966
Validation Loss: 0.3826
Validation Loss: 0.4055
Validation Loss: 1.6504
Validation Loss: 0.4658
Validation Loss: 0.3581
NPP sigma=0.2 Test loss:0.312, R2 loss:0.995, GP Test loss:0.312, GP R2 loss:0.995
metrics saved
start saving losses!
