training start for sigma:0.0
Validation Loss: 78.4122
Validation Loss: 78.3449
Validation Loss: 78.3808
New LR:  0.008
Validation Loss: 78.3509
Validation Loss: 78.3778
New LR:  0.0064
Validation Loss: 78.5369
Validation Loss: 78.6295
New LR:  0.00512
Validation Loss: 78.2701
Validation Loss: 78.1786
Validation Loss: 78.3465
New LR:  0.004096000000000001
Validation Loss: 78.4234
Validation Loss: 78.5520
New LR:  0.0032768000000000007
Validation Loss: 78.1881
Validation Loss: 78.3864
New LR:  0.002621440000000001
Validation Loss: 78.4416
Validation Loss: 78.6466
New LR:  0.002097152000000001
Validation Loss: 78.3859
Validation Loss: 78.2349
New LR:  0.001677721600000001
Validation Loss: 78.5334
Validation Loss: 78.3993
Validation Loss: 78.0679
New LR:  0.0013421772800000008
Validation Loss: 78.2544
Validation Loss: 78.3983
New LR:  0.0010737418240000006
Validation Loss: 78.2930
Validation Loss: 78.2799
New LR:  0.0008589934592000006
Validation Loss: 78.3824
Validation Loss: 78.3897
New LR:  0.0006871947673600005
Validation Loss: 78.1844
Validation Loss: 78.3547
New LR:  0.0005497558138880005
Validation Loss: 78.4695
Validation Loss: 78.4087
Validation Loss: 78.5959
New LR:  0.0004398046511104004
Validation Loss: 78.5306
Validation Loss: 78.1589
New LR:  0.00035184372088832035
Validation Loss: 78.1024
Early stopping after 175 epochs.
MSE Test loss:80.054
R2 Test loss:-0.618
training start for sigma:0.0
Validation Loss: 75.2302
Validation Loss: 47.4566
Validation Loss: 41.4934
Validation Loss: 41.4327
Validation Loss: 41.7176
Validation Loss: 41.5599
Validation Loss: 41.6379
New LR:  0.008
Validation Loss: 41.6230
Validation Loss: 41.4783
New LR:  0.0064
Validation Loss: 41.5156
Validation Loss: 41.5286
Validation Loss: 41.5682
New LR:  0.00512
Validation Loss: 41.5777
Validation Loss: 41.4840
New LR:  0.004096000000000001
Validation Loss: 41.5352
Validation Loss: 41.4987
New LR:  0.0032768000000000007
Validation Loss: 41.5208
Validation Loss: 41.5081
New LR:  0.002621440000000001
Early stopping after 90 epochs.
MSE Test loss:70.211
R2 Test loss:-0.708
training start for sigma:0.0
Validation Loss: 60.0890
Validation Loss: 17.5383
Validation Loss: 12.4069
Validation Loss: 12.3202
Validation Loss: 12.1810
Validation Loss: 12.2088
Validation Loss: 12.2095
Validation Loss: 12.1174
Validation Loss: 12.1486
New LR:  0.008
Validation Loss: 12.0980
Validation Loss: 12.3142
Validation Loss: 12.1663
New LR:  0.0064
Validation Loss: 12.0976
Validation Loss: 12.2919
Validation Loss: 12.1073
New LR:  0.00512
Validation Loss: 12.2010
Validation Loss: 12.1647
Validation Loss: 12.1244
Validation Loss: 12.2906
New LR:  0.004096000000000001
Validation Loss: 12.2231
Validation Loss: 12.1259
Validation Loss: 12.0816
Validation Loss: 12.1248
Validation Loss: 12.0977
New LR:  0.0032768000000000007
Validation Loss: 12.0033
Validation Loss: 12.0885
New LR:  0.002621440000000001
Validation Loss: 12.1264
Validation Loss: 12.1741
New LR:  0.002097152000000001
Validation Loss: 12.0870
Validation Loss: 12.2043
New LR:  0.001677721600000001
Validation Loss: 12.0251
Validation Loss: 12.1308
Validation Loss: 12.1899
Validation Loss: 12.1659
Validation Loss: 12.1408
New LR:  0.0013421772800000008
Validation Loss: 12.0964
Validation Loss: 12.1950
New LR:  0.0010737418240000006
Validation Loss: 12.1689
Validation Loss: 12.0540
Early stopping after 195 epochs.
MSE Test loss:90.514
R2 Test loss:-1.640
metrics saved
start saving losses!
Best Learning Rate for MSE: 0.0003162277660168379
training start for sigma:0.0
Validation Loss: 77.2671
Validation Loss: 59.5125
Validation Loss: 35.7523
Validation Loss: 32.7201
Validation Loss: 32.5574
Validation Loss: 32.3315
Validation Loss: 32.3175
Validation Loss: 32.2215
Validation Loss: 32.2499
Validation Loss: 32.4218
Validation Loss: 32.2934
Validation Loss: 32.2638
Validation Loss: 32.2783
Validation Loss: 32.3635
Validation Loss: 32.2947
Validation Loss: 32.3066
Validation Loss: 32.2636
Validation Loss: 32.4202
Validation Loss: 32.4490
Validation Loss: 32.2508
Validation Loss: 32.3083
Validation Loss: 32.2879
Early stopping after 110 epochs.
MSE Test loss:173.624
R2 Test loss:-4.131
training start for sigma:0.0
Validation Loss: 74.7217
Validation Loss: 50.6320
Validation Loss: 25.2554
Validation Loss: 15.7188
Validation Loss: 15.2966
Validation Loss: 15.2672
Validation Loss: 15.1711
Validation Loss: 15.2088
Validation Loss: 15.1629
Validation Loss: 15.3260
Validation Loss: 15.1487
Validation Loss: 15.1954
Validation Loss: 15.1196
Validation Loss: 15.0583
Validation Loss: 15.0928
Validation Loss: 15.0561
Validation Loss: 15.0756
Validation Loss: 15.0491
Validation Loss: 15.0808
Validation Loss: 14.9931
Validation Loss: 15.0805
Validation Loss: 15.0528
Validation Loss: 15.0178
Validation Loss: 15.0895
Validation Loss: 15.6749
Validation Loss: 15.0040
Validation Loss: 15.0644
Validation Loss: 15.0324
Validation Loss: 15.1902
Validation Loss: 15.0381
Validation Loss: 15.0668
Validation Loss: 15.0800
Validation Loss: 15.0645
Validation Loss: 15.1046
Early stopping after 170 epochs.
MSE Test loss:102.417
R2 Test loss:-1.881
training start for sigma:0.0
Validation Loss: 75.6029
Validation Loss: 49.7599
Validation Loss: 25.3897
Validation Loss: 16.1497
Validation Loss: 15.2671
Validation Loss: 15.1926
Validation Loss: 15.2382
Validation Loss: 15.1695
Validation Loss: 15.1593
Validation Loss: 15.1436
Validation Loss: 15.1145
Validation Loss: 15.1625
Validation Loss: 15.1615
Validation Loss: 15.1112
Validation Loss: 15.2223
Validation Loss: 15.3001
Validation Loss: 15.1306
Validation Loss: 15.1529
Validation Loss: 15.0999
Validation Loss: 15.1175
Validation Loss: 15.1368
Validation Loss: 15.0354
Validation Loss: 15.0880
Validation Loss: 15.0904
Validation Loss: 15.0978
Validation Loss: 15.2173
Validation Loss: 15.1102
Validation Loss: 15.1015
Validation Loss: 15.2471
Validation Loss: 15.0876
Validation Loss: 15.1026
Validation Loss: 15.1977
Validation Loss: 15.1187
Validation Loss: 15.1105
Validation Loss: 15.0505
Validation Loss: 15.0996
Early stopping after 180 epochs.
MSE Test loss:103.025
R2 Test loss:-1.998
metrics saved
start saving losses!
