new model saved at 0 epoch with global_best_val_loss: 95.43135070800781
Validation Loss: 95.4314
new model saved at 5 epoch with global_best_val_loss: 91.896240234375
Validation Loss: 91.8962
new model saved at 10 epoch with global_best_val_loss: 91.25262832641602
Validation Loss: 91.2526
New LR:  0.0008
Validation Loss: 95.3140
Validation Loss: 93.5309
new model saved at 25 epoch with global_best_val_loss: 89.38223266601562
Validation Loss: 89.3822
New LR:  0.00064
Validation Loss: 93.6039
Validation Loss: 91.2152
Validation Loss: 92.9131
Validation Loss: 93.8915
New LR:  0.0005120000000000001
Validation Loss: 92.6504
Validation Loss: 93.4015
New LR:  0.0004096000000000001
Validation Loss: 93.9370
Validation Loss: 91.2109
New LR:  0.0003276800000000001
Validation Loss: 90.7023
Early stopping after 75 epochs.
MSE Loss| Loss: 119.5473747253418, R2: 0.0234375 
Validation Loss: 92.9387
Validation Loss: 90.2151
Validation Loss: 92.0098
New LR:  0.0008
Validation Loss: 94.2035
Validation Loss: 90.6034
Validation Loss: 95.2955
New LR:  0.00064
Validation Loss: 92.8340
Validation Loss: 91.7173
New LR:  0.0005120000000000001
Validation Loss: 95.1149
Validation Loss: 94.0274
New LR:  0.0004096000000000001
Validation Loss: 93.2859
Early stopping after 55 epochs.
MSE Loss| Loss: 119.5473747253418, R2: 0.0234375 
Validation Loss: 95.1148
Validation Loss: 94.0499
Validation Loss: 91.4338
New LR:  0.0008
Validation Loss: 94.6454
Validation Loss: 91.9188
New LR:  0.00064
Validation Loss: 92.9499
Validation Loss: 93.2689
New LR:  0.0005120000000000001
Validation Loss: 91.4393
Validation Loss: 93.3859
Validation Loss: 94.1693
New LR:  0.0004096000000000001
Validation Loss: 93.9497
Validation Loss: 93.3680
New LR:  0.0003276800000000001
Early stopping after 60 epochs.
MSE Loss| Loss: 119.5473747253418, R2: 0.0234375 
metrics saved
start saving losses!
Time Elapsed: 0.10641640848583646 hours
