training start for sigma:0.1
Validation Loss: 66.4653
Validation Loss: 35.8376
Validation Loss: 24.4419
Validation Loss: 23.6102
Validation Loss: 17.6797
Validation Loss: 14.4752
Validation Loss: 13.3768
Validation Loss: 13.9588
Validation Loss: 14.1504
Validation Loss: 11.9779
Validation Loss: 11.8660
Validation Loss: 11.7219
Validation Loss: 12.0711
Validation Loss: 11.8644
Validation Loss: 11.5575
Validation Loss: 11.1987
Validation Loss: 11.2732
Validation Loss: 11.5527
Validation Loss: 11.2074
Validation Loss: 11.0508
Validation Loss: 11.3584
Validation Loss: 12.6065
Validation Loss: 11.0433
Validation Loss: 10.7771
Validation Loss: 10.9955
Validation Loss: 11.1205
Validation Loss: 11.0062
Validation Loss: 10.6171
Validation Loss: 10.6630
Validation Loss: 10.6024
Validation Loss: 11.5790
Validation Loss: 11.2594
Validation Loss: 11.2945
Validation Loss: 11.3608
Validation Loss: 11.4116
Validation Loss: 10.8699
Validation Loss: 11.6040
Validation Loss: 10.8497
Validation Loss: 10.8192
Validation Loss: 11.6095
NPP sigma=0.1 Test loss:9.238, R2 loss:0.837, GP Test loss:9.238, GP R2 loss:0.837
training start for sigma:0.1
Validation Loss: 74.2054
Validation Loss: 33.7960
Validation Loss: 25.5724
Validation Loss: 21.1191
Validation Loss: 17.1073
Validation Loss: 15.5135
Validation Loss: 13.5822
Validation Loss: 12.9457
Validation Loss: 14.4935
Validation Loss: 12.7803
Validation Loss: 14.6098
Validation Loss: 11.9346
Validation Loss: 13.5929
Validation Loss: 12.4346
New LR:  0.0008
Validation Loss: 11.3112
Validation Loss: 12.2449
Validation Loss: 11.2557
Validation Loss: 12.0592
Validation Loss: 11.9163
Validation Loss: 11.5435
Validation Loss: 11.5035
New LR:  0.00064
Validation Loss: 11.3309
Validation Loss: 10.7751
Validation Loss: 11.1493
Validation Loss: 11.5017
Validation Loss: 11.5706
Validation Loss: 10.8354
Validation Loss: 10.9867
Validation Loss: 11.4830
Validation Loss: 11.3424
Validation Loss: 10.9328
Validation Loss: 11.0106
Validation Loss: 11.4019
Validation Loss: 11.0135
New LR:  0.0005120000000000001
Validation Loss: 10.8604
Validation Loss: 10.8382
Validation Loss: 11.6032
New LR:  0.0004096000000000001
Validation Loss: 10.7592
Validation Loss: 11.1345
Validation Loss: 11.1152
NPP sigma=0.1 Test loss:9.705, R2 loss:0.830, GP Test loss:9.705, GP R2 loss:0.830
training start for sigma:0.1
Validation Loss: 80.6890
Validation Loss: 30.6807
Validation Loss: 26.1145
Validation Loss: 25.5043
Validation Loss: 21.3312
Validation Loss: 17.2902
Validation Loss: 13.3420
Validation Loss: 13.6565
Validation Loss: 12.6198
Validation Loss: 13.8060
Validation Loss: 11.9390
Validation Loss: 12.0689
Validation Loss: 11.8583
Validation Loss: 12.6931
Validation Loss: 12.7844
Validation Loss: 12.3691
Validation Loss: 10.9791
Validation Loss: 11.4644
Validation Loss: 11.6691
Validation Loss: 10.9382
Validation Loss: 12.5890
Validation Loss: 11.5962
Validation Loss: 12.1177
New LR:  0.0008
Validation Loss: 11.2583
Validation Loss: 11.4848
Validation Loss: 11.4173
Validation Loss: 11.7667
Validation Loss: 11.4130
New LR:  0.00064
Validation Loss: 10.7592
Validation Loss: 11.2486
Validation Loss: 11.6271
Validation Loss: 11.0213
Validation Loss: 10.6777
Validation Loss: 11.4819
Validation Loss: 11.1632
Validation Loss: 11.2094
Validation Loss: 11.3659
Validation Loss: 10.8936
Validation Loss: 10.7794
New LR:  0.0005120000000000001
Validation Loss: 10.8088
NPP sigma=0.1 Test loss:9.679, R2 loss:0.832, GP Test loss:9.679, GP R2 loss:0.832
metrics saved
start saving losses!
Best Learning Rate for NPP sigma=0.1: 0.01
training start for sigma:0.1
Validation Loss: 98.2376
Validation Loss: 58.4285
Validation Loss: 52.5042
Validation Loss: 43.4988
Validation Loss: 45.1436
Validation Loss: 46.2160
Validation Loss: 43.6055
Validation Loss: 44.4999
Validation Loss: 43.9219
Validation Loss: 45.4904
Validation Loss: 45.4686
Validation Loss: 44.7798
Validation Loss: 45.3055
Validation Loss: 45.9099
Validation Loss: 44.4414
Validation Loss: 44.8550
Validation Loss: 43.8488
Validation Loss: 43.8973
Validation Loss: 43.3640
Validation Loss: 44.5819
Validation Loss: 45.4709
Validation Loss: 44.5524
Validation Loss: 44.9185
Validation Loss: 45.3568
Validation Loss: 45.2263
Validation Loss: 43.8170
Validation Loss: 46.4980
Validation Loss: 44.7578
Validation Loss: 45.1368
Validation Loss: 43.9103
Validation Loss: 45.2848
Validation Loss: 44.2266
Validation Loss: 44.8901
Early stopping after 165 epochs.
NPP sigma=0.1 Test loss:47.099, R2 loss:0.248, GP Test loss:47.099, GP R2 loss:0.248
training start for sigma:0.1
Validation Loss: 96.6264
Validation Loss: 59.5815
Validation Loss: 46.1082
Validation Loss: 48.3049
Validation Loss: 44.8541
Validation Loss: 44.3390
Validation Loss: 44.7578
Validation Loss: 45.5452
Validation Loss: 44.8387
Validation Loss: 44.7720
Validation Loss: 43.8924
Validation Loss: 45.2603
Validation Loss: 44.7135
Validation Loss: 43.7884
Validation Loss: 45.2836
Validation Loss: 43.6797
Validation Loss: 44.8439
Validation Loss: 44.8476
Validation Loss: 44.2538
Validation Loss: 45.4233
Validation Loss: 44.1749
Validation Loss: 45.1375
Validation Loss: 45.2730
Validation Loss: 44.3285
Validation Loss: 44.5946
Validation Loss: 44.2019
Validation Loss: 45.5208
Validation Loss: 43.7068
Validation Loss: 44.3987
Validation Loss: 44.1362
Early stopping after 150 epochs.
NPP sigma=0.1 Test loss:46.859, R2 loss:0.236, GP Test loss:46.859, GP R2 loss:0.236
training start for sigma:0.1
Validation Loss: 97.7651
Validation Loss: 78.6208
Validation Loss: 68.9920
Validation Loss: 69.5517
Validation Loss: 69.5008
Validation Loss: 69.0346
Validation Loss: 67.6999
Validation Loss: 68.5791
Validation Loss: 67.2592
Validation Loss: 67.3472
Validation Loss: 69.4511
Validation Loss: 66.9936
Validation Loss: 68.1596
Validation Loss: 69.0068
Validation Loss: 68.8700
Validation Loss: 68.7939
Validation Loss: 68.3964
Validation Loss: 68.1680
Validation Loss: 68.3110
Validation Loss: 67.8709
Validation Loss: 68.3869
Validation Loss: 68.6525
Validation Loss: 68.7764
Validation Loss: 69.2840
Validation Loss: 67.6682
Validation Loss: 69.1202
Early stopping after 130 epochs.
NPP sigma=0.1 Test loss:72.187, R2 loss:-0.108, GP Test loss:72.187, GP R2 loss:-0.108
metrics saved
start saving losses!
