new model saved at 0 epoch with global_best_val_loss: 93.89921569824219
Validation Loss: 93.8992
Validation Loss: 95.4041
Validation Loss: 95.3276
new model saved at 15 epoch with global_best_val_loss: 92.9135856628418
Validation Loss: 92.9136
Validation Loss: 95.1284
New LR:  0.0008
new model saved at 25 epoch with global_best_val_loss: 92.20820236206055
Validation Loss: 92.2082
new model saved at 30 epoch with global_best_val_loss: 91.38180541992188
Validation Loss: 91.3818
new model saved at 35 epoch with global_best_val_loss: 90.88888931274414
Validation Loss: 90.8889
Validation Loss: 94.8339
New LR:  0.00064
Validation Loss: 94.3146
Validation Loss: 93.4296
Validation Loss: 92.8525
Validation Loss: 91.3348
Validation Loss: 94.4260
Validation Loss: 92.5388
Validation Loss: 94.7656
New LR:  0.0005120000000000001
new model saved at 80 epoch with global_best_val_loss: 90.80009841918945
Validation Loss: 90.8001
Validation Loss: 92.3393
Validation Loss: 91.5482
Validation Loss: 93.2469
New LR:  0.0004096000000000001
Validation Loss: 91.3974
Validation Loss: 92.3897
Validation Loss: 92.6751
New LR:  0.0003276800000000001
Validation Loss: 94.2114
Validation Loss: 96.1977
Validation Loss: 93.3545
New LR:  0.0002621440000000001
Early stopping after 130 epochs.
Percent: 0.0| Loss: 119.5473747253418, R2: 0.0234375
Percent: 0.25| Loss: 119.5473747253418, R2: 0.0234375
Percent: 0.5| Loss: 119.5473747253418, R2: 0.0234375
Percent: 0.75| Loss: 119.5473747253418, R2: 0.0234375
Percent: 1.0| Loss: 119.5473747253418, R2: 0.0234375
new model saved at 0 epoch with global_best_val_loss: 63.4061164855957
Validation Loss: 63.4061
new model saved at 5 epoch with global_best_val_loss: 52.289939880371094
Validation Loss: 52.2899
new model saved at 10 epoch with global_best_val_loss: 40.840200424194336
Validation Loss: 40.8402
new model saved at 15 epoch with global_best_val_loss: 26.790614128112793
Validation Loss: 26.7906
new model saved at 20 epoch with global_best_val_loss: 25.08441734313965
Validation Loss: 25.0844
new model saved at 25 epoch with global_best_val_loss: 24.127169609069824
Validation Loss: 24.1272
new model saved at 30 epoch with global_best_val_loss: 23.972702980041504
Validation Loss: 23.9727
Validation Loss: 24.3345
new model saved at 40 epoch with global_best_val_loss: 23.967721939086914
Validation Loss: 23.9677
Validation Loss: 25.0192
Validation Loss: 24.2820
new model saved at 55 epoch with global_best_val_loss: 23.536623001098633
Validation Loss: 23.5366
new model saved at 60 epoch with global_best_val_loss: 22.926594734191895
Validation Loss: 22.9266
new model saved at 65 epoch with global_best_val_loss: 22.58291244506836
Validation Loss: 22.5829
new model saved at 70 epoch with global_best_val_loss: 22.498319625854492
Validation Loss: 22.4983
Validation Loss: 22.8049
new model saved at 80 epoch with global_best_val_loss: 22.30345916748047
Validation Loss: 22.3035
new model saved at 85 epoch with global_best_val_loss: 21.44780158996582
Validation Loss: 21.4478
new model saved at 90 epoch with global_best_val_loss: 19.088932991027832
Validation Loss: 19.0889
new model saved at 95 epoch with global_best_val_loss: 17.92922019958496
Validation Loss: 17.9292
new model saved at 100 epoch with global_best_val_loss: 16.3725905418396
Validation Loss: 16.3726
new model saved at 105 epoch with global_best_val_loss: 15.12552261352539
Validation Loss: 15.1255
new model saved at 110 epoch with global_best_val_loss: 14.615989685058594
Validation Loss: 14.6160
new model saved at 115 epoch with global_best_val_loss: 14.187373638153076
Validation Loss: 14.1874
new model saved at 120 epoch with global_best_val_loss: 13.278213500976562
Validation Loss: 13.2782
new model saved at 125 epoch with global_best_val_loss: 12.085658073425293
Validation Loss: 12.0857
Validation Loss: 12.2782
new model saved at 135 epoch with global_best_val_loss: 11.531776905059814
Validation Loss: 11.5318
new model saved at 140 epoch with global_best_val_loss: 11.002535343170166
Validation Loss: 11.0025
Validation Loss: 11.4574
Validation Loss: 11.1438
new model saved at 155 epoch with global_best_val_loss: 10.830106735229492
Validation Loss: 10.8301
new model saved at 160 epoch with global_best_val_loss: 10.598701477050781
Validation Loss: 10.5987
new model saved at 165 epoch with global_best_val_loss: 10.26380205154419
Validation Loss: 10.2638
new model saved at 170 epoch with global_best_val_loss: 9.72695541381836
Validation Loss: 9.7270
Validation Loss: 9.7958
Validation Loss: 10.2517
Validation Loss: 10.0477
Validation Loss: 10.1884
Validation Loss: 10.1197
Percent: 0.0| Loss: 16.65874195098877, R2: 0.38182204847448475
Percent: 0.25| Loss: 16.6587815284729, R2: 0.38182096356825085
Percent: 0.5| Loss: 16.6587815284729, R2: 0.38182096350807804
Percent: 0.75| Loss: 16.658782958984375, R2: 0.38182095292567786
Percent: 1.0| Loss: 16.658781051635742, R2: 0.3818209741505106
Validation Loss: 71.1048
Validation Loss: 52.9671
Validation Loss: 45.8559
Validation Loss: 31.3777
Validation Loss: 27.4392
Validation Loss: 24.8101
Validation Loss: 23.8679
Validation Loss: 24.0289
Validation Loss: 23.6495
Validation Loss: 22.9798
Validation Loss: 22.9123
Validation Loss: 22.9378
Validation Loss: 22.2338
Validation Loss: 21.9747
Validation Loss: 20.6148
Validation Loss: 18.3164
Validation Loss: 15.6563
Validation Loss: 15.1086
Validation Loss: 15.1892
Validation Loss: 14.0115
Validation Loss: 14.8017
Validation Loss: 13.4677
Validation Loss: 13.1466
Validation Loss: 12.0760
Validation Loss: 12.0298
Validation Loss: 12.0403
Validation Loss: 12.0822
Validation Loss: 11.5777
Validation Loss: 11.0742
Validation Loss: 11.1510
Validation Loss: 11.7872
Validation Loss: 12.6543
Validation Loss: 11.4978
Validation Loss: 11.7302
Validation Loss: 10.9476
Validation Loss: 10.9885
Validation Loss: 10.9358
Validation Loss: 11.3988
Validation Loss: 10.9572
Validation Loss: 11.0024
Percent: 0.0| Loss: 16.65874195098877, R2: 0.38182204847448475
Percent: 0.25| Loss: 16.6587815284729, R2: 0.38182096356825085
Percent: 0.5| Loss: 16.6587815284729, R2: 0.38182096350807804
Percent: 0.75| Loss: 16.658782958984375, R2: 0.38182095292567786
Percent: 1.0| Loss: 16.658781051635742, R2: 0.3818209741505106
Percent testing 0.0
Percent: 0.0| Loss: 16.65874195098877, R2: 0.38182204847448475
Percent testing 0.25
Percent: 0.25| Loss: 16.6587815284729, R2: 0.38182096356825085
Percent testing 0.5
Percent: 0.5| Loss: 16.6587815284729, R2: 0.38182096350807804
Percent testing 0.75
Percent: 0.75| Loss: 16.658782958984375, R2: 0.38182095292567786
Percent testing 1.0
Percent: 1.0| Loss: 16.658781051635742, R2: 0.3818209741505106
metrics saved
start saving losses!
Time Elapsed: 0.45493954996267955 hours
