Validation Loss: 1.6128
Validation Loss: 1.5665
Validation Loss: 1.7803
Validation Loss: 1.6877
MSE Test loss:1.355
R2 Test loss:0.011
Validation Loss: 1.2743
Validation Loss: 1.0270
Validation Loss: 0.9602
Validation Loss: 0.9623
NPP sigma=0.5 Test loss:0.780, R2 loss:-0.380, GP Test loss:0.780, GP R2 loss:-0.380
Validation Loss: 1.5565
Validation Loss: 1.4058
Validation Loss: 1.5798
Validation Loss: 1.3887
NPP sigma=2 Test loss:1.179, R2 loss:-0.266, GP Test loss:1.179, GP R2 loss:-0.266
start saving!
saved
Percent testing 0.25
Percent testing 0.5
Percent testing 0.75
Percent testing 1.0
Time Elapsed: 5.5395767334434725 hours
