new model saved at 0 epoch with global_best_val_loss: 93.23423385620117
Validation Loss: 93.2342
new model saved at 5 epoch with global_best_val_loss: 92.43634033203125
Validation Loss: 92.4363
Validation Loss: 92.5591
New LR:  0.0008
Validation Loss: 92.5834
new model saved at 20 epoch with global_best_val_loss: 91.7123908996582
Validation Loss: 91.7124
Validation Loss: 93.9916
New LR:  0.00064
new model saved at 30 epoch with global_best_val_loss: 91.59281158447266
Validation Loss: 91.5928
Validation Loss: 93.6315
Validation Loss: 92.8545
New LR:  0.0005120000000000001
Validation Loss: 93.1236
Validation Loss: 94.1034
New LR:  0.0004096000000000001
Validation Loss: 92.7532
new model saved at 60 epoch with global_best_val_loss: 91.11384582519531
Validation Loss: 91.1138
Validation Loss: 91.5128
New LR:  0.0003276800000000001
Validation Loss: 92.0356
Validation Loss: 91.3961
New LR:  0.0002621440000000001
Validation Loss: 94.2403
Validation Loss: 93.9338
New LR:  0.00020971520000000012
Validation Loss: 91.5847
Validation Loss: 96.0447
New LR:  0.0001677721600000001
Validation Loss: 91.7608
Validation Loss: 94.2936
New LR:  0.00013421772800000008
Early stopping after 110 epochs.
Percent: 0.0| Loss: 119.5473747253418, R2: 0.0234375
Percent: 0.25| Loss: 119.57973098754883, R2: -3.8988624924239653e+43
Percent: 0.5| Loss: 119.68609046936035, R2: -4.093805616024225e+43
Percent: 0.75| Loss: 119.50406265258789, R2: -8.722580699200081e+30
Percent: 1.0| Loss: 119.46983337402344, R2: -1.5990773121758006e+20
Validation Loss: 95.9208
Validation Loss: 93.8082
Validation Loss: 94.3706
Validation Loss: 92.6072
Validation Loss: 92.4590
new model saved at 25 epoch with global_best_val_loss: 90.86639785766602
Validation Loss: 90.8664
New LR:  0.0008
Validation Loss: 94.5165
new model saved at 35 epoch with global_best_val_loss: 90.36383819580078
Validation Loss: 90.3638
New LR:  0.00064
Validation Loss: 91.8480
Validation Loss: 91.3680
New LR:  0.0005120000000000001
Validation Loss: 91.7046
Validation Loss: 93.4503
New LR:  0.0004096000000000001
Validation Loss: 90.7441
Validation Loss: 91.2721
New LR:  0.0003276800000000001
Validation Loss: 95.1173
Validation Loss: 92.4147
Validation Loss: 96.1504
New LR:  0.0002621440000000001
Early stopping after 85 epochs.
Percent: 0.0| Loss: 119.5473747253418, R2: 0.0234375
Percent: 0.25| Loss: 119.52730751037598, R2: -3.684629641706956e+45
Percent: 0.5| Loss: 120.0495491027832, R2: -1.8732532914100635e+44
Percent: 0.75| Loss: 120.08940505981445, R2: -1.3818791438055956e+45
Percent: 1.0| Loss: 123.9417781829834, R2: -1.308635139292812e+45
new model saved at 0 epoch with global_best_val_loss: 63.24882507324219
Validation Loss: 63.2488
new model saved at 5 epoch with global_best_val_loss: 25.017549514770508
Validation Loss: 25.0175
new model saved at 10 epoch with global_best_val_loss: 23.05332088470459
Validation Loss: 23.0533
new model saved at 15 epoch with global_best_val_loss: 19.23929500579834
Validation Loss: 19.2393
new model saved at 20 epoch with global_best_val_loss: 15.930418491363525
Validation Loss: 15.9304
new model saved at 25 epoch with global_best_val_loss: 13.703046798706055
Validation Loss: 13.7030
new model saved at 30 epoch with global_best_val_loss: 12.439562797546387
Validation Loss: 12.4396
new model saved at 35 epoch with global_best_val_loss: 11.96085500717163
Validation Loss: 11.9609
Validation Loss: 12.3304
new model saved at 45 epoch with global_best_val_loss: 11.561418056488037
Validation Loss: 11.5614
new model saved at 50 epoch with global_best_val_loss: 11.3615083694458
Validation Loss: 11.3615
new model saved at 55 epoch with global_best_val_loss: 10.300322532653809
Validation Loss: 10.3003
Validation Loss: 10.6971
Validation Loss: 10.8953
Validation Loss: 10.5239
Validation Loss: 11.2365
Validation Loss: 10.5977
Validation Loss: 10.4131
Validation Loss: 10.8546
Validation Loss: 12.0621
Validation Loss: 10.3852
new model saved at 105 epoch with global_best_val_loss: 10.144308090209961
Validation Loss: 10.1443
Validation Loss: 11.4593
Validation Loss: 12.2761
new model saved at 120 epoch with global_best_val_loss: 10.08769941329956
Validation Loss: 10.0877
new model saved at 125 epoch with global_best_val_loss: 10.074394226074219
Validation Loss: 10.0744
new model saved at 130 epoch with global_best_val_loss: 9.660738945007324
Validation Loss: 9.6607
Validation Loss: 9.9486
Validation Loss: 10.3397
Validation Loss: 9.8190
Validation Loss: 9.9580
Validation Loss: 9.7248
Validation Loss: 10.0003
Validation Loss: 10.3173
Validation Loss: 10.2647
Validation Loss: 9.8638
Early stopping after 180 epochs.
Percent: 0.0| Loss: 17.37455654144287, R2: 0.36567461578522437
Percent: 0.25| Loss: 17.372565984725952, R2: 0.365700737479309
Percent: 0.5| Loss: 17.39155864715576, R2: 0.36561238790423767
Percent: 0.75| Loss: 17.40589928627014, R2: 0.36962863404466095
Percent: 1.0| Loss: 17.6052303314209, R2: 0.3643626492944775
Percent testing 0.0
Percent: 0.0| Loss: 17.37455654144287, R2: 0.36567461578522437
Percent testing 0.25
Percent: 0.25| Loss: 17.372565984725952, R2: 0.365700737479309
Percent testing 0.5
Percent: 0.5| Loss: 17.39155864715576, R2: 0.36561238790423767
Percent testing 0.75
Percent: 0.75| Loss: 17.40589928627014, R2: 0.36962863404466095
Percent testing 1.0
Percent: 1.0| Loss: 17.6052303314209, R2: 0.3643626492944775
metrics saved
start saving losses!
Time Elapsed: 0.44967777106497026 hours
