training start for sigma:0.0
Validation Loss: 103.9235
Validation Loss: 101.2752
Validation Loss: 100.3568
Validation Loss: 101.0124
Validation Loss: 103.0894
New LR:  0.0008
Validation Loss: 104.7324
Validation Loss: 101.0334
New LR:  0.00064
Validation Loss: 106.0924
Validation Loss: 101.4861
New LR:  0.0005120000000000001
Validation Loss: 106.8098
Validation Loss: 101.0965
Validation Loss: 100.1198
New LR:  0.0004096000000000001
Validation Loss: 104.5641
Validation Loss: 104.2268
New LR:  0.0003276800000000001
Validation Loss: 102.1517
Validation Loss: 101.8577
New LR:  0.0002621440000000001
Validation Loss: 101.9749
Validation Loss: 102.1687
New LR:  0.00020971520000000012
Validation Loss: 101.2569
Validation Loss: 103.3387
New LR:  0.0001677721600000001
Validation Loss: 103.3712
Validation Loss: 104.4903
Validation Loss: 104.6812
New LR:  0.00013421772800000008
Validation Loss: 102.7800
Validation Loss: 103.5943
New LR:  0.00010737418240000007
Validation Loss: 98.5059
Validation Loss: 103.2364
New LR:  0.0001
Validation Loss: 103.1866
Validation Loss: 101.2718
Validation Loss: 102.3233
Validation Loss: 105.0987
Validation Loss: 102.1994
Validation Loss: 103.5150
Validation Loss: 103.7552
Validation Loss: 102.4290
Validation Loss: 99.4052
Validation Loss: 104.2094
Validation Loss: 103.9831
Validation Loss: 103.5519
Validation Loss: 102.1719
MSE Test loss:109.859
R2 Test loss:-0.603
metrics saved
start saving losses!
Time Elapsed: 0.0703684381643931 hours
