new model saved at 0 epoch with global_best_val_loss: 97.0362777709961
Validation Loss: 97.0363
Validation Loss: 100.7406
Validation Loss: 102.2730
Validation Loss: 102.1882
New LR:  0.0008
Validation Loss: 98.1884
Validation Loss: 101.3228
Validation Loss: 103.0426
Validation Loss: 102.5731
Validation Loss: 100.4692
Validation Loss: 99.9695
New LR:  0.00064
Early stopping after 50 epochs.
Percent: 0.0| Loss: 119.5473747253418, R2: 0.0234375
Percent: 0.25| Loss: 118.57685661315918, R2: -8.230073417965339e+44
Percent: 0.5| Loss: 116.72136497497559, R2: -1.5360645689584982e+44
Percent: 0.75| Loss: 115.63158416748047, R2: -3.719510970810341e+44
Percent: 1.0| Loss: 112.06038475036621, R2: -1.2741712445938519e+44
new model saved at 0 epoch with global_best_val_loss: 93.66411590576172
Validation Loss: 93.6641
new model saved at 5 epoch with global_best_val_loss: 32.06207847595215
Validation Loss: 32.0621
new model saved at 10 epoch with global_best_val_loss: 25.317246437072754
Validation Loss: 25.3172
new model saved at 15 epoch with global_best_val_loss: 23.516976356506348
Validation Loss: 23.5170
Validation Loss: 95.8832
Validation Loss: 28.2802
new model saved at 30 epoch with global_best_val_loss: 18.679046630859375
Validation Loss: 18.6790
new model saved at 35 epoch with global_best_val_loss: 15.586547374725342
Validation Loss: 15.5865
Validation Loss: 16.4506
new model saved at 45 epoch with global_best_val_loss: 13.87618350982666
Validation Loss: 13.8762
new model saved at 50 epoch with global_best_val_loss: 13.623337268829346
Validation Loss: 13.6233
Validation Loss: 13.7374
new model saved at 60 epoch with global_best_val_loss: 13.468703269958496
Validation Loss: 13.4687
new model saved at 65 epoch with global_best_val_loss: 12.89583444595337
Validation Loss: 12.8958
Validation Loss: 13.5840
Validation Loss: 13.3658
new model saved at 80 epoch with global_best_val_loss: 12.625216007232666
Validation Loss: 12.6252
Validation Loss: 13.6764
Validation Loss: 12.7588
Validation Loss: 13.8042
Validation Loss: 12.9450
Validation Loss: 13.8108
Validation Loss: 13.2785
Validation Loss: 14.8786
New LR:  0.0008
Validation Loss: 16.3382
Validation Loss: 15.6448
Early stopping after 130 epochs.
Percent: 0.0| Loss: 12.74566388130188, R2: 0.4120529849642879
Percent: 0.25| Loss: 12.423974990844727, R2: 0.40122103253562014
Percent: 0.5| Loss: 11.955035209655762, R2: 0.5178495889516391
Percent: 0.75| Loss: 11.478811264038086, R2: 0.5234019694613912
Percent: 1.0| Loss: 10.876810550689697, R2: 0.5891982813962094
Validation Loss: 100.8436
Validation Loss: 100.2276
Validation Loss: 104.5321
New LR:  0.0008
Validation Loss: 98.0637
Validation Loss: 101.5157
New LR:  0.00064
Validation Loss: 97.3122
Validation Loss: 102.4915
New LR:  0.0005120000000000001
Validation Loss: 98.1346
Validation Loss: 99.4302
New LR:  0.0004096000000000001
Validation Loss: 98.8687
Validation Loss: 100.5737
New LR:  0.0003276800000000001
Validation Loss: 100.5389
Validation Loss: 98.1467
Validation Loss: 101.1535
New LR:  0.0002621440000000001
Validation Loss: 101.0569
Early stopping after 75 epochs.
Percent: 0.0| Loss: 12.74566388130188, R2: 0.4120529849642879
Percent: 0.25| Loss: 12.423974990844727, R2: 0.40122103253562014
Percent: 0.5| Loss: 11.955035209655762, R2: 0.5178495889516391
Percent: 0.75| Loss: 11.478811264038086, R2: 0.5234019694613912
Percent: 1.0| Loss: 10.876810550689697, R2: 0.5891982813962094
Percent testing 0.0
Percent: 0.0| Loss: 12.74566388130188, R2: 0.4120529849642879
Percent testing 0.25
Percent: 0.25| Loss: 12.423974990844727, R2: 0.40122103253562014
Percent testing 0.5
Percent: 0.5| Loss: 11.955035209655762, R2: 0.5178495889516391
Percent testing 0.75
Percent: 0.75| Loss: 11.478811264038086, R2: 0.5234019694613912
Percent testing 1.0
Percent: 1.0| Loss: 10.876810550689697, R2: 0.5891982813962094
metrics saved
start saving losses!
Time Elapsed: 0.14255653705861834 hours
