training start for sigma:0.0
Validation Loss: 84.7492
Validation Loss: 84.5475
Validation Loss: 86.8726
Validation Loss: 86.3546
New LR:  0.008
Validation Loss: 85.5118
Validation Loss: 84.6650
New LR:  0.0064
Validation Loss: 82.4550
Validation Loss: 85.4380
New LR:  0.00512
Validation Loss: 85.0440
Validation Loss: 85.3629
Validation Loss: 85.6743
New LR:  0.004096000000000001
Validation Loss: 84.9068
Validation Loss: 86.7298
Validation Loss: 84.5292
New LR:  0.0032768000000000007
Validation Loss: 86.5092
Validation Loss: 84.2057
New LR:  0.002621440000000001
Validation Loss: 85.1657
Validation Loss: 83.4149
New LR:  0.002097152000000001
Validation Loss: 83.7853
Validation Loss: 85.8593
New LR:  0.001677721600000001
Validation Loss: 86.5038
Early stopping after 105 epochs.
MSE Test loss:80.054
R2 Test loss:-0.618
training start for sigma:0.0
Validation Loss: 75.5889
Validation Loss: 67.9077
Validation Loss: 59.7723
Validation Loss: 55.8601
Validation Loss: 52.2495
Validation Loss: 45.8562
Validation Loss: 37.1146
Validation Loss: 26.5767
Validation Loss: 20.2122
Validation Loss: 17.3190
Validation Loss: 15.5799
Validation Loss: 14.5579
Validation Loss: 15.9738
Validation Loss: 14.7917
Validation Loss: 14.4930
Validation Loss: 15.8646
Validation Loss: 14.6097
Validation Loss: 14.6581
Validation Loss: 14.8025
Validation Loss: 15.0512
Validation Loss: 14.8009
Validation Loss: 14.9731
Validation Loss: 14.2303
New LR:  0.008
Validation Loss: 14.5594
Validation Loss: 14.9123
Validation Loss: 14.5016
Validation Loss: 14.6777
Validation Loss: 14.4271
Validation Loss: 14.8905
Validation Loss: 14.4603
Validation Loss: 14.9278
New LR:  0.0064
Validation Loss: 15.0408
Validation Loss: 15.0519
Validation Loss: 14.3927
Validation Loss: 14.6905
Validation Loss: 15.3250
Validation Loss: 15.0689
Early stopping after 185 epochs.
MSE Test loss:15.670
R2 Test loss:0.538
training start for sigma:0.0
Validation Loss: 86.1727
Validation Loss: 86.8208
Validation Loss: 84.7705
Validation Loss: 85.1780
Validation Loss: 83.2964
New LR:  0.008
Validation Loss: 86.8905
Validation Loss: 84.3050
New LR:  0.0064
Validation Loss: 83.7993
Validation Loss: 86.4293
New LR:  0.00512
Validation Loss: 83.9234
Validation Loss: 84.8553
New LR:  0.004096000000000001
Validation Loss: 83.9257
Validation Loss: 83.3962
New LR:  0.0032768000000000007
Validation Loss: 85.2582
Validation Loss: 87.2118
Validation Loss: 85.4916
New LR:  0.002621440000000001
Validation Loss: 85.0680
Validation Loss: 85.0510
New LR:  0.002097152000000001
Validation Loss: 84.4128
Validation Loss: 82.5316
New LR:  0.001677721600000001
Validation Loss: 84.4254
Validation Loss: 85.0043
New LR:  0.0013421772800000008
Validation Loss: 84.9956
Validation Loss: 83.3284
New LR:  0.0010737418240000006
Validation Loss: 83.8365
Validation Loss: 84.7902
Validation Loss: 85.9043
New LR:  0.0008589934592000006
Validation Loss: 85.5508
Validation Loss: 85.2177
New LR:  0.0006871947673600005
Validation Loss: 86.1444
Validation Loss: 85.5510
New LR:  0.0005497558138880005
Validation Loss: 83.9473
Validation Loss: 84.8910
New LR:  0.0004398046511104004
Validation Loss: 83.7844
Early stopping after 170 epochs.
MSE Test loss:80.054
R2 Test loss:-0.618
metrics saved
start saving losses!
Best Learning Rate for MSE: 0.0017782794100389223
training start for sigma:0.0
Validation Loss: 74.5747
Validation Loss: 65.3089
Validation Loss: 40.9729
Validation Loss: 20.5330
Validation Loss: 16.4795
Validation Loss: 14.9755
Validation Loss: 14.5170
Validation Loss: 13.9784
Validation Loss: 13.7279
Validation Loss: 14.3898
Validation Loss: 14.6802
Validation Loss: 13.4445
Validation Loss: 13.6769
Validation Loss: 14.0275
Validation Loss: 14.5202
Validation Loss: 13.9565
Validation Loss: 14.4761
Validation Loss: 14.7136
Validation Loss: 14.1363
Validation Loss: 14.0423
Validation Loss: 14.0803
Validation Loss: 14.1410
Validation Loss: 14.3783
Validation Loss: 14.3942
Validation Loss: 14.2655
Validation Loss: 14.3127
Early stopping after 130 epochs.
MSE Test loss:15.361
R2 Test loss:0.555
training start for sigma:0.0
Validation Loss: 71.4813
Validation Loss: 62.0722
Validation Loss: 27.5226
Validation Loss: 18.5122
Validation Loss: 15.9844
Validation Loss: 15.5774
Validation Loss: 14.9161
Validation Loss: 14.6766
Validation Loss: 14.6684
Validation Loss: 14.2013
Validation Loss: 13.9394
Validation Loss: 14.1062
Validation Loss: 14.7881
Validation Loss: 14.4001
Validation Loss: 14.1115
Validation Loss: 14.7859
Validation Loss: 14.4064
Validation Loss: 14.3219
Validation Loss: 14.6641
Validation Loss: 13.9144
Validation Loss: 13.9565
Validation Loss: 13.7848
Validation Loss: 14.3873
Validation Loss: 14.2970
Validation Loss: 14.7903
Validation Loss: 14.2250
Validation Loss: 14.9497
Validation Loss: 14.8331
Validation Loss: 14.5437
Validation Loss: 14.6897
Validation Loss: 14.4987
Validation Loss: 14.8362
Validation Loss: 14.4393
Validation Loss: 14.6980
Validation Loss: 14.8526
Validation Loss: 14.6869
Early stopping after 180 epochs.
MSE Test loss:15.104
R2 Test loss:0.558
training start for sigma:0.0
Validation Loss: 73.1475
Validation Loss: 63.2245
Validation Loss: 53.8732
Validation Loss: 28.8211
Validation Loss: 20.3184
Validation Loss: 17.0212
Validation Loss: 16.0663
Validation Loss: 16.0091
Validation Loss: 16.3474
Validation Loss: 15.3217
Validation Loss: 15.3043
Validation Loss: 15.1312
Validation Loss: 15.6498
Validation Loss: 15.1200
Validation Loss: 15.9734
Validation Loss: 15.3730
Validation Loss: 14.8775
Validation Loss: 14.8197
Validation Loss: 14.7913
Validation Loss: 15.0963
Validation Loss: 15.1271
Validation Loss: 14.8343
Validation Loss: 14.8256
Validation Loss: 15.0069
Validation Loss: 15.9327
Validation Loss: 15.1944
Validation Loss: 15.6990
Validation Loss: 14.9998
Validation Loss: 15.2437
Validation Loss: 15.3829
Validation Loss: 16.0476
Validation Loss: 15.8191
Validation Loss: 15.8442
Early stopping after 165 epochs.
MSE Test loss:15.674
R2 Test loss:0.536
metrics saved
start saving losses!
