training start for sigma:0.1
Validation Loss: 1.9109
Validation Loss: 1.9228
Validation Loss: 1.9035
New LR:  0.001
Validation Loss: 1.8418
Validation Loss: 1.8436
New LR:  0.0001
Validation Loss: 1.9043
Validation Loss: 1.8895
Validation Loss: 1.7991
Validation Loss: 1.9122
Validation Loss: 1.8691
Validation Loss: 1.8682
Validation Loss: 1.7953
Validation Loss: 1.8843
Validation Loss: 1.7179
Validation Loss: 1.8734
Validation Loss: 1.9437
Validation Loss: 1.8730
Validation Loss: 1.8179
Validation Loss: 1.9795
Validation Loss: 2.0222
Validation Loss: 1.8844
Validation Loss: 1.8313
Validation Loss: 1.8844
Validation Loss: 1.9905
Validation Loss: 1.8554
Validation Loss: 1.7949
Validation Loss: 1.9351
Validation Loss: 1.8575
Early stopping after 140 epochs.
NPP sigma=0.1 Test loss:1.579, R2 loss:-0.190, GP Test loss:1.579, GP R2 loss:-0.190
metrics saved
start saving losses!
Percent testing 0.25
Percent testing 0.5
Percent testing 0.75
Percent testing 1.0
Time Elapsed: 0.35404991984367373 hours
