training start for sigma:0.5
Validation Loss: 56.0881
Validation Loss: 30.7260
Validation Loss: 27.5316
Validation Loss: 23.2758
Validation Loss: 16.4857
Validation Loss: 15.1714
Validation Loss: 12.8858
Validation Loss: 12.5835
Validation Loss: 12.3662
Validation Loss: 12.1572
Validation Loss: 12.0937
Validation Loss: 11.5875
Validation Loss: 11.3541
Validation Loss: 11.9801
Validation Loss: 11.5643
Validation Loss: 11.6481
Validation Loss: 11.1277
Validation Loss: 12.4819
Validation Loss: 12.0984
Validation Loss: 12.2335
Validation Loss: 12.3083
Validation Loss: 12.5089
Validation Loss: 12.9561
Validation Loss: 12.3835
Validation Loss: 12.3947
Validation Loss: 13.7547
Validation Loss: 13.5849
Validation Loss: 13.5727
Validation Loss: 14.5650
Validation Loss: 14.9986
Validation Loss: 15.8061
Early stopping after 155 epochs.
NPP sigma=0.5 Test loss:74.687, R2 loss:-5455.652, GP Test loss:74.687, GP R2 loss:-5455.652
training start for sigma:0.5
Validation Loss: 58.6426
Validation Loss: 28.6703
Validation Loss: 28.6977
Validation Loss: 25.4427
Validation Loss: 18.4998
Validation Loss: 15.1563
Validation Loss: 13.2151
Validation Loss: 14.0820
Validation Loss: 13.5377
Validation Loss: 14.2050
Validation Loss: 13.6440
Validation Loss: 13.5706
Validation Loss: 12.7827
Validation Loss: 12.4819
Validation Loss: 12.4293
Validation Loss: 13.3719
Validation Loss: 12.6594
Validation Loss: 14.2834
Validation Loss: 13.0152
Validation Loss: 12.5677
Validation Loss: 11.8315
Validation Loss: 12.9972
Validation Loss: 13.7048
Validation Loss: 13.2764
Validation Loss: 12.5361
Validation Loss: 12.7626
Validation Loss: 12.9151
Validation Loss: 13.3207
Validation Loss: 13.2111
Validation Loss: 13.3846
Validation Loss: 14.4568
Validation Loss: 15.4664
Validation Loss: 15.1103
Validation Loss: 14.3209
Validation Loss: 15.6194
Early stopping after 175 epochs.
NPP sigma=0.5 Test loss:78.581, R2 loss:-6376.257, GP Test loss:78.581, GP R2 loss:-6376.257
training start for sigma:0.5
Validation Loss: 99.5966
Validation Loss: 99.1107
Validation Loss: 101.2176
Validation Loss: 101.5747
New LR:  0.0008
Validation Loss: 95.9606
Validation Loss: 100.3470
Validation Loss: 93.6887
New LR:  0.00064
Validation Loss: 96.0808
Validation Loss: 101.3421
New LR:  0.0005120000000000001
Validation Loss: 98.8845
Validation Loss: 99.3535
New LR:  0.0004096000000000001
Validation Loss: 95.5968
Validation Loss: 101.2190
Validation Loss: 98.7888
New LR:  0.0003276800000000001
Validation Loss: 100.9826
Validation Loss: 95.1583
New LR:  0.0002621440000000001
Validation Loss: 98.6820
Validation Loss: 98.7076
New LR:  0.00020971520000000012
Validation Loss: 99.5694
Validation Loss: 97.2369
New LR:  0.0001677721600000001
Validation Loss: 98.7027
Early stopping after 105 epochs.
NPP sigma=0.5 Test loss:114.110, R2 loss:-1.126, GP Test loss:114.110, GP R2 loss:-1.126
metrics saved
start saving losses!
Best Learning Rate for NPP sigma=0.5: 0.0039810717055349725
training start for sigma:0.5
Validation Loss: 44.3726
Validation Loss: 31.6376
Validation Loss: 14.0513
Validation Loss: 12.9117
Validation Loss: 12.5642
Validation Loss: 12.4612
Validation Loss: 13.9869
Validation Loss: 12.0867
Validation Loss: 12.8364
Validation Loss: 11.9542
Validation Loss: 12.0736
Validation Loss: 13.7906
Validation Loss: 14.7902
Validation Loss: 14.5544
Validation Loss: 15.0527
Validation Loss: 16.1218
Validation Loss: 16.3621
Validation Loss: 14.9646
Validation Loss: 16.5115
Validation Loss: 15.5188
Validation Loss: 15.1685
Validation Loss: 16.9901
Validation Loss: 15.3791
Validation Loss: 15.1477
Early stopping after 120 epochs.
NPP sigma=0.5 Test loss:76.406, R2 loss:-11805.491, GP Test loss:76.406, GP R2 loss:-11805.491
training start for sigma:0.5
Validation Loss: 33.5848
Validation Loss: 29.9527
Validation Loss: 17.0226
Validation Loss: 14.1998
Validation Loss: 13.5607
Validation Loss: 12.7655
Validation Loss: 11.6543
Validation Loss: 13.1999
Validation Loss: 12.4367
Validation Loss: 13.4915
Validation Loss: 13.1089
Validation Loss: 13.0468
Validation Loss: 13.4950
Validation Loss: 13.8224
Validation Loss: 13.8960
Validation Loss: 13.9485
Validation Loss: 14.7175
Validation Loss: 14.3512
Validation Loss: 13.5913
Validation Loss: 14.5560
Validation Loss: 15.6836
Early stopping after 105 epochs.
NPP sigma=0.5 Test loss:90.052, R2 loss:-1129.871, GP Test loss:90.052, GP R2 loss:-1129.871
training start for sigma:0.5
Validation Loss: 44.8627
Validation Loss: 27.8218
Validation Loss: 20.9152
Validation Loss: 13.2237
Validation Loss: 12.0370
Validation Loss: 12.9309
Validation Loss: 11.9274
Validation Loss: 11.2154
Validation Loss: 13.0707
Validation Loss: 12.7275
Validation Loss: 13.4638
Validation Loss: 13.9387
Validation Loss: 14.2822
Validation Loss: 14.1385
Validation Loss: 14.9003
Validation Loss: 15.1276
Validation Loss: 14.7634
Validation Loss: 15.9624
Validation Loss: 15.7254
Validation Loss: 15.8243
Validation Loss: 16.2887
Validation Loss: 15.8689
Early stopping after 110 epochs.
NPP sigma=0.5 Test loss:96.793, R2 loss:-121.512, GP Test loss:96.793, GP R2 loss:-121.512
metrics saved
start saving losses!
