training start for sigma:0.1
Validation Loss: 78.4114
Validation Loss: 78.3441
Validation Loss: 78.3800
New LR:  0.008
Validation Loss: 78.3502
Validation Loss: 78.3769
New LR:  0.0064
Validation Loss: 78.5361
Validation Loss: 78.6287
New LR:  0.00512
Validation Loss: 78.2694
Validation Loss: 78.1778
Validation Loss: 78.3457
New LR:  0.004096000000000001
Validation Loss: 78.4226
Validation Loss: 78.5512
New LR:  0.0032768000000000007
Validation Loss: 78.1873
Validation Loss: 78.3856
New LR:  0.002621440000000001
Validation Loss: 78.4408
Validation Loss: 78.6458
New LR:  0.002097152000000001
Validation Loss: 78.3851
Validation Loss: 78.2341
New LR:  0.001677721600000001
Validation Loss: 78.5326
Validation Loss: 78.3986
Validation Loss: 78.0671
New LR:  0.0013421772800000008
Validation Loss: 78.2537
Validation Loss: 78.3975
New LR:  0.0010737418240000006
Validation Loss: 78.2922
Validation Loss: 78.2791
New LR:  0.0008589934592000006
Validation Loss: 78.3816
Validation Loss: 78.3889
New LR:  0.0006871947673600005
Validation Loss: 78.1836
Validation Loss: 78.3539
New LR:  0.0005497558138880005
Validation Loss: 78.4687
Validation Loss: 78.4079
Validation Loss: 78.5952
New LR:  0.0004398046511104004
Validation Loss: 78.5298
Validation Loss: 78.1581
New LR:  0.00035184372088832035
Validation Loss: 78.1016
Early stopping after 175 epochs.
NPP sigma=0.1 Test loss:80.054, R2 loss:-0.618, GP Test loss:80.054, GP R2 loss:-0.618
training start for sigma:0.1
Validation Loss: 57.0297
Validation Loss: 19.7301
Validation Loss: 17.3797
Validation Loss: 17.3381
Validation Loss: 17.3241
Validation Loss: 17.3197
Validation Loss: 17.2818
Validation Loss: 17.3786
Validation Loss: 17.3052
New LR:  0.008
Validation Loss: 17.2690
Validation Loss: 17.2591
Validation Loss: 17.3442
New LR:  0.0064
Validation Loss: 17.3162
Validation Loss: 17.3840
Validation Loss: 14.3704
Validation Loss: 13.4951
Validation Loss: 13.3796
Validation Loss: 13.4761
Validation Loss: 13.5160
New LR:  0.00512
Validation Loss: 13.4547
Validation Loss: 13.2929
New LR:  0.004096000000000001
Validation Loss: 13.3734
Validation Loss: 13.3745
Validation Loss: 13.3503
Validation Loss: 13.4269
New LR:  0.0032768000000000007
Validation Loss: 13.4248
Validation Loss: 13.3529
Validation Loss: 13.4289
New LR:  0.002621440000000001
Validation Loss: 13.4029
Validation Loss: 13.3999
New LR:  0.002097152000000001
Validation Loss: 13.4288
Validation Loss: 13.4031
Validation Loss: 13.4122
Validation Loss: 13.4078
Validation Loss: 13.3556
New LR:  0.001677721600000001
Early stopping after 175 epochs.
NPP sigma=0.1 Test loss:79.406, R2 loss:-1.071, GP Test loss:79.406, GP R2 loss:-1.071
training start for sigma:0.1
Validation Loss: 78.4696
Validation Loss: 78.4132
Validation Loss: 78.4368
New LR:  0.008
Validation Loss: 78.1513
Validation Loss: 78.2817
New LR:  0.0064
Validation Loss: 78.4804
Validation Loss: 78.2383
New LR:  0.00512
Validation Loss: 78.2080
Validation Loss: 78.2623
New LR:  0.004096000000000001
Validation Loss: 78.5107
Validation Loss: 78.4928
New LR:  0.0032768000000000007
Validation Loss: 78.5701
Validation Loss: 78.3567
Validation Loss: 78.2482
New LR:  0.002621440000000001
Validation Loss: 78.0626
Validation Loss: 78.4387
New LR:  0.002097152000000001
Validation Loss: 78.1683
Validation Loss: 78.5972
New LR:  0.001677721600000001
Validation Loss: 78.2531
Validation Loss: 78.4829
New LR:  0.0013421772800000008
Validation Loss: 78.3113
Validation Loss: 78.3974
New LR:  0.0010737418240000006
Validation Loss: 78.0634
Validation Loss: 78.2926
Validation Loss: 78.6492
New LR:  0.0008589934592000006
Validation Loss: 78.2029
Validation Loss: 78.1036
New LR:  0.0006871947673600005
Validation Loss: 78.1356
Validation Loss: 78.5301
New LR:  0.0005497558138880005
Early stopping after 145 epochs.
NPP sigma=0.1 Test loss:80.054, R2 loss:-0.618, GP Test loss:80.054, GP R2 loss:-0.618
metrics saved
start saving losses!
Best Learning Rate for NPP sigma=0.1: 0.0251188643150958
training start for sigma:0.1
Validation Loss: 74.3662
Validation Loss: 58.6084
Validation Loss: 57.3292
Validation Loss: 50.2270
Validation Loss: 49.4372
Validation Loss: 49.3002
Validation Loss: 49.3529
Validation Loss: 49.8386
Validation Loss: 49.3790
Validation Loss: 49.4366
Validation Loss: 49.4380
Validation Loss: 49.3505
Validation Loss: 49.4912
Validation Loss: 49.4024
Validation Loss: 49.3952
Validation Loss: 49.3174
Validation Loss: 49.2740
Validation Loss: 49.4302
Validation Loss: 49.4426
Validation Loss: 49.4736
Validation Loss: 47.7909
Validation Loss: 47.7658
Validation Loss: 47.8814
Validation Loss: 47.7194
Validation Loss: 47.8020
Validation Loss: 47.8073
Validation Loss: 47.7661
Validation Loss: 47.8090
Validation Loss: 47.9246
Validation Loss: 47.8487
Validation Loss: 47.7746
Validation Loss: 47.8683
Validation Loss: 47.8710
Validation Loss: 47.8133
Validation Loss: 47.7443
Validation Loss: 47.8014
Validation Loss: 47.9119
Validation Loss: 47.7456
Early stopping after 190 epochs.
NPP sigma=0.1 Test loss:83.421, R2 loss:-0.916, GP Test loss:83.421, GP R2 loss:-0.916
training start for sigma:0.1
Validation Loss: 72.7007
Validation Loss: 53.9758
Validation Loss: 48.6678
Validation Loss: 48.5677
Validation Loss: 48.3853
Validation Loss: 47.7750
Validation Loss: 47.7186
Validation Loss: 47.8900
Validation Loss: 47.8505
Validation Loss: 47.8477
Validation Loss: 47.7952
Validation Loss: 47.8109
Validation Loss: 47.7124
Validation Loss: 47.9620
Validation Loss: 47.7417
Validation Loss: 47.7757
Validation Loss: 47.7866
Validation Loss: 47.8060
Validation Loss: 47.7314
Validation Loss: 47.6922
Validation Loss: 47.6215
Validation Loss: 47.6872
Validation Loss: 47.6388
Validation Loss: 47.7876
Validation Loss: 47.6311
Validation Loss: 47.5782
Validation Loss: 47.6144
Validation Loss: 47.8534
Validation Loss: 48.0486
Validation Loss: 47.6366
Validation Loss: 47.6608
Validation Loss: 47.6666
Validation Loss: 47.6153
Validation Loss: 47.6217
Validation Loss: 47.6505
Validation Loss: 47.6984
Validation Loss: 47.6874
Validation Loss: 47.5907
Validation Loss: 47.6786
Validation Loss: 47.6621
NPP sigma=0.1 Test loss:89.184, R2 loss:-1.131, GP Test loss:89.184, GP R2 loss:-1.131
training start for sigma:0.1
Validation Loss: 78.2845
Validation Loss: 78.2440
Validation Loss: 78.1826
Validation Loss: 78.1513
Validation Loss: 78.1693
Validation Loss: 78.2956
Validation Loss: 78.5589
Validation Loss: 78.0182
Validation Loss: 78.4574
Validation Loss: 78.2071
Validation Loss: 78.5448
Validation Loss: 78.6386
Validation Loss: 78.1812
Validation Loss: 78.3804
Validation Loss: 78.1692
Validation Loss: 78.5210
Validation Loss: 78.0623
Validation Loss: 78.5404
Validation Loss: 78.2623
Validation Loss: 78.7302
Validation Loss: 78.6153
Validation Loss: 78.4639
Early stopping after 110 epochs.
NPP sigma=0.1 Test loss:80.054, R2 loss:-0.618, GP Test loss:80.054, GP R2 loss:-0.618
metrics saved
start saving losses!
