training start for sigma:0.1
Validation Loss: 95.1689
Validation Loss: 95.5394
Validation Loss: 95.9770
New LR:  0.008
Validation Loss: 94.5644
Validation Loss: 94.8826
New LR:  0.0064
Validation Loss: 94.9075
Validation Loss: 95.6900
New LR:  0.00512
Validation Loss: 96.2010
Validation Loss: 95.3714
New LR:  0.004096000000000001
Validation Loss: 95.9149
Validation Loss: 94.9563
Validation Loss: 95.1468
New LR:  0.0032768000000000007
Validation Loss: 96.0824
Validation Loss: 95.0422
New LR:  0.002621440000000001
Validation Loss: 95.8603
Validation Loss: 94.4050
New LR:  0.002097152000000001
Validation Loss: 94.9738
Validation Loss: 95.2590
New LR:  0.001677721600000001
Validation Loss: 94.4142
Validation Loss: 94.2924
New LR:  0.0013421772800000008
Validation Loss: 95.0680
Validation Loss: 94.4853
Validation Loss: 94.9637
New LR:  0.0010737418240000006
Validation Loss: 94.8717
Validation Loss: 95.3516
New LR:  0.0008589934592000006
Validation Loss: 95.2899
Validation Loss: 95.0479
Validation Loss: 95.4142
Validation Loss: 95.6376
New LR:  0.0006871947673600005
Validation Loss: 94.3877
Validation Loss: 95.2347
New LR:  0.0005497558138880005
Validation Loss: 95.3735
Validation Loss: 95.5625
New LR:  0.0004398046511104004
Validation Loss: 94.7684
Early stopping after 170 epochs.
NPP sigma=0.1 Test loss:94.420, R2 loss:-0.207, GP Test loss:94.420, GP R2 loss:-0.207
training start for sigma:0.1
Validation Loss: 94.4496
Validation Loss: 96.2896
Validation Loss: 95.6547
Validation Loss: 95.6509
Validation Loss: 95.5650
New LR:  0.008
Validation Loss: 95.1183
Validation Loss: 94.9567
New LR:  0.0064
Validation Loss: 96.2531
Validation Loss: 95.5818
New LR:  0.00512
Validation Loss: 94.9261
Validation Loss: 95.5299
New LR:  0.004096000000000001
Validation Loss: 95.7999
Validation Loss: 94.9332
Validation Loss: 94.5198
New LR:  0.0032768000000000007
Validation Loss: 95.8111
Early stopping after 75 epochs.
NPP sigma=0.1 Test loss:94.420, R2 loss:-0.207, GP Test loss:94.420, GP R2 loss:-0.207
training start for sigma:0.1
Validation Loss: 95.4845
Validation Loss: 95.5318
Validation Loss: 94.2607
New LR:  0.008
Validation Loss: 95.2235
Validation Loss: 95.9709
Validation Loss: 95.6475
New LR:  0.0064
Validation Loss: 95.6624
Validation Loss: 94.8322
Validation Loss: 94.7752
Validation Loss: 95.0364
New LR:  0.00512
Validation Loss: 94.3737
Validation Loss: 95.9332
New LR:  0.004096000000000001
Validation Loss: 94.6265
Validation Loss: 94.6366
New LR:  0.0032768000000000007
Validation Loss: 94.8229
Validation Loss: 95.6137
Validation Loss: 95.3282
New LR:  0.002621440000000001
Early stopping after 85 epochs.
NPP sigma=0.1 Test loss:94.420, R2 loss:-0.207, GP Test loss:94.420, GP R2 loss:-0.207
metrics saved
start saving losses!
Best Learning Rate for NPP sigma=0.1: 0.0015848931924611134
training start for sigma:0.1
Validation Loss: 83.2989
Validation Loss: 70.2100
Validation Loss: 45.4633
Validation Loss: 32.6253
Validation Loss: 31.2208
Validation Loss: 28.6046
Validation Loss: 28.1258
Validation Loss: 27.6226
Validation Loss: 28.0424
Validation Loss: 27.7050
Validation Loss: 27.3452
Validation Loss: 28.0511
Validation Loss: 27.3907
Validation Loss: 27.1262
Validation Loss: 27.1253
Validation Loss: 27.3440
Validation Loss: 27.8836
Validation Loss: 27.1905
Validation Loss: 27.4375
Validation Loss: 27.3027
Validation Loss: 26.4136
Validation Loss: 27.2569
Validation Loss: 27.9766
Validation Loss: 27.4586
Validation Loss: 27.0860
Validation Loss: 27.1118
Validation Loss: 27.7148
Validation Loss: 26.2137
Validation Loss: 27.8787
Validation Loss: 26.9130
Validation Loss: 27.9235
Validation Loss: 28.8363
Validation Loss: 26.7472
Validation Loss: 27.1803
Validation Loss: 27.1603
Validation Loss: 26.9398
Validation Loss: 26.6695
Validation Loss: 25.9755
Validation Loss: 27.3505
Validation Loss: 27.4962
NPP sigma=0.1 Test loss:25.475, R2 loss:0.692, GP Test loss:25.475, GP R2 loss:0.692
training start for sigma:0.1
Validation Loss: 86.2652
Validation Loss: 74.3623
Validation Loss: 49.6742
Validation Loss: 37.9091
Validation Loss: 36.0906
Validation Loss: 30.1851
Validation Loss: 29.6345
Validation Loss: 29.3649
Validation Loss: 27.8940
Validation Loss: 27.8984
Validation Loss: 28.2328
Validation Loss: 27.9891
Validation Loss: 28.1620
Validation Loss: 27.3926
Validation Loss: 27.2274
Validation Loss: 27.6053
Validation Loss: 26.5349
Validation Loss: 27.0285
Validation Loss: 28.1077
Validation Loss: 27.3808
Validation Loss: 27.1304
Validation Loss: 26.7037
Validation Loss: 27.8953
Validation Loss: 27.4418
Validation Loss: 27.4205
Validation Loss: 27.4991
Validation Loss: 27.4590
Validation Loss: 26.7973
Validation Loss: 27.1524
Validation Loss: 27.4104
Validation Loss: 27.7471
Early stopping after 155 epochs.
NPP sigma=0.1 Test loss:25.812, R2 loss:0.687, GP Test loss:25.812, GP R2 loss:0.687
training start for sigma:0.1
Validation Loss: 84.2490
Validation Loss: 73.2773
Validation Loss: 50.5656
Validation Loss: 34.2068
Validation Loss: 30.5256
Validation Loss: 28.8757
Validation Loss: 28.2427
Validation Loss: 27.9519
Validation Loss: 28.1343
Validation Loss: 27.3897
Validation Loss: 26.9743
Validation Loss: 26.5672
Validation Loss: 27.4635
Validation Loss: 28.3054
Validation Loss: 26.6900
Validation Loss: 27.6259
Validation Loss: 28.7587
Validation Loss: 27.2612
Validation Loss: 27.5050
Validation Loss: 27.1243
Validation Loss: 26.8198
Validation Loss: 27.8791
Validation Loss: 27.2092
Validation Loss: 27.2281
Validation Loss: 28.0972
Validation Loss: 26.8223
Early stopping after 130 epochs.
NPP sigma=0.1 Test loss:25.887, R2 loss:0.686, GP Test loss:25.887, GP R2 loss:0.686
metrics saved
start saving losses!
