training start for sigma:0.0
Validation Loss: 98.4076
Validation Loss: 97.2353
Validation Loss: 95.7324
Validation Loss: 96.3039
Validation Loss: 97.9814
New LR:  0.0008
Validation Loss: 99.7441
Validation Loss: 98.0030
New LR:  0.00064
Validation Loss: 102.0249
Validation Loss: 96.5032
New LR:  0.0005120000000000001
Validation Loss: 103.6795
Validation Loss: 95.6557
Validation Loss: 96.1539
Validation Loss: 98.8475
New LR:  0.0004096000000000001
Validation Loss: 98.8244
Validation Loss: 97.1631
New LR:  0.0003276800000000001
Validation Loss: 97.7626
Validation Loss: 97.9571
New LR:  0.0002621440000000001
Validation Loss: 96.8810
Validation Loss: 96.3706
Validation Loss: 98.4987
New LR:  0.00020971520000000012
Validation Loss: 99.4943
Validation Loss: 101.3395
New LR:  0.0001677721600000001
Validation Loss: 99.0654
Validation Loss: 98.6351
New LR:  0.00013421772800000008
Validation Loss: 100.6125
Validation Loss: 93.0608
New LR:  0.00010737418240000007
Validation Loss: 98.2718
Validation Loss: 98.3714
New LR:  0.0001
Validation Loss: 94.0214
Validation Loss: 97.4583
Validation Loss: 100.4325
Validation Loss: 96.6167
Validation Loss: 97.2385
Validation Loss: 98.6327
Validation Loss: 98.5937
Validation Loss: 93.9475
Validation Loss: 99.6607
Validation Loss: 98.3155
Validation Loss: 97.2662
Validation Loss: 99.9699
MSE Test loss:114.110
R2 Test loss:-1.126
training start for sigma:0.0
Validation Loss: 97.0604
Validation Loss: 94.8936
Validation Loss: 100.9608
Validation Loss: 99.1696
New LR:  0.0008
Validation Loss: 98.0490
Validation Loss: 97.7170
New LR:  0.00064
Validation Loss: 100.5416
Validation Loss: 98.7541
New LR:  0.0005120000000000001
Validation Loss: 94.1804
Validation Loss: 99.0707
Validation Loss: 97.3194
Validation Loss: 101.2284
New LR:  0.0004096000000000001
Validation Loss: 94.6251
Validation Loss: 94.7875
Validation Loss: 98.6843
New LR:  0.0003276800000000001
Validation Loss: 99.3884
Validation Loss: 96.7689
New LR:  0.0002621440000000001
Validation Loss: 98.2770
Validation Loss: 96.7079
New LR:  0.00020971520000000012
Validation Loss: 99.6817
Validation Loss: 95.4845
New LR:  0.0001677721600000001
Validation Loss: 98.8679
Validation Loss: 97.2957
New LR:  0.00013421772800000008
Validation Loss: 93.6790
Validation Loss: 97.9339
Validation Loss: 101.4316
New LR:  0.00010737418240000007
Validation Loss: 96.0817
Validation Loss: 97.8310
Validation Loss: 98.1491
New LR:  0.0001
Validation Loss: 100.5333
Validation Loss: 97.8326
Validation Loss: 96.4517
Validation Loss: 95.0046
Validation Loss: 98.1585
Validation Loss: 97.7011
Validation Loss: 99.7399
Validation Loss: 96.4860
Validation Loss: 100.7898
Early stopping after 190 epochs.
MSE Test loss:114.110
R2 Test loss:-1.126
training start for sigma:0.0
Validation Loss: 96.5965
Validation Loss: 101.1796
Validation Loss: 97.7570
New LR:  0.0008
Validation Loss: 95.7454
Validation Loss: 99.1495
New LR:  0.00064
Validation Loss: 96.1059
Validation Loss: 97.6784
New LR:  0.0005120000000000001
Validation Loss: 96.9691
Validation Loss: 100.1392
Validation Loss: 101.5265
Validation Loss: 101.3153
Validation Loss: 94.8351
Validation Loss: 95.5467
New LR:  0.0004096000000000001
Validation Loss: 99.2021
Validation Loss: 100.1282
New LR:  0.0003276800000000001
Validation Loss: 99.2326
Validation Loss: 98.9667
New LR:  0.0002621440000000001
Validation Loss: 96.4717
Validation Loss: 94.7689
Validation Loss: 96.4228
New LR:  0.00020971520000000012
Validation Loss: 99.5708
Validation Loss: 96.6509
New LR:  0.0001677721600000001
Validation Loss: 100.1772
Validation Loss: 97.4327
New LR:  0.00013421772800000008
Validation Loss: 97.3504
Validation Loss: 95.1890
New LR:  0.00010737418240000007
Validation Loss: 98.9300
Validation Loss: 99.2329
New LR:  0.0001
Validation Loss: 99.1956
Validation Loss: 96.5067
Validation Loss: 100.4046
Validation Loss: 100.8666
Validation Loss: 99.4172
Early stopping after 165 epochs.
MSE Test loss:114.110
R2 Test loss:-1.126
metrics saved
start saving losses!
Best Learning Rate for MSE: 0.05623413251903489
training start for sigma:0.0
Validation Loss: 95.7356
Validation Loss: 98.0377
Validation Loss: 95.9747
Validation Loss: 96.1040
Validation Loss: 103.6788
Validation Loss: 96.7303
Validation Loss: 97.3016
Validation Loss: 96.8817
Validation Loss: 96.0662
Validation Loss: 95.7626
Validation Loss: 97.7928
Validation Loss: 97.1170
Validation Loss: 96.8265
Validation Loss: 98.0193
Validation Loss: 97.0535
Validation Loss: 93.3201
Validation Loss: 94.8183
Validation Loss: 97.6735
Validation Loss: 97.2894
Validation Loss: 102.2309
Validation Loss: 96.7465
Validation Loss: 97.7223
Validation Loss: 96.8090
Validation Loss: 95.6288
Validation Loss: 95.5258
Validation Loss: 93.2324
Validation Loss: 95.5001
Validation Loss: 98.1877
Validation Loss: 99.0062
Validation Loss: 102.1999
Validation Loss: 96.6113
Validation Loss: 98.9947
Validation Loss: 97.9168
Validation Loss: 98.6579
Validation Loss: 96.8076
Validation Loss: 99.5714
Validation Loss: 98.5135
Validation Loss: 100.2662
Validation Loss: 97.1722
Validation Loss: 99.4884
MSE Test loss:114.110
R2 Test loss:-1.126
training start for sigma:0.0
Validation Loss: 93.5200
Validation Loss: 97.3089
Validation Loss: 95.9573
Validation Loss: 96.8283
Validation Loss: 96.2759
Validation Loss: 101.5200
Validation Loss: 97.1236
Validation Loss: 98.2356
Validation Loss: 99.4040
Validation Loss: 99.7858
Validation Loss: 100.1508
Validation Loss: 99.3434
Validation Loss: 98.4028
Validation Loss: 95.9467
Validation Loss: 96.8377
Early stopping after 75 epochs.
MSE Test loss:114.110
R2 Test loss:-1.126
training start for sigma:0.0
Validation Loss: 98.3891
Validation Loss: 100.6855
Validation Loss: 96.7902
Validation Loss: 98.0667
Validation Loss: 99.1654
Validation Loss: 98.1980
Validation Loss: 96.9966
Validation Loss: 96.5750
Validation Loss: 97.8464
Validation Loss: 100.0160
Validation Loss: 100.2725
Validation Loss: 99.0165
Validation Loss: 99.7055
Validation Loss: 93.8478
Validation Loss: 99.3782
Validation Loss: 97.0953
Validation Loss: 100.2490
Validation Loss: 99.3765
Validation Loss: 97.4054
Validation Loss: 94.2832
Validation Loss: 98.3295
Validation Loss: 96.7195
Validation Loss: 99.0806
Validation Loss: 102.0627
Validation Loss: 96.6419
Validation Loss: 99.0993
Validation Loss: 97.8673
Validation Loss: 94.1965
Early stopping after 140 epochs.
MSE Test loss:114.110
R2 Test loss:-1.126
metrics saved
start saving losses!
