Best Learning Rate for MSE: 0.0009999999999999998
Best Learning Rate for NPP sigma=0.1: 0.0039810717055349725
Best Learning Rate for NPP sigma=0.2: 0.0039810717055349725
Best Learning Rate for NPP sigma=0.5: 0.01
Best Learning Rate for NPP sigma=1: 0.01
Best Learning Rate for NPP sigma=2: 0.0015848931924611134
Validation Loss: 1.6003
Validation Loss: 0.8004
Validation Loss: 0.6208
Validation Loss: 0.6375
Validation Loss: 0.5288
Validation Loss: 0.4786
Validation Loss: 0.7070
Validation Loss: 0.4947
Validation Loss: 0.5529
Validation Loss: 0.6291
Validation Loss: 0.6602
Validation Loss: 0.4934
Validation Loss: 0.5512
Validation Loss: 0.4958
Validation Loss: 0.7935
Validation Loss: 0.7477
Validation Loss: 0.4717
Validation Loss: 0.6225
Validation Loss: 0.5421
Validation Loss: 0.5322
Validation Loss: 0.6235
Validation Loss: 0.7493
Validation Loss: 0.6016
Validation Loss: 0.6252
Validation Loss: 0.5407
Validation Loss: 0.6651
Validation Loss: 0.7605
Validation Loss: 0.6383
Validation Loss: 0.6394
Validation Loss: 0.7918
Validation Loss: 0.6600
Early stopping after 155 epochs.
MSE Test loss:0.470
R2 Test loss:0.049
Validation Loss: 1.4020
Validation Loss: 0.7273
Validation Loss: 0.6445
Validation Loss: 0.5837
Validation Loss: 0.5006
Validation Loss: 0.6046
Validation Loss: 0.6173
Validation Loss: 0.6817
Validation Loss: 0.5513
Validation Loss: 0.4710
Validation Loss: 0.5267
Validation Loss: 0.6923
Validation Loss: 0.8583
Validation Loss: 0.6263
Validation Loss: 0.7272
Validation Loss: 0.7000
Validation Loss: 0.8278
Validation Loss: 0.6728
Validation Loss: 0.7893
Validation Loss: 0.6347
Validation Loss: 0.8023
Early stopping after 105 epochs.
NPP sigma=0.1 Test loss:0.506, R2 loss:0.048, GP Test loss:0.506, GP R2 loss:0.048
Validation Loss: 1.7802
Validation Loss: 1.6880
Validation Loss: 2.0898
Validation Loss: 2.4738
Validation Loss: 1.5279
Validation Loss: 1.9362
Validation Loss: 1.6193
Validation Loss: 2.6306
Validation Loss: 1.8042
Validation Loss: 2.6046
Validation Loss: 1.6594
Validation Loss: 1.5757
Validation Loss: 1.6421
Validation Loss: 2.1520
Validation Loss: 1.5228
Validation Loss: 2.4870
Validation Loss: 1.5174
Validation Loss: 2.0606
Validation Loss: 2.1861
Validation Loss: 2.0891
Validation Loss: 1.4934
Validation Loss: 1.6951
Validation Loss: 1.9984
Validation Loss: 1.5692
Validation Loss: 1.9075
Validation Loss: 1.9379
Validation Loss: 2.1909
Validation Loss: 1.9070
Validation Loss: 2.1144
Validation Loss: 1.9610
Validation Loss: 1.6718
Validation Loss: 1.7068
Early stopping after 160 epochs.
NPP sigma=0.2 Test loss:1.462, R2 loss:-0.227, GP Test loss:1.462, GP R2 loss:-0.227
Validation Loss: 1.8054
Validation Loss: 1.8382
Validation Loss: 1.9906
Validation Loss: 1.7364
Validation Loss: 1.5330
Validation Loss: 2.5577
Validation Loss: 2.5759
Validation Loss: 1.6336
Validation Loss: 1.5952
Validation Loss: 2.1156
Validation Loss: 1.9598
Validation Loss: 2.0745
Validation Loss: 1.7415
Validation Loss: 1.8412
Validation Loss: 2.0849
Validation Loss: 1.8993
Early stopping after 80 epochs.
NPP sigma=0.5 Test loss:1.462, R2 loss:-0.227, GP Test loss:1.462, GP R2 loss:-0.227
Validation Loss: 1.4842
Validation Loss: 0.9757
Validation Loss: 0.8146
Validation Loss: 0.6468
Validation Loss: 0.7181
Validation Loss: 0.5564
Validation Loss: 0.5890
Validation Loss: 0.5673
Validation Loss: 0.7955
Validation Loss: 0.7624
Validation Loss: 0.5874
Validation Loss: 0.7190
Validation Loss: 0.5307
Validation Loss: 0.5902
Validation Loss: 0.5760
Validation Loss: 0.6666
Validation Loss: 0.6384
Validation Loss: 0.6162
Validation Loss: 0.7352
Validation Loss: 0.7176
Validation Loss: 0.6865
Validation Loss: 0.8837
Validation Loss: 0.7129
Validation Loss: 0.8208
Early stopping after 120 epochs.
NPP sigma=1 Test loss:0.560, R2 loss:-0.330, GP Test loss:0.560, GP R2 loss:-0.330
Validation Loss: 2.2370
Validation Loss: 1.7853
Validation Loss: 1.6808
Validation Loss: 2.0540
Validation Loss: 1.9922
Validation Loss: 2.1708
Validation Loss: 2.2283
Validation Loss: 1.8497
Validation Loss: 2.3893
Validation Loss: 2.8764
Validation Loss: 1.6715
Validation Loss: 1.8310
Validation Loss: 1.6776
Validation Loss: 1.6370
Validation Loss: 2.1417
Validation Loss: 2.3602
Validation Loss: 1.8514
Validation Loss: 1.7061
Validation Loss: 1.8313
Validation Loss: 1.9087
Validation Loss: 2.2737
Validation Loss: 1.6194
Validation Loss: 1.9699
Validation Loss: 1.5097
Validation Loss: 1.6676
Validation Loss: 2.0807
Validation Loss: 2.2606
Validation Loss: 1.5421
Validation Loss: 1.6619
Validation Loss: 2.0535
Validation Loss: 1.5191
Validation Loss: 1.6205
Validation Loss: 1.6490
Validation Loss: 1.8342
Validation Loss: 1.5406
Early stopping after 175 epochs.
NPP sigma=2 Test loss:1.462, R2 loss:-0.227, GP Test loss:1.462, GP R2 loss:-0.227
start saving!
saved
Percent testing 0.25
Percent testing 0.5
Percent testing 0.75
Percent testing 1.0
Validation Loss: 1.6216
Validation Loss: 0.8743
Validation Loss: 0.7011
Validation Loss: 0.5686
Validation Loss: 0.9601
Validation Loss: 0.6507
Validation Loss: 0.7005
Validation Loss: 0.6317
Validation Loss: 0.6677
Validation Loss: 0.5569
Validation Loss: 0.7807
Validation Loss: 0.8351
New LR:  0.001
Validation Loss: 0.5328
Validation Loss: 0.5383
Validation Loss: 0.5294
Validation Loss: 0.7309
Validation Loss: 0.6125
Validation Loss: 0.6113
Validation Loss: 0.5340
New LR:  0.0001
Validation Loss: 0.5821
Validation Loss: 0.6897
Validation Loss: 0.6820
Validation Loss: 0.6422
Validation Loss: 0.5186
Validation Loss: 0.7296
Validation Loss: 0.6232
Validation Loss: 0.7226
Validation Loss: 0.6692
Validation Loss: 0.5494
Validation Loss: 0.6315
Validation Loss: 0.6763
Validation Loss: 0.6254
Validation Loss: 0.5803
Validation Loss: 0.6367
Validation Loss: 0.6053
Validation Loss: 0.5630
Validation Loss: 0.5775
Validation Loss: 0.5358
Early stopping after 190 epochs.
MSE Test loss:0.484
R2 Test loss:-0.029
Validation Loss: 9.9442
Validation Loss: 9.1673
New LR:  0.001
Validation Loss: 10.9383
New LR:  0.0001
Validation Loss: 17.1950
Validation Loss: 9.0849
Validation Loss: 8.7511
Validation Loss: 8.4172
Validation Loss: 10.7899
Validation Loss: 8.5293
Validation Loss: 8.8348
Validation Loss: 10.9797
Validation Loss: 9.5305
Validation Loss: 9.7666
Validation Loss: 10.9293
Validation Loss: 9.3335
Validation Loss: 8.5659
Validation Loss: 10.8767
Validation Loss: 9.4968
Early stopping after 90 epochs.
NPP sigma=10.0 Test loss:1.419, R2 loss:-0.269, GP Test loss:1.419, GP R2 loss:-0.269
Validation Loss: 11393.3107
Validation Loss: 11428.9208
Validation Loss: 18545.3181
New LR:  0.001
Validation Loss: 10334.6496
New LR:  0.0001
Validation Loss: 11799.4580
Validation Loss: 13938.4106
Validation Loss: 12388.8354
Validation Loss: 10741.1490
Validation Loss: 13192.4922
Validation Loss: 11146.1376
Validation Loss: 11896.2611
Validation Loss: 15950.6936
Validation Loss: 11895.9778
Validation Loss: 11675.0653
Validation Loss: 11955.6880
Early stopping after 75 epochs.
NPP sigma=20.0 Test loss:1.420, R2 loss:-0.188, GP Test loss:1.420, GP R2 loss:-0.188
start saving!
saved
Percent testing 0.25
Percent testing 0.5
Percent testing 0.75
Percent testing 1.0
Validation Loss: 1.7954
Validation Loss: 1.9530
Validation Loss: 1.8194
New LR:  0.001
Validation Loss: 1.5150
New LR:  0.0001
Validation Loss: 2.0691
Validation Loss: 1.7771
Validation Loss: 1.8522
Validation Loss: 1.7152
Validation Loss: 1.8677
Validation Loss: 1.4385
Validation Loss: 2.2762
Validation Loss: 2.5264
Validation Loss: 1.4259
Validation Loss: 1.5301
Validation Loss: 1.4149
Validation Loss: 1.9244
Validation Loss: 1.7336
Validation Loss: 1.5977
Validation Loss: 1.5190
Validation Loss: 1.6678
Validation Loss: 1.8543
Validation Loss: 1.8189
Validation Loss: 1.7906
Validation Loss: 1.4000
Validation Loss: 2.0113
Validation Loss: 1.6900
Validation Loss: 2.0385
Validation Loss: 1.8051
Validation Loss: 1.4240
Validation Loss: 1.6330
Validation Loss: 1.8659
Validation Loss: 1.6957
Validation Loss: 1.5062
Validation Loss: 1.7787
Validation Loss: 1.7763
Validation Loss: 1.5838
Validation Loss: 1.5204
Validation Loss: 1.4573
Early stopping after 190 epochs.
MSE Test loss:1.358
R2 Test loss:-1.439
Validation Loss: 1147.0980
Validation Loss: 1078.9633
New LR:  0.001
Validation Loss: 1181.6626
New LR:  0.0001
Validation Loss: 1824.3414
Validation Loss: 1078.0567
Validation Loss: 1015.2520
Validation Loss: 1023.2338
Validation Loss: 1364.1212
Validation Loss: 1005.9664
Validation Loss: 1089.9117
Validation Loss: 1680.6331
Validation Loss: 1129.5418
Validation Loss: 1242.8638
Validation Loss: 1212.4994
Validation Loss: 1124.4113
Validation Loss: 1018.1643
Validation Loss: 1339.2059
Validation Loss: 1218.0805
Validation Loss: 1119.4814
Validation Loss: 1054.8350
Early stopping after 100 epochs.
NPP sigma=10.0 Test loss:1.462, R2 loss:-0.227, GP Test loss:1.462, GP R2 loss:-0.227
Validation Loss: 11920.3608
Validation Loss: 8300.3264
New LR:  0.001
Validation Loss: 9539.3983
New LR:  0.0001
Validation Loss: 11720.3970
Validation Loss: 10975.1451
Validation Loss: 8771.0931
Validation Loss: 11334.1104
Validation Loss: 9697.5034
Validation Loss: 9679.0491
Validation Loss: 12396.0286
Validation Loss: 9893.5375
Validation Loss: 9976.4686
Validation Loss: 9380.3468
Early stopping after 65 epochs.
NPP sigma=20.0 Test loss:1.462, R2 loss:-0.227, GP Test loss:1.462, GP R2 loss:-0.227
start saving!
saved
Percent testing 0.25
Percent testing 0.5
Percent testing 0.75
Percent testing 1.0
Best Learning Rate for MSE: 0.009999999999999997
Best Learning Rate for NPP sigma=0.1: 0.0251188643150958
Best Learning Rate for NPP sigma=0.2: 0.0015848931924611134
Best Learning Rate for NPP sigma=0.5: 0.0015848931924611134
Best Learning Rate for NPP sigma=1: 0.01
Best Learning Rate for NPP sigma=2: 0.0039810717055349725
Validation Loss: 1.9562
Validation Loss: 1.5690
Validation Loss: 1.6172
Validation Loss: 1.7903
Validation Loss: 1.5007
Validation Loss: 1.3856
Validation Loss: 1.7732
Validation Loss: 1.5565
Validation Loss: 1.5771
Validation Loss: 2.0163
Validation Loss: 2.1013
Validation Loss: 1.5403
Validation Loss: 1.7631
Validation Loss: 1.4559
Validation Loss: 2.0117
Validation Loss: 1.9323
Validation Loss: 1.3978
Validation Loss: 1.9213
Validation Loss: 1.4894
Validation Loss: 1.3894
Early stopping after 100 epochs.
MSE Test loss:1.262
R2 Test loss:-4.085
Validation Loss: -0.3701
Validation Loss: 0.1275
Validation Loss: 0.6039
Validation Loss: -27.0660
Validation Loss: 13.7456
Validation Loss: -13.8005
Validation Loss: -0.0636
Validation Loss: -0.1579
Validation Loss: 13.6666
Validation Loss: 1.1485
Validation Loss: 0.1182
Validation Loss: 0.0849
Validation Loss: 14.0043
Validation Loss: -0.0352
Validation Loss: -0.1886
Early stopping after 75 epochs.
NPP sigma=0.1 Test loss:1.470, R2 loss:-0.261, GP Test loss:1.470, GP R2 loss:-0.261
Validation Loss: 9.8214
Validation Loss: -3.5889
Validation Loss: -3.6474
Validation Loss: -3.7505
Validation Loss: -3.2104
Validation Loss: -17.3052
Validation Loss: -3.8104
Validation Loss: -3.0721
Validation Loss: -3.8724
Validation Loss: -17.3632
Validation Loss: -3.4139
Validation Loss: -4.2569
Validation Loss: -31.3202
Validation Loss: -17.7969
Validation Loss: -4.2566
Validation Loss: -4.1737
Validation Loss: -3.9266
Validation Loss: -17.6405
Validation Loss: -4.1212
Validation Loss: -3.7431
Validation Loss: -3.1954
Validation Loss: -4.2252
Validation Loss: -17.3657
Validation Loss: -4.1327
Early stopping after 120 epochs.
NPP sigma=0.2 Test loss:1.470, R2 loss:-0.261, GP Test loss:1.470, GP R2 loss:-0.261
Validation Loss: 4.2128
Validation Loss: 17.5064
Validation Loss: 3.8505
Validation Loss: -9.5066
Validation Loss: 4.0456
Validation Loss: 3.8762
Validation Loss: 3.9722
Validation Loss: 17.5803
Validation Loss: 3.5064
Validation Loss: 3.5408
Validation Loss: 3.7397
Validation Loss: -9.9281
Validation Loss: 3.5448
Validation Loss: 17.4435
Validation Loss: 3.7721
Validation Loss: 3.8291
Validation Loss: 4.2985
Validation Loss: -10.0667
Validation Loss: 17.7578
Validation Loss: 3.6852
Validation Loss: 3.9510
Validation Loss: 17.5214
Validation Loss: 18.2638
Validation Loss: 17.7162
Validation Loss: 17.5191
Validation Loss: 17.4509
Validation Loss: -9.6733
Validation Loss: 4.0647
Validation Loss: 3.7609
Early stopping after 145 epochs.
NPP sigma=0.5 Test loss:1.470, R2 loss:-0.261, GP Test loss:1.470, GP R2 loss:-0.261
Validation Loss: 4.0241
Validation Loss: 3.4681
Validation Loss: 3.7667
Validation Loss: -9.6415
Validation Loss: 3.4804
Validation Loss: 3.8936
Validation Loss: 3.4639
Validation Loss: 3.8244
Validation Loss: 3.8751
Validation Loss: 3.5332
Validation Loss: -9.5482
Validation Loss: 3.7032
Validation Loss: -9.5271
Validation Loss: 4.4737
Validation Loss: 3.7953
Early stopping after 75 epochs.
NPP sigma=1 Test loss:1.470, R2 loss:-0.261, GP Test loss:1.470, GP R2 loss:-0.261
Validation Loss: 13.3541
Validation Loss: -0.3815
Validation Loss: -0.0249
Validation Loss: -0.2524
Validation Loss: -0.0191
Validation Loss: -13.5818
Validation Loss: -0.4708
Validation Loss: 0.0947
Validation Loss: -13.8811
Validation Loss: -0.2456
Validation Loss: -0.1564
Validation Loss: -0.3310
Validation Loss: -0.0345
Validation Loss: -13.0755
Validation Loss: 13.7434
Validation Loss: -0.4557
Validation Loss: -0.5170
Validation Loss: -0.5136
Validation Loss: -13.6281
Validation Loss: 0.4938
Validation Loss: -14.0574
Validation Loss: -0.0399
Validation Loss: 13.2502
Validation Loss: -0.4273
Validation Loss: -0.0953
Validation Loss: 13.3071
Validation Loss: 13.6625
Validation Loss: -13.4617
Validation Loss: -0.2638
Validation Loss: 0.2473
Validation Loss: 0.6046
Validation Loss: -0.4058
Early stopping after 160 epochs.
NPP sigma=2 Test loss:1.470, R2 loss:-0.261, GP Test loss:1.470, GP R2 loss:-0.261
start saving!
saved
Percent testing 0.25
Best Learning Rate for MSE: 0.0009999999999999998
Best Learning Rate for NPP sigma=0.1: 0.0251188643150958
Best Learning Rate for NPP sigma=0.2: 0.0015848931924611134
Best Learning Rate for NPP sigma=0.5: 0.0015848931924611134
Best Learning Rate for NPP sigma=1: 0.01
Best Learning Rate for NPP sigma=2: 0.0039810717055349725
Validation Loss: 1.6747
Validation Loss: 0.7482
Validation Loss: 0.6176
Validation Loss: 0.6493
Validation Loss: 0.5572
Validation Loss: 0.5067
Validation Loss: 0.6720
Validation Loss: 0.5276
Validation Loss: 0.5627
Validation Loss: 0.6226
Validation Loss: 0.7123
Validation Loss: 0.5347
Validation Loss: 0.6101
Validation Loss: 0.5264
Validation Loss: 0.7482
Validation Loss: 0.8065
Validation Loss: 0.5136
Validation Loss: 0.7379
Validation Loss: 0.5640
Validation Loss: 0.5309
Early stopping after 100 epochs.
MSE Test loss:0.480
R2 Test loss:-0.276
Validation Loss: -0.3701
Validation Loss: 0.1275
Validation Loss: 0.6039
Validation Loss: -27.0660
Validation Loss: 13.7456
Validation Loss: -13.8005
Validation Loss: -0.0636
Validation Loss: -0.1579
Validation Loss: 13.6666
Validation Loss: 1.1485
Validation Loss: 0.1182
Validation Loss: 0.0849
Validation Loss: 14.0043
Validation Loss: -0.0352
Validation Loss: -0.1886
Early stopping after 75 epochs.
NPP sigma=0.1 Test loss:1.470, R2 loss:-0.261, GP Test loss:1.470, GP R2 loss:-0.261
Validation Loss: 9.8214
Validation Loss: -3.5889
Validation Loss: -3.6474
Validation Loss: -3.7505
Validation Loss: -3.2104
Validation Loss: -17.3052
Validation Loss: -3.8104
Validation Loss: -3.0721
Validation Loss: -3.8724
Validation Loss: -17.3632
Validation Loss: -3.4139
Validation Loss: -4.2569
Validation Loss: -31.3202
Validation Loss: -17.7969
Validation Loss: -4.2566
Validation Loss: -4.1737
Validation Loss: -3.9266
Validation Loss: -17.6405
Validation Loss: -4.1212
Validation Loss: -3.7431
Validation Loss: -3.1954
Validation Loss: -4.2252
Validation Loss: -17.3657
Validation Loss: -4.1327
Early stopping after 120 epochs.
NPP sigma=0.2 Test loss:1.470, R2 loss:-0.261, GP Test loss:1.470, GP R2 loss:-0.261
Validation Loss: 4.2128
Validation Loss: 17.5064
Validation Loss: 3.8505
Validation Loss: -9.5066
Validation Loss: 4.0456
Validation Loss: 3.8762
Validation Loss: 3.9722
Validation Loss: 17.5803
Validation Loss: 3.5064
Validation Loss: 3.5408
Validation Loss: 3.7397
Validation Loss: -9.9281
Validation Loss: 3.5448
Validation Loss: 17.4435
Validation Loss: 3.7721
Validation Loss: 3.8291
Validation Loss: 4.2985
Validation Loss: -10.0667
Validation Loss: 17.7578
Validation Loss: 3.6852
Validation Loss: 3.9510
Validation Loss: 17.5214
Validation Loss: 18.2638
Validation Loss: 17.7162
Validation Loss: 17.5191
Validation Loss: 17.4509
Validation Loss: -9.6733
Validation Loss: 4.0647
Validation Loss: 3.7609
Early stopping after 145 epochs.
NPP sigma=0.5 Test loss:1.470, R2 loss:-0.261, GP Test loss:1.470, GP R2 loss:-0.261
Validation Loss: 4.0241
Validation Loss: 3.4681
Validation Loss: 3.7667
Validation Loss: -9.6415
Validation Loss: 3.4804
Validation Loss: 3.8936
Validation Loss: 3.4639
Validation Loss: 3.8244
Validation Loss: 3.8751
Validation Loss: 3.5332
Validation Loss: -9.5482
Validation Loss: 3.7032
Validation Loss: -9.5271
Validation Loss: 4.4737
Validation Loss: 3.7953
Early stopping after 75 epochs.
NPP sigma=1 Test loss:1.470, R2 loss:-0.261, GP Test loss:1.470, GP R2 loss:-0.261
Validation Loss: 13.3541
Validation Loss: -0.3815
Validation Loss: -0.0249
Validation Loss: -0.2524
Validation Loss: -0.0191
Validation Loss: -13.5818
Validation Loss: -0.4708
Validation Loss: 0.0947
Validation Loss: -13.8811
Validation Loss: -0.2456
Validation Loss: -0.1564
Validation Loss: -0.3310
Validation Loss: -0.0345
Validation Loss: -13.0755
Validation Loss: 13.7434
Validation Loss: -0.4557
Validation Loss: -0.5170
Validation Loss: -0.5136
Validation Loss: -13.6281
Validation Loss: 0.4938
Validation Loss: -14.0574
Validation Loss: -0.0399
Validation Loss: 13.2502
Validation Loss: -0.4273
Validation Loss: -0.0953
Validation Loss: 13.3071
Validation Loss: 13.6625
Validation Loss: -13.4617
Validation Loss: -0.2638
Validation Loss: 0.2473
Validation Loss: 0.6046
Validation Loss: -0.4058
Early stopping after 160 epochs.
NPP sigma=2 Test loss:1.470, R2 loss:-0.261, GP Test loss:1.470, GP R2 loss:-0.261
start saving!
saved
Percent testing 0.25
Validation Loss: 1.8885
Validation Loss: 2.0574
New LR:  0.001
Validation Loss: 1.7585
New LR:  0.0001
Validation Loss: 1.5850
Validation Loss: 2.2873
Validation Loss: 1.8534
Validation Loss: 2.0120
Validation Loss: 1.7863
Validation Loss: 2.0939
Validation Loss: 1.4974
Validation Loss: 2.5054
Validation Loss: 2.8499
Validation Loss: 1.4918
Validation Loss: 1.6326
Validation Loss: 1.4983
Validation Loss: 2.0640
Validation Loss: 1.6511
Validation Loss: 1.6787
Validation Loss: 1.6230
Validation Loss: 1.7160
Validation Loss: 2.0754
Validation Loss: 2.0862
Validation Loss: 1.8755
Validation Loss: 1.4881
Validation Loss: 1.9145
Validation Loss: 1.8456
Validation Loss: 2.1606
Validation Loss: 1.8879
Validation Loss: 1.5089
Validation Loss: 1.7536
Validation Loss: 2.0078
Validation Loss: 1.9184
Validation Loss: 1.6411
Validation Loss: 1.8549
Validation Loss: 1.8626
Validation Loss: 1.6311
Validation Loss: 1.6240
Validation Loss: 1.5583
Early stopping after 190 epochs.
MSE Test loss:1.358
R2 Test loss:-1.745
Validation Loss: 1676.4730
Validation Loss: 1342.2332
New LR:  0.001
Validation Loss: 1958.3664
Validation Loss: 1851.6497
Validation Loss: 1388.2632
New LR:  0.0001
Validation Loss: 1261.9743
Validation Loss: 1307.4562
Validation Loss: 1563.5585
Validation Loss: 1246.1427
Validation Loss: 1293.1987
Validation Loss: 1668.9510
Validation Loss: 1667.0470
Validation Loss: 1761.3195
Validation Loss: 1461.6380
Validation Loss: 1376.8263
Validation Loss: 1308.3827
Validation Loss: 1876.7101
Validation Loss: 1428.4404
Validation Loss: 1303.8923
Validation Loss: 1334.9583
Early stopping after 100 epochs.
NPP sigma=10.0 Test loss:1.295, R2 loss:-0.712, GP Test loss:1.295, GP R2 loss:-0.712
Validation Loss: 22384.0244
Validation Loss: 13317.7554
Validation Loss: 15045.2642
New LR:  0.001
Validation Loss: 16319.4685
New LR:  0.0001
Validation Loss: 17993.1541
Validation Loss: 14204.8557
Validation Loss: 16184.0505
Validation Loss: 14462.4292
Validation Loss: 16218.2579
Validation Loss: 18161.2446
Validation Loss: 14206.6233
Validation Loss: 15740.5847
Validation Loss: 17043.0872
Early stopping after 65 epochs.
NPP sigma=20.0 Test loss:1.470, R2 loss:-0.261, GP Test loss:1.470, GP R2 loss:-0.261
start saving!
saved
Percent testing 0.25
Validation Loss: 1.8871
Validation Loss: 1.6005
Validation Loss: 1.3221
Validation Loss: 1.1815
Validation Loss: 1.6805
Validation Loss: 1.3438
Validation Loss: 1.4706
Validation Loss: 1.3009
Validation Loss: 1.1267
Validation Loss: 0.8277
Validation Loss: 1.3262
Validation Loss: 1.5023
Validation Loss: 0.8324
Validation Loss: 0.6477
Validation Loss: 0.5951
Validation Loss: 0.8704
Validation Loss: 0.6815
Validation Loss: 0.6255
Validation Loss: 0.6080
New LR:  0.001
Validation Loss: 0.6219
Validation Loss: 0.7881
Validation Loss: 0.7697
Validation Loss: 0.6848
Validation Loss: 0.5825
Validation Loss: 0.8307
Validation Loss: 0.7260
Validation Loss: 0.7978
Validation Loss: 0.7390
Validation Loss: 0.6025
Validation Loss: 0.7057
Validation Loss: 0.7505
Validation Loss: 0.7401
Validation Loss: 0.6643
Validation Loss: 0.6960
Validation Loss: 0.6898
Validation Loss: 0.6423
Validation Loss: 0.6497
Validation Loss: 0.6148
Early stopping after 190 epochs.
MSE Test loss:0.573
R2 Test loss:-0.371
Validation Loss: 1675.8583
Validation Loss: 1341.9957
New LR:  0.001
Validation Loss: 1958.1363
Validation Loss: 1853.4129
Validation Loss: 1388.7750
New LR:  0.0001
Validation Loss: 1262.1508
Validation Loss: 1307.6999
Validation Loss: 1564.3796
Validation Loss: 1246.5283
Validation Loss: 1293.4361
Validation Loss: 1668.7690
Validation Loss: 1668.0435
Validation Loss: 1761.6616
Validation Loss: 1462.0874
Validation Loss: 1377.1274
Validation Loss: 1308.6992
Validation Loss: 1876.7595
Validation Loss: 1428.2641
Validation Loss: 1304.1249
Validation Loss: 1335.4983
Early stopping after 100 epochs.
NPP sigma=10.0 Test loss:1.292, R2 loss:-0.753, GP Test loss:1.292, GP R2 loss:-0.753
Validation Loss: 22384.0244
Validation Loss: 13317.7554
Validation Loss: 15045.2642
New LR:  0.001
Validation Loss: 16319.4685
New LR:  0.0001
Validation Loss: 17993.1541
Validation Loss: 14204.8557
Validation Loss: 16184.0505
Validation Loss: 14462.4292
Validation Loss: 16218.2579
Validation Loss: 18161.2446
Validation Loss: 14206.6233
Validation Loss: 15740.5847
Validation Loss: 17043.0872
Early stopping after 65 epochs.
NPP sigma=20.0 Test loss:1.470, R2 loss:-0.261, GP Test loss:1.470, GP R2 loss:-0.261
start saving!
saved
Percent testing 0.25
