training start for sigma:0.2
Validation Loss: 98.4066
Validation Loss: 97.2344
Validation Loss: 95.7314
Validation Loss: 96.3030
Validation Loss: 97.9804
New LR:  0.0008
Validation Loss: 99.7431
Validation Loss: 98.0020
New LR:  0.00064
Validation Loss: 102.0239
Validation Loss: 96.5022
New LR:  0.0005120000000000001
Validation Loss: 103.6784
Validation Loss: 95.6548
Validation Loss: 96.1530
Validation Loss: 98.8465
New LR:  0.0004096000000000001
Validation Loss: 98.8234
Validation Loss: 97.1621
New LR:  0.0003276800000000001
Validation Loss: 97.7617
Validation Loss: 97.9561
New LR:  0.0002621440000000001
Validation Loss: 96.8800
Validation Loss: 96.3697
Validation Loss: 98.4977
New LR:  0.00020971520000000012
Validation Loss: 99.4933
Validation Loss: 101.3385
New LR:  0.0001677721600000001
Validation Loss: 99.0644
Validation Loss: 98.6341
New LR:  0.00013421772800000008
Validation Loss: 100.6115
Validation Loss: 93.0598
New LR:  0.00010737418240000007
Validation Loss: 98.2708
Validation Loss: 98.3704
New LR:  0.0001
Validation Loss: 94.0205
Validation Loss: 97.4573
Validation Loss: 100.4315
Validation Loss: 96.6158
Validation Loss: 97.2375
Validation Loss: 98.6317
Validation Loss: 98.5928
Validation Loss: 93.9466
Validation Loss: 99.6597
Validation Loss: 98.3145
Validation Loss: 97.2652
Validation Loss: 99.9689
NPP sigma=0.2 Test loss:114.110, R2 loss:-1.126, GP Test loss:114.110, GP R2 loss:-1.126
training start for sigma:0.2
Validation Loss: 44.3810
Validation Loss: 8.6313
Validation Loss: 0.9774
Validation Loss: 0.8348
Validation Loss: 0.6114
Validation Loss: 0.5898
Validation Loss: 0.4402
Validation Loss: 0.3498
Validation Loss: 0.2929
Validation Loss: 0.2706
Validation Loss: 0.2349
Validation Loss: 0.3122
Validation Loss: 0.2294
Validation Loss: 0.1983
Validation Loss: 0.1853
Validation Loss: 0.1911
Validation Loss: 0.2305
Validation Loss: 0.1848
Validation Loss: 0.2048
Validation Loss: 0.1730
Validation Loss: 0.1553
Validation Loss: 0.1722
Validation Loss: 0.5326
Validation Loss: 0.1481
Validation Loss: 0.1392
Validation Loss: 0.1336
Validation Loss: 0.1229
Validation Loss: 0.1370
Validation Loss: 0.1405
New LR:  0.0008
Validation Loss: 0.1345
Validation Loss: 0.1410
Validation Loss: 0.1228
Validation Loss: 0.1320
Validation Loss: 0.1276
Validation Loss: 0.1474
Validation Loss: 0.1287
New LR:  0.00064
Validation Loss: 0.1324
Validation Loss: 0.1225
Validation Loss: 0.1202
Validation Loss: 0.1356
NPP sigma=0.2 Test loss:87.943, R2 loss:-6.522, GP Test loss:87.943, GP R2 loss:-6.522
training start for sigma:0.2
Validation Loss: 98.0888
Validation Loss: 95.9437
Validation Loss: 95.8602
New LR:  0.0008
Validation Loss: 99.4183
Validation Loss: 98.2875
Validation Loss: 98.4918
New LR:  0.00064
Validation Loss: 97.3876
Validation Loss: 100.6482
Validation Loss: 98.3577
Validation Loss: 96.5833
Validation Loss: 98.4183
New LR:  0.0005120000000000001
Validation Loss: 98.9502
Validation Loss: 93.2961
New LR:  0.0004096000000000001
Validation Loss: 98.7588
Validation Loss: 97.4119
Validation Loss: 100.5116
New LR:  0.0003276800000000001
Validation Loss: 96.0956
Validation Loss: 97.3679
New LR:  0.0002621440000000001
Validation Loss: 97.9615
Validation Loss: 97.1913
New LR:  0.00020971520000000012
Validation Loss: 98.7447
Validation Loss: 97.6513
New LR:  0.0001677721600000001
Validation Loss: 100.9925
Validation Loss: 99.7709
New LR:  0.00013421772800000008
Validation Loss: 94.9733
Validation Loss: 95.4490
Validation Loss: 94.2624
New LR:  0.00010737418240000007
Early stopping after 135 epochs.
NPP sigma=0.2 Test loss:114.110, R2 loss:-1.126, GP Test loss:114.110, GP R2 loss:-1.126
metrics saved
start saving losses!
Best Learning Rate for NPP sigma=0.2: 0.0015848931924611134
training start for sigma:0.2
Validation Loss: 31.8987
Validation Loss: 2.9222
Validation Loss: 0.7267
Validation Loss: 0.5470
Validation Loss: 0.4925
Validation Loss: 0.3542
Validation Loss: 0.3304
Validation Loss: 0.3977
Validation Loss: 0.3929
Validation Loss: 0.4383
Validation Loss: 0.7848
Validation Loss: 0.2243
Validation Loss: 0.1776
Validation Loss: 0.1772
Validation Loss: 0.3070
Validation Loss: 0.1853
Validation Loss: 0.1513
Validation Loss: 0.1370
Validation Loss: 0.1564
Validation Loss: 0.1401
Validation Loss: 0.1234
Validation Loss: 0.1308
Validation Loss: 0.1211
Validation Loss: 0.1296
Validation Loss: 60.0918
Validation Loss: 5.8701
Validation Loss: 1.0171
Validation Loss: 1.0432
Validation Loss: 0.6195
Validation Loss: 0.4990
Validation Loss: 0.4969
Validation Loss: 0.3972
Validation Loss: 0.3253
Validation Loss: 0.3474
Validation Loss: 0.2823
Validation Loss: 0.2853
Validation Loss: 0.2723
Early stopping after 185 epochs.
NPP sigma=0.2 Test loss:81.542, R2 loss:-126.293, GP Test loss:81.542, GP R2 loss:-126.293
training start for sigma:0.2
Validation Loss: 70.5042
Validation Loss: 9.0177
Validation Loss: 0.9596
Validation Loss: 0.7528
Validation Loss: 0.5216
Validation Loss: 0.4608
Validation Loss: 0.2745
Validation Loss: 0.2699
Validation Loss: 0.2878
Validation Loss: 0.2177
Validation Loss: 0.2017
Validation Loss: 0.1628
Validation Loss: 0.1580
Validation Loss: 0.1668
Validation Loss: 0.1738
Validation Loss: 0.1729
Validation Loss: 0.1680
Validation Loss: 0.1654
Validation Loss: 0.1934
Validation Loss: 0.8788
Validation Loss: 0.1622
Validation Loss: 0.1189
Validation Loss: 0.1283
Validation Loss: 0.1030
Validation Loss: 0.1085
Validation Loss: 0.1079
Validation Loss: 0.0982
Validation Loss: 0.0965
Validation Loss: 0.1157
Validation Loss: 0.1185
Validation Loss: 0.1145
Validation Loss: 0.2142
Validation Loss: 0.1105
Validation Loss: 0.1388
Validation Loss: 0.3400
Validation Loss: 0.1394
Validation Loss: 0.1845
Validation Loss: 0.0905
Validation Loss: 0.0856
Validation Loss: 0.1230
NPP sigma=0.2 Test loss:47.744, R2 loss:-121.397, GP Test loss:47.744, GP R2 loss:-121.397
training start for sigma:0.2
Validation Loss: 45.7194
Validation Loss: 1.0839
Validation Loss: 0.6255
Validation Loss: 0.4192
Validation Loss: 0.3264
Validation Loss: 0.4452
Validation Loss: 0.2426
Validation Loss: 0.2239
Validation Loss: 0.2046
Validation Loss: 0.1948
Validation Loss: 0.8416
Validation Loss: 0.1741
Validation Loss: 0.1644
Validation Loss: 0.1426
Validation Loss: 1.9277
Validation Loss: 0.2020
Validation Loss: 0.1495
Validation Loss: 0.1435
Validation Loss: 0.1444
Validation Loss: 0.1615
Validation Loss: 0.1162
Validation Loss: 0.1569
Validation Loss: 0.1088
Validation Loss: 0.1388
Validation Loss: 0.0965
Validation Loss: 0.1156
Validation Loss: 0.1725
Validation Loss: 0.1150
Validation Loss: 0.1698
Validation Loss: 0.1051
Validation Loss: 0.1114
Validation Loss: 0.1056
Validation Loss: 0.0981
Validation Loss: 0.2355
Validation Loss: 0.0952
Validation Loss: 0.0969
Validation Loss: 0.0726
Validation Loss: 0.0677
Validation Loss: 0.0880
Validation Loss: 0.0720
NPP sigma=0.2 Test loss:86.434, R2 loss:-11.149, GP Test loss:86.434, GP R2 loss:-11.149
metrics saved
start saving losses!
