training start for sigma:1.0
Validation Loss: 61.3900
Validation Loss: 25.5367
Validation Loss: 21.0491
Validation Loss: 21.4039
Validation Loss: 18.9227
Validation Loss: 13.3872
Validation Loss: 11.1700
Validation Loss: 12.1190
Validation Loss: 11.9251
Validation Loss: 10.4581
Validation Loss: 9.9912
Validation Loss: 10.0152
Validation Loss: 10.1894
Validation Loss: 11.5572
Validation Loss: 9.7549
Validation Loss: 9.6758
Validation Loss: 9.2618
Validation Loss: 10.1044
Validation Loss: 9.3590
Validation Loss: 9.3590
Validation Loss: 9.9611
Validation Loss: 9.8444
Validation Loss: 9.5188
Validation Loss: 9.1804
Validation Loss: 9.0473
Validation Loss: 9.3343
Validation Loss: 10.0428
Validation Loss: 9.3076
New LR:  0.0008
Validation Loss: 9.3053
Validation Loss: 9.2301
Validation Loss: 10.3196
Validation Loss: 9.7548
Validation Loss: 9.4324
Validation Loss: 9.7716
Validation Loss: 9.6745
Validation Loss: 9.5770
Validation Loss: 9.6245
Validation Loss: 10.1571
Validation Loss: 9.5700
Early stopping after 195 epochs.
NPP sigma=1.0 Test loss:16.184, R2 loss:-6666.672, GP Test loss:16.184, GP R2 loss:-6666.672
training start for sigma:1.0
Validation Loss: 65.0489
Validation Loss: 22.8753
Validation Loss: 21.9796
Validation Loss: 23.8538
Validation Loss: 19.1797
Validation Loss: 12.3435
Validation Loss: 11.3642
Validation Loss: 11.5397
Validation Loss: 10.4854
Validation Loss: 11.4621
Validation Loss: 11.0810
Validation Loss: 10.3287
Validation Loss: 10.0801
Validation Loss: 10.3111
Validation Loss: 10.0044
Validation Loss: 10.0643
Validation Loss: 11.0489
Validation Loss: 9.5203
Validation Loss: 9.1041
Validation Loss: 9.1973
Validation Loss: 9.2983
Validation Loss: 9.2732
Validation Loss: 9.3156
Validation Loss: 9.5061
Validation Loss: 9.7727
Validation Loss: 9.0103
Validation Loss: 9.5607
Validation Loss: 9.3154
Validation Loss: 8.8160
Validation Loss: 9.1123
Validation Loss: 9.3253
Validation Loss: 9.2853
Validation Loss: 8.9887
Validation Loss: 9.0597
Validation Loss: 9.3241
Validation Loss: 9.3471
Validation Loss: 9.0593
Validation Loss: 8.8989
Validation Loss: 9.2992
Validation Loss: 9.9122
NPP sigma=1.0 Test loss:14.564, R2 loss:-4056.251, GP Test loss:14.564, GP R2 loss:-4056.251
training start for sigma:1.0
Validation Loss: 78.0669
Validation Loss: 45.0641
Validation Loss: 21.4815
Validation Loss: 18.8027
Validation Loss: 15.8247
Validation Loss: 13.4890
Validation Loss: 13.2511
Validation Loss: 11.1582
Validation Loss: 10.8829
Validation Loss: 10.5464
Validation Loss: 9.9926
Validation Loss: 10.0926
Validation Loss: 9.9591
Validation Loss: 10.2673
Validation Loss: 9.9999
Validation Loss: 10.1631
Validation Loss: 9.9046
Validation Loss: 10.1808
Validation Loss: 9.6982
Validation Loss: 9.4720
Validation Loss: 9.7282
New LR:  0.0008
Validation Loss: 9.6315
Validation Loss: 9.5884
Validation Loss: 9.4371
Validation Loss: 9.2274
Validation Loss: 9.3168
Validation Loss: 9.2397
Validation Loss: 9.4085
New LR:  0.00064
Validation Loss: 9.2822
Validation Loss: 9.6963
Validation Loss: 9.4595
Validation Loss: 9.5654
Validation Loss: 9.5498
Validation Loss: 8.8605
Validation Loss: 9.2618
Validation Loss: 9.1819
Validation Loss: 8.9282
Validation Loss: 9.4678
Validation Loss: 10.0215
Validation Loss: 9.1085
NPP sigma=1.0 Test loss:16.509, R2 loss:-1591.441, GP Test loss:16.509, GP R2 loss:-1591.441
metrics saved
start saving losses!
Best Learning Rate for NPP sigma=1.0: 0.01
training start for sigma:1.0
Validation Loss: 84.9389
Validation Loss: 23.7626
Validation Loss: 21.7533
Validation Loss: 21.6978
Validation Loss: 21.9724
Validation Loss: 23.5599
Validation Loss: 21.8852
Validation Loss: 21.6461
Validation Loss: 21.7254
Validation Loss: 22.0430
Validation Loss: 22.0011
Validation Loss: 21.7879
Validation Loss: 22.1853
Validation Loss: 22.3750
Validation Loss: 21.7928
Validation Loss: 22.0310
Validation Loss: 21.5851
Validation Loss: 21.2535
Validation Loss: 21.4575
Validation Loss: 21.9655
Validation Loss: 21.9074
Validation Loss: 22.2832
Validation Loss: 21.5435
Validation Loss: 22.2560
Validation Loss: 22.3419
Validation Loss: 22.2078
Validation Loss: 22.4409
Validation Loss: 22.0676
Validation Loss: 21.5447
Validation Loss: 21.2872
Validation Loss: 21.5200
Validation Loss: 22.1827
Early stopping after 160 epochs.
NPP sigma=1.0 Test loss:37.523, R2 loss:-1776.967, GP Test loss:37.523, GP R2 loss:-1776.967
training start for sigma:1.0
Validation Loss: 80.1303
Validation Loss: 36.3711
Validation Loss: 29.1347
Validation Loss: 28.5884
Validation Loss: 30.0030
Validation Loss: 29.2858
Validation Loss: 29.1676
Validation Loss: 28.9073
Validation Loss: 28.5653
Validation Loss: 28.3161
Validation Loss: 26.8119
Validation Loss: 25.8946
Validation Loss: 24.7077
Validation Loss: 24.1241
Validation Loss: 24.1717
Validation Loss: 23.7724
Validation Loss: 22.8343
Validation Loss: 23.0990
Validation Loss: 22.9556
Validation Loss: 22.6747
Validation Loss: 22.8001
Validation Loss: 22.8150
Validation Loss: 22.8969
Validation Loss: 23.1990
Validation Loss: 22.5620
Validation Loss: 22.7886
Validation Loss: 22.7090
Validation Loss: 22.7451
Validation Loss: 22.1206
Validation Loss: 22.7270
Validation Loss: 22.4120
Validation Loss: 22.4899
Validation Loss: 21.9021
Validation Loss: 23.2254
Validation Loss: 23.1906
Validation Loss: 22.5531
Validation Loss: 12.5370
Validation Loss: 12.6618
Validation Loss: 14.6256
Validation Loss: 13.0668
NPP sigma=1.0 Test loss:22.509, R2 loss:-72.759, GP Test loss:22.509, GP R2 loss:-72.759
training start for sigma:1.0
Validation Loss: 60.0518
Validation Loss: 25.0615
Validation Loss: 22.6946
Validation Loss: 21.5036
Validation Loss: 22.6127
Validation Loss: 22.6083
Validation Loss: 23.6389
Validation Loss: 21.5035
Validation Loss: 21.4886
Validation Loss: 21.9236
Validation Loss: 22.3710
Validation Loss: 21.7610
Validation Loss: 22.0240
Validation Loss: 21.5915
Validation Loss: 22.3552
Validation Loss: 21.8548
Validation Loss: 21.7479
Validation Loss: 21.8796
Validation Loss: 22.7801
Validation Loss: 21.5210
Validation Loss: 22.4411
Validation Loss: 22.3648
Validation Loss: 21.5359
Early stopping after 115 epochs.
NPP sigma=1.0 Test loss:38.335, R2 loss:-2166.616, GP Test loss:38.335, GP R2 loss:-2166.616
metrics saved
start saving losses!
