new model saved at 0 epoch with global_best_val_loss: 105.05709457397461
Validation Loss: 105.0571
new model saved at 5 epoch with global_best_val_loss: 98.25861358642578
Validation Loss: 98.2586
Validation Loss: 101.8567
Validation Loss: 102.4274
New LR:  0.0008
Validation Loss: 103.0825
Validation Loss: 102.2894
Validation Loss: 104.1237
New LR:  0.00064
Validation Loss: 100.7070
Validation Loss: 102.0420
New LR:  0.0005120000000000001
Validation Loss: 101.8737
Validation Loss: 104.0145
New LR:  0.0004096000000000001
Early stopping after 55 epochs.
Percent: 0.0| Loss: 119.5473747253418, R2: 0.0234375
Percent: 0.25| Loss: 119.57973098754883, R2: -3.8988624924239653e+43
Percent: 0.5| Loss: 119.68609046936035, R2: -4.093805616024225e+43
Percent: 0.75| Loss: 119.50406265258789, R2: -8.722580699200081e+30
Percent: 1.0| Loss: 119.46983337402344, R2: -1.5990773121758006e+20
Validation Loss: 105.4773
new model saved at 5 epoch with global_best_val_loss: 96.55335235595703
Validation Loss: 96.5534
Validation Loss: 104.4581
Validation Loss: 103.0599
New LR:  0.0008
Validation Loss: 104.3801
Validation Loss: 101.4322
Validation Loss: 99.2464
New LR:  0.00064
Validation Loss: 104.6478
Validation Loss: 99.3031
New LR:  0.0005120000000000001
Validation Loss: 99.3495
Validation Loss: 100.9031
New LR:  0.0004096000000000001
Early stopping after 55 epochs.
Percent: 0.0| Loss: 119.5473747253418, R2: 0.0234375
Percent: 0.25| Loss: 120.01398277282715, R2: -6.448393177977732e+39
Percent: 0.5| Loss: 119.51485252380371, R2: -3.3728639193122833e+36
Percent: 0.75| Loss: 119.69700813293457, R2: -2.0010375633100741e+43
Percent: 1.0| Loss: 121.38539505004883, R2: -1.7338355439602492e+25
new model saved at 0 epoch with global_best_val_loss: 68.53474044799805
Validation Loss: 68.5347
new model saved at 5 epoch with global_best_val_loss: 2.9827709197998047
Validation Loss: 2.9828
new model saved at 10 epoch with global_best_val_loss: 1.1065781712532043
Validation Loss: 1.1066
new model saved at 15 epoch with global_best_val_loss: 0.8752074837684631
Validation Loss: 0.8752
Validation Loss: 0.8901
new model saved at 25 epoch with global_best_val_loss: 0.8052288889884949
Validation Loss: 0.8052
new model saved at 30 epoch with global_best_val_loss: 0.6197962164878845
Validation Loss: 0.6198
new model saved at 35 epoch with global_best_val_loss: 0.5963514447212219
Validation Loss: 0.5964
Validation Loss: 0.6154
Validation Loss: 0.6136
new model saved at 50 epoch with global_best_val_loss: 0.5615205466747284
Validation Loss: 0.5615
Validation Loss: 0.7654
new model saved at 60 epoch with global_best_val_loss: 0.5356098711490631
Validation Loss: 0.5356
Validation Loss: 0.7806
Validation Loss: 1.1379
New LR:  0.0008
Validation Loss: 0.5443
Validation Loss: 0.5384
Validation Loss: 0.5362
new model saved at 90 epoch with global_best_val_loss: 0.5317912697792053
Validation Loss: 0.5318
Validation Loss: 0.9128
Validation Loss: 0.5565
new model saved at 105 epoch with global_best_val_loss: 0.5060132443904877
Validation Loss: 0.5060
Validation Loss: 0.5353
Validation Loss: 0.5088
Validation Loss: 0.5270
new model saved at 125 epoch with global_best_val_loss: 0.5044703483581543
Validation Loss: 0.5045
Validation Loss: 0.6109
new model saved at 135 epoch with global_best_val_loss: 0.49576200544834137
Validation Loss: 0.4958
Validation Loss: 0.5083
Validation Loss: 0.5358
Validation Loss: 0.4988
New LR:  0.00064
new model saved at 155 epoch with global_best_val_loss: 0.49044856429100037
Validation Loss: 0.4904
Validation Loss: 0.5721
Validation Loss: 0.5133
Validation Loss: 0.5073
Validation Loss: 0.5295
Validation Loss: 0.5080
Validation Loss: 0.5101
Validation Loss: 0.5735
New LR:  0.0005120000000000001
new model saved at 195 epoch with global_best_val_loss: 0.4813499003648758
Validation Loss: 0.4813
Percent: 0.0| Loss: 0.516262412071228, R2: 0.967008831172921
Percent: 0.25| Loss: 0.5165800824761391, R2: -3997678223862.0894
Percent: 0.5| Loss: 0.5164635479450226, R2: -4.452338227880877e+31
Percent: 0.75| Loss: 0.5194379612803459, R2: -605602432863290.4
Percent: 1.0| Loss: 0.5212116092443466, R2: -604461595433712.0
Percent testing 0.0
Percent: 0.0| Loss: 0.516262412071228, R2: 0.967008831172921
Percent testing 0.25
Percent: 0.25| Loss: 0.5165800824761391, R2: -3997678223862.0894
Percent testing 0.5
Percent: 0.5| Loss: 0.5164635479450226, R2: -4.452338227880877e+31
Percent testing 0.75
Percent: 0.75| Loss: 0.5194379612803459, R2: -605602432863290.4
Percent testing 1.0
Percent: 1.0| Loss: 0.5212116092443466, R2: -604461595433712.0
metrics saved
start saving losses!
Time Elapsed: 0.2148191510968738 hours
