training start for sigma:1.0
Validation Loss: 56.0881
Validation Loss: 30.7243
Validation Loss: 27.5310
Validation Loss: 23.2474
Validation Loss: 16.2447
Validation Loss: 15.0361
Validation Loss: 12.8729
Validation Loss: 12.6901
Validation Loss: 12.4865
Validation Loss: 12.2149
Validation Loss: 12.0827
Validation Loss: 11.5128
Validation Loss: 11.1888
Validation Loss: 12.2200
Validation Loss: 11.5495
Validation Loss: 11.9259
Validation Loss: 11.1671
Validation Loss: 12.2443
Validation Loss: 11.9137
Validation Loss: 12.6287
Validation Loss: 12.5023
Validation Loss: 12.5078
Validation Loss: 13.1640
Validation Loss: 12.8313
Validation Loss: 12.6965
Validation Loss: 14.4710
Validation Loss: 14.4128
Validation Loss: 14.7512
Validation Loss: 15.2529
Validation Loss: 16.8604
Validation Loss: 16.2805
Early stopping after 155 epochs.
NPP sigma=1.0 Test loss:74.983, R2 loss:-4783.531, GP Test loss:74.983, GP R2 loss:-4783.531
training start for sigma:1.0
Validation Loss: 58.6429
Validation Loss: 28.6577
Validation Loss: 28.9095
Validation Loss: 25.6617
Validation Loss: 18.3959
Validation Loss: 15.0495
Validation Loss: 13.3066
Validation Loss: 13.7372
Validation Loss: 13.3918
Validation Loss: 14.0575
Validation Loss: 13.2603
Validation Loss: 13.6209
Validation Loss: 12.5347
Validation Loss: 12.4037
Validation Loss: 12.3881
Validation Loss: 13.1358
Validation Loss: 12.6775
Validation Loss: 13.9625
Validation Loss: 12.7507
Validation Loss: 12.6152
Validation Loss: 11.6321
Validation Loss: 12.5270
Validation Loss: 13.6106
Validation Loss: 12.9973
Validation Loss: 11.9807
Validation Loss: 12.5033
Validation Loss: 12.5143
Validation Loss: 12.1530
Validation Loss: 12.8324
Validation Loss: 12.6431
Validation Loss: 13.4094
Validation Loss: 14.3946
Validation Loss: 13.7210
Validation Loss: 13.4694
Validation Loss: 15.4656
Early stopping after 175 epochs.
NPP sigma=1.0 Test loss:75.933, R2 loss:-10101.274, GP Test loss:75.933, GP R2 loss:-10101.274
training start for sigma:1.0
Validation Loss: 99.5966
Validation Loss: 99.1107
Validation Loss: 101.2176
Validation Loss: 101.5747
New LR:  0.0008
Validation Loss: 95.9606
Validation Loss: 100.3470
Validation Loss: 93.6887
New LR:  0.00064
Validation Loss: 96.0808
Validation Loss: 101.3421
New LR:  0.0005120000000000001
Validation Loss: 98.8845
Validation Loss: 99.3535
New LR:  0.0004096000000000001
Validation Loss: 95.5968
Validation Loss: 101.2190
Validation Loss: 98.7888
New LR:  0.0003276800000000001
Validation Loss: 100.9826
Validation Loss: 95.1583
New LR:  0.0002621440000000001
Validation Loss: 98.6820
Validation Loss: 98.7076
New LR:  0.00020971520000000012
Validation Loss: 99.5694
Validation Loss: 97.2369
New LR:  0.0001677721600000001
Validation Loss: 98.7027
Early stopping after 105 epochs.
NPP sigma=1.0 Test loss:114.110, R2 loss:-1.126, GP Test loss:114.110, GP R2 loss:-1.126
metrics saved
start saving losses!
Best Learning Rate for NPP sigma=1.0: 0.0039810717055349725
training start for sigma:1.0
Validation Loss: 44.3726
Validation Loss: 32.2438
Validation Loss: 14.3058
Validation Loss: 12.7070
Validation Loss: 12.2021
Validation Loss: 12.7490
Validation Loss: 13.9015
Validation Loss: 11.9678
Validation Loss: 13.8431
Validation Loss: 12.6893
Validation Loss: 14.6653
Validation Loss: 13.2304
Validation Loss: 16.1967
Validation Loss: 14.2331
Validation Loss: 14.9929
Validation Loss: 15.8902
Validation Loss: 15.2256
Validation Loss: 15.4392
Validation Loss: 15.6294
Validation Loss: 14.9742
Validation Loss: 15.4539
Validation Loss: 16.1635
Early stopping after 110 epochs.
NPP sigma=1.0 Test loss:79.648, R2 loss:-11989.245, GP Test loss:79.648, GP R2 loss:-11989.245
training start for sigma:1.0
Validation Loss: 99.4022
Validation Loss: 96.7680
Validation Loss: 97.3711
Validation Loss: 100.5664
Validation Loss: 94.9861
Validation Loss: 101.1706
Validation Loss: 96.7426
Validation Loss: 99.2300
Validation Loss: 98.3967
Validation Loss: 103.1139
Validation Loss: 94.9582
Validation Loss: 97.7246
Validation Loss: 101.3826
Validation Loss: 96.3134
Validation Loss: 98.7035
Validation Loss: 100.0214
Validation Loss: 98.6128
Validation Loss: 98.2179
Validation Loss: 98.0572
Validation Loss: 99.7439
Validation Loss: 98.7029
Validation Loss: 99.1432
Validation Loss: 100.9013
Validation Loss: 96.4176
Validation Loss: 97.5143
Early stopping after 125 epochs.
NPP sigma=1.0 Test loss:114.110, R2 loss:-1.126, GP Test loss:114.110, GP R2 loss:-1.126
training start for sigma:1.0
Validation Loss: 83.4912
Validation Loss: 30.3054
Validation Loss: 29.1436
Validation Loss: 28.0373
Validation Loss: 30.3226
Validation Loss: 29.1915
Validation Loss: 29.0754
Validation Loss: 28.3382
Validation Loss: 27.6956
Validation Loss: 28.6681
Validation Loss: 28.2148
Validation Loss: 29.1188
Validation Loss: 28.8178
Validation Loss: 28.6083
Validation Loss: 29.2771
Validation Loss: 27.7554
Validation Loss: 28.7420
Validation Loss: 29.8781
Validation Loss: 28.9267
Validation Loss: 29.6669
Validation Loss: 29.8933
Validation Loss: 30.2845
Validation Loss: 29.4419
Early stopping after 115 epochs.
NPP sigma=1.0 Test loss:106.528, R2 loss:-289.950, GP Test loss:106.528, GP R2 loss:-289.950
metrics saved
start saving losses!
