training start for sigma:0.1
Validation Loss: 103.9225
Validation Loss: 101.2742
Validation Loss: 100.3558
Validation Loss: 101.0114
Validation Loss: 103.0884
New LR:  0.0008
Validation Loss: 104.7314
Validation Loss: 101.0324
New LR:  0.00064
Validation Loss: 106.0914
Validation Loss: 101.4851
New LR:  0.0005120000000000001
Validation Loss: 106.8088
Validation Loss: 101.0955
Validation Loss: 100.1188
New LR:  0.0004096000000000001
Validation Loss: 104.5630
Validation Loss: 104.2258
New LR:  0.0003276800000000001
Validation Loss: 102.1507
Validation Loss: 101.8567
New LR:  0.0002621440000000001
Validation Loss: 101.9739
Validation Loss: 102.1677
New LR:  0.00020971520000000012
Validation Loss: 101.2559
Validation Loss: 103.3377
New LR:  0.0001677721600000001
Validation Loss: 103.3702
Validation Loss: 104.4893
Validation Loss: 104.6801
New LR:  0.00013421772800000008
Validation Loss: 102.7790
Validation Loss: 103.5932
New LR:  0.00010737418240000007
Validation Loss: 98.5049
Validation Loss: 103.2353
New LR:  0.0001
Validation Loss: 103.1856
Validation Loss: 101.2707
Validation Loss: 102.3222
Validation Loss: 105.0977
Validation Loss: 102.1984
Validation Loss: 103.5140
Validation Loss: 103.7542
Validation Loss: 102.4280
Validation Loss: 99.4042
Validation Loss: 104.2083
Validation Loss: 103.9821
Validation Loss: 103.5509
Validation Loss: 102.1709
NPP sigma=0.1 Test loss:110.422, R2 loss:-0.599, GP Test loss:110.422, GP R2 loss:-0.599
training start for sigma:0.1
Validation Loss: 61.1661
Validation Loss: 27.7822
Validation Loss: 26.9831
Validation Loss: 2.1902
Validation Loss: 0.8427
Validation Loss: 0.6934
Validation Loss: 0.5968
Validation Loss: 0.6085
Validation Loss: 0.5159
Validation Loss: 0.5861
Validation Loss: 0.4323
Validation Loss: 0.4122
Validation Loss: 0.3706
Validation Loss: 0.6776
Validation Loss: 0.3321
Validation Loss: 0.2971
Validation Loss: 0.2948
Validation Loss: 0.3639
Validation Loss: 0.2916
Validation Loss: 0.2544
New LR:  0.0008
Validation Loss: 0.2449
Validation Loss: 0.2352
Validation Loss: 0.2336
Validation Loss: 0.2220
Validation Loss: 0.2149
Validation Loss: 0.2126
Validation Loss: 0.2684
Validation Loss: 0.2199
Validation Loss: 0.2080
New LR:  0.00064
Validation Loss: 0.2994
Validation Loss: 0.1919
Validation Loss: 0.1811
Validation Loss: 0.2033
Validation Loss: 0.2022
Validation Loss: 0.1827
Validation Loss: 0.1990
Validation Loss: 0.3671
Validation Loss: 0.2024
Validation Loss: 0.1993
Validation Loss: 0.1660
NPP sigma=0.1 Test loss:0.135, R2 loss:0.998, GP Test loss:0.135, GP R2 loss:0.998
training start for sigma:0.1
Validation Loss: 103.0296
Validation Loss: 102.2481
Validation Loss: 101.6062
New LR:  0.0008
Validation Loss: 102.7260
Validation Loss: 104.4740
Validation Loss: 102.5495
Validation Loss: 102.1884
New LR:  0.00064
Validation Loss: 104.3859
Validation Loss: 101.5394
Validation Loss: 101.8869
Validation Loss: 102.3499
New LR:  0.0005120000000000001
Validation Loss: 103.4720
Validation Loss: 99.6446
New LR:  0.0004096000000000001
Validation Loss: 103.0320
Validation Loss: 102.2024
Validation Loss: 105.1881
New LR:  0.0003276800000000001
Validation Loss: 101.1261
Validation Loss: 101.2561
New LR:  0.0002621440000000001
Validation Loss: 100.7362
Validation Loss: 102.4412
New LR:  0.00020971520000000012
Validation Loss: 103.1454
Validation Loss: 103.2052
New LR:  0.0001677721600000001
Validation Loss: 104.7104
Validation Loss: 105.2924
New LR:  0.00013421772800000008
Validation Loss: 101.0114
Validation Loss: 100.0424
Validation Loss: 101.7148
New LR:  0.00010737418240000007
Early stopping after 135 epochs.
NPP sigma=0.1 Test loss:110.422, R2 loss:-0.599, GP Test loss:110.422, GP R2 loss:-0.599
metrics saved
start saving losses!
Best Learning Rate for NPP sigma=0.1: 0.01
training start for sigma:0.1
Validation Loss: 97.6006
Validation Loss: 48.0777
Validation Loss: 3.7315
Validation Loss: 1.8185
Validation Loss: 1.2719
Validation Loss: 1.0497
Validation Loss: 1.0226
Validation Loss: 2.2676
Validation Loss: 0.7712
Validation Loss: 0.6882
Validation Loss: 0.6548
Validation Loss: 0.6081
Validation Loss: 0.5676
Validation Loss: 0.5857
Validation Loss: 0.5121
Validation Loss: 0.7527
Validation Loss: 0.5438
Validation Loss: 0.5911
Validation Loss: 0.4892
Validation Loss: 0.4775
Validation Loss: 0.4673
Validation Loss: 0.4523
Validation Loss: 0.4548
Validation Loss: 0.5765
Validation Loss: 0.4641
Validation Loss: 1.1264
Validation Loss: 0.4797
Validation Loss: 0.6529
Validation Loss: 0.5778
Validation Loss: 0.6264
Validation Loss: 0.4146
Validation Loss: 0.5228
Validation Loss: 0.4097
Validation Loss: 0.7546
Validation Loss: 0.3926
Validation Loss: 0.6439
Validation Loss: 0.7203
Validation Loss: 0.4377
Validation Loss: 0.4055
Validation Loss: 0.4604
NPP sigma=0.1 Test loss:0.349, R2 loss:0.994, GP Test loss:0.349, GP R2 loss:0.994
training start for sigma:0.1
Validation Loss: 98.7195
Validation Loss: 6.0502
Validation Loss: 1.4981
Validation Loss: 1.1582
Validation Loss: 0.9727
Validation Loss: 0.7747
Validation Loss: 1.0652
Validation Loss: 0.6652
Validation Loss: 0.6485
Validation Loss: 0.5887
Validation Loss: 0.5759
Validation Loss: 0.8234
Validation Loss: 0.7320
Validation Loss: 0.6631
Validation Loss: 0.5137
Validation Loss: 0.4789
Validation Loss: 0.6145
Validation Loss: 0.5422
Validation Loss: 0.4773
Validation Loss: 0.4451
Validation Loss: 0.4457
Validation Loss: 0.9030
Validation Loss: 0.4419
Validation Loss: 0.4134
Validation Loss: 0.4192
Validation Loss: 0.4956
Validation Loss: 0.7446
Validation Loss: 0.3905
Validation Loss: 0.4344
Validation Loss: 0.4282
Validation Loss: 0.4444
Validation Loss: 0.3856
Validation Loss: 0.4189
Validation Loss: 0.4031
Validation Loss: 0.3701
Validation Loss: 0.3691
Validation Loss: 0.4629
Validation Loss: 0.3737
Validation Loss: 0.3642
Validation Loss: 0.3722
NPP sigma=0.1 Test loss:0.304, R2 loss:0.995, GP Test loss:0.304, GP R2 loss:0.995
training start for sigma:0.1
Validation Loss: 102.4620
Validation Loss: 23.1737
Validation Loss: 3.3511
Validation Loss: 1.3251
Validation Loss: 1.0689
Validation Loss: 0.8853
Validation Loss: 0.8172
Validation Loss: 0.8043
Validation Loss: 0.6921
Validation Loss: 0.8862
Validation Loss: 0.6620
Validation Loss: 0.6265
Validation Loss: 0.6204
Validation Loss: 0.6249
Validation Loss: 1.0211
Validation Loss: 0.5655
Validation Loss: 0.5447
Validation Loss: 0.7563
Validation Loss: 0.5208
Validation Loss: 0.6114
Validation Loss: 0.9420
Validation Loss: 0.4887
Validation Loss: 1.0840
Validation Loss: 0.5168
Validation Loss: 0.4584
Validation Loss: 0.4905
Validation Loss: 0.5874
Validation Loss: 0.4476
Validation Loss: 0.4444
Validation Loss: 1.0188
Validation Loss: 0.5529
Validation Loss: 0.4575
Validation Loss: 0.4484
Validation Loss: 0.4427
Validation Loss: 0.4211
Validation Loss: 0.4335
Validation Loss: 0.4115
Validation Loss: 0.4151
Validation Loss: 0.4166
Validation Loss: 0.3965
NPP sigma=0.1 Test loss:0.374, R2 loss:0.994, GP Test loss:0.374, GP R2 loss:0.994
metrics saved
start saving losses!
