training start for sigma:1.0
Validation Loss: 98.4066
Validation Loss: 97.2344
Validation Loss: 95.7314
Validation Loss: 96.3030
Validation Loss: 97.9804
New LR:  0.0008
Validation Loss: 99.7431
Validation Loss: 98.0020
New LR:  0.00064
Validation Loss: 102.0239
Validation Loss: 96.5022
New LR:  0.0005120000000000001
Validation Loss: 103.6784
Validation Loss: 95.6548
Validation Loss: 96.1530
Validation Loss: 98.8465
New LR:  0.0004096000000000001
Validation Loss: 98.8234
Validation Loss: 97.1621
New LR:  0.0003276800000000001
Validation Loss: 97.7617
Validation Loss: 97.9561
New LR:  0.0002621440000000001
Validation Loss: 96.8800
Validation Loss: 96.3697
Validation Loss: 98.4977
New LR:  0.00020971520000000012
Validation Loss: 99.4933
Validation Loss: 101.3385
New LR:  0.0001677721600000001
Validation Loss: 99.0644
Validation Loss: 98.6341
New LR:  0.00013421772800000008
Validation Loss: 100.6115
Validation Loss: 93.0598
New LR:  0.00010737418240000007
Validation Loss: 98.2708
Validation Loss: 98.3704
New LR:  0.0001
Validation Loss: 94.0205
Validation Loss: 97.4573
Validation Loss: 100.4315
Validation Loss: 96.6158
Validation Loss: 97.2375
Validation Loss: 98.6317
Validation Loss: 98.5928
Validation Loss: 93.9466
Validation Loss: 99.6597
Validation Loss: 98.3145
Validation Loss: 97.2652
Validation Loss: 99.9689
NPP sigma=1.0 Test loss:114.110, R2 loss:-1.126, GP Test loss:114.110, GP R2 loss:-1.126
training start for sigma:1.0
Validation Loss: 44.6598
Validation Loss: 8.8380
Validation Loss: 0.9596
Validation Loss: 0.7029
Validation Loss: 0.5800
Validation Loss: 0.4302
Validation Loss: 0.3367
Validation Loss: 0.4119
Validation Loss: 0.2421
Validation Loss: 0.2114
Validation Loss: 0.2081
Validation Loss: 0.2063
Validation Loss: 0.1777
Validation Loss: 0.1708
Validation Loss: 0.1697
Validation Loss: 0.1687
Validation Loss: 0.1366
Validation Loss: 0.1395
Validation Loss: 0.1861
Validation Loss: 0.1432
Validation Loss: 0.1771
Validation Loss: 0.1432
New LR:  0.0008
Validation Loss: 0.1672
Validation Loss: 0.1136
Validation Loss: 0.1125
Validation Loss: 0.1447
Validation Loss: 0.1093
Validation Loss: 0.1153
Validation Loss: 0.1081
New LR:  0.00064
Validation Loss: 0.1328
Validation Loss: 0.1165
Validation Loss: 0.1040
Validation Loss: 0.1081
New LR:  0.0005120000000000001
Validation Loss: 0.1122
Validation Loss: 0.1047
Validation Loss: 0.1165
Validation Loss: 0.1190
Validation Loss: 0.1062
Validation Loss: 0.1116
Validation Loss: 0.1246
NPP sigma=1.0 Test loss:87.883, R2 loss:-1.051, GP Test loss:87.883, GP R2 loss:-1.051
training start for sigma:1.0
Validation Loss: 98.0888
Validation Loss: 95.9437
Validation Loss: 95.8602
New LR:  0.0008
Validation Loss: 99.4183
Validation Loss: 98.2875
Validation Loss: 98.4918
New LR:  0.00064
Validation Loss: 97.3876
Validation Loss: 100.6482
Validation Loss: 98.3577
Validation Loss: 96.5833
Validation Loss: 98.4183
New LR:  0.0005120000000000001
Validation Loss: 98.9502
Validation Loss: 93.2961
New LR:  0.0004096000000000001
Validation Loss: 98.7588
Validation Loss: 97.4119
Validation Loss: 100.5116
New LR:  0.0003276800000000001
Validation Loss: 96.0956
Validation Loss: 97.3679
New LR:  0.0002621440000000001
Validation Loss: 97.9615
Validation Loss: 97.1913
New LR:  0.00020971520000000012
Validation Loss: 98.7447
Validation Loss: 97.6513
New LR:  0.0001677721600000001
Validation Loss: 100.9925
Validation Loss: 99.7709
New LR:  0.00013421772800000008
Validation Loss: 94.9733
Validation Loss: 95.4490
Validation Loss: 94.2624
New LR:  0.00010737418240000007
Early stopping after 135 epochs.
NPP sigma=1.0 Test loss:114.110, R2 loss:-1.126, GP Test loss:114.110, GP R2 loss:-1.126
metrics saved
start saving losses!
Best Learning Rate for NPP sigma=1.0: 0.0015848931924611134
training start for sigma:1.0
Validation Loss: 31.9100
Validation Loss: 2.7147
Validation Loss: 0.7055
Validation Loss: 0.5001
Validation Loss: 0.5126
Validation Loss: 0.4518
Validation Loss: 0.3176
Validation Loss: 0.4395
Validation Loss: 0.3988
Validation Loss: 15.2025
Validation Loss: 0.5069
Validation Loss: 0.4816
Validation Loss: 0.3404
Validation Loss: 0.2994
Validation Loss: 0.2213
Validation Loss: 0.2339
Validation Loss: 0.2235
Validation Loss: 0.1998
Validation Loss: 0.2635
Validation Loss: 0.1993
Validation Loss: 0.1964
Validation Loss: 0.1666
Validation Loss: 0.1767
Validation Loss: 0.1547
Validation Loss: 0.1958
Validation Loss: 0.1951
Validation Loss: 0.1424
Validation Loss: 0.2043
Validation Loss: 0.1518
Validation Loss: 0.2536
Validation Loss: 0.1337
Validation Loss: 0.1464
Validation Loss: 0.1206
Validation Loss: 0.1335
Validation Loss: 0.1859
Validation Loss: 0.1640
Validation Loss: 0.1170
Validation Loss: 0.1870
Validation Loss: 0.2549
Validation Loss: 0.2137
NPP sigma=1.0 Test loss:71.515, R2 loss:-19.108, GP Test loss:71.515, GP R2 loss:-19.108
training start for sigma:1.0
Validation Loss: 43.2734
Validation Loss: 2.1473
Validation Loss: 0.8997
Validation Loss: 0.4293
Validation Loss: 0.5376
Validation Loss: 0.3056
Validation Loss: 0.2358
Validation Loss: 0.2594
Validation Loss: 0.2307
Validation Loss: 0.1858
Validation Loss: 0.1543
Validation Loss: 0.1617
Validation Loss: 0.1413
Validation Loss: 0.1496
Validation Loss: 0.3207
Validation Loss: 0.1765
Validation Loss: 0.4158
Validation Loss: 0.1316
Validation Loss: 0.1178
Validation Loss: 0.1359
Validation Loss: 0.1116
Validation Loss: 0.1309
Validation Loss: 0.1262
Validation Loss: 0.1965
Validation Loss: 0.1005
Validation Loss: 0.1138
Validation Loss: 0.1304
Validation Loss: 0.2665
Validation Loss: 0.3203
Validation Loss: 0.1315
Validation Loss: 0.1140
Validation Loss: 0.1058
Validation Loss: 0.0867
Validation Loss: 0.0952
Validation Loss: 0.0900
Validation Loss: 0.0976
Validation Loss: 0.0874
Validation Loss: 0.0886
Validation Loss: 0.0907
Validation Loss: 0.0861
NPP sigma=1.0 Test loss:55.128, R2 loss:-19.396, GP Test loss:55.128, GP R2 loss:-19.396
training start for sigma:1.0
Validation Loss: 65.8959
Validation Loss: 6.7368
Validation Loss: 1.0522
Validation Loss: 0.6095
Validation Loss: 0.4541
Validation Loss: 0.4109
Validation Loss: 0.3092
Validation Loss: 0.3656
Validation Loss: 0.3600
Validation Loss: 0.2336
Validation Loss: 0.3037
Validation Loss: 0.2686
Validation Loss: 0.2755
Validation Loss: 0.1928
Validation Loss: 0.3523
Validation Loss: 0.1680
Validation Loss: 0.1903
Validation Loss: 0.1925
Validation Loss: 0.2660
Validation Loss: 0.1721
Validation Loss: 0.1627
Validation Loss: 0.1693
Validation Loss: 0.4930
Validation Loss: 0.1527
Validation Loss: 0.2902
Validation Loss: 0.2293
Validation Loss: 0.1355
Validation Loss: 0.1573
Validation Loss: 0.1558
Validation Loss: 0.1381
Validation Loss: 0.1335
Validation Loss: 0.1571
Validation Loss: 0.2226
Validation Loss: 0.1501
Validation Loss: 1.0931
Validation Loss: 0.6418
Validation Loss: 0.2697
Validation Loss: 0.2373
Validation Loss: 0.1812
Validation Loss: 0.1790
NPP sigma=1.0 Test loss:56.556, R2 loss:-9.906, GP Test loss:56.556, GP R2 loss:-9.906
metrics saved
start saving losses!
