training start for sigma:0.0
Validation Loss: 56.0768
Validation Loss: 30.5146
Validation Loss: 27.4993
Validation Loss: 20.1066
Validation Loss: 14.6682
Validation Loss: 13.8922
Validation Loss: 12.2780
Validation Loss: 13.4385
Validation Loss: 12.4623
Validation Loss: 12.1744
Validation Loss: 12.0528
Validation Loss: 11.2856
Validation Loss: 10.9876
Validation Loss: 12.6330
Validation Loss: 11.1042
Validation Loss: 11.2283
Validation Loss: 10.3171
Validation Loss: 12.0202
Validation Loss: 10.7806
Validation Loss: 10.8244
Validation Loss: 11.6769
Validation Loss: 12.5651
Validation Loss: 12.7987
Validation Loss: 11.9015
Validation Loss: 12.5136
Validation Loss: 13.6718
Validation Loss: 13.7496
Validation Loss: 14.3975
Validation Loss: 14.8050
Validation Loss: 14.8575
Validation Loss: 15.3821
Early stopping after 155 epochs.
MSE Test loss:72.028
R2 Test loss:-6344.404
training start for sigma:0.0
Validation Loss: 99.6026
Validation Loss: 98.8604
Validation Loss: 102.1072
Validation Loss: 101.0189
Validation Loss: 100.8671
New LR:  0.0008
Validation Loss: 98.1447
Validation Loss: 100.9155
New LR:  0.00064
Validation Loss: 95.7394
Validation Loss: 98.6630
New LR:  0.0005120000000000001
Validation Loss: 94.8142
Validation Loss: 100.7066
New LR:  0.0004096000000000001
Validation Loss: 97.5090
Validation Loss: 98.0415
Validation Loss: 101.2154
New LR:  0.0003276800000000001
Validation Loss: 96.1534
Validation Loss: 101.3919
New LR:  0.0002621440000000001
Validation Loss: 97.9125
Validation Loss: 98.6712
New LR:  0.00020971520000000012
Validation Loss: 97.6855
Validation Loss: 103.1197
New LR:  0.0001677721600000001
Validation Loss: 97.7949
Validation Loss: 96.9294
New LR:  0.00013421772800000008
Validation Loss: 98.9935
Validation Loss: 98.6403
Early stopping after 120 epochs.
MSE Test loss:114.110
R2 Test loss:-1.126
training start for sigma:0.0
Validation Loss: 72.5008
Validation Loss: 27.8032
Validation Loss: 27.4614
Validation Loss: 24.4882
Validation Loss: 17.0835
Validation Loss: 12.9962
Validation Loss: 12.2278
Validation Loss: 13.4542
Validation Loss: 11.5606
Validation Loss: 12.4379
Validation Loss: 12.2331
Validation Loss: 11.9575
Validation Loss: 11.7341
Validation Loss: 12.0524
Validation Loss: 11.5626
Validation Loss: 12.1845
Validation Loss: 11.4911
Validation Loss: 11.6523
Validation Loss: 12.6160
Validation Loss: 11.7990
Validation Loss: 12.5093
Validation Loss: 12.1563
Validation Loss: 12.7714
Validation Loss: 13.2300
Validation Loss: 14.3452
Validation Loss: 12.2956
Validation Loss: 13.7029
Validation Loss: 13.4963
Validation Loss: 14.1580
Validation Loss: 15.4702
Validation Loss: 14.4070
Early stopping after 155 epochs.
MSE Test loss:83.941
R2 Test loss:-44.252
metrics saved
start saving losses!
Best Learning Rate for MSE: 0.005623413251903489
training start for sigma:0.0
Validation Loss: 44.6971
Validation Loss: 28.8543
Validation Loss: 32.4892
Validation Loss: 28.7776
Validation Loss: 30.3099
Validation Loss: 28.2942
Validation Loss: 28.0618
Validation Loss: 28.7057
Validation Loss: 29.9081
Validation Loss: 30.1373
Validation Loss: 28.7447
Validation Loss: 28.4065
Validation Loss: 27.8848
Validation Loss: 28.2631
Validation Loss: 30.3340
Validation Loss: 29.4186
Validation Loss: 29.5628
Validation Loss: 28.4165
Validation Loss: 29.7814
Validation Loss: 28.1659
Validation Loss: 29.3700
Validation Loss: 28.7280
Validation Loss: 28.8053
Validation Loss: 28.4952
Validation Loss: 30.3587
Validation Loss: 29.8646
Validation Loss: 29.8258
Early stopping after 135 epochs.
MSE Test loss:99.981
R2 Test loss:-740.933
training start for sigma:0.0
Validation Loss: 88.9696
Validation Loss: 28.4405
Validation Loss: 28.2676
Validation Loss: 28.5205
Validation Loss: 27.6658
Validation Loss: 29.5881
Validation Loss: 30.8053
Validation Loss: 28.9756
Validation Loss: 29.0084
Validation Loss: 30.3283
Validation Loss: 29.7492
Validation Loss: 29.4189
Validation Loss: 30.0937
Validation Loss: 28.6287
Validation Loss: 29.3169
Validation Loss: 28.2318
Validation Loss: 27.9413
Validation Loss: 29.9634
Validation Loss: 29.6498
Early stopping after 95 epochs.
MSE Test loss:91.024
R2 Test loss:-4318.601
training start for sigma:0.0
Validation Loss: 70.3420
Validation Loss: 29.2807
Validation Loss: 18.7851
Validation Loss: 13.7221
Validation Loss: 12.5351
Validation Loss: 12.9067
Validation Loss: 12.9022
Validation Loss: 11.4590
Validation Loss: 12.0150
Validation Loss: 13.0224
Validation Loss: 13.3277
Validation Loss: 11.7818
Validation Loss: 13.1763
Validation Loss: 14.3879
Validation Loss: 13.6891
Validation Loss: 14.0124
Validation Loss: 12.4836
Validation Loss: 13.0785
Validation Loss: 15.6684
Validation Loss: 14.5213
Validation Loss: 15.6239
Validation Loss: 15.7686
Early stopping after 110 epochs.
MSE Test loss:95.351
R2 Test loss:-12.697
metrics saved
start saving losses!
