new model saved at 0 epoch with global_best_val_loss: 91.18574142456055
Validation Loss: 91.1857
Validation Loss: 94.2132
Validation Loss: 92.5656
Validation Loss: 93.3105
New LR:  0.0008
Validation Loss: 93.1931
Validation Loss: 94.1038
New LR:  0.00064
Validation Loss: 93.4326
Validation Loss: 95.9666
Validation Loss: 92.3229
New LR:  0.0005120000000000001
new model saved at 45 epoch with global_best_val_loss: 90.58602905273438
Validation Loss: 90.5860
Validation Loss: 94.8106
New LR:  0.0004096000000000001
Validation Loss: 93.4949
Validation Loss: 93.7946
New LR:  0.0003276800000000001
Validation Loss: 92.7979
Validation Loss: 91.6551
New LR:  0.0002621440000000001
Validation Loss: 93.8149
Validation Loss: 93.3498
New LR:  0.00020971520000000012
Validation Loss: 93.5929
Validation Loss: 95.1299
Early stopping after 95 epochs.
Percent: 0.0| Loss: 119.5473747253418, R2: 0.0234375
Percent: 0.25| Loss: 118.57685661315918, R2: -8.230073417965339e+44
Percent: 0.5| Loss: 116.72136497497559, R2: -1.5360645689584982e+44
Percent: 0.75| Loss: 115.63158416748047, R2: -3.719510970810341e+44
Percent: 1.0| Loss: 112.06038475036621, R2: -1.2741712445938519e+44
Validation Loss: 93.6979
Validation Loss: 92.8659
Validation Loss: 90.7574
New LR:  0.0008
Validation Loss: 94.5435
Validation Loss: 93.8505
New LR:  0.00064
Validation Loss: 92.6273
Validation Loss: 92.0497
New LR:  0.0005120000000000001
Validation Loss: 93.3026
Validation Loss: 93.2572
New LR:  0.0004096000000000001
Validation Loss: 92.5643
Validation Loss: 94.2932
New LR:  0.0003276800000000001
Validation Loss: 92.9007
Early stopping after 60 epochs.
Percent: 0.0| Loss: 119.5473747253418, R2: 0.0234375
Percent: 0.25| Loss: 118.57685661315918, R2: -8.230073417965339e+44
Percent: 0.5| Loss: 116.72136497497559, R2: -1.5360645689584982e+44
Percent: 0.75| Loss: 115.63158416748047, R2: -3.719510970810341e+44
Percent: 1.0| Loss: 112.06038475036621, R2: -1.2741712445938519e+44
new model saved at 0 epoch with global_best_val_loss: 68.57328414916992
Validation Loss: 68.5733
new model saved at 5 epoch with global_best_val_loss: 26.51311206817627
Validation Loss: 26.5131
new model saved at 10 epoch with global_best_val_loss: 22.271331787109375
Validation Loss: 22.2713
new model saved at 15 epoch with global_best_val_loss: 22.051020622253418
Validation Loss: 22.0510
new model saved at 20 epoch with global_best_val_loss: 19.38756275177002
Validation Loss: 19.3876
new model saved at 25 epoch with global_best_val_loss: 13.164145946502686
Validation Loss: 13.1641
new model saved at 30 epoch with global_best_val_loss: 11.547804832458496
Validation Loss: 11.5478
new model saved at 35 epoch with global_best_val_loss: 11.449501991271973
Validation Loss: 11.4495
Validation Loss: 12.1905
new model saved at 45 epoch with global_best_val_loss: 10.46047830581665
Validation Loss: 10.4605
new model saved at 50 epoch with global_best_val_loss: 10.217931270599365
Validation Loss: 10.2179
Validation Loss: 10.3065
Validation Loss: 11.1430
Validation Loss: 10.6155
new model saved at 70 epoch with global_best_val_loss: 9.628257274627686
Validation Loss: 9.6283
Validation Loss: 10.3661
Validation Loss: 10.2699
Validation Loss: 11.7972
Validation Loss: 10.0101
Validation Loss: 9.8255
Validation Loss: 9.9646
Validation Loss: 9.7610
new model saved at 110 epoch with global_best_val_loss: 9.478364944458008
Validation Loss: 9.4784
new model saved at 115 epoch with global_best_val_loss: 9.107967615127563
Validation Loss: 9.1080
Validation Loss: 9.7165
Validation Loss: 10.2305
Validation Loss: 10.0259
New LR:  0.0008
Validation Loss: 9.9401
Validation Loss: 9.6439
Validation Loss: 9.4012
Validation Loss: 9.8902
Validation Loss: 9.6333
Validation Loss: 9.5802
Early stopping after 165 epochs.
Percent: 0.0| Loss: 16.96393370628357, R2: 0.2585739422224822
Percent: 0.25| Loss: 16.96393370628357, R2: 0.2585739422224822
Percent: 0.5| Loss: 16.96393370628357, R2: 0.2585739422224822
Percent: 0.75| Loss: 16.96393370628357, R2: 0.2585739422224822
Percent: 1.0| Loss: 16.96393370628357, R2: 0.2585739422224822
Percent testing 0.0
Percent: 0.0| Loss: 16.96393370628357, R2: 0.2585739422224822
Percent testing 0.25
Percent: 0.25| Loss: 16.96393370628357, R2: 0.2585739422224822
Percent testing 0.5
Percent: 0.5| Loss: 16.96393370628357, R2: 0.2585739422224822
Percent testing 0.75
Percent: 0.75| Loss: 16.96393370628357, R2: 0.2585739422224822
Percent testing 1.0
Percent: 1.0| Loss: 16.96393370628357, R2: 0.2585739422224822
metrics saved
start saving losses!
Time Elapsed: 0.3418290377325482 hours
