training start for sigma:0.0
Validation Loss: 78.2422
Validation Loss: 78.3958
Validation Loss: 78.5174
New LR:  0.008
Validation Loss: 78.2685
Validation Loss: 78.4079
New LR:  0.0064
Validation Loss: 78.4568
Validation Loss: 78.4693
New LR:  0.00512
Validation Loss: 78.2793
Validation Loss: 78.5642
New LR:  0.004096000000000001
Validation Loss: 78.4995
Validation Loss: 78.2825
New LR:  0.0032768000000000007
Validation Loss: 78.3764
Validation Loss: 78.4674
Validation Loss: 78.1095
New LR:  0.002621440000000001
Validation Loss: 78.4144
Validation Loss: 78.4048
New LR:  0.002097152000000001
Validation Loss: 78.6381
Validation Loss: 78.3137
New LR:  0.001677721600000001
Validation Loss: 78.4470
Validation Loss: 78.3359
New LR:  0.0013421772800000008
Validation Loss: 78.3376
Validation Loss: 78.0693
New LR:  0.0010737418240000006
Validation Loss: 78.1644
Validation Loss: 78.6318
Validation Loss: 78.2221
New LR:  0.0008589934592000006
Validation Loss: 78.3670
Validation Loss: 78.4748
New LR:  0.0006871947673600005
Validation Loss: 78.4776
Validation Loss: 78.4625
New LR:  0.0005497558138880005
Validation Loss: 78.2627
Validation Loss: 78.5078
New LR:  0.0004398046511104004
Validation Loss: 78.6505
Validation Loss: 78.1172
New LR:  0.00035184372088832035
Validation Loss: 78.5739
Validation Loss: 78.5384
Validation Loss: 78.2857
New LR:  0.0002814749767106563
Early stopping after 180 epochs.
MSE Test loss:80.054
R2 Test loss:-0.618
training start for sigma:0.0
Validation Loss: 78.2807
Validation Loss: 78.4492
Validation Loss: 78.1774
New LR:  0.008
Validation Loss: 78.3456
Validation Loss: 78.3881
New LR:  0.0064
Validation Loss: 77.9454
Validation Loss: 78.3031
New LR:  0.00512
Validation Loss: 78.4441
Validation Loss: 78.4058
New LR:  0.004096000000000001
Validation Loss: 78.4445
Validation Loss: 78.2366
New LR:  0.0032768000000000007
Validation Loss: 78.2958
Validation Loss: 78.3011
Validation Loss: 78.0657
New LR:  0.002621440000000001
Validation Loss: 78.3616
Validation Loss: 78.2870
New LR:  0.002097152000000001
Validation Loss: 78.4567
Validation Loss: 78.1000
New LR:  0.001677721600000001
Validation Loss: 78.4038
Validation Loss: 78.1847
New LR:  0.0013421772800000008
Early stopping after 100 epochs.
MSE Test loss:80.054
R2 Test loss:-0.618
training start for sigma:0.0
Validation Loss: 78.6614
Validation Loss: 78.4364
Validation Loss: 78.5988
New LR:  0.008
Validation Loss: 78.4552
Validation Loss: 78.0867
New LR:  0.0064
Validation Loss: 78.5230
Validation Loss: 78.3407
New LR:  0.00512
Validation Loss: 78.1360
Validation Loss: 78.4818
New LR:  0.004096000000000001
Validation Loss: 78.2540
Validation Loss: 78.2992
New LR:  0.0032768000000000007
Validation Loss: 78.5601
Validation Loss: 78.3604
Validation Loss: 78.5112
New LR:  0.002621440000000001
Validation Loss: 78.3478
Validation Loss: 78.7107
New LR:  0.002097152000000001
Validation Loss: 78.1573
Validation Loss: 78.1709
New LR:  0.001677721600000001
Validation Loss: 78.1345
Early stopping after 95 epochs.
MSE Test loss:80.054
R2 Test loss:-0.618
metrics saved
start saving losses!
Best Learning Rate for MSE: 0.031622776601683784
training start for sigma:0.0
Validation Loss: 78.1469
Validation Loss: 78.4598
Validation Loss: 78.2395
Validation Loss: 78.4112
Validation Loss: 78.4295
Validation Loss: 78.3175
Validation Loss: 78.5415
Validation Loss: 78.4300
Validation Loss: 78.3158
Validation Loss: 78.2622
Validation Loss: 78.4057
Validation Loss: 78.5024
Validation Loss: 78.4485
Validation Loss: 78.6392
Validation Loss: 78.4062
Early stopping after 75 epochs.
MSE Test loss:80.054
R2 Test loss:-0.618
training start for sigma:0.0
Validation Loss: 78.4051
Validation Loss: 78.4274
Validation Loss: 78.1743
Validation Loss: 78.2596
Validation Loss: 78.2654
Validation Loss: 78.3853
Validation Loss: 78.2798
Validation Loss: 78.3107
Validation Loss: 78.3228
Validation Loss: 78.4869
Validation Loss: 78.4411
Validation Loss: 78.6458
Validation Loss: 78.2409
Validation Loss: 78.2156
Validation Loss: 78.6204
Validation Loss: 78.0687
Validation Loss: 78.0790
Validation Loss: 78.2921
Validation Loss: 78.3215
Validation Loss: 78.1531
Validation Loss: 78.2927
Validation Loss: 78.5459
Validation Loss: 78.2872
Validation Loss: 78.6543
Validation Loss: 78.6653
Validation Loss: 78.4568
Validation Loss: 78.3217
Validation Loss: 78.3201
Validation Loss: 78.2905
Validation Loss: 78.3935
Early stopping after 150 epochs.
MSE Test loss:80.054
R2 Test loss:-0.618
training start for sigma:0.0
Validation Loss: 78.2579
Validation Loss: 78.4651
Validation Loss: 78.4945
Validation Loss: 78.3425
Validation Loss: 78.3825
Validation Loss: 78.5335
Validation Loss: 78.4476
Validation Loss: 78.2801
Validation Loss: 78.4458
Validation Loss: 78.4123
Validation Loss: 78.3733
Validation Loss: 78.2821
Validation Loss: 78.1938
Validation Loss: 78.1863
Validation Loss: 78.2582
Validation Loss: 78.5602
Validation Loss: 78.1751
Validation Loss: 78.4512
Validation Loss: 78.2212
Validation Loss: 78.4403
Validation Loss: 78.4014
Validation Loss: 78.3652
Validation Loss: 78.3191
Validation Loss: 78.2111
Validation Loss: 78.3206
Validation Loss: 78.4839
Validation Loss: 78.4103
Validation Loss: 78.3053
Validation Loss: 78.2868
Validation Loss: 78.3941
Validation Loss: 78.3733
Early stopping after 155 epochs.
MSE Test loss:80.054
R2 Test loss:-0.618
metrics saved
start saving losses!
