training start for sigma:1.0
Validation Loss: 84.9606
Validation Loss: 85.8674
Validation Loss: 84.4854
New LR:  0.008
Validation Loss: 84.9154
Validation Loss: 84.8030
New LR:  0.0064
Validation Loss: 84.7864
Validation Loss: 85.4573
New LR:  0.00512
Validation Loss: 84.6808
Validation Loss: 85.4146
New LR:  0.004096000000000001
Validation Loss: 86.6325
Validation Loss: 85.9730
Validation Loss: 86.2938
Validation Loss: 85.2027
Validation Loss: 85.3485
New LR:  0.0032768000000000007
Validation Loss: 85.2796
Validation Loss: 86.3934
New LR:  0.002621440000000001
Validation Loss: 85.2867
Early stopping after 85 epochs.
NPP sigma=1.0 Test loss:94.420, R2 loss:-0.207, GP Test loss:94.420, GP R2 loss:-0.207
training start for sigma:1.0
Validation Loss: 86.0268
Validation Loss: 67.9418
Validation Loss: 56.5499
Validation Loss: 51.6786
Validation Loss: 46.9913
Validation Loss: 40.3473
Validation Loss: 37.0084
Validation Loss: 36.1288
Validation Loss: 36.2755
Validation Loss: 35.2293
Validation Loss: 34.5833
Validation Loss: 34.9956
Validation Loss: 34.8597
Validation Loss: 34.8602
Validation Loss: 33.8450
Validation Loss: 34.3815
Validation Loss: 34.1242
Validation Loss: 33.9359
Validation Loss: 34.5178
Validation Loss: 33.3037
Validation Loss: 32.1080
Validation Loss: 34.6623
Validation Loss: 33.7182
Validation Loss: 33.1396
New LR:  0.008
Validation Loss: 33.5040
Validation Loss: 32.9749
Validation Loss: 33.7232
New LR:  0.0064
Validation Loss: 33.1471
Validation Loss: 33.8595
Validation Loss: 33.8984
Validation Loss: 32.6782
Validation Loss: 33.8550
New LR:  0.00512
Validation Loss: 33.3081
Validation Loss: 32.8038
Validation Loss: 33.3546
New LR:  0.004096000000000001
Early stopping after 175 epochs.
NPP sigma=1.0 Test loss:25.857, R2 loss:0.687, GP Test loss:25.857, GP R2 loss:0.687
training start for sigma:1.0
Validation Loss: 77.3446
Validation Loss: 54.8921
Validation Loss: 37.7268
Validation Loss: 34.5103
Validation Loss: 34.5054
Validation Loss: 32.8267
Validation Loss: 34.6181
Validation Loss: 33.5395
Validation Loss: 33.6461
Validation Loss: 35.0568
Validation Loss: 34.9700
Validation Loss: 33.7340
Validation Loss: 33.1671
Validation Loss: 33.2154
Validation Loss: 32.8773
Validation Loss: 33.8131
Validation Loss: 34.1966
Validation Loss: 33.0648
Validation Loss: 33.0191
Validation Loss: 34.1524
Early stopping after 100 epochs.
NPP sigma=1.0 Test loss:26.388, R2 loss:0.680, GP Test loss:26.388, GP R2 loss:0.680
metrics saved
start saving losses!
Best Learning Rate for NPP sigma=1.0: 0.0015848931924611134
training start for sigma:1.0
Validation Loss: 85.6531
Validation Loss: 84.8394
Validation Loss: 86.0838
Validation Loss: 85.6714
Validation Loss: 85.2451
Validation Loss: 85.7600
Validation Loss: 86.4454
Validation Loss: 84.3197
Validation Loss: 84.9756
Validation Loss: 85.9554
Validation Loss: 85.3345
Validation Loss: 86.1781
Validation Loss: 85.8669
Validation Loss: 86.0482
Validation Loss: 85.5995
Validation Loss: 84.3767
Validation Loss: 85.2669
Validation Loss: 84.9080
Validation Loss: 86.0910
Validation Loss: 85.7003
Validation Loss: 85.0572
Validation Loss: 85.6718
Early stopping after 110 epochs.
NPP sigma=1.0 Test loss:94.420, R2 loss:-0.207, GP Test loss:94.420, GP R2 loss:-0.207
training start for sigma:1.0
Validation Loss: 85.2402
Validation Loss: 85.1294
Validation Loss: 84.5588
Validation Loss: 86.2996
Validation Loss: 85.4861
Validation Loss: 85.5599
Validation Loss: 85.9965
Validation Loss: 85.0633
Validation Loss: 85.8929
Validation Loss: 84.8534
Validation Loss: 84.4613
Validation Loss: 86.1106
Validation Loss: 85.5019
Validation Loss: 85.2031
Validation Loss: 86.3235
Validation Loss: 85.3465
Validation Loss: 86.9456
Validation Loss: 86.1487
Validation Loss: 84.3405
Validation Loss: 85.9526
Validation Loss: 85.9208
Validation Loss: 86.0295
Validation Loss: 86.1228
Validation Loss: 86.4138
Validation Loss: 85.0313
Validation Loss: 85.2858
Validation Loss: 85.9588
Validation Loss: 86.6325
Validation Loss: 85.9956
Validation Loss: 86.0614
Validation Loss: 84.8811
Validation Loss: 85.4668
Validation Loss: 86.2990
Early stopping after 165 epochs.
NPP sigma=1.0 Test loss:94.420, R2 loss:-0.207, GP Test loss:94.420, GP R2 loss:-0.207
training start for sigma:1.0
Validation Loss: 76.1484
Validation Loss: 57.6559
Validation Loss: 42.2959
Validation Loss: 36.5798
Validation Loss: 32.3794
Validation Loss: 33.8492
Validation Loss: 32.5794
Validation Loss: 32.5415
Validation Loss: 34.7395
Validation Loss: 33.5754
Validation Loss: 33.3911
Validation Loss: 32.4934
Validation Loss: 33.9136
Validation Loss: 33.5951
Validation Loss: 33.8372
Validation Loss: 33.1664
Validation Loss: 32.6291
Validation Loss: 32.3452
Validation Loss: 34.0080
Validation Loss: 33.1108
Validation Loss: 32.6530
Validation Loss: 33.0999
Validation Loss: 34.8500
Validation Loss: 33.7756
Validation Loss: 33.1261
Validation Loss: 33.0971
Validation Loss: 33.2439
Validation Loss: 32.5192
Validation Loss: 32.8032
Validation Loss: 33.1556
Validation Loss: 33.1203
Validation Loss: 34.2283
Early stopping after 160 epochs.
NPP sigma=1.0 Test loss:26.058, R2 loss:0.684, GP Test loss:26.058, GP R2 loss:0.684
metrics saved
start saving losses!
