training start for sigma:0.2
Validation Loss: 78.2414
Validation Loss: 78.3950
Validation Loss: 78.5166
New LR:  0.008
Validation Loss: 78.2677
Validation Loss: 78.4072
New LR:  0.0064
Validation Loss: 78.4561
Validation Loss: 78.4685
New LR:  0.00512
Validation Loss: 78.2785
Validation Loss: 78.5634
New LR:  0.004096000000000001
Validation Loss: 78.4987
Validation Loss: 78.2817
New LR:  0.0032768000000000007
Validation Loss: 78.3756
Validation Loss: 78.4667
Validation Loss: 78.1087
New LR:  0.002621440000000001
Validation Loss: 78.4136
Validation Loss: 78.4040
New LR:  0.002097152000000001
Validation Loss: 78.6373
Validation Loss: 78.3130
New LR:  0.001677721600000001
Validation Loss: 78.4462
Validation Loss: 78.3351
New LR:  0.0013421772800000008
Validation Loss: 78.3368
Validation Loss: 78.0685
New LR:  0.0010737418240000006
Validation Loss: 78.1636
Validation Loss: 78.6310
Validation Loss: 78.2213
New LR:  0.0008589934592000006
Validation Loss: 78.3662
Validation Loss: 78.4740
New LR:  0.0006871947673600005
Validation Loss: 78.4769
Validation Loss: 78.4617
New LR:  0.0005497558138880005
Validation Loss: 78.2620
Validation Loss: 78.5070
New LR:  0.0004398046511104004
Validation Loss: 78.6497
Validation Loss: 78.1164
New LR:  0.00035184372088832035
Validation Loss: 78.5731
Validation Loss: 78.5376
Validation Loss: 78.2849
New LR:  0.0002814749767106563
Early stopping after 180 epochs.
NPP sigma=0.2 Test loss:80.054, R2 loss:-0.618, GP Test loss:80.054, GP R2 loss:-0.618
training start for sigma:0.2
Validation Loss: 76.6418
Validation Loss: 59.2026
Validation Loss: 50.1248
Validation Loss: 41.7498
Validation Loss: 41.5651
Validation Loss: 41.5674
Validation Loss: 41.3659
Validation Loss: 41.4378
Validation Loss: 41.3959
Validation Loss: 41.4040
Validation Loss: 41.3279
New LR:  0.008
Validation Loss: 41.4543
Validation Loss: 41.5404
Validation Loss: 41.4926
New LR:  0.0064
Validation Loss: 41.4421
Validation Loss: 41.5474
New LR:  0.00512
Validation Loss: 41.5869
Validation Loss: 41.4107
New LR:  0.004096000000000001
Validation Loss: 41.4189
Validation Loss: 41.4944
Validation Loss: 41.3393
New LR:  0.0032768000000000007
Validation Loss: 41.4226
Validation Loss: 41.4137
New LR:  0.002621440000000001
Validation Loss: 41.4866
Validation Loss: 41.3199
New LR:  0.002097152000000001
Validation Loss: 41.4596
Validation Loss: 41.5318
Validation Loss: 41.3591
Validation Loss: 41.3793
New LR:  0.001677721600000001
Validation Loss: 41.3777
Validation Loss: 41.3801
New LR:  0.0013421772800000008
Validation Loss: 41.4064
Validation Loss: 41.4261
Validation Loss: 41.3245
New LR:  0.0010737418240000006
Validation Loss: 41.4200
Validation Loss: 41.4235
New LR:  0.0008589934592000006
Validation Loss: 41.4373
Validation Loss: 41.3645
New LR:  0.0006871947673600005
Validation Loss: 41.3843
Early stopping after 195 epochs.
NPP sigma=0.2 Test loss:103.556, R2 loss:-1.951, GP Test loss:103.556, GP R2 loss:-1.951
training start for sigma:0.2
Validation Loss: 76.9306
Validation Loss: 40.9104
Validation Loss: 28.9766
Validation Loss: 27.3604
Validation Loss: 13.6459
Validation Loss: 13.2908
Validation Loss: 13.2434
Validation Loss: 13.1634
Validation Loss: 13.1618
New LR:  0.008
Validation Loss: 13.2544
Validation Loss: 13.3135
New LR:  0.0064
Validation Loss: 13.2363
Validation Loss: 13.1163
Validation Loss: 13.0828
Validation Loss: 13.1037
Validation Loss: 13.1102
New LR:  0.00512
Validation Loss: 13.1698
Validation Loss: 13.1238
Validation Loss: 13.0695
New LR:  0.004096000000000001
Validation Loss: 13.1204
Validation Loss: 13.1957
New LR:  0.0032768000000000007
Validation Loss: 13.1767
Validation Loss: 13.2102
Validation Loss: 13.0932
Validation Loss: 13.1290
Validation Loss: 13.0943
New LR:  0.002621440000000001
Validation Loss: 13.1751
Validation Loss: 13.1754
New LR:  0.002097152000000001
Validation Loss: 13.1816
Validation Loss: 13.1424
New LR:  0.001677721600000001
Validation Loss: 13.1793
Validation Loss: 13.1351
Validation Loss: 13.0672
New LR:  0.0013421772800000008
Validation Loss: 13.1038
Validation Loss: 13.1072
New LR:  0.0010737418240000006
Validation Loss: 13.1086
Validation Loss: 13.0883
New LR:  0.0008589934592000006
Validation Loss: 13.1239
Validation Loss: 13.1656
New LR:  0.0006871947673600005
Validation Loss: 13.0741
NPP sigma=0.2 Test loss:182.380, R2 loss:-4.877, GP Test loss:182.380, GP R2 loss:-4.877
metrics saved
start saving losses!
Best Learning Rate for NPP sigma=0.2: 0.01
training start for sigma:0.2
Validation Loss: 78.1713
Validation Loss: 78.5747
Validation Loss: 78.4869
Validation Loss: 78.2252
Validation Loss: 78.2788
Validation Loss: 78.2903
Validation Loss: 78.4255
Validation Loss: 78.3849
Validation Loss: 78.5954
Validation Loss: 78.3112
Validation Loss: 78.2247
Validation Loss: 78.1982
Validation Loss: 78.0073
Validation Loss: 78.1834
Validation Loss: 78.5037
Validation Loss: 78.5700
Validation Loss: 78.3374
Validation Loss: 78.4138
Validation Loss: 78.4449
Validation Loss: 78.2053
Validation Loss: 78.6300
Validation Loss: 78.0269
Validation Loss: 78.3852
Validation Loss: 78.2669
Validation Loss: 78.3763
Validation Loss: 78.4176
Validation Loss: 78.3116
Early stopping after 135 epochs.
NPP sigma=0.2 Test loss:80.054, R2 loss:-0.618, GP Test loss:80.054, GP R2 loss:-0.618
training start for sigma:0.2
Validation Loss: 78.3841
Validation Loss: 78.2708
Validation Loss: 78.3437
Validation Loss: 78.1487
Validation Loss: 78.2999
Validation Loss: 78.6368
Validation Loss: 78.3435
Validation Loss: 78.3546
Validation Loss: 78.0781
Validation Loss: 78.4697
Validation Loss: 78.4199
Validation Loss: 78.1740
Validation Loss: 78.1628
Validation Loss: 78.1000
Validation Loss: 78.8052
Validation Loss: 78.4467
Validation Loss: 78.2166
Validation Loss: 78.3781
Validation Loss: 78.2168
Validation Loss: 78.2194
Validation Loss: 78.1221
Validation Loss: 78.2525
Validation Loss: 78.0302
Validation Loss: 78.6141
Validation Loss: 78.3124
Validation Loss: 78.2792
Validation Loss: 78.2344
Validation Loss: 78.4159
Validation Loss: 78.4749
Validation Loss: 78.3072
Validation Loss: 78.7312
Validation Loss: 78.1016
Validation Loss: 78.3247
Validation Loss: 78.2590
Validation Loss: 78.4639
Validation Loss: 78.2395
Validation Loss: 78.5792
Early stopping after 185 epochs.
NPP sigma=0.2 Test loss:80.054, R2 loss:-0.618, GP Test loss:80.054, GP R2 loss:-0.618
training start for sigma:0.2
Validation Loss: 77.0645
Validation Loss: 23.9696
Validation Loss: 15.4341
Validation Loss: 15.2411
Validation Loss: 14.9818
Validation Loss: 14.9994
Validation Loss: 15.0045
Validation Loss: 14.9006
Validation Loss: 14.9834
Validation Loss: 14.9528
Validation Loss: 14.9999
Validation Loss: 14.9714
Validation Loss: 15.0390
Validation Loss: 14.9735
Validation Loss: 14.9095
Validation Loss: 15.0656
Validation Loss: 15.0487
Validation Loss: 15.1252
Validation Loss: 14.8574
Validation Loss: 14.8958
Validation Loss: 15.0370
Validation Loss: 14.9102
Validation Loss: 14.9279
Validation Loss: 14.8875
Validation Loss: 14.9870
Validation Loss: 15.0699
Validation Loss: 14.8738
Validation Loss: 14.9025
Validation Loss: 14.9888
Validation Loss: 14.9504
Validation Loss: 14.8555
Validation Loss: 14.9771
Validation Loss: 14.9343
Validation Loss: 14.9252
Validation Loss: 14.8795
Validation Loss: 14.9257
Validation Loss: 14.8769
Validation Loss: 14.8808
Validation Loss: 14.9399
Validation Loss: 15.0786
NPP sigma=0.2 Test loss:92.045, R2 loss:-1.608, GP Test loss:92.045, GP R2 loss:-1.608
metrics saved
start saving losses!
