training start for sigma:0.2
Validation Loss: 102.7118
Validation Loss: 98.3045
Validation Loss: 97.4586
Validation Loss: 98.9352
Validation Loss: 96.9389
Validation Loss: 102.7550
Validation Loss: 97.9450
New LR:  0.0008
Validation Loss: 101.7067
Validation Loss: 97.3797
New LR:  0.00064
Validation Loss: 102.2849
Validation Loss: 96.9397
New LR:  0.0005120000000000001
Validation Loss: 98.6394
Validation Loss: 100.8710
New LR:  0.0004096000000000001
Validation Loss: 101.3468
Validation Loss: 98.7404
New LR:  0.0003276800000000001
Validation Loss: 99.4842
Validation Loss: 97.6251
Validation Loss: 96.5673
New LR:  0.0002621440000000001
Validation Loss: 98.3072
Validation Loss: 99.9258
New LR:  0.00020971520000000012
Validation Loss: 101.6078
Validation Loss: 96.1092
New LR:  0.0001677721600000001
Validation Loss: 100.0624
Validation Loss: 97.8770
New LR:  0.00013421772800000008
Validation Loss: 97.4266
Validation Loss: 93.3614
New LR:  0.00010737418240000007
Validation Loss: 96.6506
Validation Loss: 102.6777
Validation Loss: 97.2884
New LR:  0.0001
Validation Loss: 99.5564
Validation Loss: 100.6229
Validation Loss: 99.7570
Validation Loss: 96.0973
Validation Loss: 99.9201
Validation Loss: 99.2441
Validation Loss: 100.4415
Validation Loss: 99.6249
Validation Loss: 99.4112
Validation Loss: 100.0355
Validation Loss: 101.6475
NPP sigma=0.2 Test loss:119.547, R2 loss:-0.952, GP Test loss:119.547, GP R2 loss:-0.952
metrics saved
start saving losses!
Percent testing 0.25
Percent testing 0.5
Percent testing 0.75
Percent testing 1.0
Time Elapsed: 0.09681700978014204 hours
