training start for sigma:0.1
Validation Loss: 1.6115
Validation Loss: 1.3648
Validation Loss: 1.2394
Validation Loss: 1.1323
Validation Loss: 1.1133
Validation Loss: 1.0068
Validation Loss: 1.0096
Validation Loss: 0.8464
Validation Loss: 0.9038
Validation Loss: 0.9808
Validation Loss: 1.2658
Validation Loss: 1.1382
Validation Loss: 1.3285
Validation Loss: 1.2220
Validation Loss: 1.3370
Validation Loss: 1.1506
Validation Loss: 1.2046
Validation Loss: 1.3595
Validation Loss: 1.2943
Validation Loss: 1.2442
Validation Loss: 1.2797
Validation Loss: 1.4217
Early stopping after 110 epochs.
NPP sigma=0.1 Test loss:1.094, R2 loss:-0.061, GP Test loss:1.094, GP R2 loss:-0.061
metrics saved
start saving losses!
Percent testing 0.25
Percent testing 0.5
Percent testing 0.75
Percent testing 1.0
Time Elapsed: 1.5716491187943353 hours
