training start for sigma:1.0
Validation Loss: 100.6992
Validation Loss: 97.6115
Validation Loss: 95.5144
Validation Loss: 97.8213
Validation Loss: 96.2741
Validation Loss: 100.8063
Validation Loss: 95.8033
New LR:  0.0008
Validation Loss: 99.3440
Validation Loss: 95.5667
New LR:  0.00064
Validation Loss: 100.6848
Validation Loss: 95.0655
New LR:  0.0005120000000000001
Validation Loss: 96.7671
Validation Loss: 99.9313
New LR:  0.0004096000000000001
Validation Loss: 100.3390
Validation Loss: 96.5635
New LR:  0.0003276800000000001
Validation Loss: 97.5026
Validation Loss: 97.2444
Validation Loss: 95.7120
New LR:  0.0002621440000000001
Validation Loss: 97.5967
Validation Loss: 99.1614
New LR:  0.00020971520000000012
Validation Loss: 99.3455
Validation Loss: 95.6820
New LR:  0.0001677721600000001
Validation Loss: 99.2584
Validation Loss: 97.0844
New LR:  0.00013421772800000008
Validation Loss: 95.5688
Validation Loss: 91.6663
New LR:  0.00010737418240000007
Validation Loss: 96.0237
Validation Loss: 100.7652
Validation Loss: 95.4939
New LR:  0.0001
Validation Loss: 98.7700
Validation Loss: 99.2038
Validation Loss: 98.1396
Validation Loss: 95.8570
Validation Loss: 98.1250
Validation Loss: 97.5048
Validation Loss: 98.5304
Validation Loss: 97.3196
Validation Loss: 98.9434
Validation Loss: 99.6610
Validation Loss: 100.3699
NPP sigma=1.0 Test loss:114.110, R2 loss:-1.126, GP Test loss:114.110, GP R2 loss:-1.126
training start for sigma:1.0
Validation Loss: 57.3482
Validation Loss: 32.2598
Validation Loss: 26.0810
Validation Loss: 25.0568
Validation Loss: 20.5664
Validation Loss: 1.1975
Validation Loss: 0.8523
Validation Loss: 0.8973
Validation Loss: 0.8935
Validation Loss: 1.1326
Validation Loss: 0.7833
Validation Loss: 0.7288
Validation Loss: 0.6822
Validation Loss: 0.6482
Validation Loss: 0.8465
Validation Loss: 0.8458
Validation Loss: 0.6151
Validation Loss: 0.5972
Validation Loss: 0.7130
Validation Loss: 1.5456
Validation Loss: 0.6022
Validation Loss: 0.5964
Validation Loss: 0.6016
Validation Loss: 0.5911
Validation Loss: 0.5993
Validation Loss: 0.5565
Validation Loss: 0.6116
Validation Loss: 0.5953
Validation Loss: 0.5447
Validation Loss: 0.5867
Validation Loss: 1.1470
New LR:  0.0008
Validation Loss: 0.5602
Validation Loss: 0.5520
Validation Loss: 0.5516
Validation Loss: 0.5493
Validation Loss: 0.5598
Validation Loss: 0.5659
Validation Loss: 0.5711
Validation Loss: 0.5410
Validation Loss: 0.5593
NPP sigma=1.0 Test loss:0.202, R2 loss:0.981, GP Test loss:0.202, GP R2 loss:0.981
training start for sigma:1.0
Validation Loss: 99.5164
Validation Loss: 96.4123
Validation Loss: 97.2100
New LR:  0.0008
Validation Loss: 97.9059
Validation Loss: 103.3585
Validation Loss: 95.7909
New LR:  0.00064
Validation Loss: 96.8446
Validation Loss: 97.9518
Validation Loss: 96.7269
New LR:  0.0005120000000000001
Validation Loss: 97.5565
Validation Loss: 97.7847
New LR:  0.0004096000000000001
Validation Loss: 96.9668
Validation Loss: 93.1565
New LR:  0.0003276800000000001
Validation Loss: 98.0376
Validation Loss: 97.6724
Validation Loss: 100.9738
New LR:  0.0002621440000000001
Validation Loss: 94.4978
Validation Loss: 95.9168
New LR:  0.00020971520000000012
Validation Loss: 96.8310
Validation Loss: 95.6177
New LR:  0.0001677721600000001
Validation Loss: 101.0746
Validation Loss: 95.5691
New LR:  0.00013421772800000008
Validation Loss: 97.4131
Validation Loss: 103.0660
Validation Loss: 94.1966
Validation Loss: 93.9117
Validation Loss: 96.2128
New LR:  0.00010737418240000007
Early stopping after 135 epochs.
NPP sigma=1.0 Test loss:114.110, R2 loss:-1.126, GP Test loss:114.110, GP R2 loss:-1.126
metrics saved
start saving losses!
Best Learning Rate for NPP sigma=1.0: 0.0015848931924611134
training start for sigma:1.0
Validation Loss: 34.9392
Validation Loss: 2.2341
Validation Loss: 0.9714
Validation Loss: 0.9043
Validation Loss: 1.3306
Validation Loss: 0.7600
Validation Loss: 0.7321
Validation Loss: 0.6449
Validation Loss: 0.7579
Validation Loss: 1.4512
Validation Loss: 0.5994
Validation Loss: 0.6147
Validation Loss: 0.5958
Validation Loss: 0.6359
Validation Loss: 0.6748
Validation Loss: 0.5797
Validation Loss: 0.6557
Validation Loss: 0.5705
Validation Loss: 0.6845
Validation Loss: 0.6599
Validation Loss: 0.5951
Validation Loss: 16.7334
Validation Loss: 0.8462
Validation Loss: 0.6949
Validation Loss: 0.6046
Validation Loss: 0.6629
Validation Loss: 0.5716
Validation Loss: 0.5192
Validation Loss: 0.5534
Validation Loss: 0.5384
Validation Loss: 0.5073
Validation Loss: 0.4969
Validation Loss: 0.5630
Validation Loss: 0.5044
Validation Loss: 0.5412
Validation Loss: 0.5136
Validation Loss: 0.5028
Validation Loss: 0.4786
Validation Loss: 0.5426
Validation Loss: 0.5270
NPP sigma=1.0 Test loss:0.225, R2 loss:0.977, GP Test loss:0.225, GP R2 loss:0.977
training start for sigma:1.0
Validation Loss: 67.7818
Validation Loss: 4.8071
Validation Loss: 1.1724
Validation Loss: 0.8950
Validation Loss: 0.7575
Validation Loss: 0.8939
Validation Loss: 0.7002
Validation Loss: 0.6707
Validation Loss: 0.7602
Validation Loss: 0.6517
Validation Loss: 0.6031
Validation Loss: 0.6451
Validation Loss: 0.6471
Validation Loss: 0.6207
Validation Loss: 0.6094
Validation Loss: 0.5971
Validation Loss: 0.7525
Validation Loss: 5.7866
Validation Loss: 0.6999
Validation Loss: 0.5519
Validation Loss: 0.5192
Validation Loss: 0.5576
Validation Loss: 0.5314
Validation Loss: 0.6021
Validation Loss: 0.5466
Validation Loss: 0.5183
Validation Loss: 0.4989
Validation Loss: 0.5217
Validation Loss: 0.5345
Validation Loss: 0.5153
Validation Loss: 0.5018
Validation Loss: 0.5266
Validation Loss: 0.5903
Validation Loss: 0.5148
Validation Loss: 0.4858
Validation Loss: 0.5186
Validation Loss: 0.5099
Validation Loss: 0.5424
Validation Loss: 0.5158
Validation Loss: 0.5142
NPP sigma=1.0 Test loss:0.181, R2 loss:0.976, GP Test loss:0.181, GP R2 loss:0.976
training start for sigma:1.0
Validation Loss: 53.2936
Validation Loss: 2.8507
Validation Loss: 1.0453
Validation Loss: 0.8150
Validation Loss: 1.1449
Validation Loss: 0.7355
Validation Loss: 0.6453
Validation Loss: 0.6314
Validation Loss: 0.6546
Validation Loss: 2.7869
Validation Loss: 0.5725
Validation Loss: 0.5463
Validation Loss: 0.5434
Validation Loss: 0.5636
Validation Loss: 0.6061
Validation Loss: 0.5707
Validation Loss: 0.5881
Validation Loss: 0.5346
Validation Loss: 0.5261
Validation Loss: 0.9174
Validation Loss: 0.5241
Validation Loss: 0.5107
Validation Loss: 0.5156
Validation Loss: 0.6718
Validation Loss: 1.8747
Validation Loss: 0.5372
Validation Loss: 0.5113
Validation Loss: 0.5205
Validation Loss: 0.5077
Validation Loss: 0.4976
Validation Loss: 0.5324
Validation Loss: 0.8417
Validation Loss: 1.6592
Validation Loss: 0.8174
Validation Loss: 0.5387
Validation Loss: 0.5284
Validation Loss: 0.4839
Validation Loss: 0.5293
Validation Loss: 0.5058
Validation Loss: 0.5034
NPP sigma=1.0 Test loss:0.175, R2 loss:0.981, GP Test loss:0.175, GP R2 loss:0.981
metrics saved
start saving losses!
