new model saved at 0 epoch with global_best_val_loss: 103.90238189697266
Validation Loss: 103.9024
new model saved at 5 epoch with global_best_val_loss: 102.43937301635742
Validation Loss: 102.4394
Validation Loss: 103.8826
new model saved at 15 epoch with global_best_val_loss: 101.75327682495117
Validation Loss: 101.7533
new model saved at 20 epoch with global_best_val_loss: 100.90377044677734
Validation Loss: 100.9038
New LR:  0.0008
Validation Loss: 106.2318
Validation Loss: 103.5746
New LR:  0.00064
Validation Loss: 104.6393
Validation Loss: 102.7652
New LR:  0.0005120000000000001
Validation Loss: 101.6853
new model saved at 50 epoch with global_best_val_loss: 98.75259399414062
Validation Loss: 98.7526
Validation Loss: 99.2965
New LR:  0.0004096000000000001
Validation Loss: 101.5887
Validation Loss: 101.6389
New LR:  0.0003276800000000001
Validation Loss: 102.3160
Validation Loss: 100.6952
New LR:  0.0002621440000000001
Validation Loss: 103.5753
Validation Loss: 101.7812
Validation Loss: 103.5318
New LR:  0.00020971520000000012
Validation Loss: 100.5709
Early stopping after 100 epochs.
MSE Loss| Loss: 119.5473747253418, R2: 0.0234375 
Validation Loss: 105.5624
Validation Loss: 102.3660
Validation Loss: 104.3663
Validation Loss: 100.7654
New LR:  0.0008
Validation Loss: 100.9496
Validation Loss: 101.1342
Validation Loss: 103.0761
New LR:  0.00064
Validation Loss: 99.0168
Validation Loss: 100.5910
New LR:  0.0005120000000000001
Validation Loss: 102.4384
Validation Loss: 100.2644
New LR:  0.0004096000000000001
Validation Loss: 102.0666
Validation Loss: 100.4554
New LR:  0.0003276800000000001
Validation Loss: 101.2526
Validation Loss: 103.1726
Validation Loss: 100.8895
New LR:  0.0002621440000000001
Validation Loss: 100.6935
Early stopping after 85 epochs.
MSE Loss| Loss: 119.5473747253418, R2: 0.0234375 
new model saved at 0 epoch with global_best_val_loss: 60.454627990722656
Validation Loss: 60.4546
new model saved at 5 epoch with global_best_val_loss: 4.145739197731018
Validation Loss: 4.1457
new model saved at 10 epoch with global_best_val_loss: 1.009535014629364
Validation Loss: 1.0095
new model saved at 15 epoch with global_best_val_loss: 0.842572957277298
Validation Loss: 0.8426
new model saved at 20 epoch with global_best_val_loss: 0.8305549621582031
Validation Loss: 0.8306
new model saved at 25 epoch with global_best_val_loss: 0.7211041748523712
Validation Loss: 0.7211
new model saved at 30 epoch with global_best_val_loss: 0.7097883820533752
Validation Loss: 0.7098
new model saved at 35 epoch with global_best_val_loss: 0.6029692590236664
Validation Loss: 0.6030
Validation Loss: 0.6985
new model saved at 45 epoch with global_best_val_loss: 0.5952178835868835
Validation Loss: 0.5952
Validation Loss: 0.6435
new model saved at 55 epoch with global_best_val_loss: 0.5656703412532806
Validation Loss: 0.5657
Validation Loss: 0.6407
Validation Loss: 0.5862
Validation Loss: 0.5694
new model saved at 75 epoch with global_best_val_loss: 0.4797135591506958
Validation Loss: 0.4797
Validation Loss: 0.5335
new model saved at 85 epoch with global_best_val_loss: 0.46119171380996704
Validation Loss: 0.4612
Validation Loss: 0.4753
New LR:  0.0008
Validation Loss: 0.4663
new model saved at 100 epoch with global_best_val_loss: 0.4520171284675598
Validation Loss: 0.4520
Validation Loss: 0.5351
Validation Loss: 0.5143
Validation Loss: 0.4680
Validation Loss: 0.5151
new model saved at 125 epoch with global_best_val_loss: 0.4462275058031082
Validation Loss: 0.4462
Validation Loss: 0.4729
Validation Loss: 0.4774
Validation Loss: 0.4691
Validation Loss: 0.4700
New LR:  0.00064
Validation Loss: 0.4814
Validation Loss: 0.4591
New LR:  0.0005120000000000001
Validation Loss: 0.4719
Validation Loss: 0.4665
Validation Loss: 0.4751
Early stopping after 175 epochs.
MSE Loss| Loss: 0.4723621979355812, R2: 0.7812740969152563 
metrics saved
start saving losses!
Time Elapsed: 0.12486716078387367 hours
