training start for sigma:0.0
Validation Loss: 94.6786
Validation Loss: 95.5695
Validation Loss: 94.2009
New LR:  0.008
Validation Loss: 94.6025
Validation Loss: 94.7096
New LR:  0.0064
Validation Loss: 94.3578
Validation Loss: 95.4331
Validation Loss: 94.4368
Validation Loss: 94.8216
New LR:  0.00512
Validation Loss: 95.8281
Validation Loss: 94.9881
New LR:  0.004096000000000001
Validation Loss: 95.3988
Validation Loss: 94.8273
Validation Loss: 94.9988
New LR:  0.0032768000000000007
Validation Loss: 94.7969
Validation Loss: 95.8139
New LR:  0.002621440000000001
Validation Loss: 95.0195
Early stopping after 85 epochs.
MSE Test loss:94.420
R2 Test loss:-0.207
training start for sigma:0.0
Validation Loss: 94.7781
Validation Loss: 95.8495
Validation Loss: 95.6904
Validation Loss: 94.9799
New LR:  0.008
Validation Loss: 96.2786
Validation Loss: 95.5617
New LR:  0.0064
Validation Loss: 96.0263
Validation Loss: 95.2834
Validation Loss: 95.0664
New LR:  0.00512
Validation Loss: 93.6791
Validation Loss: 95.1126
New LR:  0.004096000000000001
Validation Loss: 94.9055
Validation Loss: 94.7803
New LR:  0.0032768000000000007
Validation Loss: 96.1485
Validation Loss: 96.2243
Validation Loss: 95.5160
New LR:  0.002621440000000001
Validation Loss: 95.7992
Validation Loss: 95.6397
New LR:  0.002097152000000001
Validation Loss: 95.1435
Validation Loss: 94.8185
New LR:  0.001677721600000001
Validation Loss: 94.8064
Validation Loss: 95.2379
Validation Loss: 95.0559
New LR:  0.0013421772800000008
Validation Loss: 94.6880
Early stopping after 120 epochs.
MSE Test loss:94.420
R2 Test loss:-0.207
training start for sigma:0.0
Validation Loss: 84.9787
Validation Loss: 62.2996
Validation Loss: 42.3266
Validation Loss: 41.3916
Validation Loss: 39.3353
Validation Loss: 40.3842
Validation Loss: 40.2700
Validation Loss: 40.3582
Validation Loss: 39.4219
Validation Loss: 39.5254
Validation Loss: 39.2019
Validation Loss: 39.6405
Validation Loss: 39.4576
Validation Loss: 39.4348
Validation Loss: 39.2326
Validation Loss: 39.6697
Validation Loss: 40.0722
New LR:  0.008
Validation Loss: 39.4167
Validation Loss: 39.8628
Validation Loss: 39.0809
New LR:  0.0064
Validation Loss: 39.9882
Validation Loss: 39.4039
Validation Loss: 39.4567
Validation Loss: 40.0574
Validation Loss: 38.9441
New LR:  0.00512
Validation Loss: 39.0131
Validation Loss: 39.2970
Validation Loss: 39.1619
New LR:  0.004096000000000001
Validation Loss: 38.8853
Validation Loss: 39.8564
Validation Loss: 39.6799
Validation Loss: 36.2677
Validation Loss: 29.2134
Validation Loss: 27.4227
Validation Loss: 26.9436
Validation Loss: 27.2552
Validation Loss: 27.4688
Validation Loss: 26.4738
Validation Loss: 27.2230
Validation Loss: 27.4872
New LR:  0.0032768000000000007
MSE Test loss:25.576
R2 Test loss:0.691
metrics saved
start saving losses!
Best Learning Rate for MSE: 0.009999999999999997
training start for sigma:0.0
Validation Loss: 94.7602
Validation Loss: 94.3291
Validation Loss: 95.8568
Validation Loss: 96.6521
Validation Loss: 95.0507
Validation Loss: 95.2109
Validation Loss: 94.6527
Validation Loss: 94.5184
Validation Loss: 95.2748
Validation Loss: 95.0423
Validation Loss: 94.8789
Validation Loss: 95.4157
Validation Loss: 95.3155
Validation Loss: 94.8255
Validation Loss: 94.5457
Validation Loss: 94.9596
Early stopping after 80 epochs.
MSE Test loss:94.420
R2 Test loss:-0.207
training start for sigma:0.0
Validation Loss: 92.6444
Validation Loss: 76.0287
Validation Loss: 68.1141
Validation Loss: 58.0273
Validation Loss: 58.6175
Validation Loss: 57.5423
Validation Loss: 57.8244
Validation Loss: 57.8536
Validation Loss: 57.8829
Validation Loss: 57.4614
Validation Loss: 58.2771
Validation Loss: 57.5820
Validation Loss: 56.7582
Validation Loss: 57.6245
Validation Loss: 58.3325
Validation Loss: 57.3807
Validation Loss: 57.4761
Validation Loss: 57.3621
Validation Loss: 56.4109
Validation Loss: 57.1365
Validation Loss: 57.7269
Validation Loss: 57.2930
Validation Loss: 57.6342
Validation Loss: 57.2206
Validation Loss: 57.2560
Validation Loss: 57.5416
Validation Loss: 57.6936
Validation Loss: 58.0993
Validation Loss: 57.0903
Validation Loss: 57.0802
Validation Loss: 57.2823
Validation Loss: 58.4618
Validation Loss: 57.8166
Early stopping after 165 epochs.
MSE Test loss:57.075
R2 Test loss:0.279
training start for sigma:0.0
Validation Loss: 94.9160
Validation Loss: 95.1286
Validation Loss: 95.2438
Validation Loss: 93.9234
Validation Loss: 95.4683
Validation Loss: 95.6745
Validation Loss: 95.6645
Validation Loss: 96.3518
Validation Loss: 94.0389
Validation Loss: 94.1738
Validation Loss: 95.8711
Validation Loss: 95.1853
Validation Loss: 95.1237
Validation Loss: 96.4682
Validation Loss: 94.8244
Validation Loss: 95.3974
Validation Loss: 96.3005
Validation Loss: 94.0437
Early stopping after 90 epochs.
MSE Test loss:94.420
R2 Test loss:-0.207
metrics saved
start saving losses!
