training start for sigma:0.1
Validation Loss: 78.2414
Validation Loss: 78.3950
Validation Loss: 78.5166
New LR:  0.008
Validation Loss: 78.2677
Validation Loss: 78.4072
New LR:  0.0064
Validation Loss: 78.4561
Validation Loss: 78.4685
New LR:  0.00512
Validation Loss: 78.2785
Validation Loss: 78.5634
New LR:  0.004096000000000001
Validation Loss: 78.4987
Validation Loss: 78.2817
New LR:  0.0032768000000000007
Validation Loss: 78.3756
Validation Loss: 78.4667
Validation Loss: 78.1087
New LR:  0.002621440000000001
Validation Loss: 78.4136
Validation Loss: 78.4040
New LR:  0.002097152000000001
Validation Loss: 78.6373
Validation Loss: 78.3130
New LR:  0.001677721600000001
Validation Loss: 78.4462
Validation Loss: 78.3351
New LR:  0.0013421772800000008
Validation Loss: 78.3368
Validation Loss: 78.0685
New LR:  0.0010737418240000006
Validation Loss: 78.1636
Validation Loss: 78.6310
Validation Loss: 78.2213
New LR:  0.0008589934592000006
Validation Loss: 78.3662
Validation Loss: 78.4740
New LR:  0.0006871947673600005
Validation Loss: 78.4769
Validation Loss: 78.4617
New LR:  0.0005497558138880005
Validation Loss: 78.2620
Validation Loss: 78.5070
New LR:  0.0004398046511104004
Validation Loss: 78.6497
Validation Loss: 78.1164
New LR:  0.00035184372088832035
Validation Loss: 78.5731
Validation Loss: 78.5376
Validation Loss: 78.2849
New LR:  0.0002814749767106563
Early stopping after 180 epochs.
NPP sigma=0.1 Test loss:80.054, R2 loss:-0.618, GP Test loss:80.054, GP R2 loss:-0.618
training start for sigma:0.1
Validation Loss: 76.6400
Validation Loss: 59.2017
Validation Loss: 50.3727
Validation Loss: 41.7726
Validation Loss: 41.5023
Validation Loss: 41.5121
Validation Loss: 41.4015
Validation Loss: 41.4363
Validation Loss: 41.3925
Validation Loss: 41.4091
Validation Loss: 41.3391
Validation Loss: 41.4976
Validation Loss: 41.3948
New LR:  0.008
Validation Loss: 41.3699
Validation Loss: 41.3274
New LR:  0.0064
Validation Loss: 41.4229
Validation Loss: 41.4684
Validation Loss: 41.3619
New LR:  0.00512
Validation Loss: 41.4404
Validation Loss: 41.4989
New LR:  0.004096000000000001
Validation Loss: 41.3419
Validation Loss: 41.4625
New LR:  0.0032768000000000007
Validation Loss: 41.4156
Validation Loss: 41.5144
Validation Loss: 41.3204
New LR:  0.002621440000000001
Validation Loss: 41.4497
Validation Loss: 41.5249
New LR:  0.002097152000000001
Validation Loss: 41.3575
Validation Loss: 41.3733
New LR:  0.001677721600000001
Validation Loss: 41.3747
Validation Loss: 41.3795
New LR:  0.0013421772800000008
Validation Loss: 41.4054
Validation Loss: 41.4256
New LR:  0.0010737418240000006
Validation Loss: 41.3241
Validation Loss: 41.4219
Validation Loss: 41.4240
New LR:  0.0008589934592000006
Validation Loss: 41.4369
Validation Loss: 41.3645
New LR:  0.0006871947673600005
Validation Loss: 41.3849
Early stopping after 195 epochs.
NPP sigma=0.1 Test loss:102.678, R2 loss:-1.951, GP Test loss:102.678, GP R2 loss:-1.951
training start for sigma:0.1
Validation Loss: 76.9291
Validation Loss: 40.8428
Validation Loss: 29.7925
Validation Loss: 25.0140
Validation Loss: 17.5331
Validation Loss: 17.3982
Validation Loss: 17.5122
Validation Loss: 17.3354
Validation Loss: 17.3420
Validation Loss: 17.4101
Validation Loss: 17.5483
Validation Loss: 17.5127
New LR:  0.008
Validation Loss: 17.4092
Validation Loss: 17.3538
Validation Loss: 17.3914
New LR:  0.0064
Validation Loss: 17.4096
Validation Loss: 17.4544
Validation Loss: 17.3822
Validation Loss: 17.3401
New LR:  0.00512
Validation Loss: 17.3613
Validation Loss: 17.4528
Validation Loss: 17.4331
New LR:  0.004096000000000001
Early stopping after 110 epochs.
NPP sigma=0.1 Test loss:126.521, R2 loss:-2.894, GP Test loss:126.521, GP R2 loss:-2.894
metrics saved
start saving losses!
Best Learning Rate for NPP sigma=0.1: 0.01
training start for sigma:0.1
Validation Loss: 78.1713
Validation Loss: 78.5747
Validation Loss: 78.4869
Validation Loss: 78.2252
Validation Loss: 78.2788
Validation Loss: 78.2903
Validation Loss: 78.4255
Validation Loss: 78.3849
Validation Loss: 78.5954
Validation Loss: 78.3112
Validation Loss: 78.2247
Validation Loss: 78.1982
Validation Loss: 78.0073
Validation Loss: 78.1834
Validation Loss: 78.5037
Validation Loss: 78.5700
Validation Loss: 78.3374
Validation Loss: 78.4138
Validation Loss: 78.4449
Validation Loss: 78.2053
Validation Loss: 78.6300
Validation Loss: 78.0269
Validation Loss: 78.3852
Validation Loss: 78.2669
Validation Loss: 78.3763
Validation Loss: 78.4176
Validation Loss: 78.3116
Early stopping after 135 epochs.
NPP sigma=0.1 Test loss:80.054, R2 loss:-0.618, GP Test loss:80.054, GP R2 loss:-0.618
training start for sigma:0.1
Validation Loss: 78.3841
Validation Loss: 78.2708
Validation Loss: 78.3437
Validation Loss: 78.1487
Validation Loss: 78.2999
Validation Loss: 78.6368
Validation Loss: 78.3435
Validation Loss: 78.3546
Validation Loss: 78.0781
Validation Loss: 78.4697
Validation Loss: 78.4199
Validation Loss: 78.1740
Validation Loss: 78.1628
Validation Loss: 78.1000
Validation Loss: 78.8052
Validation Loss: 78.4467
Validation Loss: 78.2166
Validation Loss: 78.3781
Validation Loss: 78.2168
Validation Loss: 78.2194
Validation Loss: 78.1221
Validation Loss: 78.2525
Validation Loss: 78.0302
Validation Loss: 78.6141
Validation Loss: 78.3124
Validation Loss: 78.2792
Validation Loss: 78.2344
Validation Loss: 78.4159
Validation Loss: 78.4749
Validation Loss: 78.3072
Validation Loss: 78.7312
Validation Loss: 78.1016
Validation Loss: 78.3247
Validation Loss: 78.2590
Validation Loss: 78.4639
Validation Loss: 78.2395
Validation Loss: 78.5792
Early stopping after 185 epochs.
NPP sigma=0.1 Test loss:80.054, R2 loss:-0.618, GP Test loss:80.054, GP R2 loss:-0.618
training start for sigma:0.1
Validation Loss: 77.0732
Validation Loss: 23.8985
Validation Loss: 15.0263
Validation Loss: 15.2140
Validation Loss: 14.9875
Validation Loss: 14.8041
Validation Loss: 14.8060
Validation Loss: 14.7061
Validation Loss: 14.8153
Validation Loss: 14.7632
Validation Loss: 14.7658
Validation Loss: 14.7246
Validation Loss: 14.6905
Validation Loss: 14.7969
Validation Loss: 14.7297
Validation Loss: 15.1689
Validation Loss: 14.9157
Validation Loss: 15.0041
Validation Loss: 14.6709
Validation Loss: 14.7129
Validation Loss: 14.8635
Validation Loss: 14.7349
Validation Loss: 14.7561
Validation Loss: 14.6989
Validation Loss: 14.7929
Validation Loss: 14.8855
Validation Loss: 14.6910
Validation Loss: 14.7202
Validation Loss: 14.8156
Validation Loss: 14.7745
Validation Loss: 14.6629
Validation Loss: 14.8176
Validation Loss: 14.7091
Validation Loss: 14.7238
Validation Loss: 14.7808
Validation Loss: 14.7137
Validation Loss: 13.4722
Validation Loss: 13.3509
Validation Loss: 13.4220
Validation Loss: 13.5054
NPP sigma=0.1 Test loss:88.674, R2 loss:-1.489, GP Test loss:88.674, GP R2 loss:-1.489
metrics saved
start saving losses!
