training start for sigma:0.0
Validation Loss: 83.6808
Validation Loss: 83.4793
Validation Loss: 84.6413
New LR:  0.008
Validation Loss: 85.2099
Validation Loss: 85.0619
New LR:  0.0064
Validation Loss: 84.4987
Validation Loss: 83.9997
Validation Loss: 84.6222
Validation Loss: 87.6497
Validation Loss: 84.8763
New LR:  0.00512
Validation Loss: 84.4097
Validation Loss: 85.8612
New LR:  0.004096000000000001
Validation Loss: 86.1575
Validation Loss: 86.6920
New LR:  0.0032768000000000007
Validation Loss: 86.3957
Validation Loss: 85.0699
Early stopping after 80 epochs.
MSE Test loss:80.054
R2 Test loss:-0.618
training start for sigma:0.0
Validation Loss: 85.8312
Validation Loss: 83.8550
Validation Loss: 85.1841
New LR:  0.008
Validation Loss: 85.9953
Validation Loss: 85.3725
Validation Loss: 85.0175
New LR:  0.0064
Validation Loss: 85.5150
Validation Loss: 85.2799
Validation Loss: 86.5107
New LR:  0.00512
Validation Loss: 83.4887
Validation Loss: 85.8410
Validation Loss: 83.3555
Validation Loss: 86.2366
New LR:  0.004096000000000001
Validation Loss: 83.5770
Validation Loss: 84.5013
New LR:  0.0032768000000000007
Validation Loss: 85.4562
Validation Loss: 85.2400
New LR:  0.002621440000000001
Validation Loss: 84.1266
Validation Loss: 84.8919
New LR:  0.002097152000000001
Validation Loss: 86.3640
Validation Loss: 86.4138
Validation Loss: 83.7058
New LR:  0.001677721600000001
Validation Loss: 84.7562
Validation Loss: 82.4306
New LR:  0.0013421772800000008
Validation Loss: 84.5287
Validation Loss: 86.5492
New LR:  0.0010737418240000006
Validation Loss: 84.4513
Validation Loss: 85.6386
New LR:  0.0008589934592000006
Validation Loss: 84.8811
Validation Loss: 81.7303
New LR:  0.0006871947673600005
Validation Loss: 82.7494
Validation Loss: 84.3370
Validation Loss: 83.3436
New LR:  0.0005497558138880005
Validation Loss: 83.5078
Validation Loss: 83.7563
New LR:  0.0004398046511104004
Validation Loss: 85.5362
Validation Loss: 84.1970
New LR:  0.00035184372088832035
Validation Loss: 86.6645
Validation Loss: 85.6908
New LR:  0.0002814749767106563
Validation Loss: 85.3688
MSE Test loss:80.054
R2 Test loss:-0.618
training start for sigma:0.0
Validation Loss: 85.7999
Validation Loss: 86.8954
Validation Loss: 85.7369
Validation Loss: 86.9304
Validation Loss: 87.4079
New LR:  0.008
Validation Loss: 83.2070
Validation Loss: 85.1389
New LR:  0.0064
Validation Loss: 81.9464
Validation Loss: 86.3393
New LR:  0.00512
Validation Loss: 84.5126
Validation Loss: 83.3572
Validation Loss: 85.5012
New LR:  0.004096000000000001
Validation Loss: 85.9043
Validation Loss: 85.9598
New LR:  0.0032768000000000007
Validation Loss: 87.4400
Validation Loss: 87.0675
New LR:  0.002621440000000001
Validation Loss: 84.4145
Validation Loss: 84.3336
New LR:  0.002097152000000001
Validation Loss: 84.4322
Validation Loss: 83.1674
New LR:  0.001677721600000001
Validation Loss: 85.3973
Validation Loss: 85.8307
Early stopping after 110 epochs.
MSE Test loss:80.054
R2 Test loss:-0.618
metrics saved
start saving losses!
Best Learning Rate for MSE: 0.0009999999999999998
training start for sigma:0.0
Validation Loss: 84.1416
Validation Loss: 84.2327
Validation Loss: 84.4922
Validation Loss: 86.6611
Validation Loss: 85.9200
Validation Loss: 84.3141
Validation Loss: 82.4734
Validation Loss: 83.9902
Validation Loss: 85.0010
Validation Loss: 87.3354
Validation Loss: 86.1376
Validation Loss: 86.4953
Validation Loss: 83.9054
Validation Loss: 85.3149
Validation Loss: 84.9288
Validation Loss: 84.6873
Validation Loss: 85.5105
Validation Loss: 87.3031
Validation Loss: 84.8228
Validation Loss: 86.4394
Validation Loss: 83.9423
Early stopping after 105 epochs.
MSE Test loss:80.054
R2 Test loss:-0.618
training start for sigma:0.0
Validation Loss: 83.5258
Validation Loss: 85.5964
Validation Loss: 85.8209
Validation Loss: 84.2579
Validation Loss: 84.7059
Validation Loss: 83.0579
Validation Loss: 84.6623
Validation Loss: 84.5849
Validation Loss: 84.2986
Validation Loss: 85.9216
Validation Loss: 85.3954
Validation Loss: 83.4969
Validation Loss: 86.8519
Validation Loss: 87.0133
Validation Loss: 86.3104
Validation Loss: 83.5246
Validation Loss: 83.4236
Validation Loss: 83.2846
Validation Loss: 84.1236
Validation Loss: 84.8368
Early stopping after 100 epochs.
MSE Test loss:80.054
R2 Test loss:-0.618
training start for sigma:0.0
Validation Loss: 76.4774
Validation Loss: 65.5191
Validation Loss: 41.8194
Validation Loss: 23.6707
Validation Loss: 16.2565
Validation Loss: 14.3788
Validation Loss: 14.4440
Validation Loss: 14.0721
Validation Loss: 14.3508
Validation Loss: 14.0514
Validation Loss: 14.3651
Validation Loss: 13.4727
Validation Loss: 14.1999
Validation Loss: 14.5748
Validation Loss: 14.1119
Validation Loss: 14.0283
Validation Loss: 13.8308
Validation Loss: 14.0356
Validation Loss: 13.9120
Validation Loss: 13.8757
Validation Loss: 14.1149
Validation Loss: 14.0882
Validation Loss: 14.3693
Validation Loss: 14.5593
Validation Loss: 14.4608
Validation Loss: 14.4306
Early stopping after 130 epochs.
MSE Test loss:15.397
R2 Test loss:0.547
metrics saved
start saving losses!
