training start for sigma:0.1
Validation Loss: 1.6082
Validation Loss: 1.4448
Validation Loss: 1.3849
Validation Loss: 1.3802
Validation Loss: 1.4288
Validation Loss: 1.4998
Validation Loss: 1.4182
New LR:  0.001
Validation Loss: 1.2448
Validation Loss: 1.3813
Validation Loss: 1.3802
Validation Loss: 1.4152
Validation Loss: 1.3447
Validation Loss: 1.3871
Validation Loss: 1.3228
Validation Loss: 1.3338
Validation Loss: 1.3433
Validation Loss: 1.3076
Validation Loss: 1.4382
Validation Loss: 1.3542
Validation Loss: 1.4017
Validation Loss: 1.3843
Validation Loss: 1.4848
Early stopping after 110 epochs.
NPP sigma=0.1 Test loss:1.218, R2 loss:-1.910, GP Test loss:1.218, GP R2 loss:-1.910
metrics saved
start saving losses!
Percent testing 0.25
Percent testing 0.5
Percent testing 0.75
Percent testing 1.0
Time Elapsed: 1.8318397115336524 hours
