training start for sigma:0.1
Validation Loss: 85.2138
Validation Loss: 85.0136
Validation Loss: 81.4767
New LR:  0.0008
Validation Loss: 81.8244
Validation Loss: 78.2611
Validation Loss: 85.4329
Validation Loss: 80.8857
New LR:  0.00064
Validation Loss: 84.5408
Validation Loss: 82.7181
New LR:  0.0005120000000000001
Validation Loss: 84.8624
Validation Loss: 79.7347
New LR:  0.0004096000000000001
Validation Loss: 80.2284
Validation Loss: 86.0676
New LR:  0.0003276800000000001
Validation Loss: 85.4072
Validation Loss: 81.4568
New LR:  0.0002621440000000001
Validation Loss: 82.5475
Validation Loss: 82.3262
Validation Loss: 80.5997
New LR:  0.00020971520000000012
Validation Loss: 82.0578
Early stopping after 95 epochs.
NPP sigma=0.1 Test loss:119.547, R2 loss:-0.952, GP Test loss:119.547, GP R2 loss:-0.952
metrics saved
start saving losses!
Percent testing 0.25
Percent testing 0.5
Percent testing 0.75
Percent testing 1.0
Time Elapsed: 0.0372101186381446 hours
