training start for sigma:0.0
Validation Loss: 1.9629
Validation Loss: 2.0000
Validation Loss: 2.0529
New LR:  0.001
Validation Loss: 1.9253
Validation Loss: 1.9174
New LR:  0.0001
Validation Loss: 1.9909
Validation Loss: 2.0237
Validation Loss: 1.9283
Validation Loss: 1.9812
Validation Loss: 1.9587
Validation Loss: 1.8141
Validation Loss: 1.9125
Validation Loss: 1.8700
Validation Loss: 1.7381
Validation Loss: 2.0030
Validation Loss: 2.0067
Validation Loss: 1.9253
Validation Loss: 1.9301
Validation Loss: 2.0176
Validation Loss: 2.0608
Validation Loss: 1.9040
Validation Loss: 1.9362
Validation Loss: 1.9289
Validation Loss: 2.1179
Validation Loss: 1.9599
Validation Loss: 1.8900
Validation Loss: 1.9490
Validation Loss: 1.8852
Early stopping after 140 epochs.
MSE Test loss:2.032
R2 Test loss:-0.217
metrics saved
start saving losses!
Time Elapsed: 0.2904082853926553 hours
