new model saved at 0 epoch with global_best_val_loss: 100.29472351074219
Validation Loss: 100.2947
new model saved at 5 epoch with global_best_val_loss: 98.29562759399414
Validation Loss: 98.2956
Validation Loss: 101.6925
Validation Loss: 103.0095
Validation Loss: 102.0159
new model saved at 25 epoch with global_best_val_loss: 97.6524429321289
Validation Loss: 97.6524
Validation Loss: 100.3036
Validation Loss: 99.2859
Validation Loss: 102.9662
Validation Loss: 101.7047
Validation Loss: 105.0121
Validation Loss: 104.4156
new model saved at 60 epoch with global_best_val_loss: 97.41641998291016
Validation Loss: 97.4164
Validation Loss: 101.9534
Validation Loss: 103.2741
Validation Loss: 98.7709
Validation Loss: 105.4798
Validation Loss: 103.7904
Validation Loss: 98.9888
Validation Loss: 105.0977
Validation Loss: 101.6021
Validation Loss: 101.5668
Early stopping after 110 epochs.
Percent: 0.0| Loss: 119.5473747253418, R2: 0.0234375
Percent: 0.25| Loss: 120.20852661132812, R2: -1.592186112891357e+42
Percent: 0.5| Loss: 121.56841850280762, R2: -4.747244990890056e+45
Percent: 0.75| Loss: 121.8621654510498, R2: -7.322696966962987e+41
Percent: 1.0| Loss: 125.73910903930664, R2: -3.409164689316488e+42
new model saved at 0 epoch with global_best_val_loss: 67.87847518920898
Validation Loss: 67.8785
new model saved at 5 epoch with global_best_val_loss: 31.349903106689453
Validation Loss: 31.3499
new model saved at 10 epoch with global_best_val_loss: 26.63145351409912
Validation Loss: 26.6315
new model saved at 15 epoch with global_best_val_loss: 24.75531005859375
Validation Loss: 24.7553
new model saved at 20 epoch with global_best_val_loss: 24.027423858642578
Validation Loss: 24.0274
new model saved at 25 epoch with global_best_val_loss: 23.623579025268555
Validation Loss: 23.6236
new model saved at 30 epoch with global_best_val_loss: 21.476990699768066
Validation Loss: 21.4770
new model saved at 35 epoch with global_best_val_loss: 19.032039642333984
Validation Loss: 19.0320
new model saved at 40 epoch with global_best_val_loss: 14.458102703094482
Validation Loss: 14.4581
new model saved at 45 epoch with global_best_val_loss: 14.023972988128662
Validation Loss: 14.0240
new model saved at 50 epoch with global_best_val_loss: 12.979065895080566
Validation Loss: 12.9791
Validation Loss: 14.9141
Validation Loss: 13.5142
new model saved at 65 epoch with global_best_val_loss: 12.73585319519043
Validation Loss: 12.7359
Validation Loss: 14.1789
Validation Loss: 13.5757
Validation Loss: 13.2680
Validation Loss: 13.0949
Validation Loss: 14.9876
Validation Loss: 14.7833
Validation Loss: 15.4606
Validation Loss: 15.5510
Validation Loss: 16.5251
Early stopping after 115 epochs.
Percent: 0.0| Loss: 12.226665019989014, R2: 0.04311634185447036
Percent: 0.25| Loss: 12.231097221374512, R2: 0.042853231095986405
Percent: 0.5| Loss: 12.205230832099915, R2: 0.043309237206365314
Percent: 0.75| Loss: 12.212311387062073, R2: -26.48919294416102
Percent: 1.0| Loss: 12.125977039337158, R2: -26.959596274662445
Validation Loss: 75.6465
Validation Loss: 27.4746
Validation Loss: 25.4178
Validation Loss: 21.5957
Validation Loss: 20.9864
Validation Loss: 16.1720
Validation Loss: 13.8433
Validation Loss: 13.9291
Validation Loss: 15.9386
Validation Loss: 13.5609
Validation Loss: 14.0217
new model saved at 55 epoch with global_best_val_loss: 12.580941200256348
Validation Loss: 12.5809
Validation Loss: 14.2849
Validation Loss: 12.8911
Validation Loss: 12.7322
Validation Loss: 12.8990
Validation Loss: 13.1679
Validation Loss: 12.9295
Validation Loss: 13.3029
Validation Loss: 13.8210
Validation Loss: 13.3628
Early stopping after 105 epochs.
Percent: 0.0| Loss: 12.065763711929321, R2: 0.3241874809542793
Percent: 0.25| Loss: 11.929121971130371, R2: 0.3238628023337007
Percent: 0.5| Loss: 11.498920679092407, R2: 0.33109339410245126
Percent: 0.75| Loss: 11.389084577560425, R2: 0.36557140706151914
Percent: 1.0| Loss: 11.067406177520752, R2: 0.4049842425570671
Percent testing 0.0
Percent: 0.0| Loss: 12.065763711929321, R2: 0.3241874809542793
Percent testing 0.25
Percent: 0.25| Loss: 11.929121971130371, R2: 0.3238628023337007
Percent testing 0.5
Percent: 0.5| Loss: 11.498920679092407, R2: 0.33109339410245126
Percent testing 0.75
Percent: 0.75| Loss: 11.389084577560425, R2: 0.36557140706151914
Percent testing 1.0
Percent: 1.0| Loss: 11.067406177520752, R2: 0.4049842425570671
metrics saved
start saving losses!
Time Elapsed: 0.28863712469736735 hours
