new model saved at 0 epoch with global_best_val_loss: 93.44943237304688
Validation Loss: 93.4494
Validation Loss: 94.0295
new model saved at 10 epoch with global_best_val_loss: 92.33251190185547
Validation Loss: 92.3325
new model saved at 15 epoch with global_best_val_loss: 92.29856872558594
Validation Loss: 92.2986
Validation Loss: 94.6242
Validation Loss: 93.0623
New LR:  0.0008
Validation Loss: 92.6296
Validation Loss: 96.1733
Validation Loss: 93.4085
new model saved at 45 epoch with global_best_val_loss: 91.00910186767578
Validation Loss: 91.0091
Validation Loss: 94.9238
Validation Loss: 93.9524
Validation Loss: 94.4547
Validation Loss: 92.1557
Validation Loss: 92.6666
New LR:  0.00064
Validation Loss: 92.1586
Validation Loss: 93.0363
Validation Loss: 93.8887
Validation Loss: 94.4838
Early stopping after 95 epochs.
Percent: 0.0| Loss: 119.5473747253418, R2: 0.0234375
Percent: 0.25| Loss: 119.5473747253418, R2: 0.0234375
Percent: 0.5| Loss: 119.5473747253418, R2: 0.0234375
Percent: 0.75| Loss: 119.5473747253418, R2: 0.0234375
Percent: 1.0| Loss: 119.5473747253418, R2: 0.0234375
Validation Loss: 92.5074
