training start for sigma:0.5
Validation Loss: 63.4612
Validation Loss: 23.2551
Validation Loss: 21.8097
Validation Loss: 21.4419
Validation Loss: 15.2647
Validation Loss: 14.7266
Validation Loss: 13.1454
Validation Loss: 12.5851
Validation Loss: 13.5628
Validation Loss: 11.0652
Validation Loss: 11.1753
Validation Loss: 10.3882
Validation Loss: 10.9339
Validation Loss: 10.4730
New LR:  0.0008
Validation Loss: 10.3601
Validation Loss: 10.0670
Validation Loss: 9.8150
Validation Loss: 10.3618
Validation Loss: 9.7555
Validation Loss: 9.7789
Validation Loss: 10.5130
New LR:  0.00064
Validation Loss: 10.0288
Validation Loss: 9.7227
Validation Loss: 9.4087
Validation Loss: 9.2378
Validation Loss: 9.6435
Validation Loss: 10.6372
Validation Loss: 10.2160
New LR:  0.0005120000000000001
Validation Loss: 9.5384
Validation Loss: 9.2269
Validation Loss: 9.9650
Validation Loss: 9.7808
Validation Loss: 9.6251
Validation Loss: 9.4835
Validation Loss: 9.3619
Validation Loss: 9.1768
Validation Loss: 9.3369
Validation Loss: 9.8262
Validation Loss: 9.2000
Validation Loss: 9.6244
NPP sigma=0.5 Test loss:15.103, R2 loss:-4551.511, GP Test loss:15.103, GP R2 loss:-4551.511
training start for sigma:0.5
Validation Loss: 69.4344
Validation Loss: 25.8690
Validation Loss: 25.6996
Validation Loss: 23.3708
Validation Loss: 21.4610
Validation Loss: 19.9789
Validation Loss: 12.4522
Validation Loss: 11.5246
Validation Loss: 11.4934
Validation Loss: 11.2029
Validation Loss: 15.5445
Validation Loss: 10.3927
Validation Loss: 11.4535
Validation Loss: 10.3465
New LR:  0.0008
Validation Loss: 10.1836
Validation Loss: 10.6762
Validation Loss: 9.9021
Validation Loss: 10.4733
Validation Loss: 10.2847
Validation Loss: 10.3199
Validation Loss: 9.8294
Validation Loss: 10.3011
Validation Loss: 9.6711
Validation Loss: 9.6667
Validation Loss: 9.8627
Validation Loss: 9.8764
New LR:  0.00064
Validation Loss: 11.1490
Validation Loss: 9.7280
Validation Loss: 9.7753
Validation Loss: 9.5934
Validation Loss: 9.4135
Validation Loss: 9.5978
Validation Loss: 9.7944
Validation Loss: 9.4970
Validation Loss: 9.5399
Validation Loss: 10.1534
Validation Loss: 10.0915
Validation Loss: 9.2445
Validation Loss: 9.5601
Validation Loss: 9.4082
NPP sigma=0.5 Test loss:16.838, R2 loss:-7610.353, GP Test loss:16.838, GP R2 loss:-7610.353
training start for sigma:0.5
Validation Loss: 74.8007
Validation Loss: 23.8924
Validation Loss: 22.2182
Validation Loss: 21.6843
Validation Loss: 18.9227
Validation Loss: 16.8670
Validation Loss: 12.4645
Validation Loss: 12.2945
Validation Loss: 11.5000
Validation Loss: 11.6544
Validation Loss: 10.9481
Validation Loss: 11.1105
Validation Loss: 11.3005
Validation Loss: 12.6115
New LR:  0.0008
Validation Loss: 10.9070
Validation Loss: 10.4514
Validation Loss: 10.1099
Validation Loss: 10.2608
Validation Loss: 10.3508
Validation Loss: 9.7295
Validation Loss: 10.5585
Validation Loss: 10.0601
Validation Loss: 12.1706
Validation Loss: 9.9577
Validation Loss: 10.1041
Validation Loss: 9.7722
Validation Loss: 9.8014
Validation Loss: 9.9689
Validation Loss: 11.3952
Validation Loss: 9.7695
Validation Loss: 10.0153
Validation Loss: 9.5455
Validation Loss: 9.8481
Validation Loss: 9.4853
Validation Loss: 10.8217
Validation Loss: 9.7268
Validation Loss: 10.2213
Validation Loss: 9.6951
Validation Loss: 10.1179
Validation Loss: 9.4260
NPP sigma=0.5 Test loss:12.888, R2 loss:-5334.971, GP Test loss:12.888, GP R2 loss:-5334.971
metrics saved
start saving losses!
Best Learning Rate for NPP sigma=0.5: 0.01
training start for sigma:0.5
Validation Loss: 88.0893
Validation Loss: 34.6706
Validation Loss: 22.8072
Validation Loss: 22.6459
Validation Loss: 23.0280
Validation Loss: 24.6894
Validation Loss: 22.9505
Validation Loss: 22.4490
Validation Loss: 22.6044
Validation Loss: 23.2780
Validation Loss: 22.7281
Validation Loss: 22.6041
Validation Loss: 22.8778
Validation Loss: 23.0576
Validation Loss: 22.6287
Validation Loss: 22.6268
Validation Loss: 22.5936
Validation Loss: 22.1089
Validation Loss: 22.0924
Validation Loss: 22.6901
Validation Loss: 22.8118
Validation Loss: 23.3427
Validation Loss: 22.2801
Validation Loss: 22.8172
Validation Loss: 22.8560
Validation Loss: 22.5466
Validation Loss: 23.4228
Validation Loss: 22.7039
Validation Loss: 22.3322
Validation Loss: 21.8683
Validation Loss: 22.0909
Validation Loss: 23.3634
Validation Loss: 22.1572
Validation Loss: 22.6963
Validation Loss: 22.0256
Validation Loss: 22.5161
Validation Loss: 22.8337
Validation Loss: 21.8500
Validation Loss: 22.6486
Validation Loss: 22.3054
NPP sigma=0.5 Test loss:54.729, R2 loss:-11962.628, GP Test loss:54.729, GP R2 loss:-11962.628
training start for sigma:0.5
Validation Loss: 95.4398
Validation Loss: 93.7713
Validation Loss: 90.9196
Validation Loss: 94.1644
Validation Loss: 92.0575
Validation Loss: 91.3776
Validation Loss: 94.2952
Validation Loss: 91.4502
Validation Loss: 91.0599
Validation Loss: 92.5710
Validation Loss: 91.3217
Validation Loss: 95.0005
Validation Loss: 93.7593
Validation Loss: 93.3592
Validation Loss: 91.8686
Validation Loss: 90.7062
Validation Loss: 91.6451
Validation Loss: 93.8301
Validation Loss: 93.8775
Validation Loss: 91.8149
Validation Loss: 90.8252
Validation Loss: 95.0740
Validation Loss: 91.8162
Validation Loss: 91.8610
Validation Loss: 93.8481
Validation Loss: 94.0206
Validation Loss: 93.4409
Validation Loss: 90.0039
Validation Loss: 91.7893
Validation Loss: 92.7776
Validation Loss: 91.1440
Validation Loss: 90.5586
Validation Loss: 94.9799
Validation Loss: 90.8962
Validation Loss: 94.9706
Validation Loss: 92.3857
Validation Loss: 91.6675
Validation Loss: 93.0838
Validation Loss: 92.8173
Validation Loss: 93.3372
NPP sigma=0.5 Test loss:114.110, R2 loss:-1.126, GP Test loss:114.110, GP R2 loss:-1.126
training start for sigma:0.5
Validation Loss: 89.0382
Validation Loss: 72.4958
Validation Loss: 65.6718
Validation Loss: 66.4506
Validation Loss: 66.5288
Validation Loss: 65.6507
Validation Loss: 65.1488
Validation Loss: 66.1333
Validation Loss: 65.2408
Validation Loss: 65.7499
Validation Loss: 66.4588
Validation Loss: 65.1253
Validation Loss: 65.5760
Validation Loss: 65.6110
Validation Loss: 64.3460
Validation Loss: 64.8801
Validation Loss: 66.0364
Validation Loss: 64.9440
Validation Loss: 65.1835
Validation Loss: 67.5542
Validation Loss: 64.9268
Validation Loss: 65.3603
Validation Loss: 66.1557
Validation Loss: 66.2966
Validation Loss: 66.2148
Validation Loss: 65.5783
Validation Loss: 66.0947
Validation Loss: 65.3772
Validation Loss: 65.8348
Early stopping after 145 epochs.
NPP sigma=0.5 Test loss:74.752, R2 loss:-12151.671, GP Test loss:74.752, GP R2 loss:-12151.671
metrics saved
start saving losses!
