training start for sigma:0.0
Validation Loss: 95.1698
Validation Loss: 95.5404
Validation Loss: 95.9780
New LR:  0.008
Validation Loss: 94.5654
Validation Loss: 94.8836
New LR:  0.0064
Validation Loss: 94.9084
Validation Loss: 95.6910
New LR:  0.00512
Validation Loss: 96.2020
Validation Loss: 95.3723
New LR:  0.004096000000000001
Validation Loss: 95.9159
Validation Loss: 94.9572
Validation Loss: 95.1478
New LR:  0.0032768000000000007
Validation Loss: 96.0834
Validation Loss: 95.0431
New LR:  0.002621440000000001
Validation Loss: 95.8613
Validation Loss: 94.4059
New LR:  0.002097152000000001
Validation Loss: 94.9747
Validation Loss: 95.2599
New LR:  0.001677721600000001
Validation Loss: 94.4151
Validation Loss: 94.2933
New LR:  0.0013421772800000008
Validation Loss: 95.0690
Validation Loss: 94.4862
Validation Loss: 94.9647
New LR:  0.0010737418240000006
Validation Loss: 94.8727
Validation Loss: 95.3526
New LR:  0.0008589934592000006
Validation Loss: 95.2909
Validation Loss: 95.0489
Validation Loss: 95.4152
Validation Loss: 95.6386
New LR:  0.0006871947673600005
Validation Loss: 94.3887
Validation Loss: 95.2356
New LR:  0.0005497558138880005
Validation Loss: 95.3744
Validation Loss: 95.5635
New LR:  0.0004398046511104004
Validation Loss: 94.7693
Early stopping after 170 epochs.
MSE Test loss:94.420
R2 Test loss:-0.207
training start for sigma:0.0
Validation Loss: 95.6428
Validation Loss: 95.0604
Validation Loss: 94.3194
New LR:  0.008
Validation Loss: 95.7032
Validation Loss: 95.4489
New LR:  0.0064
Validation Loss: 95.1665
Validation Loss: 95.5897
Validation Loss: 95.9422
Validation Loss: 96.1391
New LR:  0.00512
Validation Loss: 95.5888
Validation Loss: 94.8699
New LR:  0.004096000000000001
Validation Loss: 95.9840
Validation Loss: 94.7514
New LR:  0.0032768000000000007
Validation Loss: 95.0861
Validation Loss: 95.3070
New LR:  0.002621440000000001
Validation Loss: 96.1915
Validation Loss: 94.7177
New LR:  0.002097152000000001
Early stopping after 85 epochs.
MSE Test loss:94.420
R2 Test loss:-0.207
training start for sigma:0.0
Validation Loss: 95.3901
Validation Loss: 95.9348
Validation Loss: 95.2873
Validation Loss: 94.7471
New LR:  0.008
Validation Loss: 94.4945
Validation Loss: 95.2776
Validation Loss: 94.6505
Validation Loss: 94.5743
New LR:  0.0064
Validation Loss: 96.3545
Validation Loss: 95.3666
New LR:  0.00512
Validation Loss: 94.0211
Validation Loss: 94.3158
Validation Loss: 96.1955
New LR:  0.004096000000000001
Validation Loss: 95.1290
Validation Loss: 95.3379
New LR:  0.0032768000000000007
Validation Loss: 95.0847
Validation Loss: 95.3992
New LR:  0.002621440000000001
Validation Loss: 94.8162
Validation Loss: 95.2747
New LR:  0.002097152000000001
Validation Loss: 94.7796
Validation Loss: 96.0118
New LR:  0.001677721600000001
Validation Loss: 94.6567
Validation Loss: 95.2193
Validation Loss: 95.3200
New LR:  0.0013421772800000008
Validation Loss: 94.5006
Early stopping after 125 epochs.
MSE Test loss:94.420
R2 Test loss:-0.207
metrics saved
start saving losses!
Best Learning Rate for MSE: 0.0017782794100389223
training start for sigma:0.0
Validation Loss: 88.4430
Validation Loss: 73.2493
Validation Loss: 49.9482
Validation Loss: 28.4951
Validation Loss: 28.2530
Validation Loss: 27.4240
Validation Loss: 26.8918
Validation Loss: 27.1768
Validation Loss: 27.3666
Validation Loss: 27.2409
Validation Loss: 27.7720
Validation Loss: 27.5071
Validation Loss: 27.9428
Validation Loss: 27.3670
Validation Loss: 27.2742
Validation Loss: 27.1866
Validation Loss: 26.7076
Validation Loss: 27.1798
Validation Loss: 27.0199
Validation Loss: 27.2442
Validation Loss: 27.4162
Validation Loss: 27.6264
Validation Loss: 27.2371
Validation Loss: 26.8802
Validation Loss: 26.9591
Validation Loss: 26.8744
Validation Loss: 27.2036
Validation Loss: 27.3370
Validation Loss: 26.5257
Validation Loss: 26.8605
Validation Loss: 27.0843
Validation Loss: 26.6133
Validation Loss: 27.0167
Validation Loss: 26.9778
Validation Loss: 26.8063
Validation Loss: 26.7901
Validation Loss: 26.4897
Validation Loss: 27.0448
Validation Loss: 27.6387
Validation Loss: 27.1896
MSE Test loss:25.309
R2 Test loss:0.694
training start for sigma:0.0
Validation Loss: 86.2008
Validation Loss: 74.8862
Validation Loss: 50.2444
Validation Loss: 30.3450
Validation Loss: 28.3174
Validation Loss: 26.5906
Validation Loss: 26.4806
Validation Loss: 27.9142
Validation Loss: 26.8420
Validation Loss: 27.3137
Validation Loss: 27.7369
Validation Loss: 27.5705
Validation Loss: 26.6599
Validation Loss: 27.5879
Validation Loss: 27.0756
Validation Loss: 26.6147
Validation Loss: 26.8413
Validation Loss: 27.2203
Validation Loss: 26.9512
Validation Loss: 26.4226
Validation Loss: 27.2333
Validation Loss: 27.1886
Validation Loss: 27.6377
Validation Loss: 26.7636
Validation Loss: 27.0918
Validation Loss: 27.2428
Validation Loss: 26.8060
Validation Loss: 27.6151
Validation Loss: 26.6204
Validation Loss: 27.3202
Validation Loss: 26.3895
Validation Loss: 28.2123
Validation Loss: 27.0767
Validation Loss: 27.6358
Validation Loss: 27.1027
Validation Loss: 26.4702
Validation Loss: 27.6149
Validation Loss: 28.3501
Validation Loss: 28.1394
Validation Loss: 27.7537
MSE Test loss:25.330
R2 Test loss:0.694
training start for sigma:0.0
Validation Loss: 95.7954
Validation Loss: 94.7827
Validation Loss: 96.7715
Validation Loss: 95.2425
Validation Loss: 94.5833
Validation Loss: 94.9390
Validation Loss: 94.7291
Validation Loss: 94.6711
Validation Loss: 95.3239
Validation Loss: 95.2083
Validation Loss: 95.4286
Validation Loss: 96.0631
Validation Loss: 94.7492
Validation Loss: 94.0708
Validation Loss: 94.2241
Validation Loss: 94.4624
Validation Loss: 95.4335
Validation Loss: 94.9269
Validation Loss: 95.8533
Validation Loss: 96.1364
Validation Loss: 95.4365
Validation Loss: 94.8956
Validation Loss: 95.7110
Validation Loss: 94.1882
Validation Loss: 94.4740
Validation Loss: 95.9511
Validation Loss: 94.6117
Validation Loss: 95.6314
Early stopping after 140 epochs.
MSE Test loss:94.420
R2 Test loss:-0.207
metrics saved
start saving losses!
