training start for sigma:0.5
Validation Loss: 83.5098
Validation Loss: 83.3236
Validation Loss: 84.5159
New LR:  0.008
Validation Loss: 85.0974
Validation Loss: 84.9025
New LR:  0.0064
Validation Loss: 84.3532
Validation Loss: 83.8787
Validation Loss: 84.4572
Validation Loss: 87.4755
Validation Loss: 84.7469
New LR:  0.00512
Validation Loss: 84.2810
Validation Loss: 85.6976
New LR:  0.004096000000000001
Validation Loss: 85.9947
Validation Loss: 86.5293
New LR:  0.0032768000000000007
Validation Loss: 86.2775
Validation Loss: 84.9162
Early stopping after 80 epochs.
NPP sigma=0.5 Test loss:80.054, R2 loss:-0.618, GP Test loss:80.054, GP R2 loss:-0.618
training start for sigma:0.5
Validation Loss: 85.4737
Validation Loss: 83.1861
Validation Loss: 84.3315
New LR:  0.008
Validation Loss: 84.8506
Validation Loss: 83.5465
New LR:  0.0064
Validation Loss: 82.9641
Validation Loss: 82.9771
New LR:  0.00512
Validation Loss: 85.8356
Validation Loss: 83.4926
Validation Loss: 86.3654
New LR:  0.004096000000000001
Validation Loss: 85.1752
Validation Loss: 86.5634
New LR:  0.0032768000000000007
Validation Loss: 84.1033
Validation Loss: 87.5416
New LR:  0.002621440000000001
Validation Loss: 84.6045
Validation Loss: 83.0898
New LR:  0.002097152000000001
Validation Loss: 83.9024
Validation Loss: 85.7516
New LR:  0.001677721600000001
Validation Loss: 84.0721
Validation Loss: 83.8395
Early stopping after 100 epochs.
NPP sigma=0.5 Test loss:80.054, R2 loss:-0.618, GP Test loss:80.054, GP R2 loss:-0.618
training start for sigma:0.5
Validation Loss: 83.3272
Validation Loss: 83.7396
Validation Loss: 87.0438
Validation Loss: 83.5192
New LR:  0.008
Validation Loss: 84.1399
Validation Loss: 85.5083
New LR:  0.0064
Validation Loss: 86.7001
Validation Loss: 82.2464
New LR:  0.00512
Validation Loss: 85.9031
Validation Loss: 84.1030
Validation Loss: 82.9027
New LR:  0.004096000000000001
Validation Loss: 85.2534
Validation Loss: 85.8389
New LR:  0.0032768000000000007
Validation Loss: 86.7627
Validation Loss: 83.6063
New LR:  0.002621440000000001
Validation Loss: 85.2290
Validation Loss: 83.5637
New LR:  0.002097152000000001
Validation Loss: 84.9692
Validation Loss: 85.6742
New LR:  0.001677721600000001
Validation Loss: 83.3445
Validation Loss: 81.1346
Validation Loss: 85.9554
New LR:  0.0013421772800000008
Validation Loss: 84.7537
Validation Loss: 83.0379
Validation Loss: 85.7404
New LR:  0.0010737418240000006
Validation Loss: 85.4479
Validation Loss: 85.1694
New LR:  0.0008589934592000006
Validation Loss: 83.3553
Validation Loss: 84.2714
New LR:  0.0006871947673600005
Validation Loss: 86.3524
Validation Loss: 84.9740
New LR:  0.0005497558138880005
Validation Loss: 84.0487
Validation Loss: 84.8745
New LR:  0.0004398046511104004
Validation Loss: 82.3405
Validation Loss: 85.9842
Early stopping after 175 epochs.
NPP sigma=0.5 Test loss:80.054, R2 loss:-0.618, GP Test loss:80.054, GP R2 loss:-0.618
metrics saved
start saving losses!
Best Learning Rate for NPP sigma=0.5: 0.0015848931924611134
training start for sigma:0.5
Validation Loss: 85.7049
Validation Loss: 83.6923
Validation Loss: 84.2170
Validation Loss: 84.4551
Validation Loss: 84.2494
Validation Loss: 83.7508
Validation Loss: 85.9122
Validation Loss: 84.9516
Validation Loss: 83.4123
Validation Loss: 85.0246
Validation Loss: 84.9976
Validation Loss: 82.9217
Validation Loss: 83.9871
Validation Loss: 83.9759
Validation Loss: 84.6959
Validation Loss: 84.0263
Validation Loss: 84.0303
Validation Loss: 83.1552
Validation Loss: 88.0341
Validation Loss: 86.0056
Validation Loss: 86.1466
Validation Loss: 86.9559
Validation Loss: 87.2563
Validation Loss: 82.7597
Validation Loss: 85.4934
Validation Loss: 84.1665
Validation Loss: 86.7288
Validation Loss: 84.8732
Validation Loss: 84.2069
Validation Loss: 85.9039
Validation Loss: 82.9554
Validation Loss: 84.3209
Validation Loss: 85.4285
Validation Loss: 83.3947
Validation Loss: 84.5280
Validation Loss: 84.2257
Validation Loss: 84.9575
Validation Loss: 84.7013
Early stopping after 190 epochs.
NPP sigma=0.5 Test loss:80.054, R2 loss:-0.618, GP Test loss:80.054, GP R2 loss:-0.618
training start for sigma:0.5
Validation Loss: 85.3012
Validation Loss: 85.0723
Validation Loss: 86.7218
Validation Loss: 84.3186
Validation Loss: 84.8220
Validation Loss: 85.0179
Validation Loss: 84.9879
Validation Loss: 86.1097
Validation Loss: 85.5645
Validation Loss: 83.9611
Validation Loss: 85.6022
Validation Loss: 84.2059
Validation Loss: 84.8670
Validation Loss: 82.8765
Validation Loss: 85.1517
Validation Loss: 85.1012
Validation Loss: 82.5605
Validation Loss: 83.6534
Validation Loss: 86.8096
Validation Loss: 83.6544
Validation Loss: 84.4456
Validation Loss: 85.4788
Validation Loss: 87.1868
Validation Loss: 83.5766
Validation Loss: 84.3464
Validation Loss: 84.2788
Validation Loss: 85.5045
Validation Loss: 84.1738
Validation Loss: 84.4937
Validation Loss: 85.8154
Validation Loss: 85.1734
Early stopping after 155 epochs.
NPP sigma=0.5 Test loss:80.054, R2 loss:-0.618, GP Test loss:80.054, GP R2 loss:-0.618
training start for sigma:0.5
Validation Loss: 72.9184
Validation Loss: 53.8686
Validation Loss: 26.5525
Validation Loss: 18.2138
Validation Loss: 17.0175
Validation Loss: 14.4013
Validation Loss: 14.6581
Validation Loss: 14.2556
Validation Loss: 14.2118
Validation Loss: 14.4692
Validation Loss: 14.2477
Validation Loss: 14.5816
Validation Loss: 14.2382
Validation Loss: 14.0428
Validation Loss: 14.3367
Validation Loss: 14.6230
Validation Loss: 14.0967
Validation Loss: 15.1249
Validation Loss: 14.0163
Validation Loss: 13.7349
Validation Loss: 14.1407
Validation Loss: 14.9284
Validation Loss: 14.0295
Validation Loss: 14.7508
Validation Loss: 14.7952
Validation Loss: 15.6210
Validation Loss: 14.4750
Validation Loss: 14.9506
Validation Loss: 15.0503
Validation Loss: 15.4724
Validation Loss: 15.1088
Validation Loss: 15.3494
Validation Loss: 15.1857
Validation Loss: 16.0889
Early stopping after 170 epochs.
NPP sigma=0.5 Test loss:15.525, R2 loss:0.549, GP Test loss:15.525, GP R2 loss:0.549
metrics saved
start saving losses!
