training start for sigma:0.1
Validation Loss: 94.6776
Validation Loss: 95.5686
Validation Loss: 94.2000
New LR:  0.008
Validation Loss: 94.6016
Validation Loss: 94.7086
New LR:  0.0064
Validation Loss: 94.3568
Validation Loss: 95.4322
Validation Loss: 94.4358
Validation Loss: 94.8207
New LR:  0.00512
Validation Loss: 95.8271
Validation Loss: 94.9871
New LR:  0.004096000000000001
Validation Loss: 95.3979
Validation Loss: 94.8263
Validation Loss: 94.9979
New LR:  0.0032768000000000007
Validation Loss: 94.7960
Validation Loss: 95.8129
New LR:  0.002621440000000001
Validation Loss: 95.0185
Early stopping after 85 epochs.
NPP sigma=0.1 Test loss:94.420, R2 loss:-0.207, GP Test loss:94.420, GP R2 loss:-0.207
training start for sigma:0.1
Validation Loss: 95.9120
Validation Loss: 89.3902
Validation Loss: 88.9922
Validation Loss: 87.8102
Validation Loss: 82.8298
Validation Loss: 80.6779
Validation Loss: 79.6580
Validation Loss: 78.7181
Validation Loss: 78.8170
Validation Loss: 77.6986
Validation Loss: 77.6659
Validation Loss: 77.8340
Validation Loss: 78.6304
Validation Loss: 73.1285
Validation Loss: 71.2124
Validation Loss: 71.8548
Validation Loss: 71.8983
Validation Loss: 71.8148
Validation Loss: 71.7044
Validation Loss: 71.5478
New LR:  0.008
Validation Loss: 70.2389
Validation Loss: 72.0240
Validation Loss: 71.1962
Validation Loss: 70.9697
New LR:  0.0064
Validation Loss: 71.4068
Validation Loss: 70.7463
Validation Loss: 71.5231
Validation Loss: 71.3949
Validation Loss: 71.7828
New LR:  0.00512
Validation Loss: 71.5516
Validation Loss: 70.7359
New LR:  0.004096000000000001
Validation Loss: 71.3081
Validation Loss: 71.0211
Validation Loss: 71.0327
New LR:  0.0032768000000000007
Validation Loss: 70.8684
Early stopping after 175 epochs.
NPP sigma=0.1 Test loss:87.957, R2 loss:-0.122, GP Test loss:87.957, GP R2 loss:-0.122
training start for sigma:0.1
Validation Loss: 82.1980
Validation Loss: 53.7352
Validation Loss: 29.3427
Validation Loss: 27.4821
Validation Loss: 27.9052
Validation Loss: 26.8408
Validation Loss: 28.0080
Validation Loss: 27.3220
Validation Loss: 27.8672
Validation Loss: 28.4597
Validation Loss: 28.7573
Validation Loss: 27.7477
Validation Loss: 27.6311
Validation Loss: 27.5624
Validation Loss: 27.3361
Validation Loss: 27.7530
Validation Loss: 28.1029
Validation Loss: 27.1445
Validation Loss: 27.1861
Validation Loss: 27.8639
Early stopping after 100 epochs.
NPP sigma=0.1 Test loss:26.104, R2 loss:0.684, GP Test loss:26.104, GP R2 loss:0.684
metrics saved
start saving losses!
Best Learning Rate for NPP sigma=0.1: 0.0015848931924611134
training start for sigma:0.1
Validation Loss: 95.4626
Validation Loss: 94.9989
Validation Loss: 95.6051
Validation Loss: 94.9835
Validation Loss: 94.4421
Validation Loss: 95.4191
Validation Loss: 96.0210
Validation Loss: 93.9208
Validation Loss: 94.7291
Validation Loss: 95.0944
Validation Loss: 94.6518
Validation Loss: 95.6256
Validation Loss: 95.4037
Validation Loss: 95.4873
Validation Loss: 94.9010
Validation Loss: 94.1574
Validation Loss: 94.7740
Validation Loss: 94.8872
Validation Loss: 95.5139
Validation Loss: 94.9081
Validation Loss: 95.0937
Validation Loss: 95.1925
Early stopping after 110 epochs.
NPP sigma=0.1 Test loss:94.420, R2 loss:-0.207, GP Test loss:94.420, GP R2 loss:-0.207
training start for sigma:0.1
Validation Loss: 94.8701
Validation Loss: 95.0661
Validation Loss: 94.4289
Validation Loss: 95.4002
Validation Loss: 95.4166
Validation Loss: 95.3664
Validation Loss: 95.4366
Validation Loss: 95.0953
Validation Loss: 95.1409
Validation Loss: 94.5116
Validation Loss: 94.0381
Validation Loss: 95.8642
Validation Loss: 94.8269
Validation Loss: 94.5915
Validation Loss: 95.8288
Validation Loss: 94.5208
Validation Loss: 96.2838
Validation Loss: 95.5355
Validation Loss: 94.0226
Validation Loss: 95.7484
Validation Loss: 95.3145
Validation Loss: 95.6565
Validation Loss: 95.5116
Validation Loss: 96.0588
Validation Loss: 95.0145
Validation Loss: 94.7049
Validation Loss: 95.3362
Validation Loss: 95.9157
Validation Loss: 95.3297
Validation Loss: 95.4536
Validation Loss: 94.3316
Validation Loss: 94.9932
Validation Loss: 95.5220
Early stopping after 165 epochs.
NPP sigma=0.1 Test loss:94.420, R2 loss:-0.207, GP Test loss:94.420, GP R2 loss:-0.207
training start for sigma:0.1
Validation Loss: 83.9343
Validation Loss: 70.4584
Validation Loss: 46.9143
Validation Loss: 37.4255
Validation Loss: 28.5201
Validation Loss: 28.2581
Validation Loss: 27.3382
Validation Loss: 27.3122
Validation Loss: 28.9211
Validation Loss: 27.8927
Validation Loss: 27.8060
Validation Loss: 27.4500
Validation Loss: 28.0488
Validation Loss: 27.9300
Validation Loss: 28.1689
Validation Loss: 27.6741
Validation Loss: 27.4959
Validation Loss: 27.2574
Validation Loss: 28.1330
Validation Loss: 27.6769
Validation Loss: 27.5865
Validation Loss: 27.6398
Validation Loss: 28.6196
Validation Loss: 27.9759
Validation Loss: 27.3640
Validation Loss: 27.6089
Validation Loss: 27.5732
Validation Loss: 27.2237
Validation Loss: 27.2777
Validation Loss: 27.2384
Validation Loss: 27.4941
Validation Loss: 28.1442
Validation Loss: 27.3010
Validation Loss: 27.1285
Validation Loss: 27.3835
Validation Loss: 27.8443
Validation Loss: 27.2939
Validation Loss: 27.1795
Validation Loss: 26.9490
Validation Loss: 27.5130
NPP sigma=0.1 Test loss:25.580, R2 loss:0.691, GP Test loss:25.580, GP R2 loss:0.691
metrics saved
start saving losses!
