training start for sigma:0.0
Validation Loss: 104.5922
Validation Loss: 101.2308
Validation Loss: 99.3389
Validation Loss: 101.2315
Validation Loss: 99.8652
Validation Loss: 105.0513
Validation Loss: 99.8254
New LR:  0.0008
Validation Loss: 103.5872
Validation Loss: 99.2601
New LR:  0.00064
Validation Loss: 104.5812
Validation Loss: 98.8201
New LR:  0.0005120000000000001
Validation Loss: 100.5198
Validation Loss: 103.7973
New LR:  0.0004096000000000001
Validation Loss: 104.2732
Validation Loss: 100.6208
New LR:  0.0003276800000000001
Validation Loss: 101.7805
Validation Loss: 100.9672
Validation Loss: 99.9095
New LR:  0.0002621440000000001
Validation Loss: 101.2335
Validation Loss: 102.8521
New LR:  0.00020971520000000012
Validation Loss: 103.4882
Validation Loss: 99.0355
New LR:  0.0001677721600000001
Validation Loss: 103.4046
Validation Loss: 100.8033
New LR:  0.00013421772800000008
Validation Loss: 99.3070
Validation Loss: 95.2417
New LR:  0.00010737418240000007
Validation Loss: 99.5769
Validation Loss: 104.5581
Validation Loss: 99.1687
New LR:  0.0001
Validation Loss: 102.8985
Validation Loss: 102.9192
Validation Loss: 101.6374
Validation Loss: 99.4395
Validation Loss: 102.2164
Validation Loss: 101.5404
Validation Loss: 102.3219
Validation Loss: 101.5053
Validation Loss: 102.7533
Validation Loss: 103.3777
Validation Loss: 104.5739
MSE Test loss:119.547
R2 Test loss:-0.952
metrics saved
start saving losses!
Time Elapsed: 0.061430448293685914 hours
