training start for sigma:0.1
Validation Loss: -inf
Validation Loss: -inf
Validation Loss: -inf
New LR:  0.0008
Validation Loss: -inf
Validation Loss: -inf
New LR:  0.00064
Validation Loss: -inf
Validation Loss: -inf
New LR:  0.0005120000000000001
Validation Loss: -inf
Validation Loss: -inf
New LR:  0.0004096000000000001
Validation Loss: -inf
Validation Loss: -inf
New LR:  0.0003276800000000001
Validation Loss: -inf
Validation Loss: -inf
Validation Loss: -inf
New LR:  0.0002621440000000001
Validation Loss: -inf
Early stopping after 75 epochs.
NPP sigma=0.1 Test loss:114.110, R2 loss:-1.126, GP Test loss:114.110, GP R2 loss:-1.126
training start for sigma:0.1
Validation Loss: -inf
Validation Loss: -inf
Validation Loss: -inf
New LR:  0.0008
Validation Loss: -inf
Validation Loss: -inf
New LR:  0.00064
Validation Loss: -inf
Validation Loss: -inf
New LR:  0.0005120000000000001
Validation Loss: -inf
Validation Loss: -inf
New LR:  0.0004096000000000001
Validation Loss: -inf
Validation Loss: -inf
New LR:  0.0003276800000000001
Validation Loss: -inf
Validation Loss: -inf
Validation Loss: -inf
New LR:  0.0002621440000000001
Validation Loss: -inf
Early stopping after 75 epochs.
NPP sigma=0.1 Test loss:71.778, R2 loss:-18658.607, GP Test loss:71.778, GP R2 loss:-18658.607
training start for sigma:0.1
Validation Loss: -inf
Validation Loss: -inf
Validation Loss: -inf
New LR:  0.0008
Validation Loss: -inf
Validation Loss: -inf
New LR:  0.00064
Validation Loss: -inf
Validation Loss: -inf
New LR:  0.0005120000000000001
Validation Loss: -inf
Validation Loss: -inf
New LR:  0.0004096000000000001
Validation Loss: -inf
Validation Loss: -inf
New LR:  0.0003276800000000001
Validation Loss: -inf
Validation Loss: -inf
Validation Loss: -inf
New LR:  0.0002621440000000001
Validation Loss: -inf
Early stopping after 75 epochs.
NPP sigma=0.1 Test loss:114.110, R2 loss:-1.126, GP Test loss:114.110, GP R2 loss:-1.126
metrics saved
start saving losses!
Best Learning Rate for NPP sigma=0.1: 0.0015848931924611134
training start for sigma:0.1
Validation Loss: -inf
Validation Loss: -inf
Validation Loss: -inf
Validation Loss: -inf
Validation Loss: -inf
Validation Loss: -inf
Validation Loss: -inf
Validation Loss: -inf
Validation Loss: -inf
Validation Loss: -inf
Validation Loss: -inf
Validation Loss: -inf
Validation Loss: -inf
Validation Loss: -inf
Validation Loss: -inf
Early stopping after 75 epochs.
NPP sigma=0.1 Test loss:38.702, R2 loss:-14573.699, GP Test loss:38.702, GP R2 loss:-14573.699
training start for sigma:0.1
Validation Loss: -inf
Validation Loss: -inf
Validation Loss: -inf
Validation Loss: -inf
Validation Loss: -inf
Validation Loss: -inf
Validation Loss: -inf
Validation Loss: -inf
Validation Loss: -inf
Validation Loss: -inf
Validation Loss: -inf
Validation Loss: -inf
Validation Loss: -inf
Validation Loss: -inf
Validation Loss: -inf
Early stopping after 75 epochs.
NPP sigma=0.1 Test loss:75.815, R2 loss:-1226.777, GP Test loss:75.815, GP R2 loss:-1226.777
training start for sigma:0.1
Validation Loss: -inf
Validation Loss: -inf
Validation Loss: -inf
Validation Loss: -inf
Validation Loss: -inf
Validation Loss: -inf
Validation Loss: -inf
Validation Loss: -inf
Validation Loss: -inf
Validation Loss: -inf
Validation Loss: -inf
Validation Loss: -inf
Validation Loss: -inf
Validation Loss: -inf
Validation Loss: -inf
Early stopping after 75 epochs.
NPP sigma=0.1 Test loss:114.110, R2 loss:-1.126, GP Test loss:114.110, GP R2 loss:-1.126
metrics saved
start saving losses!
