training start for sigma:1.0
Validation Loss: 90.0624
Validation Loss: 88.6425
Validation Loss: 88.1572
Validation Loss: 87.7438
Validation Loss: 90.1308
New LR:  0.0008
Validation Loss: 91.1346
Validation Loss: 88.7793
New LR:  0.00064
Validation Loss: 92.3426
Validation Loss: 88.4320
New LR:  0.0005120000000000001
Validation Loss: 92.5437
Validation Loss: 87.1192
Validation Loss: 87.0350
New LR:  0.0004096000000000001
Validation Loss: 90.7542
Validation Loss: 90.0095
New LR:  0.0003276800000000001
Validation Loss: 89.1658
Validation Loss: 88.8598
New LR:  0.0002621440000000001
Validation Loss: 89.7038
Validation Loss: 88.9194
New LR:  0.00020971520000000012
Validation Loss: 88.5141
Validation Loss: 90.5507
New LR:  0.0001677721600000001
Validation Loss: 90.1426
Validation Loss: 91.5856
Validation Loss: 90.3922
New LR:  0.00013421772800000008
Validation Loss: 90.6286
Validation Loss: 90.7802
New LR:  0.00010737418240000007
Validation Loss: 86.6072
Validation Loss: 90.0738
New LR:  0.0001
Validation Loss: 89.9763
Validation Loss: 87.2532
Validation Loss: 88.3388
Validation Loss: 91.6349
Validation Loss: 88.6921
Validation Loss: 89.2872
Validation Loss: 90.2015
Validation Loss: 89.9075
Validation Loss: 87.1112
Validation Loss: 90.7039
Validation Loss: 90.5505
Validation Loss: 89.5323
Validation Loss: 90.0314
NPP sigma=1.0 Test loss:114.110, R2 loss:-1.126, GP Test loss:114.110, GP R2 loss:-1.126
training start for sigma:1.0
Validation Loss: 53.5097
Validation Loss: 26.4486
Validation Loss: 23.8045
Validation Loss: 23.8068
Validation Loss: 23.3886
Validation Loss: 23.6050
Validation Loss: 23.6319
Validation Loss: 23.6831
Validation Loss: 23.6733
Validation Loss: 23.9826
Validation Loss: 23.5272
Validation Loss: 23.6757
Validation Loss: 23.8494
Validation Loss: 23.8851
Validation Loss: 23.3613
Validation Loss: 22.7364
Validation Loss: 22.5690
Validation Loss: 24.2615
Validation Loss: 23.4325
Validation Loss: 23.8507
Validation Loss: 23.9050
Validation Loss: 22.9075
Validation Loss: 23.5798
Validation Loss: 22.7357
New LR:  0.0008
Validation Loss: 23.1837
Validation Loss: 23.3925
Validation Loss: 23.4663
New LR:  0.00064
Validation Loss: 23.2194
Validation Loss: 23.4994
Validation Loss: 23.0378
Validation Loss: 23.2099
Early stopping after 155 epochs.
NPP sigma=1.0 Test loss:27.082, R2 loss:-0.793, GP Test loss:27.082, GP R2 loss:-0.793
training start for sigma:1.0
Validation Loss: 90.0022
Validation Loss: 88.0769
Validation Loss: 88.1319
New LR:  0.0008
Validation Loss: 89.9094
Validation Loss: 91.5541
New LR:  0.00064
Validation Loss: 89.3380
Validation Loss: 90.3370
New LR:  0.0005120000000000001
Validation Loss: 89.4553
Validation Loss: 88.7977
New LR:  0.0004096000000000001
Validation Loss: 88.8512
Validation Loss: 91.5041
Validation Loss: 90.1443
Validation Loss: 89.7550
New LR:  0.0003276800000000001
Validation Loss: 88.8129
Validation Loss: 89.0968
Validation Loss: 88.3117
New LR:  0.0002621440000000001
Early stopping after 80 epochs.
NPP sigma=1.0 Test loss:114.110, R2 loss:-1.126, GP Test loss:114.110, GP R2 loss:-1.126
metrics saved
start saving losses!
Best Learning Rate for NPP sigma=1.0: 0.0251188643150958
training start for sigma:1.0
Validation Loss: 88.5271
Validation Loss: 90.3382
Validation Loss: 89.0081
Validation Loss: 91.8882
Validation Loss: 91.0163
Validation Loss: 89.7673
Validation Loss: 88.2325
Validation Loss: 87.1783
Validation Loss: 90.5695
Validation Loss: 91.1452
Validation Loss: 92.1594
Validation Loss: 90.5192
Validation Loss: 90.4424
Validation Loss: 90.4714
Validation Loss: 91.2367
Validation Loss: 90.1508
Validation Loss: 89.4027
Validation Loss: 88.1362
Validation Loss: 91.6088
Validation Loss: 89.7092
Validation Loss: 89.2397
Validation Loss: 88.7113
Early stopping after 110 epochs.
NPP sigma=1.0 Test loss:114.110, R2 loss:-1.126, GP Test loss:114.110, GP R2 loss:-1.126
training start for sigma:1.0
Validation Loss: 81.1079
Validation Loss: 92.0612
Validation Loss: 88.8330
Validation Loss: 88.4998
Validation Loss: 88.1039
Validation Loss: 90.5823
Validation Loss: 89.8160
Validation Loss: 89.4813
Validation Loss: 93.1438
Validation Loss: 90.7461
Validation Loss: 89.6720
Validation Loss: 90.6352
Validation Loss: 90.6049
Validation Loss: 89.0442
Validation Loss: 92.1850
Early stopping after 75 epochs.
NPP sigma=1.0 Test loss:102.129, R2 loss:-259.350, GP Test loss:102.129, GP R2 loss:-259.350
training start for sigma:1.0
Validation Loss: 85.1187
Validation Loss: 74.5751
Validation Loss: 76.4440
Validation Loss: 75.4197
Validation Loss: 75.9727
Validation Loss: 76.3392
Validation Loss: 73.1431
Validation Loss: 76.0625
Validation Loss: 75.5489
Validation Loss: 75.5923
Validation Loss: 75.7802
Validation Loss: 73.6667
Validation Loss: 75.7131
Validation Loss: 75.9575
Validation Loss: 72.9578
Validation Loss: 75.0629
Validation Loss: 73.3977
Validation Loss: 76.0244
Validation Loss: 75.3825
Validation Loss: 74.8546
Validation Loss: 76.0968
Validation Loss: 76.0904
Validation Loss: 74.8400
Validation Loss: 75.0573
Validation Loss: 73.2927
Validation Loss: 76.1461
Validation Loss: 74.5871
Validation Loss: 76.8512
Validation Loss: 75.6304
Early stopping after 145 epochs.
NPP sigma=1.0 Test loss:105.145, R2 loss:-682.542, GP Test loss:105.145, GP R2 loss:-682.542
metrics saved
start saving losses!
