new model saved at 0 epoch with global_best_val_loss: 93.23423385620117
Validation Loss: 93.2342
new model saved at 5 epoch with global_best_val_loss: 92.43634033203125
Validation Loss: 92.4363
Validation Loss: 92.5591
Validation Loss: 92.5834
new model saved at 20 epoch with global_best_val_loss: 91.7123908996582
Validation Loss: 91.7124
Validation Loss: 93.9916
new model saved at 30 epoch with global_best_val_loss: 91.59281158447266
Validation Loss: 91.5928
Validation Loss: 93.6315
Validation Loss: 92.8545
Validation Loss: 93.1236
Validation Loss: 94.1034
Validation Loss: 92.7532
new model saved at 60 epoch with global_best_val_loss: 91.11384582519531
Validation Loss: 91.1138
Validation Loss: 91.5128
Validation Loss: 92.0356
Validation Loss: 91.3961
Validation Loss: 94.2403
Validation Loss: 93.9338
Validation Loss: 91.5847
Validation Loss: 96.0447
Validation Loss: 91.7608
Validation Loss: 94.2936
Early stopping after 110 epochs.
Percent: 0.0| Loss: 119.5473747253418, R2: 0.0234375
Percent: 0.25| Loss: 119.53420066833496, R2: -2.989136948752708e+39
Percent: 0.5| Loss: 119.72307395935059, R2: -4.441048933975635e+38
Percent: 0.75| Loss: 119.72965431213379, R2: -4.2795544570830475e+38
Percent: 1.0| Loss: 120.73686981201172, R2: -4.447518738499019e+25
Validation Loss: 95.9208
Validation Loss: 93.8082
Validation Loss: 94.3706
Validation Loss: 92.6072
Validation Loss: 92.4590
new model saved at 25 epoch with global_best_val_loss: 90.86639785766602
Validation Loss: 90.8664
Validation Loss: 94.5165
new model saved at 35 epoch with global_best_val_loss: 90.36383819580078
Validation Loss: 90.3638
Validation Loss: 91.8480
Validation Loss: 91.3680
Validation Loss: 91.7046
Validation Loss: 93.4503
Validation Loss: 90.7441
Validation Loss: 91.2721
Validation Loss: 95.1173
Validation Loss: 92.4147
Validation Loss: 96.1504
Early stopping after 85 epochs.
Percent: 0.0| Loss: 119.5473747253418, R2: 0.0234375
Percent: 0.25| Loss: 119.65314102172852, R2: -2.6687827552268907e+44
Percent: 0.5| Loss: 119.79748725891113, R2: -4.753446667690925e+42
Percent: 0.75| Loss: 119.9133358001709, R2: -2.1240967564392706e+43
Percent: 1.0| Loss: 121.64892959594727, R2: -3.9282508352393476e+42
new model saved at 0 epoch with global_best_val_loss: 63.17908477783203
Validation Loss: 63.1791
new model saved at 5 epoch with global_best_val_loss: 24.500128746032715
Validation Loss: 24.5001
new model saved at 10 epoch with global_best_val_loss: 23.093831062316895
Validation Loss: 23.0938
new model saved at 15 epoch with global_best_val_loss: 18.73586368560791
Validation Loss: 18.7359
new model saved at 20 epoch with global_best_val_loss: 15.578710079193115
Validation Loss: 15.5787
new model saved at 25 epoch with global_best_val_loss: 13.845430374145508
Validation Loss: 13.8454
new model saved at 30 epoch with global_best_val_loss: 12.585246562957764
Validation Loss: 12.5852
new model saved at 35 epoch with global_best_val_loss: 12.473859310150146
Validation Loss: 12.4739
new model saved at 40 epoch with global_best_val_loss: 12.4504976272583
Validation Loss: 12.4505
new model saved at 45 epoch with global_best_val_loss: 11.859784603118896
Validation Loss: 11.8598
new model saved at 50 epoch with global_best_val_loss: 11.694591522216797
Validation Loss: 11.6946
new model saved at 55 epoch with global_best_val_loss: 10.601809978485107
Validation Loss: 10.6018
Validation Loss: 10.9435
Validation Loss: 11.0986
Validation Loss: 10.6700
Validation Loss: 10.8994
Validation Loss: 11.3393
Validation Loss: 10.8684
Validation Loss: 12.6738
new model saved at 95 epoch with global_best_val_loss: 10.392879009246826
Validation Loss: 10.3929
Validation Loss: 10.4988
new model saved at 105 epoch with global_best_val_loss: 10.191858291625977
Validation Loss: 10.1919
new model saved at 110 epoch with global_best_val_loss: 10.028873443603516
Validation Loss: 10.0289
Validation Loss: 10.6571
Validation Loss: 10.1738
Validation Loss: 10.2922
new model saved at 130 epoch with global_best_val_loss: 10.007009983062744
Validation Loss: 10.0070
Validation Loss: 10.5120
Validation Loss: 10.3176
new model saved at 145 epoch with global_best_val_loss: 9.927054405212402
Validation Loss: 9.9271
Validation Loss: 10.0146
Validation Loss: 10.0030
Validation Loss: 10.0259
new model saved at 165 epoch with global_best_val_loss: 9.641380786895752
Validation Loss: 9.6414
Validation Loss: 9.9398
Validation Loss: 9.7358
new model saved at 180 epoch with global_best_val_loss: 9.30815052986145
Validation Loss: 9.3082
Validation Loss: 9.6922
Validation Loss: 9.4780
Validation Loss: 9.3379
Percent: 0.0| Loss: 16.608149766921997, R2: 0.33278738811849085
Percent: 0.25| Loss: 16.61676812171936, R2: 0.3325543786073305
Percent: 0.5| Loss: 16.615341663360596, R2: 0.332558487941911
Percent: 0.75| Loss: 16.628885984420776, R2: 0.33225145099215103
Percent: 1.0| Loss: 16.699764013290405, R2: 0.33013839390107386
Percent testing 0.0
Percent: 0.0| Loss: 16.608149766921997, R2: 0.33278738811849085
Percent testing 0.25
Percent: 0.25| Loss: 16.61676812171936, R2: 0.3325543786073305
Percent testing 0.5
Percent: 0.5| Loss: 16.615341663360596, R2: 0.332558487941911
Percent testing 0.75
Percent: 0.75| Loss: 16.628885984420776, R2: 0.33225145099215103
Percent testing 1.0
Percent: 1.0| Loss: 16.699764013290405, R2: 0.33013839390107386
metrics saved
start saving losses!
Time Elapsed: 0.7816709708505206 hours
