training start for sigma:0.1
Validation Loss: 103.9225
Validation Loss: 101.2742
Validation Loss: 100.3558
Validation Loss: 101.0114
Validation Loss: 103.0884
New LR:  0.0008
Validation Loss: 104.7314
Validation Loss: 101.0324
New LR:  0.00064
Validation Loss: 106.0914
Validation Loss: 101.4851
New LR:  0.0005120000000000001
Validation Loss: 106.8088
Validation Loss: 101.0955
Validation Loss: 100.1188
New LR:  0.0004096000000000001
Validation Loss: 104.5630
Validation Loss: 104.2258
New LR:  0.0003276800000000001
Validation Loss: 102.1507
Validation Loss: 101.8567
New LR:  0.0002621440000000001
Validation Loss: 101.9739
Validation Loss: 102.1677
New LR:  0.00020971520000000012
Validation Loss: 101.2559
Validation Loss: 103.3377
New LR:  0.0001677721600000001
Validation Loss: 103.3702
Validation Loss: 104.4893
Validation Loss: 104.6801
New LR:  0.00013421772800000008
Validation Loss: 102.7790
Validation Loss: 103.5932
New LR:  0.00010737418240000007
Validation Loss: 98.5049
Validation Loss: 103.2353
New LR:  0.0001
Validation Loss: 103.1856
Validation Loss: 101.2707
Validation Loss: 102.3222
Validation Loss: 105.0977
Validation Loss: 102.1984
Validation Loss: 103.5140
Validation Loss: 103.7542
Validation Loss: 102.4280
Validation Loss: 99.4042
Validation Loss: 104.2083
Validation Loss: 103.9821
Validation Loss: 103.5509
Validation Loss: 102.1709
NPP sigma=0.1 Test loss:109.859, R2 loss:-0.603, GP Test loss:109.859, GP R2 loss:-0.603
metrics saved
start saving losses!
Percent testing 0.25
Percent testing 0.5
Percent testing 0.75
Percent testing 1.0
Time Elapsed: 0.10106293744511075 hours
