training start for sigma:0.0
Validation Loss: 66.1598
Validation Loss: 28.3729
Validation Loss: 25.9374
Validation Loss: 24.6006
Validation Loss: 23.6933
Validation Loss: 18.2696
Validation Loss: 15.6474
Validation Loss: 15.4253
Validation Loss: 13.1060
Validation Loss: 13.3816
Validation Loss: 13.7220
Validation Loss: 12.8331
Validation Loss: 13.7124
Validation Loss: 13.4902
Validation Loss: 13.6372
Validation Loss: 13.2685
Validation Loss: 12.6171
Validation Loss: 13.9348
Validation Loss: 13.2614
Validation Loss: 13.4727
Validation Loss: 14.0987
Validation Loss: 16.7174
Validation Loss: 15.3291
Validation Loss: 15.5671
Validation Loss: 14.8520
Validation Loss: 17.0223
Validation Loss: 15.2111
Validation Loss: 17.8555
Validation Loss: 17.1761
Validation Loss: 16.8423
Validation Loss: 17.1930
Early stopping after 155 epochs.
MSE Test loss:10.237
R2 Test loss:-2211.262
training start for sigma:0.0
Validation Loss: 102.2791
Validation Loss: 102.5269
Validation Loss: 106.3266
Validation Loss: 102.3419
Validation Loss: 103.4209
New LR:  0.0008
Validation Loss: 100.2069
Validation Loss: 102.9716
New LR:  0.00064
Validation Loss: 99.4378
Validation Loss: 101.0479
Validation Loss: 101.2634
New LR:  0.0005120000000000001
Validation Loss: 102.0017
Validation Loss: 100.2653
New LR:  0.0004096000000000001
Validation Loss: 99.7513
Validation Loss: 103.2696
New LR:  0.0003276800000000001
Validation Loss: 100.8511
Validation Loss: 102.7889
New LR:  0.0002621440000000001
Validation Loss: 103.0625
Validation Loss: 103.7128
New LR:  0.00020971520000000012
Validation Loss: 104.5829
Validation Loss: 107.8263
Validation Loss: 99.8442
New LR:  0.0001677721600000001
Validation Loss: 100.9637
Early stopping after 110 epochs.
MSE Test loss:114.110
R2 Test loss:-1.126
training start for sigma:0.0
Validation Loss: 73.0678
Validation Loss: 40.9692
Validation Loss: 24.6229
Validation Loss: 24.4048
Validation Loss: 22.4320
Validation Loss: 18.8476
Validation Loss: 15.6448
Validation Loss: 14.7780
Validation Loss: 14.7418
Validation Loss: 13.5202
Validation Loss: 13.3891
Validation Loss: 13.9385
Validation Loss: 13.6800
Validation Loss: 16.2980
Validation Loss: 13.1159
Validation Loss: 14.4316
Validation Loss: 14.1743
Validation Loss: 14.3138
Validation Loss: 14.8583
Validation Loss: 16.2815
Validation Loss: 14.7683
Validation Loss: 16.5777
Validation Loss: 16.2621
Validation Loss: 16.4050
Validation Loss: 17.1145
Validation Loss: 17.9370
Validation Loss: 17.1721
Validation Loss: 17.8254
Validation Loss: 18.6109
Early stopping after 145 epochs.
MSE Test loss:10.540
R2 Test loss:-2619.822
metrics saved
start saving losses!
Best Learning Rate for MSE: 0.005623413251903489
training start for sigma:0.0
Validation Loss: 89.6911
Validation Loss: 72.5332
Validation Loss: 25.1690
Validation Loss: 19.2374
Validation Loss: 16.4490
Validation Loss: 17.3042
Validation Loss: 14.6301
Validation Loss: 13.5499
Validation Loss: 14.9382
Validation Loss: 18.5051
Validation Loss: 15.1913
Validation Loss: 13.8409
Validation Loss: 14.7394
Validation Loss: 13.2743
Validation Loss: 13.5538
Validation Loss: 13.1504
Validation Loss: 14.9168
Validation Loss: 13.5602
Validation Loss: 13.7744
Validation Loss: 15.4439
Validation Loss: 15.3014
Validation Loss: 17.4292
Validation Loss: 16.5011
Validation Loss: 14.3400
Validation Loss: 15.3068
Validation Loss: 18.4088
Validation Loss: 17.0566
Validation Loss: 17.5070
Validation Loss: 16.9779
Validation Loss: 16.9721
Early stopping after 150 epochs.
MSE Test loss:9.847
R2 Test loss:-215.604
training start for sigma:0.0
Validation Loss: 99.3762
Validation Loss: 101.4136
Validation Loss: 101.4754
Validation Loss: 102.3106
Validation Loss: 98.1582
Validation Loss: 100.6912
Validation Loss: 101.6073
Validation Loss: 103.1375
Validation Loss: 100.7145
Validation Loss: 101.6988
Validation Loss: 99.4866
Validation Loss: 104.4005
Validation Loss: 101.5429
Validation Loss: 100.0913
Validation Loss: 96.9423
Validation Loss: 98.2971
Validation Loss: 104.7580
Validation Loss: 104.4920
Validation Loss: 106.0243
Validation Loss: 103.7100
Validation Loss: 97.7687
Validation Loss: 99.4054
Validation Loss: 100.0356
Validation Loss: 101.3319
Validation Loss: 103.0132
Validation Loss: 104.0022
Validation Loss: 97.4845
Validation Loss: 100.8309
Validation Loss: 100.2175
Early stopping after 145 epochs.
MSE Test loss:114.110
R2 Test loss:-1.126
training start for sigma:0.0
Validation Loss: 95.5503
Validation Loss: 64.9876
Validation Loss: 41.0549
Validation Loss: 22.4832
Validation Loss: 20.4120
Validation Loss: 19.4084
Validation Loss: 18.8443
Validation Loss: 16.5303
Validation Loss: 14.9891
Validation Loss: 15.4944
Validation Loss: 15.1240
Validation Loss: 16.5786
Validation Loss: 14.4279
Validation Loss: 15.3003
Validation Loss: 15.5820
Validation Loss: 13.5497
Validation Loss: 14.7923
Validation Loss: 15.7284
Validation Loss: 15.4231
Validation Loss: 13.7235
Validation Loss: 13.9864
Validation Loss: 16.1915
Validation Loss: 13.7958
Validation Loss: 13.9604
Validation Loss: 14.9339
Validation Loss: 15.3716
Validation Loss: 14.6483
Validation Loss: 15.5688
Validation Loss: 14.3880
Validation Loss: 15.7119
Early stopping after 150 epochs.
MSE Test loss:11.426
R2 Test loss:-3521.164
metrics saved
start saving losses!
