training start for sigma:0.2
Validation Loss: 79.5493
Validation Loss: 79.5547
Validation Loss: 78.6948
New LR:  0.008
Validation Loss: 80.4070
Validation Loss: 80.0522
New LR:  0.0064
Validation Loss: 80.9448
Validation Loss: 79.1384
Validation Loss: 80.1901
Validation Loss: 82.7883
Validation Loss: 80.3857
New LR:  0.00512
Validation Loss: 80.8559
Validation Loss: 81.7297
New LR:  0.004096000000000001
Validation Loss: 80.7770
Validation Loss: 82.2014
New LR:  0.0032768000000000007
Validation Loss: 81.3859
Validation Loss: 80.5793
Validation Loss: 82.7607
New LR:  0.002621440000000001
Early stopping after 85 epochs.
NPP sigma=0.2 Test loss:80.054, R2 loss:-0.618, GP Test loss:80.054, GP R2 loss:-0.618
training start for sigma:0.2
Validation Loss: 79.4571
Validation Loss: 69.8111
Validation Loss: 70.4743
Validation Loss: 65.1250
Validation Loss: 62.6736
Validation Loss: 62.3698
Validation Loss: 64.1570
Validation Loss: 62.9889
Validation Loss: 63.8377
Validation Loss: 61.2168
Validation Loss: 62.0188
Validation Loss: 59.6436
Validation Loss: 60.5606
Validation Loss: 60.2286
Validation Loss: 57.7735
Validation Loss: 56.9087
Validation Loss: 56.1127
Validation Loss: 56.9869
Validation Loss: 53.6426
Validation Loss: 54.6947
Validation Loss: 53.0192
Validation Loss: 55.2009
Validation Loss: 53.9268
Validation Loss: 52.9636
Validation Loss: 51.8884
Validation Loss: 50.4813
Validation Loss: 51.8588
Validation Loss: 50.9624
Validation Loss: 51.4409
Validation Loss: 51.8536
Validation Loss: 49.8992
Validation Loss: 51.0480
Validation Loss: 51.3404
Validation Loss: 49.5809
Validation Loss: 51.2560
Validation Loss: 49.7965
Validation Loss: 50.4278
Validation Loss: 50.2980
Validation Loss: 50.1167
Validation Loss: 49.5814
NPP sigma=0.2 Test loss:53.939, R2 loss:-0.228, GP Test loss:53.939, GP R2 loss:-0.228
training start for sigma:0.2
Validation Loss: 81.9213
Validation Loss: 81.1626
Validation Loss: 81.4217
Validation Loss: 80.9486
New LR:  0.008
Validation Loss: 79.8805
Validation Loss: 80.8857
New LR:  0.0064
Validation Loss: 83.4492
Validation Loss: 80.3340
New LR:  0.00512
Validation Loss: 80.0673
Validation Loss: 79.4737
New LR:  0.004096000000000001
Validation Loss: 80.3192
Validation Loss: 81.4060
Validation Loss: 80.3429
Validation Loss: 81.0262
New LR:  0.0032768000000000007
Validation Loss: 81.8850
Validation Loss: 79.4292
Validation Loss: 80.9433
New LR:  0.002621440000000001
Validation Loss: 81.2893
Validation Loss: 79.4127
New LR:  0.002097152000000001
Validation Loss: 79.2557
Validation Loss: 80.5168
New LR:  0.001677721600000001
Validation Loss: 80.4994
Validation Loss: 82.1656
New LR:  0.0013421772800000008
Validation Loss: 78.8532
Validation Loss: 81.1325
New LR:  0.0010737418240000006
Validation Loss: 80.8073
Validation Loss: 80.0725
Validation Loss: 80.6156
New LR:  0.0008589934592000006
Validation Loss: 79.8173
Validation Loss: 82.6808
New LR:  0.0006871947673600005
Validation Loss: 83.9512
Validation Loss: 80.6124
New LR:  0.0005497558138880005
Validation Loss: 80.3424
Validation Loss: 81.2204
New LR:  0.0004398046511104004
Validation Loss: 81.6143
Validation Loss: 79.8506
New LR:  0.00035184372088832035
Validation Loss: 80.5475
Validation Loss: 83.0680
Early stopping after 190 epochs.
NPP sigma=0.2 Test loss:80.054, R2 loss:-0.618, GP Test loss:80.054, GP R2 loss:-0.618
metrics saved
start saving losses!
Best Learning Rate for NPP sigma=0.2: 0.01
training start for sigma:0.2
Validation Loss: 81.4318
Validation Loss: 77.8893
Validation Loss: 78.5925
Validation Loss: 80.1450
Validation Loss: 80.8130
Validation Loss: 80.0041
Validation Loss: 81.0335
Validation Loss: 81.1720
Validation Loss: 77.8112
Validation Loss: 80.3532
Validation Loss: 80.2588
Validation Loss: 78.5561
Validation Loss: 80.6022
Validation Loss: 79.6210
Validation Loss: 80.3738
Validation Loss: 80.2290
Validation Loss: 80.0365
Validation Loss: 78.2850
Validation Loss: 83.7648
Validation Loss: 82.0032
Validation Loss: 81.8439
Validation Loss: 82.9597
Validation Loss: 81.9845
Early stopping after 115 epochs.
NPP sigma=0.2 Test loss:80.054, R2 loss:-0.618, GP Test loss:80.054, GP R2 loss:-0.618
training start for sigma:0.2
Validation Loss: 79.3951
Validation Loss: 58.4210
Validation Loss: 39.2284
Validation Loss: 24.3093
Validation Loss: 19.6897
Validation Loss: 17.1430
Validation Loss: 16.8284
Validation Loss: 16.2194
Validation Loss: 15.0066
Validation Loss: 14.7482
Validation Loss: 14.3287
Validation Loss: 14.5924
Validation Loss: 15.1818
Validation Loss: 14.8482
Validation Loss: 14.3473
Validation Loss: 14.5308
Validation Loss: 13.8252
Validation Loss: 14.3047
Validation Loss: 14.8208
Validation Loss: 14.3906
Validation Loss: 14.2733
Validation Loss: 13.9739
Validation Loss: 14.2680
Validation Loss: 14.1886
Validation Loss: 14.4601
Validation Loss: 14.3132
Validation Loss: 14.5939
Validation Loss: 14.0913
Validation Loss: 14.3776
Validation Loss: 14.7534
Validation Loss: 13.7391
Validation Loss: 13.7991
Validation Loss: 14.0223
Validation Loss: 14.5843
Validation Loss: 14.3187
Validation Loss: 14.2769
Validation Loss: 14.1499
Validation Loss: 14.5844
Validation Loss: 14.6427
Validation Loss: 14.4758
NPP sigma=0.2 Test loss:15.407, R2 loss:0.539, GP Test loss:15.407, GP R2 loss:0.539
training start for sigma:0.2
Validation Loss: 65.8386
Validation Loss: 55.4537
Validation Loss: 31.2235
Validation Loss: 25.1759
Validation Loss: 19.6832
Validation Loss: 14.1844
Validation Loss: 14.0924
Validation Loss: 14.0404
Validation Loss: 13.9069
Validation Loss: 13.9412
Validation Loss: 13.9567
Validation Loss: 14.0915
Validation Loss: 14.1064
Validation Loss: 13.8563
Validation Loss: 13.6246
Validation Loss: 13.4654
Validation Loss: 13.8902
Validation Loss: 14.0665
Validation Loss: 13.6352
Validation Loss: 13.8456
Validation Loss: 13.4315
Validation Loss: 13.8157
Validation Loss: 14.0205
Validation Loss: 13.4768
Validation Loss: 13.2152
Validation Loss: 13.2801
Validation Loss: 13.3932
Validation Loss: 14.1888
Validation Loss: 13.8279
Validation Loss: 13.2771
Validation Loss: 13.7812
Validation Loss: 13.4986
Validation Loss: 13.4207
Validation Loss: 13.5645
Validation Loss: 14.0100
Validation Loss: 13.7214
Validation Loss: 13.5140
Validation Loss: 14.0359
Validation Loss: 14.0882
Early stopping after 195 epochs.
NPP sigma=0.2 Test loss:15.158, R2 loss:0.556, GP Test loss:15.158, GP R2 loss:0.556
metrics saved
start saving losses!
