training start for sigma:1.0
Validation Loss: 82.5815
Validation Loss: 82.4696
Validation Loss: 83.7794
New LR:  0.008
Validation Loss: 84.2059
Validation Loss: 83.9718
New LR:  0.0064
Validation Loss: 83.3781
Validation Loss: 83.0317
Validation Loss: 83.6134
Validation Loss: 86.5165
Validation Loss: 83.7454
New LR:  0.00512
Validation Loss: 83.2590
Validation Loss: 84.6618
New LR:  0.004096000000000001
Validation Loss: 85.0084
Validation Loss: 85.4979
New LR:  0.0032768000000000007
Validation Loss: 85.3747
Validation Loss: 83.9365
Early stopping after 80 epochs.
NPP sigma=1.0 Test loss:80.054, R2 loss:-0.618, GP Test loss:80.054, GP R2 loss:-0.618
training start for sigma:1.0
Validation Loss: 84.5281
Validation Loss: 82.4194
Validation Loss: 83.6601
New LR:  0.008
Validation Loss: 83.9801
Validation Loss: 82.8392
New LR:  0.0064
Validation Loss: 82.1695
Validation Loss: 82.0134
New LR:  0.00512
Validation Loss: 84.9951
Validation Loss: 82.7873
Validation Loss: 85.4764
New LR:  0.004096000000000001
Validation Loss: 84.2562
Validation Loss: 85.7208
New LR:  0.0032768000000000007
Validation Loss: 83.3404
Validation Loss: 86.5302
New LR:  0.002621440000000001
Validation Loss: 83.7103
Validation Loss: 82.2054
New LR:  0.002097152000000001
Validation Loss: 82.9421
Validation Loss: 84.9418
New LR:  0.001677721600000001
Validation Loss: 83.3632
Validation Loss: 83.0466
Validation Loss: 84.3858
New LR:  0.0013421772800000008
Validation Loss: 81.4452
Validation Loss: 84.2963
New LR:  0.0010737418240000006
Validation Loss: 82.1714
Validation Loss: 82.9982
New LR:  0.0008589934592000006
Validation Loss: 82.2960
Validation Loss: 82.9410
New LR:  0.0006871947673600005
Validation Loss: 83.7442
Validation Loss: 83.3009
Validation Loss: 85.1702
New LR:  0.0005497558138880005
Validation Loss: 83.8128
Validation Loss: 82.8533
New LR:  0.0004398046511104004
Validation Loss: 82.8976
Validation Loss: 82.8181
New LR:  0.00035184372088832035
Validation Loss: 83.3526
Validation Loss: 82.7012
New LR:  0.0002814749767106563
Early stopping after 180 epochs.
NPP sigma=1.0 Test loss:80.054, R2 loss:-0.618, GP Test loss:80.054, GP R2 loss:-0.618
training start for sigma:1.0
Validation Loss: 80.3114
Validation Loss: 59.8608
Validation Loss: 47.0826
Validation Loss: 35.8772
Validation Loss: 30.2840
Validation Loss: 24.6776
Validation Loss: 20.5391
Validation Loss: 18.7317
Validation Loss: 17.1955
Validation Loss: 17.0560
Validation Loss: 16.6619
Validation Loss: 15.6420
Validation Loss: 16.2969
Validation Loss: 15.3923
Validation Loss: 16.0014
Validation Loss: 15.5461
Validation Loss: 15.2579
New LR:  0.008
Validation Loss: 15.2448
Validation Loss: 15.3870
Validation Loss: 15.7815
Validation Loss: 15.1067
Validation Loss: 15.0358
Validation Loss: 15.4870
Validation Loss: 15.8364
New LR:  0.0064
Validation Loss: 15.0632
Validation Loss: 15.3074
Validation Loss: 15.0539
Validation Loss: 15.1275
Validation Loss: 15.6432
Validation Loss: 14.8180
Validation Loss: 15.4379
Validation Loss: 15.5703
Validation Loss: 15.4605
Validation Loss: 15.2553
Validation Loss: 15.3531
Validation Loss: 16.2496
Validation Loss: 15.5987
Validation Loss: 15.4379
Validation Loss: 15.2732
Validation Loss: 15.1803
NPP sigma=1.0 Test loss:15.980, R2 loss:0.533, GP Test loss:15.980, GP R2 loss:0.533
metrics saved
start saving losses!
Best Learning Rate for NPP sigma=1.0: 0.0015848931924611134
training start for sigma:1.0
Validation Loss: 84.9694
Validation Loss: 82.8064
Validation Loss: 83.4345
Validation Loss: 83.6661
Validation Loss: 83.4193
Validation Loss: 82.7024
Validation Loss: 85.0309
Validation Loss: 84.1811
Validation Loss: 82.5894
Validation Loss: 84.1335
Validation Loss: 84.0994
Validation Loss: 82.1416
Validation Loss: 83.0080
Validation Loss: 82.9511
Validation Loss: 83.6739
Validation Loss: 83.0463
Validation Loss: 83.2055
Validation Loss: 82.2394
Validation Loss: 87.1237
Validation Loss: 85.0122
Validation Loss: 85.4199
Validation Loss: 86.0500
Validation Loss: 86.4273
Validation Loss: 81.8772
Validation Loss: 84.6986
Validation Loss: 83.5416
Validation Loss: 85.6816
Validation Loss: 84.1371
Validation Loss: 83.1799
Validation Loss: 85.2498
Validation Loss: 82.0805
Validation Loss: 83.5301
Validation Loss: 84.4862
Validation Loss: 82.5678
Validation Loss: 83.6879
Validation Loss: 83.1344
Validation Loss: 84.2597
Validation Loss: 83.8756
Early stopping after 190 epochs.
NPP sigma=1.0 Test loss:80.054, R2 loss:-0.618, GP Test loss:80.054, GP R2 loss:-0.618
training start for sigma:1.0
Validation Loss: 84.3853
Validation Loss: 84.0979
Validation Loss: 85.9031
Validation Loss: 83.4569
Validation Loss: 83.9816
Validation Loss: 84.1936
Validation Loss: 83.9041
Validation Loss: 85.2278
Validation Loss: 84.5953
Validation Loss: 83.1950
Validation Loss: 84.7871
Validation Loss: 83.3587
Validation Loss: 83.8063
Validation Loss: 82.1140
Validation Loss: 84.2603
Validation Loss: 84.2551
Validation Loss: 81.6032
Validation Loss: 82.7907
Validation Loss: 85.9468
Validation Loss: 82.9174
Validation Loss: 83.7014
Validation Loss: 84.6594
Validation Loss: 86.3821
Validation Loss: 82.7257
Validation Loss: 83.6251
Validation Loss: 83.2384
Validation Loss: 84.6811
Validation Loss: 83.1196
Validation Loss: 83.5360
Validation Loss: 84.8744
Validation Loss: 84.1497
Early stopping after 155 epochs.
NPP sigma=1.0 Test loss:80.054, R2 loss:-0.618, GP Test loss:80.054, GP R2 loss:-0.618
training start for sigma:1.0
Validation Loss: 71.1547
Validation Loss: 54.7883
Validation Loss: 27.5132
Validation Loss: 16.7437
Validation Loss: 14.6989
Validation Loss: 13.9723
Validation Loss: 14.5061
Validation Loss: 13.7961
Validation Loss: 13.8110
Validation Loss: 14.3429
Validation Loss: 13.5943
Validation Loss: 14.2307
Validation Loss: 13.9595
Validation Loss: 13.5399
Validation Loss: 13.8596
Validation Loss: 14.1195
Validation Loss: 13.5748
Validation Loss: 14.9743
Validation Loss: 13.7739
Validation Loss: 13.3204
Validation Loss: 13.9976
Validation Loss: 14.3981
Validation Loss: 13.7141
Validation Loss: 13.9441
Validation Loss: 13.8910
Validation Loss: 14.2705
Validation Loss: 13.8026
Validation Loss: 14.5649
Validation Loss: 14.0033
Validation Loss: 14.3969
Validation Loss: 13.9949
Validation Loss: 14.2211
Validation Loss: 13.9202
Validation Loss: 14.9588
Early stopping after 170 epochs.
NPP sigma=1.0 Test loss:15.199, R2 loss:0.555, GP Test loss:15.199, GP R2 loss:0.555
metrics saved
start saving losses!
