new model saved at 0 epoch with global_best_val_loss: 92.48431015014648
Validation Loss: 92.4843
new model saved at 5 epoch with global_best_val_loss: 92.10123062133789
Validation Loss: 92.1012
Validation Loss: 93.7773
Validation Loss: 93.6533
Validation Loss: 92.8989
new model saved at 25 epoch with global_best_val_loss: 91.58026885986328
Validation Loss: 91.5803
Validation Loss: 93.9640
Validation Loss: 94.1127
Validation Loss: 92.9324
Validation Loss: 94.0946
Validation Loss: 93.2612
Validation Loss: 94.3925
new model saved at 60 epoch with global_best_val_loss: 90.97957611083984
Validation Loss: 90.9796
Validation Loss: 92.8054
Validation Loss: 92.8219
Validation Loss: 91.3214
Validation Loss: 95.5802
Validation Loss: 95.4297
Validation Loss: 91.6852
Validation Loss: 94.5509
Validation Loss: 91.7484
Validation Loss: 92.6348
Early stopping after 110 epochs.
Percent: 0.0| Loss: 119.5473747253418, R2: 0.0234375
Percent: 0.25| Loss: 120.43473434448242, R2: -9.600992797791121e+44
Percent: 0.5| Loss: 121.59147262573242, R2: -7.271860646183452e+44
Percent: 0.75| Loss: 121.6763916015625, R2: -9.820971773164108e+41
Percent: 1.0| Loss: 125.79294204711914, R2: -4.901197951656545e+37
new model saved at 0 epoch with global_best_val_loss: 59.59329414367676
Validation Loss: 59.5933
new model saved at 5 epoch with global_best_val_loss: 26.812816619873047
Validation Loss: 26.8128
new model saved at 10 epoch with global_best_val_loss: 23.779706954956055
Validation Loss: 23.7797
new model saved at 15 epoch with global_best_val_loss: 20.05268383026123
Validation Loss: 20.0527
new model saved at 20 epoch with global_best_val_loss: 14.360705852508545
Validation Loss: 14.3607
new model saved at 25 epoch with global_best_val_loss: 12.637887001037598
Validation Loss: 12.6379
new model saved at 30 epoch with global_best_val_loss: 12.23437786102295
Validation Loss: 12.2344
new model saved at 35 epoch with global_best_val_loss: 11.570975303649902
Validation Loss: 11.5710
new model saved at 40 epoch with global_best_val_loss: 11.508337020874023
Validation Loss: 11.5083
new model saved at 45 epoch with global_best_val_loss: 11.06476640701294
Validation Loss: 11.0648
new model saved at 50 epoch with global_best_val_loss: 10.660155773162842
Validation Loss: 10.6602
Validation Loss: 11.0055
new model saved at 60 epoch with global_best_val_loss: 10.267021656036377
Validation Loss: 10.2670
new model saved at 65 epoch with global_best_val_loss: 10.092577457427979
Validation Loss: 10.0926
Validation Loss: 10.3527
Validation Loss: 10.1470
Validation Loss: 10.6890
Validation Loss: 10.7698
Validation Loss: 10.1471
Validation Loss: 10.1458
new model saved at 100 epoch with global_best_val_loss: 9.756318092346191
Validation Loss: 9.7563
Validation Loss: 10.0695
Validation Loss: 9.9113
new model saved at 115 epoch with global_best_val_loss: 9.625453472137451
Validation Loss: 9.6255
Validation Loss: 10.4361
new model saved at 125 epoch with global_best_val_loss: 9.36153268814087
Validation Loss: 9.3615
Validation Loss: 9.5545
Validation Loss: 9.4722
Validation Loss: 9.4482
new model saved at 145 epoch with global_best_val_loss: 9.361292362213135
Validation Loss: 9.3613
Validation Loss: 9.5332
Validation Loss: 9.5752
Validation Loss: 9.5261
Validation Loss: 9.4955
Validation Loss: 9.6649
Early stopping after 175 epochs.
Percent: 0.0| Loss: 14.341557741165161, R2: -0.4894367221004664
Percent: 0.25| Loss: 14.364625930786133, R2: -0.49031548156754123
Percent: 0.5| Loss: 14.388552188873291, R2: -0.49063331768932544
Percent: 0.75| Loss: 14.409414768218994, R2: -0.7416212290060815
Percent: 1.0| Loss: 14.389094114303589, R2: -0.7418563954732623
Validation Loss: 84.0733
Validation Loss: 63.6156
Validation Loss: 41.5201
Validation Loss: 40.4426
Validation Loss: 33.8323
Validation Loss: 37.1432
Validation Loss: 32.9013
Validation Loss: 31.7808
Validation Loss: 31.7543
Validation Loss: 32.0609
Validation Loss: 30.9127
Validation Loss: 31.4708
Validation Loss: 31.3816
Validation Loss: 31.3152
Validation Loss: 30.9475
Validation Loss: 30.7687
Validation Loss: 30.9097
Validation Loss: 30.7102
Validation Loss: 30.1772
Validation Loss: 30.5965
Validation Loss: 31.1895
Validation Loss: 29.7552
Validation Loss: 30.4648
Validation Loss: 30.6363
Validation Loss: 30.3581
Validation Loss: 30.4657
Validation Loss: 30.0731
Validation Loss: 30.0209
Validation Loss: 31.5507
Validation Loss: 30.0921
Validation Loss: 30.4836
Validation Loss: 29.4536
Validation Loss: 30.9741
Validation Loss: 30.4444
Validation Loss: 30.5948
Validation Loss: 30.6324
Validation Loss: 30.4009
Validation Loss: 30.5654
Validation Loss: 30.2822
Validation Loss: 31.2595
Percent: 0.0| Loss: 14.341557741165161, R2: -0.4894367221004664
Percent: 0.25| Loss: 14.364625930786133, R2: -0.49031548156754123
Percent: 0.5| Loss: 14.388552188873291, R2: -0.49063331768932544
Percent: 0.75| Loss: 14.409414768218994, R2: -0.7416212290060815
Percent: 1.0| Loss: 14.389094114303589, R2: -0.7418563954732623
Percent testing 0.0
Percent: 0.0| Loss: 14.341557741165161, R2: -0.4894367221004664
Percent testing 0.25
Percent: 0.25| Loss: 14.364625930786133, R2: -0.49031548156754123
Percent testing 0.5
Percent: 0.5| Loss: 14.388552188873291, R2: -0.49063331768932544
Percent testing 0.75
Percent: 0.75| Loss: 14.409414768218994, R2: -0.7416212290060815
Percent testing 1.0
Percent: 1.0| Loss: 14.389094114303589, R2: -0.7418563954732623
metrics saved
start saving losses!
Time Elapsed: 0.777941797375679 hours
