training start for sigma:0.0
Validation Loss: 93.5186
Validation Loss: 92.0461
Validation Loss: 91.5362
Validation Loss: 91.1078
Validation Loss: 93.5900
New LR:  0.0008
Validation Loss: 94.6315
Validation Loss: 92.1796
New LR:  0.00064
Validation Loss: 95.8831
Validation Loss: 91.8228
New LR:  0.0005120000000000001
Validation Loss: 96.0996
Validation Loss: 90.4582
Validation Loss: 90.3674
New LR:  0.0004096000000000001
Validation Loss: 94.2343
Validation Loss: 93.4613
New LR:  0.0003276800000000001
Validation Loss: 92.5859
Validation Loss: 92.2630
New LR:  0.0002621440000000001
Validation Loss: 93.1455
Validation Loss: 92.3276
New LR:  0.00020971520000000012
Validation Loss: 91.9110
Validation Loss: 94.0266
New LR:  0.0001677721600000001
Validation Loss: 93.6041
Validation Loss: 95.1011
Validation Loss: 93.8536
New LR:  0.00013421772800000008
Validation Loss: 94.1050
Validation Loss: 94.2639
New LR:  0.00010737418240000007
Validation Loss: 89.9257
Validation Loss: 93.5270
New LR:  0.0001
Validation Loss: 93.4277
Validation Loss: 90.5972
Validation Loss: 91.7232
Validation Loss: 95.1549
Validation Loss: 92.0910
Validation Loss: 92.7096
Validation Loss: 93.6615
Validation Loss: 93.3585
Validation Loss: 90.4495
Validation Loss: 94.1867
Validation Loss: 94.0247
Validation Loss: 92.9655
Validation Loss: 93.4848
MSE Test loss:96.021
R2 Test loss:-0.484
metrics saved
start saving losses!
Time Elapsed: 0.07462851464748382 hours
