training start for sigma:0.5
Validation Loss: 91.2666
Validation Loss: 91.6142
Validation Loss: 92.0051
New LR:  0.008
Validation Loss: 90.5337
Validation Loss: 90.9088
New LR:  0.0064
Validation Loss: 90.9457
Validation Loss: 91.7183
New LR:  0.00512
Validation Loss: 92.1669
Validation Loss: 91.4056
New LR:  0.004096000000000001
Validation Loss: 91.8848
Validation Loss: 91.0111
Validation Loss: 91.1621
New LR:  0.0032768000000000007
Validation Loss: 92.0799
Validation Loss: 91.0711
New LR:  0.002621440000000001
Validation Loss: 91.8960
Validation Loss: 90.4640
New LR:  0.002097152000000001
Validation Loss: 91.0699
Validation Loss: 91.2211
New LR:  0.001677721600000001
Validation Loss: 90.4235
Validation Loss: 90.2681
New LR:  0.0013421772800000008
Validation Loss: 91.0218
Validation Loss: 90.5368
Validation Loss: 90.9787
New LR:  0.0010737418240000006
Validation Loss: 90.8627
Validation Loss: 91.3968
New LR:  0.0008589934592000006
Validation Loss: 91.3053
Validation Loss: 91.0717
Validation Loss: 91.4318
Validation Loss: 91.6172
New LR:  0.0006871947673600005
Validation Loss: 90.4966
Validation Loss: 91.2589
New LR:  0.0005497558138880005
Validation Loss: 91.4042
Validation Loss: 91.5615
New LR:  0.0004398046511104004
Validation Loss: 90.8361
Early stopping after 170 epochs.
NPP sigma=0.5 Test loss:94.420, R2 loss:-0.207, GP Test loss:94.420, GP R2 loss:-0.207
training start for sigma:0.5
Validation Loss: 90.4890
Validation Loss: 92.3183
Validation Loss: 91.6555
Validation Loss: 91.5296
Validation Loss: 91.5693
New LR:  0.008
Validation Loss: 91.0892
Validation Loss: 90.9550
New LR:  0.0064
Validation Loss: 92.1502
Validation Loss: 91.5627
New LR:  0.00512
Validation Loss: 91.0459
Validation Loss: 91.5923
New LR:  0.004096000000000001
Validation Loss: 91.7512
Validation Loss: 90.9153
Validation Loss: 90.4982
New LR:  0.0032768000000000007
Validation Loss: 91.8603
Early stopping after 75 epochs.
NPP sigma=0.5 Test loss:94.420, R2 loss:-0.207, GP Test loss:94.420, GP R2 loss:-0.207
training start for sigma:0.5
Validation Loss: 91.5011
Validation Loss: 91.5004
Validation Loss: 90.3231
New LR:  0.008
Validation Loss: 91.1152
Validation Loss: 91.9558
Validation Loss: 91.6471
New LR:  0.0064
Validation Loss: 91.6657
Validation Loss: 90.8195
Validation Loss: 90.7659
Validation Loss: 91.0592
New LR:  0.00512
Validation Loss: 90.3490
Validation Loss: 91.9180
New LR:  0.004096000000000001
Validation Loss: 90.6538
Validation Loss: 90.6690
New LR:  0.0032768000000000007
Validation Loss: 90.7664
Validation Loss: 91.5525
Validation Loss: 91.2738
New LR:  0.002621440000000001
Early stopping after 85 epochs.
NPP sigma=0.5 Test loss:94.420, R2 loss:-0.207, GP Test loss:94.420, GP R2 loss:-0.207
metrics saved
start saving losses!
Best Learning Rate for NPP sigma=0.5: 0.0015848931924611134
training start for sigma:0.5
Validation Loss: 79.9620
Validation Loss: 66.8644
Validation Loss: 46.6237
Validation Loss: 34.0301
Validation Loss: 30.4325
Validation Loss: 28.7604
Validation Loss: 27.9436
Validation Loss: 27.7271
Validation Loss: 27.9259
Validation Loss: 27.6325
Validation Loss: 27.2326
Validation Loss: 28.3553
Validation Loss: 27.3685
Validation Loss: 27.2454
Validation Loss: 27.2693
Validation Loss: 27.3604
Validation Loss: 27.7574
Validation Loss: 27.2083
Validation Loss: 27.3600
Validation Loss: 27.2123
Validation Loss: 26.2923
Validation Loss: 27.1265
Validation Loss: 27.7694
Validation Loss: 27.1839
Validation Loss: 26.9435
Validation Loss: 26.8698
Validation Loss: 27.4985
Validation Loss: 25.9204
Validation Loss: 27.3997
Validation Loss: 26.7943
Validation Loss: 27.6305
Validation Loss: 28.6873
Validation Loss: 26.6513
Validation Loss: 26.9186
Validation Loss: 27.0957
Validation Loss: 26.7260
Validation Loss: 26.5873
Validation Loss: 25.8163
Validation Loss: 27.1354
Validation Loss: 27.2396
NPP sigma=0.5 Test loss:25.529, R2 loss:0.691, GP Test loss:25.529, GP R2 loss:0.691
training start for sigma:0.5
Validation Loss: 81.8926
Validation Loss: 71.7715
Validation Loss: 65.9818
Validation Loss: 36.5372
Validation Loss: 28.9190
Validation Loss: 27.3377
Validation Loss: 27.3596
Validation Loss: 27.9705
Validation Loss: 27.1958
Validation Loss: 27.3380
Validation Loss: 27.5153
Validation Loss: 27.2466
Validation Loss: 27.6170
Validation Loss: 26.9567
Validation Loss: 26.8097
Validation Loss: 27.1878
Validation Loss: 26.0920
Validation Loss: 26.5995
Validation Loss: 27.8503
Validation Loss: 27.0831
Validation Loss: 27.0534
Validation Loss: 26.3097
Validation Loss: 27.5513
Validation Loss: 27.0035
Validation Loss: 26.9707
Validation Loss: 27.0627
Validation Loss: 27.2125
Validation Loss: 26.4620
Validation Loss: 26.9155
Validation Loss: 27.0208
Validation Loss: 27.4956
Early stopping after 155 epochs.
NPP sigma=0.5 Test loss:25.725, R2 loss:0.689, GP Test loss:25.725, GP R2 loss:0.689
training start for sigma:0.5
Validation Loss: 80.9631
Validation Loss: 69.9657
Validation Loss: 55.7603
Validation Loss: 35.8383
Validation Loss: 29.7413
Validation Loss: 28.2594
Validation Loss: 27.8287
Validation Loss: 27.8188
Validation Loss: 27.8960
Validation Loss: 27.0500
Validation Loss: 27.1524
Validation Loss: 26.7691
Validation Loss: 27.5110
Validation Loss: 28.4821
Validation Loss: 26.8473
Validation Loss: 27.8178
Validation Loss: 29.0385
Validation Loss: 27.4073
Validation Loss: 27.7839
Validation Loss: 27.2923
Validation Loss: 27.0479
Validation Loss: 28.0751
Validation Loss: 27.4605
Validation Loss: 27.3258
Validation Loss: 27.8562
Validation Loss: 26.5992
Validation Loss: 27.4500
Validation Loss: 27.4906
Validation Loss: 27.1932
Validation Loss: 27.2960
Validation Loss: 27.5094
Validation Loss: 27.0760
Validation Loss: 27.6500
Validation Loss: 26.7952
Validation Loss: 27.3362
Validation Loss: 27.2628
Validation Loss: 27.7670
Validation Loss: 26.3580
Validation Loss: 26.4975
Validation Loss: 26.1233
NPP sigma=0.5 Test loss:25.586, R2 loss:0.690, GP Test loss:25.586, GP R2 loss:0.690
metrics saved
start saving losses!
