new model saved at 0 epoch with global_best_val_loss: 93.93607330322266
Validation Loss: 93.9361
new model saved at 5 epoch with global_best_val_loss: 91.98387908935547
Validation Loss: 91.9839
Validation Loss: 93.9682
New LR:  0.0008
Validation Loss: 94.6957
Validation Loss: 92.6664
New LR:  0.00064
Validation Loss: 92.3341
Validation Loss: 94.5274
New LR:  0.0005120000000000001
new model saved at 35 epoch with global_best_val_loss: 91.06369018554688
Validation Loss: 91.0637
Validation Loss: 93.7274
Validation Loss: 93.0749
New LR:  0.0004096000000000001
Validation Loss: 93.8881
Validation Loss: 91.3175
new model saved at 60 epoch with global_best_val_loss: 90.99475860595703
Validation Loss: 90.9948
New LR:  0.0003276800000000001
new model saved at 65 epoch with global_best_val_loss: 89.77387619018555
Validation Loss: 89.7739
Validation Loss: 91.7023
New LR:  0.0002621440000000001
Validation Loss: 95.3273
Validation Loss: 95.4038
Validation Loss: 93.0190
New LR:  0.00020971520000000012
Validation Loss: 92.7899
Validation Loss: 92.6195
New LR:  0.0001677721600000001
Validation Loss: 90.9819
Validation Loss: 94.1329
New LR:  0.00013421772800000008
Validation Loss: 93.6903
Early stopping after 115 epochs.
Percent: 0.0| Loss: 119.5473747253418, R2: 0.0234375
Percent: 0.25| Loss: 119.57973098754883, R2: -3.8988624924239653e+43
Percent: 0.5| Loss: 119.68609046936035, R2: -4.093805616024225e+43
Percent: 0.75| Loss: 119.50406265258789, R2: -8.722580699200081e+30
Percent: 1.0| Loss: 119.46983337402344, R2: -1.5990773121758006e+20
new model saved at 0 epoch with global_best_val_loss: 39.27621650695801
Validation Loss: 39.2762
new model saved at 5 epoch with global_best_val_loss: 3.876800537109375
Validation Loss: 3.8768
new model saved at 10 epoch with global_best_val_loss: 0.7847890853881836
Validation Loss: 0.7848
new model saved at 15 epoch with global_best_val_loss: 0.7034361064434052
Validation Loss: 0.7034
new model saved at 20 epoch with global_best_val_loss: 0.46759726107120514
Validation Loss: 0.4676
new model saved at 25 epoch with global_best_val_loss: 0.4078555852174759
Validation Loss: 0.4079
new model saved at 30 epoch with global_best_val_loss: 0.3938632309436798
Validation Loss: 0.3939
Validation Loss: 0.4581
new model saved at 40 epoch with global_best_val_loss: 0.31508322060108185
Validation Loss: 0.3151
new model saved at 45 epoch with global_best_val_loss: 0.31343960762023926
Validation Loss: 0.3134
new model saved at 50 epoch with global_best_val_loss: 0.27062393724918365
Validation Loss: 0.2706
new model saved at 55 epoch with global_best_val_loss: 0.2589988559484482
Validation Loss: 0.2590
Validation Loss: 0.2862
Validation Loss: 0.4437
Validation Loss: 0.3275
new model saved at 75 epoch with global_best_val_loss: 0.20365922898054123
Validation Loss: 0.2037
new model saved at 80 epoch with global_best_val_loss: 0.2032821923494339
Validation Loss: 0.2033
Validation Loss: 0.4085
new model saved at 90 epoch with global_best_val_loss: 0.19202020019292831
Validation Loss: 0.1920
Validation Loss: 0.1951
Validation Loss: 0.3618
new model saved at 105 epoch with global_best_val_loss: 0.1876119002699852
Validation Loss: 0.1876
new model saved at 110 epoch with global_best_val_loss: 0.18208762258291245
Validation Loss: 0.1821
new model saved at 115 epoch with global_best_val_loss: 0.17047376185655594
Validation Loss: 0.1705
Validation Loss: 0.7313
new model saved at 125 epoch with global_best_val_loss: 0.15383180230855942
Validation Loss: 0.1538
Validation Loss: 0.1613
Validation Loss: 0.3171
New LR:  0.0008
Validation Loss: 0.1750
new model saved at 145 epoch with global_best_val_loss: 0.14794935286045074
Validation Loss: 0.1479
Validation Loss: 0.1482
Validation Loss: 0.1516
new model saved at 160 epoch with global_best_val_loss: 0.14166483283042908
Validation Loss: 0.1417
new model saved at 165 epoch with global_best_val_loss: 0.14108581095933914
Validation Loss: 0.1411
new model saved at 170 epoch with global_best_val_loss: 0.134521484375
Validation Loss: 0.1345
new model saved at 175 epoch with global_best_val_loss: 0.13419709354639053
Validation Loss: 0.1342
new model saved at 180 epoch with global_best_val_loss: 0.13210023194551468
Validation Loss: 0.1321
Validation Loss: 0.1431
Validation Loss: 0.1330
Validation Loss: 0.1577
Percent: 0.0| Loss: 0.5420679301023483, R2: 0.955040618783865
Percent: 0.25| Loss: 0.5421231985092163, R2: 0.943294877547205
Percent: 0.5| Loss: 0.5412921160459518, R2: 0.9432995220018725
Percent: 0.75| Loss: 0.5411416590213776, R2: -20558188.19121405
Percent: 1.0| Loss: 0.5435541644692421, R2: -20558181.52470272
Validation Loss: 93.8354
Validation Loss: 93.9264
Validation Loss: 91.3779
New LR:  0.0008
Validation Loss: 94.0801
Validation Loss: 95.2214
New LR:  0.00064
Validation Loss: 93.1558
Validation Loss: 92.9733
Validation Loss: 92.9545
New LR:  0.0005120000000000001
Validation Loss: 95.0801
Validation Loss: 92.6956
Validation Loss: 93.8052
Validation Loss: 94.1713
New LR:  0.0004096000000000001
Early stopping after 60 epochs.
Percent: 0.0| Loss: 0.5420679301023483, R2: 0.955040618783865
Percent: 0.25| Loss: 0.542972132563591, R2: 0.943331609894263
Percent: 0.5| Loss: 0.5430296063423157, R2: -166501235.8345591
Percent: 0.75| Loss: 0.5431428253650665, R2: -165809290.47294456
Percent: 1.0| Loss: 0.5440361946821213, R2: -10614205.78847666
Percent testing 0.0
Percent: 0.0| Loss: 0.5420679301023483, R2: 0.955040618783865
Percent testing 0.25
Percent: 0.25| Loss: 0.542972132563591, R2: 0.943331609894263
Percent testing 0.5
Percent: 0.5| Loss: 0.5430296063423157, R2: -166501235.8345591
Percent testing 0.75
Percent: 0.75| Loss: 0.5431428253650665, R2: -165809290.47294456
Percent testing 1.0
Percent: 1.0| Loss: 0.5440361946821213, R2: -10614205.78847666
metrics saved
start saving losses!
Time Elapsed: 0.5241943804423014 hours
