new model saved at 0 epoch with global_best_val_loss: 93.93607330322266
Validation Loss: 93.9361
new model saved at 5 epoch with global_best_val_loss: 91.98387908935547
Validation Loss: 91.9839
Validation Loss: 93.9682
Validation Loss: 94.6957
Validation Loss: 92.6664
Validation Loss: 92.3341
Validation Loss: 94.5274
new model saved at 35 epoch with global_best_val_loss: 91.06369018554688
Validation Loss: 91.0637
Validation Loss: 93.7274
Validation Loss: 93.0749
Validation Loss: 93.8881
Validation Loss: 91.3175
new model saved at 60 epoch with global_best_val_loss: 90.99475860595703
Validation Loss: 90.9948
new model saved at 65 epoch with global_best_val_loss: 89.77387619018555
Validation Loss: 89.7739
Validation Loss: 91.7023
Validation Loss: 95.3273
Validation Loss: 95.4038
Validation Loss: 93.0190
Validation Loss: 92.7899
Validation Loss: 92.6195
Validation Loss: 90.9819
Validation Loss: 94.1329
Validation Loss: 93.6903
Early stopping after 115 epochs.
Percent: 0.0| Loss: 119.5473747253418, R2: 0.0234375
Percent: 0.25| Loss: 119.53648376464844, R2: -5.4032837951150994e+39
Percent: 0.5| Loss: 119.7111759185791, R2: -1.0702710861916369e+39
Percent: 0.75| Loss: 119.71890830993652, R2: -1.0256017057900712e+39
Percent: 1.0| Loss: 120.66499137878418, R2: -8.454868764233457e+25
new model saved at 0 epoch with global_best_val_loss: 39.26655387878418
Validation Loss: 39.2666
new model saved at 5 epoch with global_best_val_loss: 4.422409534454346
Validation Loss: 4.4224
new model saved at 10 epoch with global_best_val_loss: 1.033484399318695
Validation Loss: 1.0335
new model saved at 15 epoch with global_best_val_loss: 0.6204841732978821
Validation Loss: 0.6205
new model saved at 20 epoch with global_best_val_loss: 0.48775821924209595
Validation Loss: 0.4878
new model saved at 25 epoch with global_best_val_loss: 0.42211882770061493
Validation Loss: 0.4221
new model saved at 30 epoch with global_best_val_loss: 0.3558865636587143
Validation Loss: 0.3559
Validation Loss: 0.3841
new model saved at 40 epoch with global_best_val_loss: 0.31672072410583496
Validation Loss: 0.3167
new model saved at 45 epoch with global_best_val_loss: 0.2825591117143631
Validation Loss: 0.2826
Validation Loss: 0.2848
new model saved at 55 epoch with global_best_val_loss: 0.2613397389650345
Validation Loss: 0.2613
Validation Loss: 0.3601
Validation Loss: 0.3399
new model saved at 70 epoch with global_best_val_loss: 0.2517252340912819
Validation Loss: 0.2517
new model saved at 75 epoch with global_best_val_loss: 0.24323418736457825
Validation Loss: 0.2432
new model saved at 80 epoch with global_best_val_loss: 0.22326000034809113
Validation Loss: 0.2233
Validation Loss: 0.4260
Validation Loss: 0.2519
new model saved at 95 epoch with global_best_val_loss: 0.21465060114860535
Validation Loss: 0.2147
Validation Loss: 0.3537
new model saved at 105 epoch with global_best_val_loss: 0.21131939440965652
Validation Loss: 0.2113
new model saved at 110 epoch with global_best_val_loss: 0.18808341771364212
Validation Loss: 0.1881
Validation Loss: 0.1937
Validation Loss: 0.2332
Validation Loss: 0.1915
new model saved at 130 epoch with global_best_val_loss: 0.18321139365434647
Validation Loss: 0.1832
Validation Loss: 0.1950
Validation Loss: 0.3184
New LR:  0.0008
new model saved at 145 epoch with global_best_val_loss: 0.17259086668491364
Validation Loss: 0.1726
Validation Loss: 0.1752
new model saved at 155 epoch with global_best_val_loss: 0.172018863260746
Validation Loss: 0.1720
new model saved at 160 epoch with global_best_val_loss: 0.1708136349916458
Validation Loss: 0.1708
new model saved at 165 epoch with global_best_val_loss: 0.15565715730190277
Validation Loss: 0.1557
Validation Loss: 0.1638
Validation Loss: 0.1642
New LR:  0.00064
Validation Loss: 0.1560
new model saved at 185 epoch with global_best_val_loss: 0.1444614790380001
Validation Loss: 0.1445
Validation Loss: 0.1549
Validation Loss: 0.1451
Percent: 0.0| Loss: 0.7865217924118042, R2: 0.7809218964888964
Percent: 0.25| Loss: 0.7865533083677292, R2: -14983.442119238776
Percent: 0.5| Loss: 0.7862251251935959, R2: -14983.446032422293
Percent: 0.75| Loss: 0.7878846973180771, R2: -4383.727649038658
Percent: 1.0| Loss: 0.7896165996789932, R2: -4383.731512703023
Validation Loss: 93.8354
Validation Loss: 93.9264
Validation Loss: 91.3779
Validation Loss: 94.0801
Validation Loss: 95.2214
Validation Loss: 93.1558
Validation Loss: 92.9733
Validation Loss: 92.9545
Validation Loss: 95.0801
Validation Loss: 92.6956
Validation Loss: 93.8052
Validation Loss: 94.1713
Early stopping after 60 epochs.
Percent: 0.0| Loss: 0.7865217924118042, R2: 0.7809218964888964
Percent: 0.25| Loss: 0.7865533083677292, R2: -14983.442119238776
Percent: 0.5| Loss: 0.7862251251935959, R2: -14983.446032422293
Percent: 0.75| Loss: 0.7878846973180771, R2: -4383.727649038658
Percent: 1.0| Loss: 0.7896165996789932, R2: -4383.731512703023
Percent testing 0.0
Percent: 0.0| Loss: 0.7865217924118042, R2: 0.7809218964888964
Percent testing 0.25
Percent: 0.25| Loss: 0.7865533083677292, R2: -14983.442119238776
Percent testing 0.5
Percent: 0.5| Loss: 0.7862251251935959, R2: -14983.446032422293
Percent testing 0.75
Percent: 0.75| Loss: 0.7878846973180771, R2: -4383.727649038658
Percent testing 1.0
Percent: 1.0| Loss: 0.7896165996789932, R2: -4383.731512703023
metrics saved
start saving losses!
Time Elapsed: 0.7249140848053827 hours
